Squared PHI matrix
      RPE+ 1.000
     RPAT+ 0.000+ 1.000
      EOU+ 0.001+ 0.082+ 1.000
     RPAI+ 0.000+ 0.003+ 0.021+ 1.000
       TC+ 0.000+ 0.002+ 0.012+ 0.022+ 1.000
       SC+ 0.003+ 0.020+ 0.001+ 0.026+ 0.146+ 1.000
       BI+ 0.027+ 0.160+ 0.123+ 0.011+ 0.048+ 0.215
     PIIT+ 0.015+ 0.028+ 0.005+ 0.017+ 0.049+ 0.284
Squared PHI matrix
       BI+ 1.000
     PIIT+ 0.090+ 1.000
=======================================================
Xi/Eta_ 1 (RPE) -> CR =  0.878 AVE =  0.786
Xi/Eta_ 2 (RPAT) -> CR =  0.863 AVE =  0.681
Xi/Eta_ 3 (EOU) -> CR =  0.764 AVE =  0.529
Xi/Eta_ 4 (RPAI) -> CR =  0.882 AVE =  0.813
Xi/Eta_ 5 (TC) -> CR =  0.860 AVE =  0.755
Xi/Eta_ 6 (SC) -> CR =  0.925 AVE =  0.713
Xi/Eta_ 7 (BI) -> CR =  0.891 AVE =  0.673
Xi/Eta_ 8 (PIIT) -> CR =  0.897 AVE =  0.743
=======================================================
