Squared PHI matrix
      RPE+ 1.000
     RPAT+ 0.000+ 1.000
      EOU+ 0.000+ 0.082+ 1.000
     RPAI+ 0.000+ 0.003+ 0.018+ 1.000
       TC+ 0.000+ 0.003+ 0.015+ 0.013+ 1.000
       SC+ 0.002+ 0.019+ 0.001+ 0.022+ 0.110+ 1.000
       BI+ 0.027+ 0.160+ 0.123+ 0.009+ 0.040+ 0.216
     PIIT+ 0.015+ 0.023+ 0.004+ 0.013+ 0.044+ 0.279
Squared PHI matrix
       BI+ 1.000
     PIIT+ 0.086+ 1.000
=======================================================
Xi/Eta_ 1 (RPE) -> CR =  0.881 AVE =  0.791
Xi/Eta_ 2 (RPAT) -> CR =  0.863 AVE =  0.681
Xi/Eta_ 3 (EOU) -> CR =  0.764 AVE =  0.529
Xi/Eta_ 4 (RPAI) -> CR =  0.928 AVE =  0.886
Xi/Eta_ 5 (TC) -> CR =  0.758 AVE =  0.556
Xi/Eta_ 6 (SC) -> CR =  0.926 AVE =  0.714
Xi/Eta_ 7 (BI) -> CR =  0.891 AVE =  0.673
Xi/Eta_ 8 (PIIT) -> CR =  0.863 AVE =  0.621
=======================================================
