
                                DATE:  3/30/2011
                                  TIME:  8:43


                                L I S R E L  8.72

                                       BY

                         Karl G. J”reskog & Dag S”rbom



                    This program is published exclusively by
                    Scientific Software International, Inc.
                       7383 N. Lincoln Avenue, Suite 100
                        Lincolnwood, IL 60712, U.S.A. 
            Phone: (800)247-6113, (847)675-0720, Fax: (847)675-2140
        Copyright by Scientific Software International, Inc., 1981-2005 
          Use of this program is subject to the terms specified in the
                        Universal Copyright Convention.
                          Website: www.ssicentral.com

 The following lines were read from file tam_ff_fullx.ls8:

 Modelu RA-SC akceptacji technologii (wersja alternatywna -- bez czynnika 2go stopnia)
 ! Por. skrypt tamsc_cfa_final.ls8 zawierajacy CFA stosowanej skali
 ! (c) T.Przechlewski 2011 (licencja GPL) http://member.acm.org/~tprzechlewski/sem
 DA NI=30 NO=228 MA=CM
  
 KM FI=Model_TAMSC_00.mtx
  
 LA FI=Model_TAMSC_00.lbl
  
 !          -- RPAT     -- EOU      -- RPAI     -- TC                      -- SC                -- BI       -- RPE         -- PIIT
 SE  ;     t1 t2 t3   u1 u2 u3    img1 img2   nc1 nc2        sc1 sc2 sc3 sc4 sc5    bi1  bi2  bi3 bi4        e1 e2   pi2  pi3  pi4  /
  
  
 !! MO NX=20 NK=5 LX=FU,FI PH=SY,FR TD=DI,FR !
 MO NY=19 NE=6   NX=5 NK=2  LX=FU,FI LX=FU,FI BE=FU,FI GA=FU,FI PH=SY,FR PS=DI,FR TD=DI,FR TE=DI,FR
  
 ! Etykiety zmiennych endogenicznynych (eta)
 LE ; RPAT EOU RPAI TC SC BI
  
 ! Etykiety zmiennych egzogenicznych (ksi)
 LK ; RPAE PIIT
  
 ! ** ** **
  
 FR LY(2,1) LY(3,1)                          ! rpat = 3
 FR LY(5,2) LY(6,2)                          ! eou = 3
 FR LY(8,3)                                  ! rpai = 2
 FR LY(10,4)                                 ! tc = 2
 FR LY(12,5) LY(13,5) LY(14,5) LY(15,5)      ! sc = 5
 FR LY(17,6) LY(18,6) LY(19,6)               ! bi = 4
  
 FR LX(2,1)                                  ! rpe = 2
 FR LX(4,2) LX(5,2)                          ! piit = 4/3
  
 VA 1 LY(1,1) LY(4,2) LY(7,3) LY(9,4) LY(11,5) LY(16,6)
 VA 1 LX(1,1) LX(3,2)
  
 ! ** ** ** ** **
 !FI PS(4,4)
 !VA 1 PS(4,4)
  
 ! ** Macierz Gamma **
 FR GA(1,2)  ! piit->rpat
 FR GA(6,2)  ! piit->bi
 FR GA(4,2)  ! piit->tc
 FR GA(6,1)  ! rpae->bi
 FR GA(5,2)  ! piit->sc
  
 ! ** Macierz Beta **
 FR BE(6,1) ! rpat->bi
 FR BE(6,2) ! eou->bi
 FR BE(6,3) ! rpai->bi
  
 FR BE(6,5) ! sc->bi
 FR BE(1,5) ! sc->rpat
 FR BE(2,5) ! sc->eou
  
 FR BE(5,4) ! tc->sc
 !!FR BE(3,4) ! tc->rpai
  
 OU ME=ML ND=3 MI RS MR SC XM AD=OFF

 Modelu RA-SC akceptacji technologii (wersja alternatywna -- bez czynnika 2go st

                           Number of Input Variables 30
                           Number of Y - Variables   19
                           Number of X - Variables    5
                           Number of ETA - Variables  6
                           Number of KSI - Variables  2
                           Number of Observations   228

 Modelu RA-SC akceptacji technologii (wersja alternatywna -- bez czynnika 2go st

         Covariance Matrix       

                  t1         t2         t3         u1         u2         u3   
            --------   --------   --------   --------   --------   --------
       t1      1.000
       t2      0.630      1.000
       t3      0.778      0.603      1.000
       u1      0.228      0.199      0.176      1.000
       u2      0.206      0.162      0.154      0.663      1.000
       u3      0.182      0.271      0.139      0.398      0.431      1.000
     img1      0.039      0.045      0.066      0.133      0.148      0.052
     img2     -0.008     -0.077     -0.023      0.077      0.007      0.059
      nc1     -0.030     -0.010      0.031      0.099     -0.010     -0.078
      nc2      0.069      0.033      0.013      0.142      0.066      0.032
      sc1     -0.075      0.035     -0.111     -0.024     -0.078      0.029
      sc2     -0.079     -0.024     -0.145      0.032     -0.052      0.054
      sc3     -0.161     -0.056     -0.215     -0.053     -0.097      0.018
      sc4     -0.066      0.038     -0.057      0.092      0.013     -0.054
      sc5     -0.121      0.014     -0.169      0.067     -0.119      0.055
      bi1      0.264      0.122      0.275      0.210      0.253      0.125
      bi2      0.241      0.134      0.267      0.175      0.267      0.084
      bi3      0.288      0.106      0.299      0.216      0.227      0.165
      bi4      0.386      0.181      0.342      0.257      0.262      0.171
       e1      0.015     -0.120     -0.055     -0.055     -0.045     -0.019
       e2      0.056     -0.099     -0.024     -0.011     -0.033      0.023
      pi2      0.149     -0.003      0.099      0.002      0.079      0.005
      pi3      0.146      0.042      0.109     -0.006      0.089      0.042
      pi4      0.156      0.095      0.178      0.049      0.091      0.127

         Covariance Matrix       

                img1       img2        nc1        nc2        sc1        sc2   
            --------   --------   --------   --------   --------   --------
     img1      1.000
     img2      0.583      1.000
      nc1     -0.176     -0.110      1.000
      nc2     -0.149     -0.041      0.748      1.000
      sc1     -0.175     -0.131      0.253      0.289      1.000
      sc2     -0.174     -0.099      0.308      0.328      0.740      1.000
      sc3     -0.094     -0.033      0.310      0.261      0.704      0.762
      sc4     -0.146     -0.122      0.312      0.301      0.689      0.681
      sc5     -0.217     -0.105      0.289      0.276      0.765      0.752
      bi1      0.060      0.085     -0.125     -0.150     -0.363     -0.289
      bi2      0.166      0.115     -0.094     -0.137     -0.310     -0.317
      bi3      0.121      0.048     -0.121     -0.137     -0.290     -0.289
      bi4      0.127      0.151     -0.174     -0.217     -0.380     -0.361
       e1      0.009      0.110     -0.040      0.001      0.084      0.025
       e2      0.002      0.073     -0.063      0.004      0.022      0.001
      pi2      0.122      0.078     -0.174     -0.215     -0.453     -0.454
      pi3      0.128      0.120     -0.143     -0.145     -0.377     -0.357
      pi4      0.209      0.151     -0.104     -0.172     -0.369     -0.383

         Covariance Matrix       

                 sc3        sc4        sc5        bi1        bi2        bi3   
            --------   --------   --------   --------   --------   --------
      sc3      1.000
      sc4      0.604      1.000
      sc5      0.751      0.658      1.000
      bi1     -0.287     -0.273     -0.345      1.000
      bi2     -0.312     -0.327     -0.315      0.584      1.000
      bi3     -0.282     -0.305     -0.281      0.708      0.617      1.000
      bi4     -0.357     -0.364     -0.382      0.724      0.686      0.710
       e1      0.158     -0.008      0.096      0.087     -0.007      0.040
       e2      0.094     -0.023      0.091      0.164      0.077      0.134
      pi2     -0.399     -0.425     -0.449      0.144      0.133      0.229
      pi3     -0.356     -0.362     -0.383      0.149      0.148      0.215
      pi4     -0.328     -0.321     -0.345      0.212      0.153      0.269

         Covariance Matrix       

                 bi4         e1         e2        pi2        pi3        pi4   
            --------   --------   --------   --------   --------   --------
      bi4      1.000
       e1      0.066      1.000
       e2      0.150      0.759      1.000
      pi2      0.269      0.089      0.101      1.000
      pi3      0.280      0.113      0.109      0.773      1.000
      pi4      0.250     -0.005      0.113      0.731      0.726      1.000


 Modelu RA-SC akceptacji technologii (wersja alternatywna -- bez czynnika 2go st

 Parameter Specifications

         LAMBDA-Y    

                RPAT        EOU       RPAI         TC         SC         BI
            --------   --------   --------   --------   --------   --------
       t1          0          0          0          0          0          0
       t2          1          0          0          0          0          0
       t3          2          0          0          0          0          0
       u1          0          0          0          0          0          0
       u2          0          3          0          0          0          0
       u3          0          4          0          0          0          0
     img1          0          0          0          0          0          0
     img2          0          0          5          0          0          0
      nc1          0          0          0          0          0          0
      nc2          0          0          0          6          0          0
      sc1          0          0          0          0          0          0
      sc2          0          0          0          0          7          0
      sc3          0          0          0          0          8          0
      sc4          0          0          0          0          9          0
      sc5          0          0          0          0         10          0
      bi1          0          0          0          0          0          0
      bi2          0          0          0          0          0         11
      bi3          0          0          0          0          0         12
      bi4          0          0          0          0          0         13

         LAMBDA-X    

                RPAE       PIIT
            --------   --------
       e1          0          0
       e2         14          0
      pi2          0          0
      pi3          0         15
      pi4          0         16

         BETA        

                RPAT        EOU       RPAI         TC         SC         BI
            --------   --------   --------   --------   --------   --------
     RPAT          0          0          0          0         17          0
      EOU          0          0          0          0         18          0
     RPAI          0          0          0          0          0          0
       TC          0          0          0          0          0          0
       SC          0          0          0         19          0          0
       BI         20         21         22          0         23          0

         GAMMA       

                RPAE       PIIT
            --------   --------
     RPAT          0         24
      EOU          0          0
     RPAI          0          0
       TC          0         25
       SC          0         26
       BI         27         28

         PHI         

                RPAE       PIIT
            --------   --------
     RPAE         29
     PIIT         30         31

         PSI         

                RPAT        EOU       RPAI         TC         SC         BI
            --------   --------   --------   --------   --------   --------
                  32         33         34         35         36         37

         THETA-EPS   

                  t1         t2         t3         u1         u2         u3
            --------   --------   --------   --------   --------   --------
                  38         39         40         41         42         43

         THETA-EPS   

                img1       img2        nc1        nc2        sc1        sc2
            --------   --------   --------   --------   --------   --------
                  44         45         46         47         48         49

         THETA-EPS   

                 sc3        sc4        sc5        bi1        bi2        bi3
            --------   --------   --------   --------   --------   --------
                  50         51         52         53         54         55

         THETA-EPS   

                 bi4
            --------
                  56

         THETA-DELTA 

                  e1         e2        pi2        pi3        pi4
            --------   --------   --------   --------   --------
                  57         58         59         60         61
 


 Modelu RA-SC akceptacji technologii (wersja alternatywna -- bez czynnika 2go st

 Number of Iterations =129

 LISREL Estimates (Maximum Likelihood)                           

         LAMBDA-Y    

                RPAT        EOU       RPAI         TC         SC         BI   
            --------   --------   --------   --------   --------   --------
       t1      1.000       - -        - -        - -        - -        - - 
 
       t2      0.767       - -        - -        - -        - -        - - 
             (0.067)
              11.503
 
       t3      0.958       - -        - -        - -        - -        - - 
             (0.066)
              14.435
 
       u1       - -       1.000       - -        - -        - -        - - 
 
       u2       - -       1.089       - -        - -        - -        - - 
                        (0.131)
                          8.318
 
       u3       - -       0.649       - -        - -        - -        - - 
                        (0.094)
                          6.893
 
     img1       - -        - -       1.000       - -        - -        - - 
 
     img2       - -        - -       7.483       - -        - -        - - 
                                  (41.669)
                                     0.180
 
      nc1       - -        - -        - -       1.000       - -        - - 
 
      nc2       - -        - -        - -       1.015       - -        - - 
                                              (0.144)
                                                7.062
 
      sc1       - -        - -        - -        - -       1.000       - - 
 
      sc2       - -        - -        - -        - -       1.016       - - 
                                                         (0.058)
                                                          17.469
 
      sc3       - -        - -        - -        - -       0.975       - - 
                                                         (0.060)
                                                          16.243
 
      sc4       - -        - -        - -        - -       0.895       - - 
                                                         (0.064)
                                                          14.085
 
      sc5       - -        - -        - -        - -       1.018       - - 
                                                         (0.058)
                                                          17.531
 
      bi1       - -        - -        - -        - -        - -       1.000
 
      bi2       - -        - -        - -        - -        - -       0.917
                                                                    (0.074)
                                                                     12.372
 
      bi3       - -        - -        - -        - -        - -       0.993
                                                                    (0.072)
                                                                     13.762
 
      bi4       - -        - -        - -        - -        - -       1.093
                                                                    (0.070)
                                                                     15.516
 

         LAMBDA-X    

                RPAE       PIIT   
            --------   --------
       e1      1.000       - - 
 
       e2      1.623       - - 
             (0.499)
               3.251
 
      pi2       - -       1.000
 
      pi3       - -       0.969
                        (0.058)
                         16.691
 
      pi4       - -       0.923
                        (0.059)
                         15.629
 

         BETA        

                RPAT        EOU       RPAI         TC         SC         BI   
            --------   --------   --------   --------   --------   --------
     RPAT       - -        - -        - -        - -      -0.075       - - 
                                                         (0.092)
                                                          -0.809
 
      EOU       - -        - -        - -        - -      -0.040       - - 
                                                         (0.069)
                                                          -0.585
 
     RPAI       - -        - -        - -        - -        - -        - - 
 
       TC       - -        - -        - -        - -        - -        - - 
 
       SC       - -        - -        - -       0.297       - -        - - 
                                              (0.068)
                                                4.357
 
       BI      0.257      0.280      0.098       - -      -0.410       - - 
             (0.057)    (0.068)    (0.079)               (0.072)
               4.540      4.093      1.235                -5.717
 

         GAMMA       

                RPAE       PIIT   
            --------   --------
     RPAT       - -       0.130
                        (0.090)
                          1.438
 
      EOU       - -        - - 
 
     RPAI       - -        - - 
 
       TC       - -      -0.209
                        (0.073)
                         -2.860
 
       SC       - -      -0.450
                        (0.064)
                         -7.033
 
       BI      0.194     -0.017
             (0.062)    (0.067)
               3.101     -0.252
 

         Covariance Matrix of ETA and KSI        

                RPAT        EOU       RPAI         TC         SC         BI   
            --------   --------   --------   --------   --------   --------
     RPAT      0.815
      EOU      0.004      0.610
     RPAI       - -        - -       0.078
       TC     -0.044     -0.012       - -       0.736
       SC     -0.108     -0.030       - -       0.294      0.740
       BI      0.255      0.184      0.008     -0.135     -0.339      0.660
     RPAE      0.011      0.001       - -      -0.013     -0.032      0.106
     PIIT      0.134      0.017       - -      -0.167     -0.409      0.206

         Covariance Matrix of ETA and KSI        

                RPAE       PIIT   
            --------   --------
     RPAE      0.468
     PIIT      0.063      0.799

         PHI         

                RPAE       PIIT   
            --------   --------
     RPAE      0.468
             (0.161)
               2.907
 
     PIIT      0.063      0.799
             (0.044)    (0.097)
               1.413      8.277
 

         PSI         
         Note: This matrix is diagonal.

                RPAT        EOU       RPAI         TC         SC         BI   
            --------   --------   --------   --------   --------   --------
               0.790      0.608      0.078      0.701      0.468      0.386
             (0.099)    (0.107)    (0.435)    (0.127)    (0.062)    (0.058)
               8.008      5.666      0.179      5.512      7.502      6.688
 

         Squared Multiple Correlations for Structural Equations  

                RPAT        EOU       RPAI         TC         SC         BI   
            --------   --------   --------   --------   --------   --------
               0.031      0.002       - -       0.048      0.367      0.415

         Squared Multiple Correlations for Reduced Form          

                RPAT        EOU       RPAI         TC         SC         BI   
            --------   --------   --------   --------   --------   --------
               0.028      0.001       - -       0.048      0.283      0.106

         Reduced Form                

                RPAE       PIIT   
            --------   --------
     RPAT       - -       0.168
                        (0.074)
                          2.259
 
      EOU       - -       0.021
                        (0.035)
                          0.584
 
     RPAI       - -        - - 
 
       TC       - -      -0.209
                        (0.073)
                         -2.860
 
       SC       - -      -0.512
                        (0.066)
                         -7.748
 
       BI      0.194      0.242
             (0.062)    (0.064)
               3.101      3.778
 

         THETA-EPS   

                  t1         t2         t3         u1         u2         u3   
            --------   --------   --------   --------   --------   --------
               0.185      0.521      0.252      0.390      0.277      0.743
             (0.045)    (0.055)    (0.045)    (0.074)    (0.080)    (0.076)
               4.070      9.407      5.569      5.286      3.460      9.797
 

         THETA-EPS   

                img1       img2        nc1        nc2        sc1        sc2   
            --------   --------   --------   --------   --------   --------
               0.922     -3.363      0.264      0.241      0.260      0.236
             (0.442)   (24.261)    (0.101)    (0.103)    (0.031)    (0.029)
               2.087     -0.139      2.619      2.334      8.426      8.116
 

         THETA-EPS   

                 sc3        sc4        sc5        bi1        bi2        bi3   
            --------   --------   --------   --------   --------   --------
               0.296      0.408      0.233      0.330      0.437      0.340
             (0.034)    (0.043)    (0.029)    (0.040)    (0.047)    (0.040)
               8.801      9.531      8.072      8.342      9.218      8.449
 

         THETA-EPS   

                 bi4   
            --------
               0.199
             (0.032)
               6.140
 

         Squared Multiple Correlations for Y - Variables         

                  t1         t2         t3         u1         u2         u3   
            --------   --------   --------   --------   --------   --------
               0.815      0.479      0.748      0.610      0.723      0.257

         Squared Multiple Correlations for Y - Variables         

                img1       img2        nc1        nc2        sc1        sc2   
            --------   --------   --------   --------   --------   --------
               0.078      4.363      0.736      0.759      0.740      0.764

         Squared Multiple Correlations for Y - Variables         

                 sc3        sc4        sc5        bi1        bi2        bi3   
            --------   --------   --------   --------   --------   --------
               0.704      0.592      0.767      0.666      0.560      0.656

         Squared Multiple Correlations for Y - Variables         

                 bi4   
            --------
               0.798

         THETA-DELTA 

                  e1         e2        pi2        pi3        pi4   
            --------   --------   --------   --------   --------
               0.532     -0.231      0.201      0.249      0.319
             (0.149)    (0.369)    (0.035)    (0.036)    (0.040)
               3.585     -0.627      5.754      6.849      8.061
 

         Squared Multiple Correlations for X - Variables         

                  e1         e2        pi2        pi3        pi4   
            --------   --------   --------   --------   --------
               0.468      1.231      0.799      0.751      0.681


                           Goodness of Fit Statistics

                             Degrees of Freedom = 239
               Minimum Fit Function Chi-Square = 394.526 (P = 0.00)
      Normal Theory Weighted Least Squares Chi-Square = 365.619 (P = 0.000)
                Estimated Non-centrality Parameter (NCP) = 126.619
           90 Percent Confidence Interval for NCP = (78.949 ; 182.246)
 
                        Minimum Fit Function Value = 1.738
                Population Discrepancy Function Value (F0) = 0.558
             90 Percent Confidence Interval for F0 = (0.348 ; 0.803)
             Root Mean Square Error of Approximation (RMSEA) = 0.0483
           90 Percent Confidence Interval for RMSEA = (0.0381 ; 0.0580)
               P-Value for Test of Close Fit (RMSEA < 0.05) = 0.602
 
                  Expected Cross-Validation Index (ECVI) = 2.148
            90 Percent Confidence Interval for ECVI = (1.938 ; 2.393)
                         ECVI for Saturated Model = 2.643
                       ECVI for Independence Model = 22.280
 
     Chi-Square for Independence Model with 276 Degrees of Freedom = 5009.574
                           Independence AIC = 5057.574
                               Model AIC = 487.619
                             Saturated AIC = 600.000
                           Independence CAIC = 5163.878
                               Model CAIC = 757.809
                            Saturated CAIC = 1928.804
 
                          Normed Fit Index (NFI) = 0.921
                       Non-Normed Fit Index (NNFI) = 0.962
                    Parsimony Normed Fit Index (PNFI) = 0.798
                       Comparative Fit Index (CFI) = 0.967
                       Incremental Fit Index (IFI) = 0.967
                         Relative Fit Index (RFI) = 0.909
 
                            Critical N (CN) = 169.459
 
 
                     Root Mean Square Residual (RMR) = 0.0700
                            Standardized RMR = 0.0700
                       Goodness of Fit Index (GFI) = 0.882
                  Adjusted Goodness of Fit Index (AGFI) = 0.851
                  Parsimony Goodness of Fit Index (PGFI) = 0.702

 Modelu RA-SC akceptacji technologii (wersja alternatywna -- bez czynnika 2go st

         Fitted Covariance Matrix

                  t1         t2         t3         u1         u2         u3   
            --------   --------   --------   --------   --------   --------
       t1      1.000
       t2      0.625      1.000
       t3      0.781      0.599      1.000
       u1      0.004      0.003      0.004      1.000
       u2      0.005      0.004      0.005      0.664      1.000
       u3      0.003      0.002      0.003      0.396      0.431      1.000
     img1       - -        - -        - -        - -        - -        - - 
     img2       - -        - -        - -        - -        - -        - - 
      nc1     -0.044     -0.033     -0.042     -0.012     -0.013     -0.008
      nc2     -0.044     -0.034     -0.042     -0.012     -0.013     -0.008
      sc1     -0.108     -0.083     -0.104     -0.030     -0.033     -0.019
      sc2     -0.110     -0.084     -0.105     -0.030     -0.033     -0.020
      sc3     -0.106     -0.081     -0.101     -0.029     -0.032     -0.019
      sc4     -0.097     -0.074     -0.093     -0.027     -0.029     -0.017
      sc5     -0.110     -0.085     -0.106     -0.030     -0.033     -0.020
      bi1      0.255      0.196      0.244      0.184      0.201      0.119
      bi2      0.234      0.179      0.224      0.169      0.184      0.110
      bi3      0.253      0.194      0.243      0.183      0.199      0.119
      bi4      0.279      0.214      0.267      0.201      0.219      0.131
       e1      0.011      0.008      0.010      0.001      0.001      0.001
       e2      0.017      0.013      0.016      0.002      0.002      0.001
      pi2      0.134      0.103      0.128      0.017      0.018      0.011
      pi3      0.130      0.100      0.125      0.016      0.017      0.010
      pi4      0.124      0.095      0.119      0.015      0.017      0.010

         Fitted Covariance Matrix

                img1       img2        nc1        nc2        sc1        sc2   
            --------   --------   --------   --------   --------   --------
     img1      1.000
     img2      0.583      1.000
      nc1       - -        - -       1.000
      nc2       - -        - -       0.748      1.000
      sc1       - -        - -       0.294      0.299      1.000
      sc2       - -        - -       0.299      0.304      0.752      1.000
      sc3       - -        - -       0.287      0.291      0.722      0.733
      sc4       - -        - -       0.263      0.267      0.662      0.673
      sc5       - -        - -       0.299      0.304      0.753      0.765
      bi1      0.008      0.057     -0.135     -0.137     -0.339     -0.344
      bi2      0.007      0.052     -0.124     -0.126     -0.311     -0.316
      bi3      0.008      0.057     -0.134     -0.136     -0.336     -0.342
      bi4      0.008      0.063     -0.147     -0.150     -0.371     -0.377
       e1       - -        - -      -0.013     -0.013     -0.032     -0.033
       e2       - -        - -      -0.021     -0.022     -0.052     -0.053
      pi2       - -        - -      -0.167     -0.170     -0.409     -0.416
      pi3       - -        - -      -0.162     -0.165     -0.397     -0.403
      pi4       - -        - -      -0.155     -0.157     -0.378     -0.384

         Fitted Covariance Matrix

                 sc3        sc4        sc5        bi1        bi2        bi3   
            --------   --------   --------   --------   --------   --------
      sc3      1.000
      sc4      0.646      1.000
      sc5      0.735      0.674      1.000
      bi1     -0.331     -0.303     -0.345      0.990
      bi2     -0.303     -0.278     -0.316      0.605      0.992
      bi3     -0.328     -0.301     -0.343      0.655      0.601      0.990
      bi4     -0.361     -0.332     -0.377      0.721      0.662      0.716
       e1     -0.031     -0.029     -0.033      0.106      0.097      0.105
       e2     -0.051     -0.047     -0.053      0.172      0.157      0.170
      pi2     -0.399     -0.366     -0.417      0.206      0.189      0.204
      pi3     -0.387     -0.355     -0.404      0.199      0.183      0.198
      pi4     -0.368     -0.338     -0.385      0.190      0.174      0.188

         Fitted Covariance Matrix

                 bi4         e1         e2        pi2        pi3        pi4   
            --------   --------   --------   --------   --------   --------
      bi4      0.988
       e1      0.116      1.000
       e2      0.188      0.759      1.000
      pi2      0.225      0.063      0.102      1.000
      pi3      0.218      0.061      0.098      0.774      1.000
      pi4      0.208      0.058      0.094      0.738      0.715      1.000

         Fitted Residuals

                  t1         t2         t3         u1         u2         u3   
            --------   --------   --------   --------   --------   --------
       t1      0.000
       t2      0.005      0.000
       t3     -0.003      0.004      0.000
       u1      0.224      0.196      0.171      0.000
       u2      0.201      0.158      0.149     -0.001      0.000
       u3      0.179      0.269      0.136      0.003      0.000      0.000
     img1      0.039      0.045      0.066      0.133      0.148      0.052
     img2     -0.008     -0.077     -0.023      0.077      0.007      0.059
      nc1      0.014      0.024      0.072      0.111      0.003     -0.070
      nc2      0.113      0.067      0.055      0.154      0.080      0.040
      sc1      0.033      0.118     -0.007      0.006     -0.045      0.049
      sc2      0.031      0.060     -0.040      0.062     -0.018      0.073
      sc3     -0.056      0.025     -0.114     -0.023     -0.065      0.037
      sc4      0.031      0.112      0.036      0.119      0.042     -0.037
      sc5     -0.011      0.099     -0.063      0.097     -0.086      0.074
      bi1      0.009     -0.074      0.031      0.026      0.052      0.006
      bi2      0.007     -0.046      0.043      0.006      0.083     -0.026
      bi3      0.035     -0.088      0.056      0.033      0.028      0.046
      bi4      0.107     -0.033      0.075      0.056      0.043      0.041
       e1      0.004     -0.128     -0.065     -0.056     -0.047     -0.020
       e2      0.039     -0.112     -0.040     -0.013     -0.036      0.022
      pi2      0.015     -0.105     -0.030     -0.015      0.061     -0.005
      pi3      0.016     -0.057     -0.015     -0.022      0.071      0.031
      pi4      0.032      0.000      0.059      0.034      0.074      0.117

         Fitted Residuals

                img1       img2        nc1        nc2        sc1        sc2   
            --------   --------   --------   --------   --------   --------
     img1      0.000
     img2      0.000      0.000
      nc1     -0.176     -0.110      0.000
      nc2     -0.149     -0.041      0.000      0.000
      sc1     -0.175     -0.131     -0.041     -0.009      0.000
      sc2     -0.174     -0.099      0.009      0.024     -0.012      0.000
      sc3     -0.094     -0.033      0.023     -0.030     -0.018      0.028
      sc4     -0.146     -0.122      0.049      0.034      0.027      0.009
      sc5     -0.217     -0.105     -0.011     -0.028      0.012     -0.014
      bi1      0.053      0.028      0.009     -0.013     -0.024      0.055
      bi2      0.159      0.062      0.030     -0.011      0.001     -0.001
      bi3      0.113     -0.009      0.012     -0.001      0.046      0.053
      bi4      0.119      0.088     -0.026     -0.068     -0.009      0.016
       e1      0.009      0.110     -0.026      0.014      0.116      0.057
       e2      0.002      0.073     -0.042      0.026      0.074      0.054
      pi2      0.122      0.078     -0.007     -0.045     -0.044     -0.038
      pi3      0.128      0.120      0.020      0.020      0.020      0.046
      pi4      0.209      0.151      0.050     -0.015      0.009      0.001

         Fitted Residuals

                 sc3        sc4        sc5        bi1        bi2        bi3   
            --------   --------   --------   --------   --------   --------
      sc3      0.000
      sc4     -0.042      0.000
      sc5      0.017     -0.016      0.000
      bi1      0.044      0.030      0.000      0.010
      bi2     -0.009     -0.049      0.001     -0.021      0.008
      bi3      0.046     -0.004      0.062      0.054      0.017      0.010
      bi4      0.005     -0.033     -0.004      0.003      0.025     -0.006
       e1      0.189      0.020      0.129     -0.019     -0.103     -0.065
       e2      0.144      0.023      0.144     -0.008     -0.080     -0.036
      pi2      0.000     -0.059     -0.033     -0.061     -0.056      0.025
      pi3      0.030     -0.007      0.021     -0.050     -0.035      0.018
      pi4      0.040      0.017      0.039      0.023     -0.021      0.081

         Fitted Residuals

                 bi4         e1         e2        pi2        pi3        pi4   
            --------   --------   --------   --------   --------   --------
      bi4      0.012
       e1     -0.050      0.000
       e2     -0.038      0.000      0.000
      pi2      0.044      0.026      0.000      0.000
      pi3      0.062      0.053      0.011     -0.001      0.000
      pi4      0.042     -0.063      0.019     -0.007      0.011      0.000

 Summary Statistics for Fitted Residuals

 Smallest Fitted Residual =   -0.217
   Median Fitted Residual =    0.009
  Largest Fitted Residual =    0.269

 Stemleaf Plot

 -20|7 
 -18| 
 -16|654 
 -14|96 
 -12|182 
 -10|420553 
 - 8|94860 
 - 6|7408555331 
 - 4|9766600976554221100 
 - 2|88766533330086664332110 
 - 0|9886555433211199998877776544311110000000000000000000000000000 
   0|1112333445566677899999900112224456677789 
   2|000012333445556667888000111123344567999 
   4|0012233445666699022333445566799 
   6|012222671233444578 
   8|013879 
  10|70123367899 
  12|028936 
  14|44891489 
  16|19 
  18|96 
  20|19 
  22|4 
  24| 
  26|9

         Standardized Residuals  

                  t1         t2         t3         u1         u2         u3   
            --------   --------   --------   --------   --------   --------
       t1       - - 
       t2      0.969       - - 
       t3     -2.223      0.544       - - 
       u1      3.394      2.961      2.599       - - 
       u2      3.057      2.399      2.263     -0.373       - - 
       u3      2.700      4.062      2.059      0.201      0.025       - - 
     img1      0.592      0.675      0.989      2.004      2.234      0.786
     img2     -0.126     -1.156     -0.343      1.158      0.100      0.892
      nc1      0.228      0.371      1.168      1.751      0.047     -1.078
      nc2      1.842      1.056      0.889      2.449      1.274      0.612
      sc1      0.957      2.374     -0.186      0.140     -1.244      0.846
      sc2      0.947      1.223     -1.091      1.508     -0.530      1.282
      sc3     -1.529      0.491     -2.864     -0.534     -1.698      0.634
      sc4      0.731      2.094      0.803      2.477      0.950     -0.621
      sc5     -0.342      2.014     -1.737      2.359     -2.485      1.303
      bi1      0.231     -1.476      0.750      0.583      1.298      0.106
      bi2      0.162     -0.869      0.956      0.132      1.848     -0.442
      bi3      0.897     -1.751      1.357      0.746      0.688      0.818
      bi4      3.360     -0.702      2.133      1.436      1.258      0.742
       e1      0.065     -1.936     -0.991     -0.852     -0.706     -0.305
       e2      0.599     -1.708     -0.616     -0.200     -0.537      0.329
      pi2      0.516     -2.225     -0.906     -0.250      1.037     -0.085
      pi3      0.515     -1.179     -0.423     -0.361      1.201      0.492
      pi4      0.891     -0.005      1.493      0.549      1.241      1.822

         Standardized Residuals  

                img1       img2        nc1        nc2        sc1        sc2   
            --------   --------   --------   --------   --------   --------
     img1       - - 
     img2       - -        - - 
      nc1     -2.646     -1.659       - - 
      nc2     -2.244     -0.614       - -        - - 
      sc1     -2.640     -1.980     -1.466     -0.330       - - 
      sc2     -2.627     -1.491      0.340      0.933     -1.081       - - 
      sc3     -1.423     -0.493      0.741     -0.981     -1.319      2.287
      sc4     -2.202     -1.835      1.316      0.908      1.539      0.545
      sc5     -3.263     -1.575     -0.405     -1.087      1.104     -1.357
      bi1      1.111      0.587      0.165     -0.220     -0.626      1.478
      bi2      3.111      1.225      0.508     -0.194      0.021     -0.020
      bi3      2.359     -0.186      0.216     -0.016      1.193      1.403
      bi4      2.765      2.059     -0.475     -1.219     -0.281      0.494
       e1      0.139      1.656     -0.403      0.214      1.868      0.921
       e2      0.032      1.097     -0.650      0.399      1.269      0.935
      pi2      1.834      1.177     -0.223     -1.587     -1.456     -1.315
      pi3      1.932      1.815      0.600      0.620      0.609      1.473
      pi4      3.152      2.273      1.359     -0.423      0.251      0.018

         Standardized Residuals  

                 sc3        sc4        sc5        bi1        bi2        bi3   
            --------   --------   --------   --------   --------   --------
      sc3       - - 
      sc4     -2.197       - - 
      sc5      1.368     -1.009       - - 
      bi1      1.104      0.685     -0.008      0.904
      bi2     -0.214     -1.046      0.026     -0.977      0.904
      bi3      1.147     -0.088      1.634      2.914      0.762      0.904
      bi4      0.138     -0.831     -0.138      0.181      1.546     -0.432
       e1      3.029      0.322      2.072     -0.427     -2.149     -1.465
       e2      2.463      0.387      2.492     -0.181     -1.701     -0.836
      pi2      0.010     -1.574     -1.131     -1.582     -1.272      0.646
      pi3      0.887     -0.178      0.675     -1.233     -0.770      0.427
      pi4      1.077      0.399      1.139      0.521     -0.442      1.837

         Standardized Residuals  

                 bi4         e1         e2        pi2        pi3        pi4   
            --------   --------   --------   --------   --------   --------
      bi4      0.904
       e1     -1.303       - - 
       e2     -1.012       - -        - - 
      pi2      1.393      0.522     -0.016       - - 
      pi3      1.805      1.037      0.370     -0.450       - - 
      pi4      1.103     -1.199      0.552     -1.461      1.678       - - 

 Summary Statistics for Standardized Residuals

 Smallest Standardized Residual =   -3.263
   Median Standardized Residual =    0.215
  Largest Standardized Residual =    4.062

 Stemleaf Plot

 - 3|3 
 - 2|96665 
 - 2|2222210 
 - 1|9887777766665555555 
 - 1|44333322222211111000000 
 - 0|999888777666655555 
 - 0|44444444444333332222222222111100000000000000000000000000000000000 
   0|1111111222222223333444444 
   0|55555555555666666666667777777788888899999999999999 
   1|0000000111111111222222223333333444444 
   1|5555556778888888899 
   2|0011111233344444 
   2|5556789 
   3|0011244 
   3| 
   4|1
 Largest Negative Standardized Residuals
 Residual for      nc1 and     img1  -2.646
 Residual for      sc1 and     img1  -2.640
 Residual for      sc2 and     img1  -2.627
 Residual for      sc3 and       t3  -2.864
 Residual for      sc5 and     img1  -3.263
 Largest Positive Standardized Residuals
 Residual for       u1 and       t1   3.394
 Residual for       u1 and       t2   2.961
 Residual for       u1 and       t3   2.599
 Residual for       u2 and       t1   3.057
 Residual for       u3 and       t1   2.700
 Residual for       u3 and       t2   4.062
 Residual for      bi2 and     img1   3.111
 Residual for      bi3 and      bi1   2.914
 Residual for      bi4 and       t1   3.360
 Residual for      bi4 and     img1   2.765
 Residual for       e1 and      sc3   3.029
 Residual for      pi4 and     img1   3.152

 Modelu RA-SC akceptacji technologii (wersja alternatywna -- bez czynnika 2go st

                         Qplot of Standardized Residuals

  3.5..........................................................................
     .                                                                       ..
     .                                                                      . .
     .                                                                    .   .
     .                                                                  .     .
     .                                                                 .      .
     .                                                               .        x
     .                                                             .         x.
     .                                                            .          x.
     .                                                          .         *   .
     .                                                        .          *    .
     .                                                       .        x *     .
     .                                                     .       * xx       .
     .                                                   .        xx          .
     .                                                  .      *x*            .
 N   .                                                .      *x*              .
 o   .                                              .    x*x*x                .
 r   .                                             .   **x                    .
 m   .                                           .   **x                      .
 a   .                                         .   **x                        .
 l   .                                        .  x*x                          .
     .                                      .   xx                            .
 Q   .                                    .   **x                             .
 u   .                                   . x*x*                               .
 a   .                                 . ***                                  .
 n   .                               . x*x                                    .
 t   .                              .x**                                      .
 i   .                           x*x*x                                        .
 l   .                        ***x                                            .
 e   .                      **x.                                              .
 s   .                    x**.                                                .
     .                  x**.                                                  .
     .                x*x .                                                   .
     .             * *  .                                                     .
     .            *x  .                                                       .
     .          x x  .                                                        .
     .        *    .                                                          .
     .        x  .                                                            .
     .      x   .                                                             .
     . x      .                                                               .
     .      .                                                                 .
     .     .                                                                  .
     .   .                                                                    .
     . .                                                                      .
 -3.5..........................................................................
   -3.5                                                                      3.5
                             Standardized Residuals

 Modelu RA-SC akceptacji technologii (wersja alternatywna -- bez czynnika 2go st

 Covariances

         Y - ETA 

                  t1         t2         t3         u1         u2         u3   
            --------   --------   --------   --------   --------   --------
     RPAT      0.815      0.625      0.781      0.004      0.005      0.003
      EOU      0.004      0.003      0.004      0.610      0.664      0.396
     RPAI       - -        - -        - -        - -        - -        - - 
       TC     -0.044     -0.033     -0.042     -0.012     -0.013     -0.008
       SC     -0.108     -0.083     -0.104     -0.030     -0.033     -0.019
       BI      0.255      0.196      0.244      0.184      0.201      0.119

         Y - ETA 

                img1       img2        nc1        nc2        sc1        sc2   
            --------   --------   --------   --------   --------   --------
     RPAT       - -        - -      -0.044     -0.044     -0.108     -0.110
      EOU       - -        - -      -0.012     -0.012     -0.030     -0.030
     RPAI      0.078      0.583       - -        - -        - -        - - 
       TC       - -        - -       0.736      0.748      0.294      0.299
       SC       - -        - -       0.294      0.299      0.740      0.752
       BI      0.008      0.057     -0.135     -0.137     -0.339     -0.344

         Y - ETA 

                 sc3        sc4        sc5        bi1        bi2        bi3   
            --------   --------   --------   --------   --------   --------
     RPAT     -0.106     -0.097     -0.110      0.255      0.234      0.253
      EOU     -0.029     -0.027     -0.030      0.184      0.169      0.183
     RPAI       - -        - -        - -       0.008      0.007      0.008
       TC      0.287      0.263      0.299     -0.135     -0.124     -0.134
       SC      0.722      0.662      0.753     -0.339     -0.311     -0.336
       BI     -0.331     -0.303     -0.345      0.660      0.605      0.655

         Y - ETA 

                 bi4   
            --------
     RPAT      0.279
      EOU      0.201
     RPAI      0.008
       TC     -0.147
       SC     -0.371
       BI      0.721

         Y - KSI 

                  t1         t2         t3         u1         u2         u3   
            --------   --------   --------   --------   --------   --------
     RPAE      0.011      0.008      0.010      0.001      0.001      0.001
     PIIT      0.134      0.103      0.128      0.017      0.018      0.011

         Y - KSI 

                img1       img2        nc1        nc2        sc1        sc2   
            --------   --------   --------   --------   --------   --------
     RPAE       - -        - -      -0.013     -0.013     -0.032     -0.033
     PIIT       - -        - -      -0.167     -0.170     -0.409     -0.416

         Y - KSI 

                 sc3        sc4        sc5        bi1        bi2        bi3   
            --------   --------   --------   --------   --------   --------
     RPAE     -0.031     -0.029     -0.033      0.106      0.097      0.105
     PIIT     -0.399     -0.366     -0.417      0.206      0.189      0.204

         Y - KSI 

                 bi4   
            --------
     RPAE      0.116
     PIIT      0.225

         X - ETA 

                  e1         e2        pi2        pi3        pi4   
            --------   --------   --------   --------   --------
     RPAT      0.011      0.017      0.134      0.130      0.124
      EOU      0.001      0.002      0.017      0.016      0.015
     RPAI       - -        - -        - -        - -        - - 
       TC     -0.013     -0.021     -0.167     -0.162     -0.155
       SC     -0.032     -0.052     -0.409     -0.397     -0.378
       BI      0.106      0.172      0.206      0.199      0.190

         X - KSI 

                  e1         e2        pi2        pi3        pi4   
            --------   --------   --------   --------   --------
     RPAE      0.468      0.759      0.063      0.061      0.058
     PIIT      0.063      0.102      0.799      0.774      0.738

 Modelu RA-SC akceptacji technologii (wersja alternatywna -- bez czynnika 2go st

 Standardized Solution           

         LAMBDA-Y    

                RPAT        EOU       RPAI         TC         SC         BI   
            --------   --------   --------   --------   --------   --------
       t1      0.903       - -        - -        - -        - -        - - 
       t2      0.692       - -        - -        - -        - -        - - 
       t3      0.865       - -        - -        - -        - -        - - 
       u1       - -       0.781       - -        - -        - -        - - 
       u2       - -       0.850       - -        - -        - -        - - 
       u3       - -       0.507       - -        - -        - -        - - 
     img1       - -        - -       0.279       - -        - -        - - 
     img2       - -        - -       2.089       - -        - -        - - 
      nc1       - -        - -        - -       0.858       - -        - - 
      nc2       - -        - -        - -       0.871       - -        - - 
      sc1       - -        - -        - -        - -       0.860       - - 
      sc2       - -        - -        - -        - -       0.874       - - 
      sc3       - -        - -        - -        - -       0.839       - - 
      sc4       - -        - -        - -        - -       0.770       - - 
      sc5       - -        - -        - -        - -       0.876       - - 
      bi1       - -        - -        - -        - -        - -       0.812
      bi2       - -        - -        - -        - -        - -       0.745
      bi3       - -        - -        - -        - -        - -       0.806
      bi4       - -        - -        - -        - -        - -       0.888

         LAMBDA-X    

                RPAE       PIIT   
            --------   --------
       e1      0.684       - - 
       e2      1.110       - - 
      pi2       - -       0.894
      pi3       - -       0.866
      pi4       - -       0.825

         BETA        

                RPAT        EOU       RPAI         TC         SC         BI   
            --------   --------   --------   --------   --------   --------
     RPAT       - -        - -        - -        - -      -0.071       - - 
      EOU       - -        - -        - -        - -      -0.044       - - 
     RPAI       - -        - -        - -        - -        - -        - - 
       TC       - -        - -        - -        - -        - -        - - 
       SC       - -        - -        - -       0.297       - -        - - 
       BI      0.286      0.269      0.034       - -      -0.434       - - 

         GAMMA       

                RPAE       PIIT   
            --------   --------
     RPAT       - -       0.128
      EOU       - -        - - 
     RPAI       - -        - - 
       TC       - -      -0.218
       SC       - -      -0.468
       BI      0.163     -0.019

         Correlation Matrix of ETA and KSI       

                RPAT        EOU       RPAI         TC         SC         BI   
            --------   --------   --------   --------   --------   --------
     RPAT      1.000
      EOU      0.006      1.000
     RPAI       - -        - -       1.000
       TC     -0.056     -0.018       - -       1.000
       SC     -0.139     -0.044       - -       0.399      1.000
       BI      0.348      0.290      0.034     -0.194     -0.485      1.000
     RPAE      0.017      0.002       - -      -0.022     -0.055      0.190
     PIIT      0.166      0.024       - -      -0.218     -0.532      0.283

         Correlation Matrix of ETA and KSI       

                RPAE       PIIT   
            --------   --------
     RPAE      1.000
     PIIT      0.102      1.000

         PSI         
         Note: This matrix is diagonal.

                RPAT        EOU       RPAI         TC         SC         BI   
            --------   --------   --------   --------   --------   --------
               0.969      0.998      1.000      0.952      0.633      0.585

         Regression Matrix ETA on KSI (Standardized) 

                RPAE       PIIT   
            --------   --------
     RPAT       - -       0.166
      EOU       - -       0.024
     RPAI       - -        - - 
       TC       - -      -0.218
       SC       - -      -0.532
       BI      0.163      0.266

 Modelu RA-SC akceptacji technologii (wersja alternatywna -- bez czynnika 2go st

 Completely Standardized Solution

         LAMBDA-Y    

                RPAT        EOU       RPAI         TC         SC         BI   
            --------   --------   --------   --------   --------   --------
       t1      0.903       - -        - -        - -        - -        - - 
       t2      0.692       - -        - -        - -        - -        - - 
       t3      0.865       - -        - -        - -        - -        - - 
       u1       - -       0.781       - -        - -        - -        - - 
       u2       - -       0.850       - -        - -        - -        - - 
       u3       - -       0.507       - -        - -        - -        - - 
     img1       - -        - -       0.279       - -        - -        - - 
     img2       - -        - -       2.089       - -        - -        - - 
      nc1       - -        - -        - -       0.858       - -        - - 
      nc2       - -        - -        - -       0.871       - -        - - 
      sc1       - -        - -        - -        - -       0.860       - - 
      sc2       - -        - -        - -        - -       0.874       - - 
      sc3       - -        - -        - -        - -       0.839       - - 
      sc4       - -        - -        - -        - -       0.770       - - 
      sc5       - -        - -        - -        - -       0.876       - - 
      bi1       - -        - -        - -        - -        - -       0.816
      bi2       - -        - -        - -        - -        - -       0.748
      bi3       - -        - -        - -        - -        - -       0.810
      bi4       - -        - -        - -        - -        - -       0.893

         LAMBDA-X    

                RPAE       PIIT   
            --------   --------
       e1      0.684       - - 
       e2      1.110       - - 
      pi2       - -       0.894
      pi3       - -       0.866
      pi4       - -       0.825

         BETA        

                RPAT        EOU       RPAI         TC         SC         BI   
            --------   --------   --------   --------   --------   --------
     RPAT       - -        - -        - -        - -      -0.071       - - 
      EOU       - -        - -        - -        - -      -0.044       - - 
     RPAI       - -        - -        - -        - -        - -        - - 
       TC       - -        - -        - -        - -        - -        - - 
       SC       - -        - -        - -       0.297       - -        - - 
       BI      0.286      0.269      0.034       - -      -0.434       - - 

         GAMMA       

                RPAE       PIIT   
            --------   --------
     RPAT       - -       0.128
      EOU       - -        - - 
     RPAI       - -        - - 
       TC       - -      -0.218
       SC       - -      -0.468
       BI      0.163     -0.019

         Correlation Matrix of ETA and KSI       

                RPAT        EOU       RPAI         TC         SC         BI   
            --------   --------   --------   --------   --------   --------
     RPAT      1.000
      EOU      0.006      1.000
     RPAI       - -        - -       1.000
       TC     -0.056     -0.018       - -       1.000
       SC     -0.139     -0.044       - -       0.399      1.000
       BI      0.348      0.290      0.034     -0.194     -0.485      1.000
     RPAE      0.017      0.002       - -      -0.022     -0.055      0.190
     PIIT      0.166      0.024       - -      -0.218     -0.532      0.283

         Correlation Matrix of ETA and KSI       

                RPAE       PIIT   
            --------   --------
     RPAE      1.000
     PIIT      0.102      1.000

         PSI         
         Note: This matrix is diagonal.

                RPAT        EOU       RPAI         TC         SC         BI   
            --------   --------   --------   --------   --------   --------
               0.969      0.998      1.000      0.952      0.633      0.585

         THETA-EPS   

                  t1         t2         t3         u1         u2         u3   
            --------   --------   --------   --------   --------   --------
               0.185      0.521      0.252      0.390      0.277      0.743

         THETA-EPS   

                img1       img2        nc1        nc2        sc1        sc2   
            --------   --------   --------   --------   --------   --------
               0.922     -3.363      0.264      0.241      0.260      0.236

         THETA-EPS   

                 sc3        sc4        sc5        bi1        bi2        bi3   
            --------   --------   --------   --------   --------   --------
               0.296      0.408      0.233      0.334      0.440      0.344

         THETA-EPS   

                 bi4   
            --------
               0.202

         THETA-DELTA 

                  e1         e2        pi2        pi3        pi4   
            --------   --------   --------   --------   --------
               0.532     -0.231      0.201      0.249      0.319

         Regression Matrix ETA on KSI (Standardized) 

                RPAE       PIIT   
            --------   --------
     RPAT       - -       0.166
      EOU       - -       0.024
     RPAI       - -        - - 
       TC       - -      -0.218
       SC       - -      -0.532
       BI      0.163      0.266
