
                                DATE: 03/30/2011
                                  TIME: 08:36

                               P R E L I S  2.72

                                       BY

                         Karl G. J”reskog & Dag S”rbom



                    This program is published exclusively by
                    Scientific Software International, Inc.
                       7383 N. Lincoln Avenue, Suite 100
                        Lincolnwood, IL 60712, U.S.A.
            Phone: (800)247-6113, (847)675-0720, Fax: (847)675-2140
        Copyright by Scientific Software International, Inc., 1981-2005 
          Use of this program is subject to the terms specified in the
                        Universal Copyright Convention.
                          Website: www.ssicentral.com 

 The following lines were read from file 00.pr2:

 Skrypt PRELIS generujacy macierz kowariancji z danych RAW
 ! NI, liczba zm. obserwowalnych ; NO, liczba obserwacji
 DATA NI=30 NO=228
  
 ! FI -- plik z danymi w formacie FREE
 RAW FI=Model_TAMSC_00.txt
  
 ! etykiety zmiennych (w PRELIS do niczego niepotrzebne)
 LA  FI=Model_TAMSC_00.lbl
  
 ! macierz kowariancji (do wykorzystania przez LISREL)
 OUTPUT MATRIX=KM SM=Model_TAMSC_00.mtx

 
 Total Sample Size =    228

 Univariate Marginal Parameters

 Variable     Mean St. Dev.   Thresholds
 --------     ---- --------   ----------
       e2    0.000    1.000  -1.228  -0.431   0.467   1.355
       e1    0.000    1.000  -1.302  -0.455   0.256   1.040   2.015
       t1    0.000    1.000  -1.938  -1.383  -0.517   0.371   1.355
       t2    0.000    1.000  -1.412  -0.594   0.324   1.328
       t3    0.000    1.000  -2.222  -1.443  -0.542   0.278   1.161
      ZA5    0.000    1.000  -2.621  -1.662  -0.775   0.313   1.183
      bi1    0.000    1.000  -2.222  -1.328  -0.504   0.443   1.161
      bi2    0.000    1.000  -2.375  -1.022  -0.077   0.688
      bi3    0.000    1.000  -2.015  -1.161  -0.324   0.480   1.040
      bi4    0.000    1.000  -2.621  -1.708  -0.702   0.210   1.059
      sc1    0.000    1.000  -0.950  -0.166   0.702   1.620   2.621
      sc2    0.000    1.000  -1.543  -0.745   0.188   1.059   1.871
      sc3    0.000    1.000  -1.119  -0.199   0.480   1.412   2.621
      sc4    0.000    1.000  -1.757  -1.003  -0.143   0.867
      sc5    0.000    1.000  -1.508  -0.504   0.634   1.443
      pi1    0.000    1.000  -2.621  -1.508  -0.594   0.166   0.883   1.474
      pi2    0.000    1.000  -2.375  -1.580  -0.555   0.348   1.119   2.222
      pi3    0.000    1.000  -2.222  -1.140  -0.348   0.504   1.443   2.222
      pi4    0.000    1.000  -2.375  -1.099  -0.301   0.492   1.252   2.015
      nc3    0.000    1.000  -2.222  -1.355  -0.661   0.066   1.003   1.708
       D1    0.000    1.000  -2.621  -1.871  -1.040   0.066   1.205   2.107
       D2    0.000    1.000  -1.871  -0.967  -0.033   0.883   1.938
       u3    0.000    1.000  -2.222  -1.383  -0.313   0.731   2.107
      ZA2    0.000    1.000  -2.107  -1.302  -0.313   0.916   1.938
     img1    0.000    1.000  -1.620  -0.529   0.492   1.474
     img2    0.000    1.000  -1.412  -0.455   0.789   1.708
      nc1    0.000    1.000  -2.107  -1.183  -0.290   0.555   1.355   2.222
      nc2    0.000    1.000  -2.222  -1.302  -0.348   0.504   1.543   2.621
       u1    0.000    1.000  -2.222  -1.099  -0.492   0.555   1.620
       u2    0.000    1.000  -2.621  -1.474  -0.517   0.607   1.757

 Univariate Distributions for Ordinal Variables 

       e2 Frequency Percentage Bar Chart
      1      25        11.0    
      2      51        22.4    
      3      79        34.6    
      4      53        23.2    
      5      20         8.8    

       e1 Frequency Percentage Bar Chart
      1      22         9.6    
      2      52        22.8    
      3      63        27.6    
      4      57        25.0    
      5      29        12.7    
      6       5         2.2    

       t1 Frequency Percentage Bar Chart
      2       6         2.6    
      3      13         5.7    
      4      50        21.9    
      5      78        34.2    
      6      61        26.8    
      7      20         8.8    

       t2 Frequency Percentage Bar Chart
      3      18         7.9    
      4      45        19.7    
      5      80        35.1    
      6      64        28.1    
      7      21         9.2    

       t3 Frequency Percentage Bar Chart
      2       3         1.3    
      3      14         6.1    
      4      50        21.9    
      5      72        31.6    
      6      61        26.8    
      7      28        12.3    

      ZA5 Frequency Percentage Bar Chart
      2       1         0.4    
      3      10         4.4    
      4      39        17.1    
      5      92        40.4    
      6      59        25.9    
      7      27        11.8    

      bi1 Frequency Percentage Bar Chart
      2       3         1.3    
      3      18         7.9    
      4      49        21.5    
      5      83        36.4    
      6      47        20.6    
      7      28        12.3    

      bi2 Frequency Percentage Bar Chart
      3       2         0.9    
      4      33        14.5    
      5      72        31.6    
      6      65        28.5    
      7      56        24.6    

      bi3 Frequency Percentage Bar Chart
      2       5         2.2    
      3      23        10.1    
      4      57        25.0    
      5      71        31.1    
      6      38        16.7    
      7      34        14.9    

      bi4 Frequency Percentage Bar Chart
      2       1         0.4    
      3       9         3.9    
      4      45        19.7    
      5      78        34.2    
      6      62        27.2    
      7      33        14.5    

      sc1 Frequency Percentage Bar Chart
      1      39        17.1    
      2      60        26.3    
      3      74        32.5    
      4      43        18.9    
      5      11         4.8    
      6       1         0.4    

      sc2 Frequency Percentage Bar Chart
      1      14         6.1    
      2      38        16.7    
      3      79        34.6    
      4      64        28.1    
      5      26        11.4    
      6       7         3.1    

      sc3 Frequency Percentage Bar Chart
      1      30        13.2    
      2      66        28.9    
      3      60        26.3    
      4      54        23.7    
      5      17         7.5    
      6       1         0.4    

      sc4 Frequency Percentage Bar Chart
      1       9         3.9    
      2      27        11.8    
      3      65        28.5    
      4      83        36.4    
      5      44        19.3    

      sc5 Frequency Percentage Bar Chart
      1      15         6.6    
      2      55        24.1    
      3      98        43.0    
      4      43        18.9    
      5      17         7.5    

      pi1 Frequency Percentage Bar Chart
      1       1         0.4    
      2      14         6.1    
      3      48        21.1    
      4      66        28.9    
      5      56        24.6    
      6      27        11.8    
      7      16         7.0    

      pi2 Frequency Percentage Bar Chart
      1       2         0.9    
      2      11         4.8    
      3      53        23.2    
      4      79        34.6    
      5      53        23.2    
      6      27        11.8    
      7       3         1.3    

      pi3 Frequency Percentage Bar Chart
      1       3         1.3    
      2      26        11.4    
      3      54        23.7    
      4      75        32.9    
      5      53        23.2    
      6      14         6.1    
      7       3         1.3    

      pi4 Frequency Percentage Bar Chart
      1       2         0.9    
      2      29        12.7    
      3      56        24.6    
      4      70        30.7    
      5      47        20.6    
      6      19         8.3    
      7       5         2.2    

      nc3 Frequency Percentage Bar Chart
      1       3         1.3    
      2      17         7.5    
      3      38        16.7    
      4      62        27.2    
      5      72        31.6    
      6      26        11.4    
      7      10         4.4    

       D1 Frequency Percentage Bar Chart
      1       1         0.4    
      2       6         2.6    
      3      27        11.8    
      4      86        37.7    
      5      82        36.0    
      6      22         9.6    
      7       4         1.8    

       D2 Frequency Percentage Bar Chart
      2       7         3.1    
      3      31        13.6    
      4      73        32.0    
      5      74        32.5    
      6      37        16.2    
      7       6         2.6    

       u3 Frequency Percentage Bar Chart
      2       3         1.3    
      3      16         7.0    
      4      67        29.4    
      5      89        39.0    
      6      49        21.5    
      7       4         1.8    

      ZA2 Frequency Percentage Bar Chart
      2       4         1.8    
      3      18         7.9    
      4      64        28.1    
      5     101        44.3    
      6      35        15.4    
      7       6         2.6    

     img1 Frequency Percentage Bar Chart
      2      12         5.3    
      3      56        24.6    
      4      89        39.0    
      5      55        24.1    
      6      16         7.0    

     img2 Frequency Percentage Bar Chart
      2      18         7.9    
      3      56        24.6    
      4     105        46.1    
      5      39        17.1    
      6      10         4.4    

      nc1 Frequency Percentage Bar Chart
      1       4         1.8    
      2      23        10.1    
      3      61        26.8    
      4      74        32.5    
      5      46        20.2    
      6      17         7.5    
      7       3         1.3    

      nc2 Frequency Percentage Bar Chart
      1       3         1.3    
      2      19         8.3    
      3      61        26.8    
      4      75        32.9    
      5      56        24.6    
      6      13         5.7    
      7       1         0.4    

       u1 Frequency Percentage Bar Chart
      2       3         1.3    
      3      28        12.3    
      4      40        17.5    
      5      91        39.9    
      6      54        23.7    
      7      12         5.3    

       u2 Frequency Percentage Bar Chart
      2       1         0.4
      3      15         6.6    
      4      53        23.2    
      5      97        42.5    
      6      53        23.2    
      7       9         3.9    

 There are 228 distinct response patterns, see FREQ-file.
 The 20 most common patterns are :
       1         2    2    6    7    6    7    6    6    5    5    2    2    2    3    4
                 4    4    3    4    4    4    5    6    6    5    5    3    4    5    6
       1         3    2    3    4    4    5    5    4    5    3    4    5    5    5    5
                 4    2    2    2    3    3    6    6    5    4    3    4    4    4    5
       1         3    2    7    5    5    5    6    5    6    7    1    3    2    4    2
                 5    4    5    4    6    5    4    5    4    5    4    4    4    5    5
       1         2    3    4    5    4    5    5    5    4    5    5    5    4    5    3
                 3    2    2    3    2    4    5    3    4    4    4    4    4    4    4
       1         3    3    6    6    6    5    4    5    3    4    3    4    3    5    4
                 5    4    3    4    5    5    5    6    6    3    2    5    5    6    5
       1         2    2    6    7    7    5    5    5    5    5    3    2    2    2    3
                 4    4    4    4    4    4    5    5    5    5    3    5    4    6    5
       1         1    1    5    5    5    4    4    5    5    5    3    4    2    4    3
                 5    4    3    2    5    5    6    4    3    3    3    4    3    4    4
       1         4    5    5    6    5    6    5    5    5    6    5    6    5    5    5
                 6    2    3    1    4    5    3    5    5    4    3    5    5    6    6
       1         2    1    2    4    2    7    4    6    4    5    1    1    1    1    1
                 7    6    4    5    5    3    4    6    5    4    4    6    4    6    5
       1         3    3    5    5    5    5    5    6    5    6    3    3    3    4    3
                 6    6    4    5    4    4    4    4    6    4    3    5    5    5    5
       1         4    2    4    5    5    5    3    5    3    3    3    3    3    5    3
                 4    4    4    3    5    4    5    5    6    4    4    4    5    6    6
       1         1    2    7    7    7    7    5    7    5    5    3    4    3    4    3
                 3    4    4    2    3    5    4    6    6    3    3    4    5    6    6
       1         2    4    3    3    4    5    5    5    5    5    2    2    3    3    2
                 5    5    5    5    5    4    4    5    6    5    4    6    6    4    5
       1         3    4    5    4    5    5    5    6    3    6    2    4    3    3    3
                 5    4    3    3    4    5    5    4    5    4    4    4    4    5    5
       1         3    2    6    6    6    7    3    5    3    4    4    3    3    5    3
                 4    4    3    4    5    5    5    5    6    4    2    7    7    6    7
       1         4    3    5    6    4    5    7    6    7    7    3    3    3    3    3
                 6    5    5    7    4    4    6    7    4    5    3    2    3    5    7
       1         3    4    4    5    4    4    5    5    4    4    1    1    1    2    1
                 6    4    3    4    6    4    6    4    4    4    4    5    6    3    5
       1         2    1    5    6    6    7    4    5    3    4    1    3    1    1    1
                 7    5    4    5    5    4    5    5    5    5    5    3    4    6    6
       1         4    6    4    4    5    6    4    5    4    4    3    4    4    5    3
                 2    4    4    3    2    4    4    4    5    4    4    4    3    5    5
       1         4    5    2    3    3    4    6    7    5    6    2    3    3    2    2
                 4    3    3    1    5    4    5    4    5    4    4    3    2    5    4


                         Correlations and Test Statistics

            (PE=Pearson Product Moment, PC=Polychoric, PS=Polyserial)
                                        Test of Model         Test of Close Fit
 Variable vs. Variable Correlation  Chi-Squ.  D.F. P-Value       RMSEA  P-Value
 -------- --- -------- -----------  --------  ---- -------       -----  -------
       e1 vs.       e2  0.759 (PC)  12.874    19    0.845        0.000   1.000
       t1 vs.       e2  0.056 (PC)  18.692    19    0.477        0.000   1.000
       t1 vs.       e1  0.015 (PC)  30.063    24    0.183        0.033   1.000
       t2 vs.       e2 -0.099 (PC)  24.810    15    0.053        0.054   0.985
       t2 vs.       e1 -0.120 (PC)  17.092    19    0.584        0.000   1.000
       t2 vs.       t1  0.630 (PC)  17.568    19    0.551        0.000   1.000
       t3 vs.       e2 -0.024 (PC)  16.819    19    0.602        0.000   1.000
       t3 vs.       e1 -0.055 (PC)  42.906    24    0.010        0.059   0.994
       t3 vs.       t1  0.778 (PC)   6.636    24    1.000        0.000   1.000
       t3 vs.       t2  0.603 (PC)  12.064    19    0.883        0.000   1.000
      ZA5 vs.       e2 -0.010 (PC)  15.277    19    0.705        0.000   1.000
      ZA5 vs.       e1 -0.068 (PC)  47.733    24    0.003        0.066   0.982
      ZA5 vs.       t1  0.094 (PC)  18.219    24    0.792        0.000   1.000
      ZA5 vs.       t2  0.154 (PC)  17.405    19    0.562        0.000   1.000
      ZA5 vs.       t3  0.085 (PC)  15.720    24    0.898        0.000   1.000
      bi1 vs.       e2  0.164 (PC)  22.052    19    0.282        0.027   1.000
      bi1 vs.       e1  0.087 (PC)  32.129    24    0.124        0.039   1.000
      bi1 vs.       t1  0.264 (PC)  25.166    24    0.397        0.015   1.000
      bi1 vs.       t2  0.122 (PC)   9.089    19    0.972        0.000   1.000
      bi1 vs.       t3  0.275 (PC)  20.442    24    0.671        0.000   1.000
      bi1 vs.      ZA5  0.114 (PC)  20.148    24    0.688        0.000   1.000
      bi2 vs.       e2  0.077 (PC)  14.278    15    0.505        0.000   1.000
      bi2 vs.       e1 -0.007 (PC)  13.637    19    0.804        0.000   1.000
      bi2 vs.       t1  0.241 (PC)  10.649    19    0.935        0.000   1.000
      bi2 vs.       t2  0.134 (PC)  17.760    15    0.276        0.028   0.999
      bi2 vs.       t3  0.267 (PC)  14.091    19    0.778        0.000   1.000
      bi2 vs.      ZA5  0.189 (PC)  17.814    19    0.535        0.000   1.000
      bi2 vs.      bi1  0.584 (PC)  16.437    19    0.628        0.000   1.000
      bi3 vs.       e2  0.134 (PC)  32.930    19    0.024        0.057   0.990
      bi3 vs.       e1  0.040 (PC)  25.615    24    0.373        0.017   1.000
      bi3 vs.       t1  0.288 (PC)  15.535    24    0.904        0.000   1.000
      bi3 vs.       t2  0.106 (PC)  17.229    19    0.574        0.000   1.000
      bi3 vs.       t3  0.299 (PC)  18.187    24    0.794        0.000   1.000
      bi3 vs.      ZA5  0.108 (PC)  21.652    24    0.600        0.000   1.000
      bi3 vs.      bi1  0.708 (PC)  23.430    24    0.495        0.000   1.000
      bi3 vs.      bi2  0.617 (PC)  18.814    19    0.469        0.000   1.000
      bi4 vs.       e2  0.150 (PC)  17.684    19    0.544        0.000   1.000
      bi4 vs.       e1  0.066 (PC)  22.347    24    0.559        0.000   1.000
      bi4 vs.       t1  0.386 (PC)  26.590    24    0.324        0.022   1.000
      bi4 vs.       t2  0.181 (PC)  21.995    19    0.285        0.026   1.000
      bi4 vs.       t3  0.342 (PC)  23.057    24    0.516        0.000   1.000
      bi4 vs.      ZA5  0.121 (PC)  12.897    24    0.968        0.000   1.000
      bi4 vs.      bi1  0.724 (PC)  21.409    24    0.614        0.000   1.000
      bi4 vs.      bi2  0.686 (PC)  19.654    19    0.416        0.012   1.000
      bi4 vs.      bi3  0.710 (PC)  27.748    24    0.271        0.026   1.000
      sc1 vs.       e2  0.022 (PC)  15.850    19    0.667        0.000   1.000
      sc1 vs.       e1  0.084 (PC)  19.043    24    0.750        0.000   1.000
      sc1 vs.       t1 -0.075 (PC)  27.754    24    0.271        0.026   1.000
      sc1 vs.       t2  0.035 (PC)  19.352    19    0.434        0.009   1.000
      sc1 vs.       t3 -0.111 (PC)  32.063    24    0.125        0.038   1.000
      sc1 vs.      ZA5  0.000 (PC)  21.215    24    0.626        0.000   1.000
      sc1 vs.      bi1 -0.363 (PC)  24.190    24    0.451        0.006   1.000
      sc1 vs.      bi2 -0.310 (PC)  12.502    19    0.863        0.000   1.000
      sc1 vs.      bi3 -0.290 (PC)  21.364    24    0.617        0.000   1.000
      sc1 vs.      bi4 -0.380 (PC)  27.361    24    0.288        0.025   1.000
      sc2 vs.       e2  0.001 (PC)  18.221    19    0.508        0.000   1.000
      sc2 vs.       e1  0.025 (PC)  21.548    24    0.606        0.000   1.000
      sc2 vs.       t1 -0.079 (PC)  27.095    24    0.300        0.024   1.000
      sc2 vs.       t2 -0.024 (PC)  23.043    19    0.235        0.031   1.000
      sc2 vs.       t3 -0.145 (PC)  21.540    24    0.607        0.000   1.000
      sc2 vs.      ZA5 -0.077 (PC)  29.255    24    0.211        0.031   1.000
      sc2 vs.      bi1 -0.289 (PC)  31.721    24    0.134        0.038   1.000
      sc2 vs.      bi2 -0.317 (PC)  10.082    19    0.951        0.000   1.000
      sc2 vs.      bi3 -0.289 (PC)  19.488    24    0.725        0.000   1.000
      sc2 vs.      bi4 -0.361 (PC)  14.863    24    0.925        0.000   1.000
      sc2 vs.      sc1  0.740 (PC)   7.502    24    0.999        0.000   1.000
      sc3 vs.       e2  0.094 (PC)  18.143    19    0.513        0.000   1.000
      sc3 vs.       e1  0.158 (PC)  26.968    24    0.306        0.023   1.000
      sc3 vs.       t1 -0.161 (PC)  25.356    24    0.387        0.016   1.000
      sc3 vs.       t2 -0.056 (PC)  11.697    19    0.898        0.000   1.000
      sc3 vs.       t3 -0.215 (PC)  27.706    24    0.273        0.026   1.000
      sc3 vs.      ZA5 -0.080 (PC)  30.290    24    0.175        0.034   1.000
      sc3 vs.      bi1 -0.287 (PC)  15.734    24    0.897        0.000   1.000
      sc3 vs.      bi2 -0.312 (PC)  19.821    19    0.405        0.014   1.000
      sc3 vs.      bi3 -0.282 (PC)  23.683    24    0.480        0.000   1.000
      sc3 vs.      bi4 -0.357 (PC)  19.763    24    0.710        0.000   1.000
      sc3 vs.      sc1  0.704 (PC)  10.817    24    0.990        0.000   1.000
      sc3 vs.      sc2  0.762 (PC)  11.360    24    0.986        0.000   1.000
      sc4 vs.       e2 -0.023 (PC)   8.135    15    0.918        0.000   1.000
      sc4 vs.       e1 -0.008 (PC)  19.848    19    0.404        0.014   1.000
      sc4 vs.       t1 -0.066 (PC)  31.570    19    0.035        0.054   0.993
      sc4 vs.       t2  0.038 (PC)  15.226    15    0.435        0.008   1.000
      sc4 vs.       t3 -0.057 (PC)  21.579    19    0.306        0.024   1.000
      sc4 vs.      ZA5 -0.032 (PC)  28.018    19    0.083        0.046   0.998
      sc4 vs.      bi1 -0.273 (PC)  16.427    19    0.629        0.000   1.000
      sc4 vs.      bi2 -0.327 (PC)  16.350    15    0.359        0.020   0.999
      sc4 vs.      bi3 -0.305 (PC)  35.237    19    0.013        0.061   0.982
      sc4 vs.      bi4 -0.364 (PC)  31.855    19    0.032        0.054   0.992
      sc4 vs.      sc1  0.689 (PC)   5.139    19    0.999        0.000   1.000
      sc4 vs.      sc2  0.681 (PC)  20.765    19    0.350        0.020   1.000
      sc4 vs.      sc3  0.604 (PC)  20.279    19    0.378        0.017   1.000
      sc5 vs.       e2  0.091 (PC)  15.694    15    0.403        0.014   1.000
      sc5 vs.       e1  0.096 (PC)  20.173    19    0.384        0.016   1.000
      sc5 vs.       t1 -0.121 (PC)  19.632    19    0.417        0.012   1.000
      sc5 vs.       t2  0.014 (PC)  11.014    15    0.752        0.000   1.000
      sc5 vs.       t3 -0.169 (PC)  12.369    19    0.869        0.000   1.000
      sc5 vs.      ZA5 -0.031 (PC)  29.427    19    0.060        0.049   0.996
      sc5 vs.      bi1 -0.345 (PC)   9.178    19    0.970        0.000   1.000
      sc5 vs.      bi2 -0.315 (PC)  13.253    15    0.583        0.000   1.000
      sc5 vs.      bi3 -0.281 (PC)  15.915    19    0.663        0.000   1.000
      sc5 vs.      bi4 -0.382 (PC)  14.991    19    0.723        0.000   1.000
      sc5 vs.      sc1  0.765 (PC)  14.010    19    0.783        0.000   1.000
      sc5 vs.      sc2  0.752 (PC)   8.423    19    0.982        0.000   1.000
      sc5 vs.      sc3  0.751 (PC)  19.236    19    0.442        0.007   1.000
      sc5 vs.      sc4  0.658 (PC)  12.975    15    0.604        0.000   1.000
      pi1 vs.       e2  0.040 (PC)  26.856    23    0.262        0.027   1.000
      pi1 vs.       e1 -0.011 (PC)  46.912    29    0.019        0.052   0.999
      pi1 vs.       t1 -0.142 (PC)  26.650    29    0.591        0.000   1.000
      pi1 vs.       t2 -0.034 (PC)  21.970    23    0.522        0.000   1.000
      pi1 vs.       t3 -0.131 (PC)  26.384    29    0.605        0.000   1.000
      pi1 vs.      ZA5  0.019 (PC)  18.582    29    0.932        0.000   1.000
      pi1 vs.      bi1  0.065 (PC)  20.444    29    0.879        0.000   1.000
      pi1 vs.      bi2  0.075 (PC)  35.975    23    0.041        0.050   0.998
      pi1 vs.      bi3  0.051 (PC)  34.526    29    0.221        0.029   1.000
      pi1 vs.      bi4  0.036 (PC)  26.405    29    0.604        0.000   1.000
      pi1 vs.      sc1 -0.199 (PC)  21.706    29    0.832        0.000   1.000
      pi1 vs.      sc2 -0.220 (PC)  22.468    29    0.800        0.000   1.000
      pi1 vs.      sc3 -0.037 (PC)  24.755    29    0.691        0.000   1.000
      pi1 vs.      sc4 -0.205 (PC)  23.343    23    0.441        0.008   1.000
      pi1 vs.      sc5 -0.118 (PC)  30.977    23    0.123        0.039   1.000
      pi2 vs.       e2  0.101 (PC)  21.916    23    0.525        0.000   1.000
      pi2 vs.       e1  0.089 (PC)  36.259    29    0.166        0.033   1.000
      pi2 vs.       t1  0.149 (PC)  30.883    29    0.371        0.017   1.000
      pi2 vs.       t2 -0.003 (PC)  27.699    23    0.227        0.030   1.000
      pi2 vs.       t3  0.099 (PC)  31.686    29    0.334        0.020   1.000
      pi2 vs.      ZA5  0.078 (PC)  26.298    29    0.610        0.000   1.000
      pi2 vs.      bi1  0.144 (PC)  26.931    29    0.575        0.000   1.000
      pi2 vs.      bi2  0.133 (PC)  18.455    23    0.732        0.000   1.000
      pi2 vs.      bi3  0.229 (PC)  26.146    29    0.618        0.000   1.000
      pi2 vs.      bi4  0.269 (PC)  14.344    29    0.989        0.000   1.000
      pi2 vs.      sc1 -0.453 (PC)  15.990    29    0.976        0.000   1.000
      pi2 vs.      sc2 -0.454 (PC)  26.176    29    0.616        0.000   1.000
      pi2 vs.      sc3 -0.399 (PC)  21.124    29    0.855        0.000   1.000
      pi2 vs.      sc4 -0.425 (PC)  16.829    23    0.818        0.000   1.000
      pi2 vs.      sc5 -0.449 (PC)  18.091    23    0.753        0.000   1.000
      pi2 vs.      pi1  0.468 (PC)  31.181    35    0.653        0.000   1.000
      pi3 vs.       e2  0.109 (PC)  24.687    23    0.367        0.018   1.000
      pi3 vs.       e1  0.113 (PC)  26.978    29    0.573        0.000   1.000
      pi3 vs.       t1  0.146 (PC)  34.840    29    0.210        0.030   1.000
      pi3 vs.       t2  0.042 (PC)  27.146    23    0.250        0.028   1.000
      pi3 vs.       t3  0.109 (PC)  25.387    29    0.658        0.000   1.000
      pi3 vs.      ZA5  0.054 (PC)  28.301    29    0.502        0.000   1.000
      pi3 vs.      bi1  0.149 (PC)  32.419    29    0.302        0.023   1.000
      pi3 vs.      bi2  0.148 (PC)  26.052    23    0.298        0.024   1.000
      pi3 vs.      bi3  0.215 (PC)  22.265    29    0.809        0.000   1.000
      pi3 vs.      bi4  0.280 (PC)  21.144    29    0.854        0.000   1.000
      pi3 vs.      sc1 -0.377 (PC)  20.110    29    0.889        0.000   1.000
      pi3 vs.      sc2 -0.357 (PC)  30.445    29    0.392        0.015   1.000
      pi3 vs.      sc3 -0.356 (PC)  17.988    29    0.945        0.000   1.000
      pi3 vs.      sc4 -0.362 (PC)  19.319    23    0.683        0.000   1.000
      pi3 vs.      sc5 -0.383 (PC)  26.986    23    0.257        0.028   1.000
      pi3 vs.      pi1  0.414 (PC)  27.383    35    0.817        0.000   1.000
      pi3 vs.      pi2  0.773 (PC)  33.889    35    0.522        0.000   1.000
      pi4 vs.       e2  0.113 (PC)  32.170    23    0.097        0.042   0.999
      pi4 vs.       e1 -0.005 (PC)  29.590    29    0.435        0.009   1.000
      pi4 vs.       t1  0.156 (PC)  26.507    29    0.598        0.000   1.000
      pi4 vs.       t2  0.095 (PC)  35.406    23    0.047        0.049   0.999
      pi4 vs.       t3  0.178 (PC)  32.407    29    0.302        0.023   1.000
      pi4 vs.      ZA5  0.154 (PC)  23.438    29    0.756        0.000   1.000
      pi4 vs.      bi1  0.212 (PC)  24.200    29    0.719        0.000   1.000
      pi4 vs.      bi2  0.153 (PC)  17.436    23    0.787        0.000   1.000
      pi4 vs.      bi3  0.269 (PC)  33.962    29    0.241        0.027   1.000
      pi4 vs.      bi4  0.250 (PC)  34.257    29    0.230        0.028   1.000
      pi4 vs.      sc1 -0.369 (PC)  25.381    29    0.658        0.000   1.000
      pi4 vs.      sc2 -0.383 (PC)  34.402    29    0.225        0.029   1.000
      pi4 vs.      sc3 -0.328 (PC)  23.209    29    0.767        0.000   1.000
      pi4 vs.      sc4 -0.321 (PC)  26.408    23    0.282        0.025   1.000
      pi4 vs.      sc5 -0.345 (PC)  17.267    23    0.796        0.000   1.000
      pi4 vs.      pi1  0.435 (PC)  40.466    35    0.242        0.026   1.000
      pi4 vs.      pi2  0.731 (PC)  24.771    35    0.901        0.000   1.000
      pi4 vs.      pi3  0.726 (PC)  21.429    35    0.965        0.000   1.000
      nc3 vs.       e2 -0.027 (PC)  31.073    23    0.121        0.039   1.000
      nc3 vs.       e1 -0.051 (PC)  32.557    29    0.296        0.023   1.000
      nc3 vs.       t1  0.049 (PC)  21.316    29    0.847        0.000   1.000
      nc3 vs.       t2 -0.060 (PC)  29.333    23    0.170        0.035   1.000
      nc3 vs.       t3  0.049 (PC)  28.313    29    0.501        0.000   1.000
      nc3 vs.      ZA5  0.017 (PC)  31.693    29    0.333        0.020   1.000
      nc3 vs.      bi1  0.026 (PC)  27.804    29    0.528        0.000   1.000
      nc3 vs.      bi2  0.066 (PC)  22.030    23    0.518        0.000   1.000
      nc3 vs.      bi3  0.041 (PC)  28.934    29    0.468        0.000   1.000
      nc3 vs.      bi4  0.090 (PC)  17.430    29    0.955        0.000   1.000
      nc3 vs.      sc1 -0.331 (PC)  22.994    29    0.777        0.000   1.000
      nc3 vs.      sc2 -0.305 (PC)  26.079    29    0.621        0.000   1.000
      nc3 vs.      sc3 -0.205 (PC)  23.711    29    0.743        0.000   1.000
      nc3 vs.      sc4 -0.207 (PC)  18.640    23    0.722        0.000   1.000
      nc3 vs.      sc5 -0.250 (PC)  19.725    23    0.658        0.000   1.000
      nc3 vs.      pi1  0.106 (PC)  33.576    35    0.537        0.000   1.000
      nc3 vs.      pi2  0.116 (PC)  26.725    35    0.841        0.000   1.000
      nc3 vs.      pi3  0.096 (PC)  24.504    35    0.908        0.000   1.000
      nc3 vs.      pi4  0.090 (PC)  39.997    35    0.258        0.025   1.000
       D1 vs.       e2 -0.019 (PC)  21.199    23    0.569        0.000   1.000
       D1 vs.       e1 -0.028 (PC)  26.424    29    0.603        0.000   1.000
       D1 vs.       t1  0.114 (PC)  27.085    29    0.567        0.000   1.000
       D1 vs.       t2  0.166 (PC)  21.874    23    0.528        0.000   1.000
       D1 vs.       t3  0.180 (PC)  41.415    29    0.063        0.043   1.000
       D1 vs.      ZA5  0.026 (PC)  23.130    29    0.771        0.000   1.000
       D1 vs.      bi1  0.138 (PC)  18.886    29    0.924        0.000   1.000
       D1 vs.      bi2  0.062 (PC)  33.026    23    0.081        0.044   0.999
       D1 vs.      bi3  0.099 (PC)  28.541    29    0.489        0.000   1.000
       D1 vs.      bi4  0.127 (PC)  21.464    29    0.842        0.000   1.000
       D1 vs.      sc1  0.049 (PC)  20.032    29    0.892        0.000   1.000
       D1 vs.      sc2 -0.015 (PC)  37.236    29    0.140        0.035   1.000
       D1 vs.      sc3  0.049 (PC)  30.885    29    0.371        0.017   1.000
       D1 vs.      sc4  0.035 (PC)  16.665    23    0.825        0.000   1.000
       D1 vs.      sc5  0.044 (PC)  19.510    23    0.671        0.000   1.000
       D1 vs.      pi1 -0.010 (PC)  29.218    35    0.743        0.000   1.000
       D1 vs.      pi2 -0.004 (PC)  31.666    35    0.630        0.000   1.000
       D1 vs.      pi3  0.002 (PC)  44.095    35    0.139        0.034   1.000
       D1 vs.      pi4  0.050 (PC)  37.191    35    0.368        0.017   1.000
       D1 vs.      nc3  0.047 (PC)  40.239    35    0.249        0.026   1.000
       D2 vs.       e2 -0.011 (PC)  33.890    19    0.019        0.059   0.987
       D2 vs.       e1 -0.012 (PC)  33.066    24    0.103        0.041   1.000
       D2 vs.       t1  0.055 (PC)  15.432    24    0.907        0.000   1.000
       D2 vs.       t2 -0.023 (PC)  27.998    19    0.083        0.046   0.998
       D2 vs.       t3  0.016 (PC)  20.033    24    0.695        0.000   1.000
       D2 vs.      ZA5  0.095 (PC)  25.395    24    0.385        0.016   1.000
       D2 vs.      bi1  0.101 (PC)  33.793    24    0.088        0.042   1.000
       D2 vs.      bi2  0.253 (PC)  20.917    19    0.341        0.021   1.000
       D2 vs.      bi3  0.149 (PC)  19.880    24    0.704        0.000   1.000
       D2 vs.      bi4  0.165 (PC)  17.813    24    0.812        0.000   1.000
       D2 vs.      sc1 -0.074 (PC)  37.309    24    0.041        0.049   0.999
       D2 vs.      sc2 -0.055 (PC)  23.590    24    0.485        0.000   1.000
       D2 vs.      sc3 -0.086 (PC)  27.105    24    0.300        0.024   1.000
       D2 vs.      sc4  0.012 (PC)  38.309    19    0.005        0.067   0.965
       D2 vs.      sc5  0.002 (PC)  23.458    19    0.218        0.032   1.000
       D2 vs.      pi1  0.011 (PC)  31.339    29    0.350        0.019   1.000
       D2 vs.      pi2 -0.008 (PC)  29.031    29    0.463        0.002   1.000
       D2 vs.      pi3 -0.004 (PC)  41.066    29    0.068        0.043   1.000
       D2 vs.      pi4  0.033 (PC)  27.240    29    0.559        0.000   1.000
       D2 vs.      nc3  0.046 (PC)  25.487    29    0.653        0.000   1.000
       D2 vs.       D1  0.053 (PC)  26.931    29    0.575        0.000   1.000
       u3 vs.       e2  0.023 (PC)  14.630    19    0.746        0.000   1.000
       u3 vs.       e1 -0.019 (PC)  17.938    24    0.806        0.000   1.000
       u3 vs.       t1  0.182 (PC)  20.780    24    0.652        0.000   1.000
       u3 vs.       t2  0.271 (PC)  15.239    19    0.707        0.000   1.000
       u3 vs.       t3  0.139 (PC)  17.761    24    0.814        0.000   1.000
       u3 vs.      ZA5  0.410 (PC)  30.909    24    0.156        0.036   1.000
       u3 vs.      bi1  0.125 (PC)  20.451    24    0.671        0.000   1.000
       u3 vs.      bi2  0.084 (PC)  21.020    19    0.336        0.022   1.000
       u3 vs.      bi3  0.165 (PC)  11.001    24    0.989        0.000   1.000
       u3 vs.      bi4  0.171 (PC)  30.624    24    0.165        0.035   1.000
       u3 vs.      sc1  0.029 (PC)  31.863    24    0.130        0.038   1.000
       u3 vs.      sc2  0.054 (PC)  25.586    24    0.375        0.017   1.000
       u3 vs.      sc3  0.018 (PC)  31.430    24    0.142        0.037   1.000
       u3 vs.      sc4 -0.054 (PC)  27.189    19    0.100        0.043   0.998
       u3 vs.      sc5  0.055 (PC)  29.193    19    0.063        0.049   0.996
       u3 vs.      pi1 -0.004 (PC)  30.092    29    0.409        0.013   1.000
       u3 vs.      pi2  0.005 (PC)  28.589    29    0.487        0.000   1.000
       u3 vs.      pi3  0.042 (PC)  34.817    29    0.211        0.030   1.000
       u3 vs.      pi4  0.127 (PC)  41.965    29    0.057        0.044   1.000
       u3 vs.      nc3 -0.126 (PC)  21.024    29    0.858        0.000   1.000
       u3 vs.       D1  0.012 (PC)  22.561    29    0.796        0.000   1.000
       u3 vs.       D2  0.033 (PC)  31.085    24    0.151        0.036   1.000
      ZA2 vs.       e2 -0.028 (PC)  16.993    19    0.590        0.000   1.000
      ZA2 vs.       e1 -0.050 (PC)  33.093    24    0.102        0.041   1.000
      ZA2 vs.       t1  0.171 (PC)  24.801    24    0.417        0.012   1.000
      ZA2 vs.       t2  0.195 (PC)  24.014    19    0.196        0.034   0.999
      ZA2 vs.       t3  0.153 (PC)  33.077    24    0.102        0.041   1.000
      ZA2 vs.      ZA5  0.607 (PC)  15.267    24    0.913        0.000   1.000
      ZA2 vs.      bi1  0.186 (PC)  12.100    24    0.979        0.000   1.000
      ZA2 vs.      bi2  0.222 (PC)   8.270    19    0.984        0.000   1.000
      ZA2 vs.      bi3  0.215 (PC)   8.875    24    0.998        0.000   1.000
      ZA2 vs.      bi4  0.224 (PC)  11.689    24    0.983        0.000   1.000
      ZA2 vs.      sc1 -0.023 (PC)  15.446    24    0.907        0.000   1.000
      ZA2 vs.      sc2 -0.077 (PC)  21.611    24    0.602        0.000   1.000
      ZA2 vs.      sc3 -0.085 (PC)  35.016    24    0.068        0.045   0.999
      ZA2 vs.      sc4 -0.047 (PC)  25.664    19    0.140        0.039   0.999
      ZA2 vs.      sc5 -0.087 (PC)  25.041    19    0.159        0.037   0.999
      ZA2 vs.      pi1 -0.052 (PC)  26.794    29    0.583        0.000   1.000
      ZA2 vs.      pi2  0.087 (PC)  15.886    29    0.977        0.000   1.000
      ZA2 vs.      pi3  0.091 (PC)  26.869    29    0.579        0.000   1.000
      ZA2 vs.      pi4  0.128 (PC)  22.374    29    0.804        0.000   1.000
      ZA2 vs.      nc3 -0.012 (PC)  30.398    29    0.394        0.015   1.000
      ZA2 vs.       D1 -0.016 (PC)  35.039    29    0.203        0.030   1.000
      ZA2 vs.       D2  0.036 (PC)  19.978    24    0.698        0.000   1.000
      ZA2 vs.       u3  0.496 (PC)  34.143    24    0.082        0.043   1.000
     img1 vs.       e2  0.002 (PC)  12.046    15    0.676        0.000   1.000
     img1 vs.       e1  0.009 (PC)  20.344    19    0.374        0.018   1.000
     img1 vs.       t1  0.039 (PC)  19.281    19    0.439        0.008   1.000
     img1 vs.       t2  0.045 (PC)  14.568    15    0.483        0.000   1.000
     img1 vs.       t3  0.066 (PC)  13.661    19    0.803        0.000   1.000
     img1 vs.      ZA5  0.165 (PC)  21.224    19    0.325        0.023   1.000
     img1 vs.      bi1  0.060 (PC)  15.221    19    0.708        0.000   1.000
     img1 vs.      bi2  0.166 (PC)  17.343    15    0.299        0.026   0.999
     img1 vs.      bi3  0.121 (PC)  27.581    19    0.092        0.045   0.998
     img1 vs.      bi4  0.127 (PC)  22.556    19    0.257        0.029   1.000
     img1 vs.      sc1 -0.175 (PC)  17.211    19    0.576        0.000   1.000
     img1 vs.      sc2 -0.174 (PC)  16.948    19    0.593        0.000   1.000
     img1 vs.      sc3 -0.094 (PC)  20.168    19    0.385        0.016   1.000
     img1 vs.      sc4 -0.146 (PC)  26.524    15    0.033        0.058   0.976
     img1 vs.      sc5 -0.217 (PC)   8.393    15    0.907        0.000   1.000
     img1 vs.      pi1  0.027 (PC)  20.168    23    0.632        0.000   1.000
     img1 vs.      pi2  0.122 (PC)  27.571    23    0.232        0.030   1.000
     img1 vs.      pi3  0.128 (PC)  24.263    23    0.389        0.016   1.000
     img1 vs.      pi4  0.209 (PC)  17.579    23    0.780        0.000   1.000
     img1 vs.      nc3 -0.044 (PC)  37.834    23    0.027        0.053   0.997
     img1 vs.       D1 -0.060 (PC)  30.887    23    0.126        0.039   1.000
     img1 vs.       D2  0.090 (PC)  16.968    19    0.592        0.000   1.000
     img1 vs.       u3  0.052 (PC)  12.251    19    0.875        0.000   1.000
     img1 vs.      ZA2  0.127 (PC)  15.769    19    0.673        0.000   1.000
     img2 vs.       e2  0.073 (PC)  20.038    15    0.170        0.038   0.997
     img2 vs.       e1  0.110 (PC)  10.494    19    0.940        0.000   1.000
     img2 vs.       t1 -0.008 (PC)  19.751    19    0.410        0.013   1.000
     img2 vs.       t2 -0.077 (PC)  11.597    15    0.709        0.000   1.000
     img2 vs.       t3 -0.023 (PC)  18.582    19    0.484        0.000   1.000
     img2 vs.      ZA5  0.138 (PC)  31.692    19    0.034        0.054   0.993
     img2 vs.      bi1  0.085 (PC)  15.533    19    0.688        0.000   1.000
     img2 vs.      bi2  0.115 (PC)  14.773    15    0.468        0.000   1.000
     img2 vs.      bi3  0.048 (PC)  25.654    19    0.140        0.039   0.999
     img2 vs.      bi4  0.151 (PC)  12.972    19    0.840        0.000   1.000
     img2 vs.      sc1 -0.131 (PC)  16.707    19    0.610        0.000   1.000
     img2 vs.      sc2 -0.099 (PC)  17.438    19    0.560        0.000   1.000
     img2 vs.      sc3 -0.033 (PC)  18.264    19    0.505        0.000   1.000
     img2 vs.      sc4 -0.122 (PC)  11.981    15    0.680        0.000   1.000
     img2 vs.      sc5 -0.105 (PC)  10.812    15    0.766        0.000   1.000
     img2 vs.      pi1  0.061 (PC)  28.448    23    0.199        0.032   1.000
     img2 vs.      pi2  0.078 (PC)  27.261    23    0.245        0.029   1.000
     img2 vs.      pi3  0.120 (PC)  22.491    23    0.491        0.000   1.000
     img2 vs.      pi4  0.151 (PC)  24.549    23    0.374        0.017   1.000
     img2 vs.      nc3  0.063 (PC)  27.313    23    0.243        0.029   1.000
     img2 vs.       D1  0.000 (PC)  20.878    23    0.589        0.000   1.000
     img2 vs.       D2  0.017 (PC)  21.761    19    0.296        0.025   1.000
     img2 vs.       u3  0.059 (PC)  23.583    19    0.213        0.033   1.000
     img2 vs.      ZA2  0.050 (PC)  32.411    19    0.028        0.056   0.991
     img2 vs.     img1  0.583 (PC)  15.878    15    0.390        0.016   1.000
      nc1 vs.       e2 -0.063 (PC)  17.999    23    0.758        0.000   1.000
      nc1 vs.       e1 -0.040 (PC)  30.294    29    0.399        0.014   1.000
      nc1 vs.       t1 -0.030 (PC)  15.155    29    0.984        0.000   1.000
      nc1 vs.       t2 -0.010 (PC)  19.823    23    0.653        0.000   1.000
      nc1 vs.       t3  0.031 (PC)  27.467    29    0.547        0.000   1.000
      nc1 vs.      ZA5 -0.021 (PC)  33.934    29    0.242        0.027   1.000
      nc1 vs.      bi1 -0.125 (PC)  33.742    29    0.249        0.027   1.000
      nc1 vs.      bi2 -0.094 (PC)  28.369    23    0.202        0.032   1.000
      nc1 vs.      bi3 -0.121 (PC)  31.287    29    0.352        0.019   1.000
      nc1 vs.      bi4 -0.174 (PC)  18.178    29    0.941        0.000   1.000
      nc1 vs.      sc1  0.253 (PC)  25.635    29    0.645        0.000   1.000
      nc1 vs.      sc2  0.308 (PC)  27.514    29    0.544        0.000   1.000
      nc1 vs.      sc3  0.310 (PC)  27.581    29    0.540        0.000   1.000
      nc1 vs.      sc4  0.312 (PC)  21.901    23    0.526        0.000   1.000
      nc1 vs.      sc5  0.289 (PC)  30.597    23    0.133        0.038   1.000
      nc1 vs.      pi1 -0.021 (PC)  37.859    35    0.340        0.019   1.000
      nc1 vs.      pi2 -0.174 (PC)  40.600    35    0.237        0.026   1.000
      nc1 vs.      pi3 -0.143 (PC)  42.638    35    0.176        0.031   1.000
      nc1 vs.      pi4 -0.104 (PC)  44.902    35    0.122        0.035   1.000
      nc1 vs.      nc3  0.239 (PC)  33.394    35    0.546        0.000   1.000
      nc1 vs.       D1 -0.010 (PC)  33.868    35    0.523        0.000   1.000
      nc1 vs.       D2 -0.120 (PC)  31.802    29    0.329        0.021   1.000
      nc1 vs.       u3 -0.078 (PC)  41.841    29    0.058        0.044   1.000
      nc1 vs.      ZA2  0.051 (PC)  28.660    29    0.483        0.000   1.000
      nc1 vs.     img1 -0.176 (PC)  20.697    23    0.600        0.000   1.000
      nc1 vs.     img2 -0.110 (PC)  22.270    23    0.504        0.000   1.000
      nc2 vs.       e2  0.004 (PC)  18.343    23    0.739        0.000   1.000
      nc2 vs.       e1  0.001 (PC)  20.580    29    0.874        0.000   1.000
      nc2 vs.       t1  0.069 (PC)  22.854    29    0.783        0.000   1.000
      nc2 vs.       t2  0.033 (PC)  15.648    23    0.870        0.000   1.000
      nc2 vs.       t3  0.013 (PC)  29.607    29    0.434        0.010   1.000
      nc2 vs.      ZA5  0.069 (PC)  37.677    29    0.130        0.036   1.000
      nc2 vs.      bi1 -0.150 (PC)  24.981    29    0.679        0.000   1.000
      nc2 vs.      bi2 -0.137 (PC)  13.789    23    0.933        0.000   1.000
      nc2 vs.      bi3 -0.137 (PC)  18.872    29    0.925        0.000   1.000
      nc2 vs.      bi4 -0.217 (PC)  18.413    29    0.935        0.000   1.000
      nc2 vs.      sc1  0.289 (PC)  19.097    29    0.919        0.000   1.000
      nc2 vs.      sc2  0.328 (PC)  25.772    29    0.638        0.000   1.000
      nc2 vs.      sc3  0.261 (PC)  20.445    29    0.879        0.000   1.000
      nc2 vs.      sc4  0.301 (PC)  21.678    23    0.540        0.000   1.000
      nc2 vs.      sc5  0.276 (PC)  17.294    23    0.795        0.000   1.000
      nc2 vs.      pi1 -0.143 (PC)  32.447    35    0.592        0.000   1.000
      nc2 vs.      pi2 -0.215 (PC)  41.150    35    0.219        0.028   1.000
      nc2 vs.      pi3 -0.145 (PC)  40.100    35    0.254        0.025   1.000
      nc2 vs.      pi4 -0.172 (PC)  34.675    35    0.484        0.000   1.000
      nc2 vs.      nc3  0.292 (PC)  41.536    35    0.207        0.029   1.000
      nc2 vs.       D1 -0.037 (PC)  32.566    35    0.586        0.000   1.000
      nc2 vs.       D2 -0.059 (PC)  26.141    29    0.618        0.000   1.000
      nc2 vs.       u3  0.032 (PC)  23.205    29    0.767        0.000   1.000
      nc2 vs.      ZA2  0.155 (PC)  33.036    29    0.276        0.025   1.000
      nc2 vs.     img1 -0.149 (PC)  22.121    23    0.513        0.000   1.000
      nc2 vs.     img2 -0.041 (PC)  27.741    23    0.226        0.030   1.000
      nc2 vs.      nc1  0.748 (PC)  22.835    35    0.944        0.000   1.000
       u1 vs.       e2 -0.011 (PC)  16.107    19    0.650        0.000   1.000
       u1 vs.       e1 -0.055 (PC)  25.986    24    0.354        0.019   1.000
       u1 vs.       t1  0.228 (PC)  18.091    24    0.799        0.000   1.000
       u1 vs.       t2  0.199 (PC)  17.084    19    0.584        0.000   1.000
       u1 vs.       t3  0.176 (PC)  35.144    24    0.066        0.045   0.999
       u1 vs.      ZA5  0.578 (PC)  24.012    24    0.461        0.001   1.000
       u1 vs.      bi1  0.210 (PC)  14.546    24    0.933        0.000   1.000
       u1 vs.      bi2  0.175 (PC)  26.690    19    0.112        0.042   0.998
       u1 vs.      bi3  0.216 (PC)  25.613    24    0.373        0.017   1.000
       u1 vs.      bi4  0.257 (PC)  15.034    24    0.920        0.000   1.000
       u1 vs.      sc1 -0.024 (PC)  17.361    24    0.833        0.000   1.000
       u1 vs.      sc2  0.032 (PC)  19.158    24    0.744        0.000   1.000
       u1 vs.      sc3 -0.053 (PC)  30.294    24    0.175        0.034   1.000
       u1 vs.      sc4  0.092 (PC)  29.768    19    0.055        0.050   0.996
       u1 vs.      sc5  0.067 (PC)  13.836    19    0.793        0.000   1.000
       u1 vs.      pi1 -0.087 (PC)  27.072    29    0.568        0.000   1.000
       u1 vs.      pi2  0.002 (PC)  28.509    29    0.491        0.000   1.000
       u1 vs.      pi3 -0.006 (PC)  23.600    29    0.748        0.000   1.000
       u1 vs.      pi4  0.049 (PC)  13.802    29    0.992        0.000   1.000
       u1 vs.      nc3 -0.019 (PC)  38.022    29    0.122        0.037   1.000
       u1 vs.       D1  0.040 (PC)  28.755    29    0.478        0.000   1.000
       u1 vs.       D2  0.002 (PC)  17.999    24    0.803        0.000   1.000
       u1 vs.       u3  0.398 (PC)  23.979    24    0.463        0.000   1.000
       u1 vs.      ZA2  0.688 (PC)  18.834    24    0.761        0.000   1.000
       u1 vs.     img1  0.133 (PC)  10.025    19    0.952        0.000   1.000
       u1 vs.     img2  0.077 (PC)  26.272    19    0.123        0.041   0.999
       u1 vs.      nc1  0.099 (PC)  30.937    29    0.368        0.017   1.000
       u1 vs.      nc2  0.142 (PC)  35.767    29    0.180        0.032   1.000
       u2 vs.       e2 -0.033 (PC)  15.693    19    0.678        0.000   1.000
       u2 vs.       e1 -0.045 (PC)  11.605    24    0.984        0.000   1.000
       u2 vs.       t1  0.206 (PC)  18.070    24    0.800        0.000   1.000
       u2 vs.       t2  0.162 (PC)  18.125    19    0.514        0.000   1.000
       u2 vs.       t3  0.154 (PC)  24.830    24    0.415        0.012   1.000
       u2 vs.      ZA5  0.585 (PC)  22.408    24    0.555        0.000   1.000
       u2 vs.      bi1  0.253 (PC)  18.022    24    0.802        0.000   1.000
       u2 vs.      bi2  0.267 (PC)  13.126    19    0.832        0.000   1.000
       u2 vs.      bi3  0.227 (PC)  13.656    24    0.954        0.000   1.000
       u2 vs.      bi4  0.262 (PC)  17.292    24    0.836        0.000   1.000
       u2 vs.      sc1 -0.078 (PC)  19.858    24    0.705        0.000   1.000
       u2 vs.      sc2 -0.052 (PC)  31.164    24    0.149        0.036   1.000
       u2 vs.      sc3 -0.097 (PC)  31.991    24    0.127        0.038   1.000
       u2 vs.      sc4  0.013 (PC)  14.217    19    0.771        0.000   1.000
       u2 vs.      sc5 -0.119 (PC)  16.910    19    0.596        0.000   1.000
       u2 vs.      pi1 -0.014 (PC)  25.195    29    0.668        0.000   1.000
       u2 vs.      pi2  0.079 (PC)  21.835    29    0.827        0.000   1.000
       u2 vs.      pi3  0.089 (PC)  21.609    29    0.836        0.000   1.000
       u2 vs.      pi4  0.091 (PC)  31.557    29    0.340        0.020   1.000
       u2 vs.      nc3  0.034 (PC)  33.727    29    0.249        0.027   1.000
       u2 vs.       D1 -0.025 (PC)  25.977    29    0.627        0.000   1.000
       u2 vs.       D2  0.084 (PC)  33.503    24    0.094        0.042   1.000
       u2 vs.       u3  0.431 (PC)  21.186    24    0.628        0.000   1.000
       u2 vs.      ZA2  0.683 (PC)  20.702    24    0.656        0.000   1.000
       u2 vs.     img1  0.148 (PC)  13.248    19    0.826        0.000   1.000
       u2 vs.     img2  0.007 (PC)  23.613    19    0.211        0.033   1.000
       u2 vs.      nc1 -0.010 (PC)  34.281    29    0.229        0.028   1.000
       u2 vs.      nc2  0.066 (PC)  41.699    29    0.060        0.044   1.000
       u2 vs.       u1  0.663 (PC)  22.319    24    0.560        0.000   1.000

           Percentage of Tests Exceeding 0.5% Significance Level:  0.0%

           Percentage of Tests Exceeding 1.0% Significance Level:  0.0%

           Percentage of Tests Exceeding 5.0% Significance Level:  0.0%



 Correlation Matrix                  
 
                  e2         e1         t1         t2         t3        ZA5
            --------   --------   --------   --------   --------   --------
       e2      1.000
       e1      0.759      1.000
       t1      0.056      0.015      1.000
       t2     -0.099     -0.120      0.630      1.000
       t3     -0.024     -0.055      0.778      0.603      1.000
      ZA5     -0.010     -0.068      0.094      0.154      0.085      1.000
      bi1      0.164      0.087      0.264      0.122      0.275      0.114
      bi2      0.077     -0.007      0.241      0.134      0.267      0.189
      bi3      0.134      0.040      0.288      0.106      0.299      0.108
      bi4      0.150      0.066      0.386      0.181      0.342      0.121
      sc1      0.022      0.084     -0.075      0.035     -0.111      0.000
      sc2      0.001      0.025     -0.079     -0.024     -0.145     -0.077
      sc3      0.094      0.158     -0.161     -0.056     -0.215     -0.080
      sc4     -0.023     -0.008     -0.066      0.038     -0.057     -0.032
      sc5      0.091      0.096     -0.121      0.014     -0.169     -0.031
      pi1      0.040     -0.011     -0.142     -0.034     -0.131      0.019
      pi2      0.101      0.089      0.149     -0.003      0.099      0.078
      pi3      0.109      0.113      0.146      0.042      0.109      0.054
      pi4      0.113     -0.005      0.156      0.095      0.178      0.154
      nc3     -0.027     -0.051      0.049     -0.060      0.049      0.017
       D1     -0.019     -0.028      0.114      0.166      0.180      0.026
       D2     -0.011     -0.012      0.055     -0.023      0.016      0.095
       u3      0.023     -0.019      0.182      0.271      0.139      0.410
      ZA2     -0.028     -0.050      0.171      0.195      0.153      0.607
     img1      0.002      0.009      0.039      0.045      0.066      0.165
     img2      0.073      0.110     -0.008     -0.077     -0.023      0.138
      nc1     -0.063     -0.040     -0.030     -0.010      0.031     -0.021
      nc2      0.004      0.001      0.069      0.033      0.013      0.069
       u1     -0.011     -0.055      0.228      0.199      0.176      0.578
       u2     -0.033     -0.045      0.206      0.162      0.154      0.585

 Correlation Matrix                  
 
                 bi1        bi2        bi3        bi4        sc1        sc2
            --------   --------   --------   --------   --------   --------
      bi1      1.000
      bi2      0.584      1.000
      bi3      0.708      0.617      1.000
      bi4      0.724      0.686      0.710      1.000
      sc1     -0.363     -0.310     -0.290     -0.380      1.000
      sc2     -0.289     -0.317     -0.289     -0.361      0.740      1.000
      sc3     -0.287     -0.312     -0.282     -0.357      0.704      0.762
      sc4     -0.273     -0.327     -0.305     -0.364      0.689      0.681
      sc5     -0.345     -0.315     -0.281     -0.382      0.765      0.752
      pi1      0.065      0.075      0.051      0.036     -0.199     -0.220
      pi2      0.144      0.133      0.229      0.269     -0.453     -0.454
      pi3      0.149      0.148      0.215      0.280     -0.377     -0.357
      pi4      0.212      0.153      0.269      0.250     -0.369     -0.383
      nc3      0.026      0.066      0.041      0.090     -0.331     -0.305
       D1      0.138      0.062      0.099      0.127      0.049     -0.015
       D2      0.101      0.253      0.149      0.165     -0.074     -0.055
       u3      0.125      0.084      0.165      0.171      0.029      0.054
      ZA2      0.186      0.222      0.215      0.224     -0.023     -0.077
     img1      0.060      0.166      0.121      0.127     -0.175     -0.174
     img2      0.085      0.115      0.048      0.151     -0.131     -0.099
      nc1     -0.125     -0.094     -0.121     -0.174      0.253      0.308
      nc2     -0.150     -0.137     -0.137     -0.217      0.289      0.328
       u1      0.210      0.175      0.216      0.257     -0.024      0.032
       u2      0.253      0.267      0.227      0.262     -0.078     -0.052

 Correlation Matrix                  
 
                 sc3        sc4        sc5        pi1        pi2        pi3
            --------   --------   --------   --------   --------   --------
      sc3      1.000
      sc4      0.604      1.000
      sc5      0.751      0.658      1.000
      pi1     -0.037     -0.205     -0.118      1.000
      pi2     -0.399     -0.425     -0.449      0.468      1.000
      pi3     -0.356     -0.362     -0.383      0.414      0.773      1.000
      pi4     -0.328     -0.321     -0.345      0.435      0.731      0.726
      nc3     -0.205     -0.207     -0.250      0.106      0.116      0.096
       D1      0.049      0.035      0.044     -0.010     -0.004      0.002
       D2     -0.086      0.012      0.002      0.011     -0.008     -0.004
       u3      0.018     -0.054      0.055     -0.004      0.005      0.042
      ZA2     -0.085     -0.047     -0.087     -0.052      0.087      0.091
     img1     -0.094     -0.146     -0.217      0.027      0.122      0.128
     img2     -0.033     -0.122     -0.105      0.061      0.078      0.120
      nc1      0.310      0.312      0.289     -0.021     -0.174     -0.143
      nc2      0.261      0.301      0.276     -0.143     -0.215     -0.145
       u1     -0.053      0.092      0.067     -0.087      0.002     -0.006
       u2     -0.097      0.013     -0.119     -0.014      0.079      0.089

 Correlation Matrix                  
 
                 pi4        nc3         D1         D2         u3        ZA2
            --------   --------   --------   --------   --------   --------
      pi4      1.000
      nc3      0.090      1.000
       D1      0.050      0.047      1.000
       D2      0.033      0.046      0.053      1.000
       u3      0.127     -0.126      0.012      0.033      1.000
      ZA2      0.128     -0.012     -0.016      0.036      0.496      1.000
     img1      0.209     -0.044     -0.060      0.090      0.052      0.127
     img2      0.151      0.063      0.000      0.017      0.059      0.050
      nc1     -0.104      0.239     -0.010     -0.120     -0.078      0.051
      nc2     -0.172      0.292     -0.037     -0.059      0.032      0.155
       u1      0.049     -0.019      0.040      0.002      0.398      0.688
       u2      0.091      0.034     -0.025      0.084      0.431      0.683

 Correlation Matrix                  
 
                img1       img2        nc1        nc2         u1         u2
            --------   --------   --------   --------   --------   --------
     img1      1.000
     img2      0.583      1.000
      nc1     -0.176     -0.110      1.000
      nc2     -0.149     -0.041      0.748      1.000
       u1      0.133      0.077      0.099      0.142      1.000
       u2      0.148      0.007     -0.010      0.066      0.663      1.000

 Means

                  e2         e1         t1         t2         t3        ZA5
            --------   --------   --------   --------   --------   --------
               0.000      0.000      0.000      0.000      0.000      0.000

 Means

                 bi1        bi2        bi3        bi4        sc1        sc2
            --------   --------   --------   --------   --------   --------
               0.000      0.000      0.000      0.000      0.000      0.000

 Means

                 sc3        sc4        sc5        pi1        pi2        pi3
            --------   --------   --------   --------   --------   --------
               0.000      0.000      0.000      0.000      0.000      0.000

 Means

                 pi4        nc3         D1         D2         u3        ZA2
            --------   --------   --------   --------   --------   --------
               0.000      0.000      0.000      0.000      0.000      0.000

 Means

                img1       img2        nc1        nc2         u1         u2
            --------   --------   --------   --------   --------   --------
               0.000      0.000      0.000      0.000      0.000      0.000

 Standard Deviations

                  e2         e1         t1         t2         t3        ZA5
            --------   --------   --------   --------   --------   --------
               1.000      1.000      1.000      1.000      1.000      1.000

 Standard Deviations

                 bi1        bi2        bi3        bi4        sc1        sc2
            --------   --------   --------   --------   --------   --------
               1.000      1.000      1.000      1.000      1.000      1.000

 Standard Deviations

                 sc3        sc4        sc5        pi1        pi2        pi3
            --------   --------   --------   --------   --------   --------
               1.000      1.000      1.000      1.000      1.000      1.000

 Standard Deviations

                 pi4        nc3         D1         D2         u3        ZA2
            --------   --------   --------   --------   --------   --------
               1.000      1.000      1.000      1.000      1.000      1.000

 Standard Deviations

                img1       img2        nc1        nc2         u1         u2
            --------   --------   --------   --------   --------   --------
               1.000      1.000      1.000      1.000      1.000      1.000


          The Problem used    134088 Bytes (= 0.2% of available workspace)
