
                                DATE:  3/30/2011
                                  TIME:  8:44


                                L I S R E L  8.72

                                       BY

                         Karl G. J”reskog & Dag S”rbom



                    This program is published exclusively by
                    Scientific Software International, Inc.
                       7383 N. Lincoln Avenue, Suite 100
                        Lincolnwood, IL 60712, U.S.A. 
            Phone: (800)247-6113, (847)675-0720, Fax: (847)675-2140
        Copyright by Scientific Software International, Inc., 1981-2005 
          Use of this program is subject to the terms specified in the
                        Universal Copyright Convention.
                          Website: www.ssicentral.com

 The following lines were read from file tam_ff_fully.ls8:

 Modelu RA-SC akceptacji technologii (wersja podstawowa -- czynnik 2go stopnia)
 ! Por. skrypt tamsc_cfa_final.ls8 zawierajacy CFA stosowanej skali
 ! (c) T.Przechlewski 2011 (licencja GPL) http://member.acm.org/~tprzechlewski/sem
 DA NI=30 NO=228 MA=CM
  
 KM FI=Model_TAMSC_00.mtx
  
 LA FI=Model_TAMSC_00.lbl
  
 !          -- RPAT     -- EOU      -- RPAI     -- TC                      -- SC                -- BI       -- RPE         -- PIIT
 SE  ;     t1 t2 t3   u1 u2 u3    img1 img2   nc1 nc2        sc1 sc2 sc3 sc4 sc5    bi1  bi2  bi3 bi4        e1 e2   pi2  pi3  pi4  /
  
 !! MO NX=20 NK=5 LX=FU,FI PH=SY,FR TD=DI,FR !
 MO NY=19 NE=7   NX=5 NK=2  LX=FU,FI LX=FU,FI BE=FU,FI GA=FU,FI PH=SY,FR PS=DI,FR TD=DI,FR TE=DI,FR
  
 ! Etykiety zmiennych endogenicznynych (eta)
 LE ; RPAT EOU RPAI RPA TC SC BI
  
 ! Etykiety zmiennych egzogenicznych (ksi)
 LK ; RPAE PIIT
  
 ! ** ** **
 FR LY(2,1) LY(3,1)                          ! rpat = 3
 FR LY(5,2) LY(6,2)                          ! eou = 3
 FR LY(8,3)                                  ! rpai = 2
 ! ** *** rpa is # 5 #
 FR LY(10,5)                                 ! tc = 3->2
 FR LY(12,6) LY(13,6) LY(14,6) LY(15,6)      ! sc = 5
 FR LY(17,7) LY(18,7) LY(19,7)               ! bi
  
 FR LX(2,1)                                  ! rpe = 2
 FR LX(4,2) LX(5,2)                          ! piit = 4/3
  
 VA 1 LY(1,1) LY(4,2) LY(7,3) LY(9,5) LY(11,6) LY(16,7)
 VA 1 LX(1,1) LX(3,2)
  
 ! ** ** ** ** **
 !FI PS(4,4)
 !VA 1 PS(4,4)
  
  
 ! Macierz Gamma:
 FR GA(7,1)  ! rpae->bi
  
 FR GA(4,2)  ! piit->rpa
 FR GA(5,2)  ! piit->tc
 FR GA(6,2)  ! piit->sc
  
 ! ** dodatkowe **
 FR GA(7,2)  ! piit->bi
  
 ! Macierz Beta
 FR BE(1,4) ! rpa->rpat
 FR BE(2,4) ! rpa->eou
 FR BE(3,4) ! rpa->rpai
  
 FR BE(7,4) ! rpa->bi
 FR BE(7,6) ! sc->bi
 FR BE(4,6) ! sc->rpa
 FR BE(6,5) ! tc->sc
 ! ** poniewa¿ tc/sc sa skorelowane uwolnienie ponizszego skutkuje nieistotnoscia
 !FR BE(4,5) ! tc->rpa
  
 !ST .5 ALL
  
 OU ME=ML ND=3 MI RS MR SC XM EF AD=OFF

 Modelu RA-SC akceptacji technologii (wersja podstawowa -- czynnik 2go stopnia) 

                           Number of Input Variables 30
                           Number of Y - Variables   19
                           Number of X - Variables    5
                           Number of ETA - Variables  7
                           Number of KSI - Variables  2
                           Number of Observations   228

 Modelu RA-SC akceptacji technologii (wersja podstawowa -- czynnik 2go stopnia) 

         Covariance Matrix       

                  t1         t2         t3         u1         u2         u3   
            --------   --------   --------   --------   --------   --------
       t1      1.000
       t2      0.630      1.000
       t3      0.778      0.603      1.000
       u1      0.228      0.199      0.176      1.000
       u2      0.206      0.162      0.154      0.663      1.000
       u3      0.182      0.271      0.139      0.398      0.431      1.000
     img1      0.039      0.045      0.066      0.133      0.148      0.052
     img2     -0.008     -0.077     -0.023      0.077      0.007      0.059
      nc1     -0.030     -0.010      0.031      0.099     -0.010     -0.078
      nc2      0.069      0.033      0.013      0.142      0.066      0.032
      sc1     -0.075      0.035     -0.111     -0.024     -0.078      0.029
      sc2     -0.079     -0.024     -0.145      0.032     -0.052      0.054
      sc3     -0.161     -0.056     -0.215     -0.053     -0.097      0.018
      sc4     -0.066      0.038     -0.057      0.092      0.013     -0.054
      sc5     -0.121      0.014     -0.169      0.067     -0.119      0.055
      bi1      0.264      0.122      0.275      0.210      0.253      0.125
      bi2      0.241      0.134      0.267      0.175      0.267      0.084
      bi3      0.288      0.106      0.299      0.216      0.227      0.165
      bi4      0.386      0.181      0.342      0.257      0.262      0.171
       e1      0.015     -0.120     -0.055     -0.055     -0.045     -0.019
       e2      0.056     -0.099     -0.024     -0.011     -0.033      0.023
      pi2      0.149     -0.003      0.099      0.002      0.079      0.005
      pi3      0.146      0.042      0.109     -0.006      0.089      0.042
      pi4      0.156      0.095      0.178      0.049      0.091      0.127

         Covariance Matrix       

                img1       img2        nc1        nc2        sc1        sc2   
            --------   --------   --------   --------   --------   --------
     img1      1.000
     img2      0.583      1.000
      nc1     -0.176     -0.110      1.000
      nc2     -0.149     -0.041      0.748      1.000
      sc1     -0.175     -0.131      0.253      0.289      1.000
      sc2     -0.174     -0.099      0.308      0.328      0.740      1.000
      sc3     -0.094     -0.033      0.310      0.261      0.704      0.762
      sc4     -0.146     -0.122      0.312      0.301      0.689      0.681
      sc5     -0.217     -0.105      0.289      0.276      0.765      0.752
      bi1      0.060      0.085     -0.125     -0.150     -0.363     -0.289
      bi2      0.166      0.115     -0.094     -0.137     -0.310     -0.317
      bi3      0.121      0.048     -0.121     -0.137     -0.290     -0.289
      bi4      0.127      0.151     -0.174     -0.217     -0.380     -0.361
       e1      0.009      0.110     -0.040      0.001      0.084      0.025
       e2      0.002      0.073     -0.063      0.004      0.022      0.001
      pi2      0.122      0.078     -0.174     -0.215     -0.453     -0.454
      pi3      0.128      0.120     -0.143     -0.145     -0.377     -0.357
      pi4      0.209      0.151     -0.104     -0.172     -0.369     -0.383

         Covariance Matrix       

                 sc3        sc4        sc5        bi1        bi2        bi3   
            --------   --------   --------   --------   --------   --------
      sc3      1.000
      sc4      0.604      1.000
      sc5      0.751      0.658      1.000
      bi1     -0.287     -0.273     -0.345      1.000
      bi2     -0.312     -0.327     -0.315      0.584      1.000
      bi3     -0.282     -0.305     -0.281      0.708      0.617      1.000
      bi4     -0.357     -0.364     -0.382      0.724      0.686      0.710
       e1      0.158     -0.008      0.096      0.087     -0.007      0.040
       e2      0.094     -0.023      0.091      0.164      0.077      0.134
      pi2     -0.399     -0.425     -0.449      0.144      0.133      0.229
      pi3     -0.356     -0.362     -0.383      0.149      0.148      0.215
      pi4     -0.328     -0.321     -0.345      0.212      0.153      0.269

         Covariance Matrix       

                 bi4         e1         e2        pi2        pi3        pi4   
            --------   --------   --------   --------   --------   --------
      bi4      1.000
       e1      0.066      1.000
       e2      0.150      0.759      1.000
      pi2      0.269      0.089      0.101      1.000
      pi3      0.280      0.113      0.109      0.773      1.000
      pi4      0.250     -0.005      0.113      0.731      0.726      1.000


 Modelu RA-SC akceptacji technologii (wersja podstawowa -- czynnik 2go stopnia) 

 Parameter Specifications

         LAMBDA-Y    

                RPAT        EOU       RPAI        RPA         TC         SC
            --------   --------   --------   --------   --------   --------
       t1          0          0          0          0          0          0
       t2          1          0          0          0          0          0
       t3          2          0          0          0          0          0
       u1          0          0          0          0          0          0
       u2          0          3          0          0          0          0
       u3          0          4          0          0          0          0
     img1          0          0          0          0          0          0
     img2          0          0          5          0          0          0
      nc1          0          0          0          0          0          0
      nc2          0          0          0          0          6          0
      sc1          0          0          0          0          0          0
      sc2          0          0          0          0          0          7
      sc3          0          0          0          0          0          8
      sc4          0          0          0          0          0          9
      sc5          0          0          0          0          0         10
      bi1          0          0          0          0          0          0
      bi2          0          0          0          0          0          0
      bi3          0          0          0          0          0          0
      bi4          0          0          0          0          0          0

         LAMBDA-Y    

                  BI
            --------
       t1          0
       t2          0
       t3          0
       u1          0
       u2          0
       u3          0
     img1          0
     img2          0
      nc1          0
      nc2          0
      sc1          0
      sc2          0
      sc3          0
      sc4          0
      sc5          0
      bi1          0
      bi2         11
      bi3         12
      bi4         13

         LAMBDA-X    

                RPAE       PIIT
            --------   --------
       e1          0          0
       e2         14          0
      pi2          0          0
      pi3          0         15
      pi4          0         16

         BETA        

                RPAT        EOU       RPAI        RPA         TC         SC
            --------   --------   --------   --------   --------   --------
     RPAT          0          0          0         17          0          0
      EOU          0          0          0         18          0          0
     RPAI          0          0          0         19          0          0
      RPA          0          0          0          0          0         20
       TC          0          0          0          0          0          0
       SC          0          0          0          0         21          0
       BI          0          0          0         22          0         23

         BETA        

                  BI
            --------
     RPAT          0
      EOU          0
     RPAI          0
      RPA          0
       TC          0
       SC          0
       BI          0

         GAMMA       

                RPAE       PIIT
            --------   --------
     RPAT          0          0
      EOU          0          0
     RPAI          0          0
      RPA          0         24
       TC          0         25
       SC          0         26
       BI         27         28

         PHI         

                RPAE       PIIT
            --------   --------
     RPAE         29
     PIIT         30         31

         PSI         

                RPAT        EOU       RPAI        RPA         TC         SC
            --------   --------   --------   --------   --------   --------
                  32         33         34          0         35         36

         PSI         

                  BI
            --------
                  37

         THETA-EPS   

                  t1         t2         t3         u1         u2         u3
            --------   --------   --------   --------   --------   --------
                  38         39         40         41         42         43

         THETA-EPS   

                img1       img2        nc1        nc2        sc1        sc2
            --------   --------   --------   --------   --------   --------
                  44         45         46         47         48         49

         THETA-EPS   

                 sc3        sc4        sc5        bi1        bi2        bi3
            --------   --------   --------   --------   --------   --------
                  50         51         52         53         54         55

         THETA-EPS   

                 bi4
            --------
                  56

         THETA-DELTA 

                  e1         e2        pi2        pi3        pi4
            --------   --------   --------   --------   --------
                  57         58         59         60         61
 


 Modelu RA-SC akceptacji technologii (wersja podstawowa -- czynnik 2go stopnia) 

 Number of Iterations = 53

 LISREL Estimates (Maximum Likelihood)                           

         LAMBDA-Y    

                RPAT        EOU       RPAI        RPA         TC         SC   
            --------   --------   --------   --------   --------   --------
       t1      1.000       - -        - -        - -        - -        - - 
 
       t2      0.764       - -        - -        - -        - -        - - 
             (0.066)
              11.584
 
       t3      0.946       - -        - -        - -        - -        - - 
             (0.065)
              14.581
 
       u1       - -       1.000       - -        - -        - -        - - 
 
       u2       - -       1.066       - -        - -        - -        - - 
                        (0.121)
                          8.831
 
       u3       - -       0.651       - -        - -        - -        - - 
                        (0.093)
                          6.995
 
     img1       - -        - -       1.000       - -        - -        - - 
 
     img2       - -        - -       0.557       - -        - -        - - 
                                   (0.368)
                                     1.514
 
      nc1       - -        - -        - -        - -       1.000       - - 
 
      nc2       - -        - -        - -        - -       1.015       - - 
                                                         (0.144)
                                                           7.055
 
      sc1       - -        - -        - -        - -        - -       1.000
 
      sc2       - -        - -        - -        - -        - -       1.016
                                                                    (0.058)
                                                                     17.479
 
      sc3       - -        - -        - -        - -        - -       0.975
                                                                    (0.060)
                                                                     16.252
 
      sc4       - -        - -        - -        - -        - -       0.894
                                                                    (0.063)
                                                                     14.093
 
      sc5       - -        - -        - -        - -        - -       1.017
                                                                    (0.058)
                                                                     17.530
 
      bi1       - -        - -        - -        - -        - -        - - 
 
      bi2       - -        - -        - -        - -        - -        - - 
 
      bi3       - -        - -        - -        - -        - -        - - 
 
      bi4       - -        - -        - -        - -        - -        - - 
 

         LAMBDA-Y    

                  BI   
            --------
       t1       - - 
 
       t2       - - 
 
       t3       - - 
 
       u1       - - 
 
       u2       - - 
 
       u3       - - 
 
     img1       - - 
 
     img2       - - 
 
      nc1       - - 
 
      nc2       - - 
 
      sc1       - - 
 
      sc2       - - 
 
      sc3       - - 
 
      sc4       - - 
 
      sc5       - - 
 
      bi1      1.000
 
      bi2      0.919
             (0.073)
              12.599
 
      bi3      0.996
             (0.071)
              14.051
 
      bi4      1.091
             (0.069)
              15.737
 

         LAMBDA-X    

                RPAE       PIIT   
            --------   --------
       e1      1.000       - - 
 
       e2      1.582       - - 
             (0.464)
               3.408
 
      pi2       - -       1.000
 
      pi3       - -       0.970
                        (0.058)
                         16.686
 
      pi4       - -       0.924
                        (0.059)
                         15.641
 

         BETA        

                RPAT        EOU       RPAI        RPA         TC         SC   
            --------   --------   --------   --------   --------   --------
     RPAT       - -        - -        - -       0.501       - -        - - 
                                              (0.091)
                                                5.515
 
      EOU       - -        - -        - -       0.412       - -        - - 
                                              (0.083)
                                                4.980
 
     RPAI       - -        - -        - -       0.187       - -        - - 
                                              (0.084)
                                                2.212
 
      RPA       - -        - -        - -        - -        - -      -0.120
                                                                    (0.151)
                                                                     -0.795
 
       TC       - -        - -        - -        - -        - -        - - 
 
       SC       - -        - -        - -        - -       0.297       - - 
                                                         (0.068)
                                                           4.352
 
       BI       - -        - -        - -       0.527       - -      -0.367
                                              (0.089)               (0.087)
                                                5.901                -4.225
 

         BETA        

                  BI   
            --------
     RPAT       - - 
 
      EOU       - - 
 
     RPAI       - - 
 
      RPA       - - 
 
       TC       - - 
 
       SC       - - 
 
       BI       - - 
 

         GAMMA       

                RPAE       PIIT   
            --------   --------
     RPAT       - -        - - 
 
      EOU       - -        - - 
 
     RPAI       - -        - - 
 
      RPA       - -       0.241
                        (0.151)
                          1.592
 
       TC       - -      -0.209
                        (0.073)
                         -2.856
 
       SC       - -      -0.450
                        (0.064)
                         -7.030
 
       BI      0.199     -0.091
             (0.063)    (0.088)
               3.164     -1.031
 

         Covariance Matrix of ETA and KSI        

                RPAT        EOU       RPAI        RPA         TC         SC   
            --------   --------   --------   --------   --------   --------
     RPAT      0.824
      EOU      0.207      0.621
     RPAI      0.094      0.077      1.046
      RPA      0.501      0.412      0.187      1.000
       TC     -0.038     -0.031     -0.014     -0.075      0.737
       SC     -0.094     -0.077     -0.035     -0.187      0.294      0.740
       BI      0.290      0.238      0.108      0.578     -0.135     -0.340
     RPAE      0.010      0.008      0.004      0.019     -0.014     -0.033
     PIIT      0.121      0.099      0.045      0.241     -0.167     -0.409

         Covariance Matrix of ETA and KSI        

                  BI       RPAE       PIIT   
            --------   --------   --------
       BI      0.680
     RPAE      0.112      0.480
     PIIT      0.217      0.064      0.798

         PHI         

                RPAE       PIIT   
            --------   --------
     RPAE      0.480
             (0.158)
               3.026
 
     PIIT      0.064      0.798
             (0.045)    (0.097)
               1.436      8.270
 

         PSI         
         Note: This matrix is diagonal.

                RPAT        EOU       RPAI        RPA         TC         SC   
            --------   --------   --------   --------   --------   --------
               0.573      0.451      1.012      0.920      0.702      0.469
             (0.097)    (0.090)    (0.691)               (0.127)    (0.062)
               5.894      5.026      1.464                 5.510      7.505
 

         PSI         
         Note: This matrix is diagonal.

                  BI   
            --------
               0.247
             (0.080)
               3.089
 

         Squared Multiple Correlations for Structural Equations  

                RPAT        EOU       RPAI        RPA         TC         SC   
            --------   --------   --------   --------   --------   --------
               0.305      0.274      0.033      0.080      0.047      0.367

         Squared Multiple Correlations for Structural Equations  

                  BI   
            --------
               0.636

         Squared Multiple Correlations for Reduced Form          

                RPAT        EOU       RPAI        RPA         TC         SC   
            --------   --------   --------   --------   --------   --------
               0.022      0.020      0.002      0.073      0.047      0.283

         Squared Multiple Correlations for Reduced Form          

                  BI   
            --------
               0.115

         Reduced Form                

                RPAE       PIIT   
            --------   --------
     RPAT       - -       0.151
                        (0.063)
                          2.411
 
      EOU       - -       0.124
                        (0.053)
                          2.339
 
     RPAI       - -       0.056
                        (0.033)
                          1.685
 
      RPA       - -       0.302
                        (0.129)
                          2.347
 
       TC       - -      -0.209
                        (0.073)
                         -2.856
 
       SC       - -      -0.512
                        (0.066)
                         -7.743
 
       BI      0.199      0.256
             (0.063)    (0.066)
               3.164      3.858
 

         THETA-EPS   

                  t1         t2         t3         u1         u2         u3   
            --------   --------   --------   --------   --------   --------
               0.176      0.519      0.262      0.379      0.295      0.737
             (0.045)    (0.055)    (0.045)    (0.070)    (0.074)    (0.075)
               3.949      9.407      5.878      5.407      4.001      9.781
 

         THETA-EPS   

                img1       img2        nc1        nc2        sc1        sc2   
            --------   --------   --------   --------   --------   --------
              -0.046      0.675      0.263      0.241      0.260      0.236
             (0.684)    (0.222)    (0.101)    (0.103)    (0.031)    (0.029)
              -0.068      3.047      2.608      2.340      8.418      8.112
 

         THETA-EPS   

                 sc3        sc4        sc5        bi1        bi2        bi3   
            --------   --------   --------   --------   --------   --------
               0.296      0.408      0.233      0.331      0.435      0.336
             (0.034)    (0.043)    (0.029)    (0.040)    (0.047)    (0.040)
               8.798      9.529      8.076      8.341      9.202      8.395
 

         THETA-EPS   

                 bi4   
            --------
               0.203
             (0.033)
               6.229
 

         Squared Multiple Correlations for Y - Variables         

                  t1         t2         t3         u1         u2         u3   
            --------   --------   --------   --------   --------   --------
               0.824      0.481      0.738      0.621      0.705      0.263

         Squared Multiple Correlations for Y - Variables         

                img1       img2        nc1        nc2        sc1        sc2   
            --------   --------   --------   --------   --------   --------
               1.046      0.325      0.737      0.759      0.740      0.764

         Squared Multiple Correlations for Y - Variables         

                 sc3        sc4        sc5        bi1        bi2        bi3   
            --------   --------   --------   --------   --------   --------
               0.704      0.592      0.767      0.673      0.569      0.668

         Squared Multiple Correlations for Y - Variables         

                 bi4   
            --------
               0.799

         THETA-DELTA 

                  e1         e2        pi2        pi3        pi4   
            --------   --------   --------   --------   --------
               0.520     -0.201      0.202      0.249      0.318
             (0.145)    (0.343)    (0.035)    (0.036)    (0.040)
               3.586     -0.585      5.780      6.851      8.047
 

         Squared Multiple Correlations for X - Variables         

                  e1         e2        pi2        pi3        pi4   
            --------   --------   --------   --------   --------
               0.480      1.201      0.798      0.751      0.682


                           Goodness of Fit Statistics

                             Degrees of Freedom = 239
              Minimum Fit Function Chi-Square = 379.553 (P = 0.000)
      Normal Theory Weighted Least Squares Chi-Square = 346.783 (P = 0.000)
                Estimated Non-centrality Parameter (NCP) = 107.783
           90 Percent Confidence Interval for NCP = (62.151 ; 161.419)
 
                        Minimum Fit Function Value = 1.672
                Population Discrepancy Function Value (F0) = 0.475
             90 Percent Confidence Interval for F0 = (0.274 ; 0.711)
             Root Mean Square Error of Approximation (RMSEA) = 0.0446
           90 Percent Confidence Interval for RMSEA = (0.0338 ; 0.0545)
               P-Value for Test of Close Fit (RMSEA < 0.05) = 0.807
 
                  Expected Cross-Validation Index (ECVI) = 2.065
            90 Percent Confidence Interval for ECVI = (1.864 ; 2.301)
                         ECVI for Saturated Model = 2.643
                       ECVI for Independence Model = 22.280
 
     Chi-Square for Independence Model with 276 Degrees of Freedom = 5009.574
                           Independence AIC = 5057.574
                               Model AIC = 468.783
                             Saturated AIC = 600.000
                           Independence CAIC = 5163.878
                               Model CAIC = 738.974
                            Saturated CAIC = 1928.804
 
                          Normed Fit Index (NFI) = 0.924
                       Non-Normed Fit Index (NNFI) = 0.966
                    Parsimony Normed Fit Index (PNFI) = 0.800
                       Comparative Fit Index (CFI) = 0.970
                       Incremental Fit Index (IFI) = 0.971
                         Relative Fit Index (RFI) = 0.913
 
                            Critical N (CN) = 176.105
 
 
                     Root Mean Square Residual (RMR) = 0.0584
                            Standardized RMR = 0.0584
                       Goodness of Fit Index (GFI) = 0.887
                  Adjusted Goodness of Fit Index (AGFI) = 0.858
                  Parsimony Goodness of Fit Index (PGFI) = 0.707

 Modelu RA-SC akceptacji technologii (wersja podstawowa -- czynnik 2go stopnia) 

         Fitted Covariance Matrix

                  t1         t2         t3         u1         u2         u3   
            --------   --------   --------   --------   --------   --------
       t1      1.000
       t2      0.630      1.000
       t3      0.780      0.596      1.000
       u1      0.207      0.158      0.195      1.000
       u2      0.220      0.168      0.208      0.662      1.000
       u3      0.134      0.103      0.127      0.404      0.431      1.000
     img1      0.094      0.071      0.089      0.077      0.082      0.050
     img2      0.052      0.040      0.049      0.043      0.046      0.028
      nc1     -0.038     -0.029     -0.036     -0.031     -0.033     -0.020
      nc2     -0.038     -0.029     -0.036     -0.032     -0.034     -0.021
      sc1     -0.094     -0.072     -0.089     -0.077     -0.082     -0.050
      sc2     -0.095     -0.073     -0.090     -0.078     -0.083     -0.051
      sc3     -0.091     -0.070     -0.086     -0.075     -0.080     -0.049
      sc4     -0.084     -0.064     -0.079     -0.069     -0.074     -0.045
      sc5     -0.095     -0.073     -0.090     -0.078     -0.084     -0.051
      bi1      0.290      0.221      0.274      0.238      0.254      0.155
      bi2      0.266      0.203      0.252      0.219      0.233      0.142
      bi3      0.289      0.221      0.273      0.237      0.253      0.154
      bi4      0.316      0.242      0.299      0.260      0.277      0.169
       e1      0.010      0.007      0.009      0.008      0.009      0.005
       e2      0.015      0.012      0.015      0.013      0.014      0.008
      pi2      0.121      0.092      0.114      0.099      0.106      0.065
      pi3      0.117      0.089      0.111      0.096      0.103      0.063
      pi4      0.112      0.085      0.106      0.092      0.098      0.060

         Fitted Covariance Matrix

                img1       img2        nc1        nc2        sc1        sc2   
            --------   --------   --------   --------   --------   --------
     img1      1.000
     img2      0.583      1.000
      nc1     -0.014     -0.008      1.000
      nc2     -0.014     -0.008      0.748      1.000
      sc1     -0.035     -0.019      0.294      0.298      1.000
      sc2     -0.035     -0.020      0.299      0.303      0.752      1.000
      sc3     -0.034     -0.019      0.287      0.291      0.722      0.733
      sc4     -0.031     -0.017      0.263      0.267      0.662      0.673
      sc5     -0.036     -0.020      0.299      0.304      0.753      0.765
      bi1      0.108      0.060     -0.135     -0.137     -0.340     -0.345
      bi2      0.099      0.055     -0.124     -0.126     -0.312     -0.317
      bi3      0.107      0.060     -0.135     -0.137     -0.339     -0.344
      bi4      0.118      0.066     -0.148     -0.150     -0.371     -0.377
       e1      0.004      0.002     -0.014     -0.014     -0.033     -0.034
       e2      0.006      0.003     -0.021     -0.022     -0.052     -0.053
      pi2      0.045      0.025     -0.167     -0.170     -0.409     -0.415
      pi3      0.044      0.024     -0.162     -0.164     -0.397     -0.403
      pi4      0.042      0.023     -0.154     -0.157     -0.378     -0.384

         Fitted Covariance Matrix

                 sc3        sc4        sc5        bi1        bi2        bi3   
            --------   --------   --------   --------   --------   --------
      sc3      1.000
      sc4      0.646      1.000
      sc5      0.734      0.674      1.000
      bi1     -0.331     -0.304     -0.346      1.010
      bi2     -0.304     -0.279     -0.318      0.624      1.009
      bi3     -0.330     -0.303     -0.344      0.677      0.622      1.010
      bi4     -0.361     -0.332     -0.377      0.741      0.681      0.739
       e1     -0.032     -0.030     -0.034      0.112      0.103      0.112
       e2     -0.051     -0.047     -0.053      0.177      0.163      0.177
      pi2     -0.399     -0.366     -0.416      0.217      0.200      0.217
      pi3     -0.387     -0.355     -0.404      0.211      0.194      0.210
      pi4     -0.369     -0.338     -0.385      0.201      0.185      0.200

         Fitted Covariance Matrix

                 bi4         e1         e2        pi2        pi3        pi4   
            --------   --------   --------   --------   --------   --------
      bi4      1.012
       e1      0.122      1.000
       e2      0.194      0.759      1.000
      pi2      0.237      0.064      0.102      1.000
      pi3      0.230      0.063      0.099      0.774      1.000
      pi4      0.219      0.060      0.094      0.738      0.716      1.000

         Fitted Residuals

                  t1         t2         t3         u1         u2         u3   
            --------   --------   --------   --------   --------   --------
       t1      0.000
       t2      0.000      0.000
       t3     -0.002      0.007      0.000
       u1      0.021      0.041     -0.020      0.000
       u2     -0.014     -0.006     -0.055      0.001      0.000
       u3      0.047      0.169      0.012     -0.006      0.000      0.000
     img1     -0.054     -0.027     -0.023      0.056      0.066      0.002
     img2     -0.060     -0.117     -0.072      0.034     -0.039      0.031
      nc1      0.008      0.019      0.066      0.130      0.023     -0.058
      nc2      0.107      0.062      0.049      0.174      0.100      0.052
      sc1      0.018      0.107     -0.022      0.053      0.005      0.079
      sc2      0.016      0.049     -0.055      0.110      0.032      0.105
      sc3     -0.070      0.014     -0.128      0.023     -0.017      0.067
      sc4      0.018      0.102      0.023      0.161      0.086     -0.009
      sc5     -0.026      0.087     -0.079      0.145     -0.036      0.106
      bi1     -0.026     -0.100      0.001     -0.028     -0.001     -0.030
      bi2     -0.025     -0.070      0.015     -0.044      0.034     -0.059
      bi3      0.000     -0.114      0.026     -0.021     -0.026      0.011
      bi4      0.070     -0.060      0.043     -0.003     -0.015      0.002
       e1      0.005     -0.127     -0.064     -0.063     -0.054     -0.025
       e2      0.041     -0.111     -0.038     -0.024     -0.047      0.015
      pi2      0.028     -0.095     -0.016     -0.098     -0.027     -0.059
      pi3      0.029     -0.047     -0.001     -0.102     -0.014     -0.021
      pi4      0.045      0.009      0.072     -0.043     -0.007      0.067

         Fitted Residuals

                img1       img2        nc1        nc2        sc1        sc2   
            --------   --------   --------   --------   --------   --------
     img1      0.000
     img2      0.000      0.000
      nc1     -0.162     -0.102      0.000
      nc2     -0.135     -0.033      0.000      0.000
      sc1     -0.140     -0.112     -0.041     -0.009      0.000
      sc2     -0.139     -0.079      0.009      0.025     -0.012      0.000
      sc3     -0.060     -0.014      0.023     -0.030     -0.018      0.028
      sc4     -0.115     -0.104      0.049      0.034      0.026      0.009
      sc5     -0.181     -0.085     -0.010     -0.028      0.012     -0.013
      bi1     -0.047      0.025      0.010     -0.012     -0.023      0.056
      bi2      0.067      0.060      0.030     -0.011      0.002      0.000
      bi3      0.013     -0.012      0.013      0.000      0.048      0.055
      bi4      0.009      0.085     -0.026     -0.068     -0.009      0.016
       e1      0.006      0.108     -0.026      0.014      0.117      0.058
       e2     -0.004      0.070     -0.042      0.026      0.074      0.054
      pi2      0.077      0.053     -0.007     -0.045     -0.045     -0.039
      pi3      0.085      0.096      0.019      0.019      0.020      0.046
      pi4      0.168      0.128      0.050     -0.015      0.009      0.001

         Fitted Residuals

                 sc3        sc4        sc5        bi1        bi2        bi3   
            --------   --------   --------   --------   --------   --------
      sc3      0.000
      sc4     -0.042      0.000
      sc5      0.017     -0.016      0.000
      bi1      0.045      0.031      0.000     -0.010
      bi2     -0.008     -0.048      0.002     -0.040     -0.009
      bi3      0.048     -0.002      0.064      0.031     -0.005     -0.010
      bi4      0.005     -0.033     -0.004     -0.017      0.005     -0.029
       e1      0.190      0.021      0.130     -0.025     -0.110     -0.072
       e2      0.144      0.023      0.144     -0.014     -0.086     -0.043
      pi2      0.000     -0.059     -0.033     -0.073     -0.067      0.013
      pi3      0.030     -0.007      0.021     -0.062     -0.046      0.005
      pi4      0.040      0.017      0.039      0.011     -0.032      0.069

         Fitted Residuals

                 bi4         e1         e2        pi2        pi3        pi4   
            --------   --------   --------   --------   --------   --------
      bi4     -0.012
       e1     -0.057      0.000
       e2     -0.044      0.000      0.000
      pi2      0.032      0.024     -0.001      0.000
      pi3      0.050      0.051      0.010     -0.001      0.000
      pi4      0.030     -0.065      0.019     -0.007      0.010      0.000

 Summary Statistics for Fitted Residuals

 Smallest Fitted Residual =   -0.181
   Median Fitted Residual =    0.000
  Largest Fitted Residual =    0.190

 Stemleaf Plot

 -18|1 
 -16|2 
 -14|0 
 -12|9587 
 -10|7542104220 
 - 8|8565 
 - 6|9932200875432000 
 - 4|999875544877765544332210 
 - 2|998633320098877666665554332110 
 - 0|87766554444322221000999987777665443221111000000000000000000000000000000 
   0|11122225555567899999000112233344556677889999 
   2|011133333455666889000111224449 
   4|011355678899900123345668 
   6|024667779002479 
   8|55676 
  10|025677807 
  12|800 
  14|445 
  16|1894 
  18|0

         Standardized Residuals  

                  t1         t2         t3         u1         u2         u3   
            --------   --------   --------   --------   --------   --------
       t1       - - 
       t2      0.031       - - 
       t3     -1.167      0.766       - - 
       u1      0.599      0.828     -0.502       - - 
       u2     -0.458     -0.129     -1.530      0.466       - - 
       u3      0.876      2.858      0.214     -0.331      0.028       - - 
     img1     -1.122     -0.474     -0.453      1.030      1.257      0.034
     img2     -1.203     -2.029     -1.382      0.608     -0.720      0.505
      nc1      0.131      0.295      1.048      2.027      0.363     -0.881
      nc2      1.705      0.970      0.772      2.717      1.571      0.803
      sc1      0.396      1.931     -0.452      1.003      0.090      1.305
      sc2      0.357      0.883     -1.148      2.100      0.633      1.723
      sc3     -1.473      0.247     -2.581      0.421     -0.319      1.091
      sc4      0.355      1.764      0.430      2.888      1.583     -0.151
      sc5     -0.571      1.589     -1.638      2.767     -0.705      1.743
      bi1     -0.700     -2.025      0.026     -0.683     -0.027     -0.535
      bi2     -0.605     -1.347      0.351     -0.958      0.776     -1.029
      bi3     -0.009     -2.320      0.639     -0.513     -0.665      0.191
      bi4      2.363     -1.316      1.263     -0.077     -0.474      0.038
       e1      0.076     -1.925     -0.977     -0.957     -0.818     -0.372
       e2      0.621     -1.684     -0.587     -0.363     -0.713      0.226
      pi2      0.654     -1.772     -0.342     -1.933     -0.557     -0.991
      pi3      0.659     -0.869     -0.031     -1.978     -0.284     -0.346
      pi4      0.951      0.169      1.465     -0.811     -0.133      1.103

         Standardized Residuals  

                img1       img2        nc1        nc2        sc1        sc2   
            --------   --------   --------   --------   --------   --------
     img1       - - 
     img2       - -        - - 
      nc1     -2.460     -1.551       - - 
      nc2     -2.052     -0.498       - -        - - 
      sc1     -2.254     -1.755     -1.466     -0.319       - - 
      sc2     -2.237     -1.243      0.346      0.950     -1.110       - - 
      sc3     -0.967     -0.215      0.746     -0.968     -1.344      2.285
      sc4     -1.822     -1.624      1.319      0.918      1.525      0.539
      sc5     -2.917     -1.331     -0.394     -1.065      1.104     -1.334
      bi1     -1.082      0.555      0.169     -0.214     -0.601      1.494
      bi2      1.390      1.220      0.513     -0.185      0.054      0.011
      bi3      0.297     -0.267      0.228     -0.003      1.251      1.461
      bi4      0.244      2.151     -0.468     -1.203     -0.273      0.492
       e1      0.085      1.626     -0.397      0.220      1.887      0.938
       e2     -0.055      1.050     -0.649      0.400      1.274      0.940
      pi2      1.265      0.850     -0.231     -1.596     -1.466     -1.329
      pi3      1.386      1.534      0.596      0.610      0.607      1.467
      pi4      2.724      2.027      1.361     -0.429      0.257      0.022

         Standardized Residuals  

                 sc3        sc4        sc5        bi1        bi2        bi3   
            --------   --------   --------   --------   --------   --------
      sc3       - - 
      sc4     -2.206       - - 
      sc5      1.383     -1.000       - - 
      bi1      1.118      0.697      0.010     -1.189
      bi2     -0.184     -1.016      0.055     -1.962     -1.189
      bi3      1.196     -0.046      1.689      1.845     -0.233     -1.189
      bi4      0.138     -0.819     -0.139     -1.374      0.332     -2.271
       e1      3.049      0.336      2.092     -0.571     -2.275     -1.621
       e2      2.469      0.391      2.498     -0.315     -1.819     -0.984
      pi2     -0.003     -1.583     -1.149     -1.970     -1.577      0.344
      pi3      0.882     -0.182      0.664     -1.573     -1.041      0.135
      pi4      1.082      0.402      1.139      0.272     -0.680      1.619

         Standardized Residuals  

                 bi4         e1         e2        pi2        pi3        pi4   
            --------   --------   --------   --------   --------   --------
      bi4     -1.189
       e1     -1.465       - - 
       e2     -1.158       - -        - - 
      pi2      1.074      0.490     -0.034       - - 
      pi3      1.534      1.011      0.359     -0.320       - - 
      pi4      0.827     -1.245      0.543     -1.489      1.586       - - 

 Summary Statistics for Standardized Residuals

 Smallest Standardized Residual =   -2.917
   Median Standardized Residual =    0.000
  Largest Standardized Residual =    3.049

 Stemleaf Plot

 - 2|965 
 - 2|333322100000 
 - 1|998888766666666555555 
 - 1|44333333222222222211111100000000000 
 - 0|99888777777766666665555555555 
 - 0|444443333333333222222221111100000000000000000000000000000000000000 
   0|111111112222222223333333344444444444 
   0|55555556666666667777788888899999999 
   1|000000011111112233333334444 
   1|555555566666677778899 
   2|0011234 
   2|5577899 
   3|0
 Largest Negative Standardized Residuals
 Residual for      sc3 and       t3  -2.581
 Residual for      sc5 and     img1  -2.917
 Largest Positive Standardized Residuals
 Residual for       u3 and       t2   2.858
 Residual for      nc2 and       u1   2.717
 Residual for      sc4 and       u1   2.888
 Residual for      sc5 and       u1   2.767
 Residual for       e1 and      sc3   3.049
 Residual for      pi4 and     img1   2.724

 Modelu RA-SC akceptacji technologii (wersja podstawowa -- czynnik 2go stopnia) 

                         Qplot of Standardized Residuals

  3.5..........................................................................
     .                                                                       ..
     .                                                                      . .
     .                                                                    .   .
     .                                                                  .     .
     .                                                                 .      .
     .                                                               .   x    .
     .                                                             .    x     .
     .                                                            .    x      .
     .                                                          .     *       .
     .                                                        .     x x       .
     .                                                       .   xxx          .
     .                                                     .   xx             .
     .                                                   .  **xx              .
     .                                                  . *x                  .
 N   .                                                .  x*                   .
 o   .                                              .  x*                     .
 r   .                                             .*x*                       .
 m   .                                           .x**                         .
 a   .                                         .xxx                           .
 l   .                                       *xx                              .
     .                                      xx                                .
 Q   .                                    **x                                 .
 u   .                                  *xx                                   .
 a   .                                *xx                                     .
 n   .                              *xx                                       .
 t   .                           x*xx                                         .
 i   .                         *x*.                                           .
 l   .                       x* .                                             .
 e   .                     **x .                                              .
 s   .                   x*  .                                                .
     .                 x** .                                                  .
     .               xx*  .                                                   .
     .              **  .                                                     .
     .            * x .                                                       .
     .            *  .                                                        .
     .           xx.                                                          .
     .          x.                                                            .
     .         x.                                                             .
     .     x  .                                                               .
     .      .                                                                 .
     .     .                                                                  .
     .   .                                                                    .
     . .                                                                      .
 -3.5..........................................................................
   -3.5                                                                      3.5
                             Standardized Residuals

 Modelu RA-SC akceptacji technologii (wersja podstawowa -- czynnik 2go stopnia) 

 Covariances

         Y - ETA 

                  t1         t2         t3         u1         u2         u3   
            --------   --------   --------   --------   --------   --------
     RPAT      0.824      0.630      0.780      0.207      0.220      0.134
      EOU      0.207      0.158      0.195      0.621      0.662      0.404
     RPAI      0.094      0.071      0.089      0.077      0.082      0.050
      RPA      0.501      0.383      0.474      0.412      0.439      0.268
       TC     -0.038     -0.029     -0.036     -0.031     -0.033     -0.020
       SC     -0.094     -0.072     -0.089     -0.077     -0.082     -0.050
       BI      0.290      0.221      0.274      0.238      0.254      0.155

         Y - ETA 

                img1       img2        nc1        nc2        sc1        sc2   
            --------   --------   --------   --------   --------   --------
     RPAT      0.094      0.052     -0.038     -0.038     -0.094     -0.095
      EOU      0.077      0.043     -0.031     -0.032     -0.077     -0.078
     RPAI      1.046      0.583     -0.014     -0.014     -0.035     -0.035
      RPA      0.187      0.104     -0.075     -0.077     -0.187     -0.190
       TC     -0.014     -0.008      0.737      0.748      0.294      0.299
       SC     -0.035     -0.019      0.294      0.298      0.740      0.752
       BI      0.108      0.060     -0.135     -0.137     -0.340     -0.345

         Y - ETA 

                 sc3        sc4        sc5        bi1        bi2        bi3   
            --------   --------   --------   --------   --------   --------
     RPAT     -0.091     -0.084     -0.095      0.290      0.266      0.289
      EOU     -0.075     -0.069     -0.078      0.238      0.219      0.237
     RPAI     -0.034     -0.031     -0.036      0.108      0.099      0.107
      RPA     -0.182     -0.167     -0.190      0.578      0.531      0.576
       TC      0.287      0.263      0.299     -0.135     -0.124     -0.135
       SC      0.722      0.662      0.753     -0.340     -0.312     -0.339
       BI     -0.331     -0.304     -0.346      0.680      0.624      0.677

         Y - ETA 

                 bi4   
            --------
     RPAT      0.316
      EOU      0.260
     RPAI      0.118
      RPA      0.631
       TC     -0.148
       SC     -0.371
       BI      0.741

         Y - KSI 

                  t1         t2         t3         u1         u2         u3   
            --------   --------   --------   --------   --------   --------
     RPAE      0.010      0.007      0.009      0.008      0.009      0.005
     PIIT      0.121      0.092      0.114      0.099      0.106      0.065

         Y - KSI 

                img1       img2        nc1        nc2        sc1        sc2   
            --------   --------   --------   --------   --------   --------
     RPAE      0.004      0.002     -0.014     -0.014     -0.033     -0.034
     PIIT      0.045      0.025     -0.167     -0.170     -0.409     -0.415

         Y - KSI 

                 sc3        sc4        sc5        bi1        bi2        bi3   
            --------   --------   --------   --------   --------   --------
     RPAE     -0.032     -0.030     -0.034      0.112      0.103      0.112
     PIIT     -0.399     -0.366     -0.416      0.217      0.200      0.217

         Y - KSI 

                 bi4   
            --------
     RPAE      0.122
     PIIT      0.237

         X - ETA 

                  e1         e2        pi2        pi3        pi4   
            --------   --------   --------   --------   --------
     RPAT      0.010      0.015      0.121      0.117      0.112
      EOU      0.008      0.013      0.099      0.096      0.092
     RPAI      0.004      0.006      0.045      0.044      0.042
      RPA      0.019      0.031      0.241      0.234      0.223
       TC     -0.014     -0.021     -0.167     -0.162     -0.154
       SC     -0.033     -0.052     -0.409     -0.397     -0.378
       BI      0.112      0.177      0.217      0.211      0.201

         X - KSI 

                  e1         e2        pi2        pi3        pi4   
            --------   --------   --------   --------   --------
     RPAE      0.480      0.759      0.064      0.063      0.060
     PIIT      0.064      0.102      0.798      0.774      0.738

 Modelu RA-SC akceptacji technologii (wersja podstawowa -- czynnik 2go stopnia) 

 Standardized Solution           

         LAMBDA-Y    

                RPAT        EOU       RPAI        RPA         TC         SC   
            --------   --------   --------   --------   --------   --------
       t1      0.908       - -        - -        - -        - -        - - 
       t2      0.694       - -        - -        - -        - -        - - 
       t3      0.859       - -        - -        - -        - -        - - 
       u1       - -       0.788       - -        - -        - -        - - 
       u2       - -       0.840       - -        - -        - -        - - 
       u3       - -       0.513       - -        - -        - -        - - 
     img1       - -        - -       1.023       - -        - -        - - 
     img2       - -        - -       0.570       - -        - -        - - 
      nc1       - -        - -        - -        - -       0.858       - - 
      nc2       - -        - -        - -        - -       0.871       - - 
      sc1       - -        - -        - -        - -        - -       0.861
      sc2       - -        - -        - -        - -        - -       0.874
      sc3       - -        - -        - -        - -        - -       0.839
      sc4       - -        - -        - -        - -        - -       0.770
      sc5       - -        - -        - -        - -        - -       0.876
      bi1       - -        - -        - -        - -        - -        - - 
      bi2       - -        - -        - -        - -        - -        - - 
      bi3       - -        - -        - -        - -        - -        - - 
      bi4       - -        - -        - -        - -        - -        - - 

         LAMBDA-Y    

                  BI   
            --------
       t1       - - 
       t2       - - 
       t3       - - 
       u1       - - 
       u2       - - 
       u3       - - 
     img1       - - 
     img2       - - 
      nc1       - - 
      nc2       - - 
      sc1       - - 
      sc2       - - 
      sc3       - - 
      sc4       - - 
      sc5       - - 
      bi1      0.824
      bi2      0.757
      bi3      0.821
      bi4      0.899

         LAMBDA-X    

                RPAE       PIIT   
            --------   --------
       e1      0.692       - - 
       e2      1.096       - - 
      pi2       - -       0.893
      pi3       - -       0.866
      pi4       - -       0.826

         BETA        

                RPAT        EOU       RPAI        RPA         TC         SC   
            --------   --------   --------   --------   --------   --------
     RPAT       - -        - -        - -       0.552       - -        - - 
      EOU       - -        - -        - -       0.523       - -        - - 
     RPAI       - -        - -        - -       0.182       - -        - - 
      RPA       - -        - -        - -        - -        - -      -0.103
       TC       - -        - -        - -        - -        - -        - - 
       SC       - -        - -        - -        - -       0.296       - - 
       BI       - -        - -        - -       0.640       - -      -0.383

         BETA        

                  BI   
            --------
     RPAT       - - 
      EOU       - - 
     RPAI       - - 
      RPA       - - 
       TC       - - 
       SC       - - 
       BI       - - 

         GAMMA       

                RPAE       PIIT   
            --------   --------
     RPAT       - -        - - 
      EOU       - -        - - 
     RPAI       - -        - - 
      RPA       - -       0.215
       TC       - -      -0.218
       SC       - -      -0.467
       BI      0.167     -0.099

         Correlation Matrix of ETA and KSI       

                RPAT        EOU       RPAI        RPA         TC         SC   
            --------   --------   --------   --------   --------   --------
     RPAT      1.000
      EOU      0.289      1.000
     RPAI      0.101      0.095      1.000
      RPA      0.552      0.523      0.182      1.000
       TC     -0.049     -0.046     -0.016     -0.088      1.000
       SC     -0.120     -0.114     -0.040     -0.217      0.398      1.000
       BI      0.387      0.367      0.128      0.701     -0.191     -0.479
     RPAE      0.016      0.015      0.005      0.028     -0.023     -0.055
     PIIT      0.149      0.141      0.049      0.270     -0.218     -0.532

         Correlation Matrix of ETA and KSI       

                  BI       RPAE       PIIT   
            --------   --------   --------
       BI      1.000
     RPAE      0.196      1.000
     PIIT      0.295      0.104      1.000

         PSI         
         Note: This matrix is diagonal.

                RPAT        EOU       RPAI        RPA         TC         SC   
            --------   --------   --------   --------   --------   --------
               0.695      0.726      0.967      0.920      0.953      0.633

         PSI         
         Note: This matrix is diagonal.

                  BI   
            --------
               0.364

         Regression Matrix ETA on KSI (Standardized) 

                RPAE       PIIT   
            --------   --------
     RPAT       - -       0.149
      EOU       - -       0.141
     RPAI       - -       0.049
      RPA       - -       0.270
       TC       - -      -0.218
       SC       - -      -0.532
       BI      0.167      0.278

 Modelu RA-SC akceptacji technologii (wersja podstawowa -- czynnik 2go stopnia) 

 Completely Standardized Solution

         LAMBDA-Y    

                RPAT        EOU       RPAI        RPA         TC         SC   
            --------   --------   --------   --------   --------   --------
       t1      0.908       - -        - -        - -        - -        - - 
       t2      0.694       - -        - -        - -        - -        - - 
       t3      0.859       - -        - -        - -        - -        - - 
       u1       - -       0.788       - -        - -        - -        - - 
       u2       - -       0.840       - -        - -        - -        - - 
       u3       - -       0.513       - -        - -        - -        - - 
     img1       - -        - -       1.023       - -        - -        - - 
     img2       - -        - -       0.570       - -        - -        - - 
      nc1       - -        - -        - -        - -       0.858       - - 
      nc2       - -        - -        - -        - -       0.871       - - 
      sc1       - -        - -        - -        - -        - -       0.861
      sc2       - -        - -        - -        - -        - -       0.874
      sc3       - -        - -        - -        - -        - -       0.839
      sc4       - -        - -        - -        - -        - -       0.770
      sc5       - -        - -        - -        - -        - -       0.876
      bi1       - -        - -        - -        - -        - -        - - 
      bi2       - -        - -        - -        - -        - -        - - 
      bi3       - -        - -        - -        - -        - -        - - 
      bi4       - -        - -        - -        - -        - -        - - 

         LAMBDA-Y    

                  BI   
            --------
       t1       - - 
       t2       - - 
       t3       - - 
       u1       - - 
       u2       - - 
       u3       - - 
     img1       - - 
     img2       - - 
      nc1       - - 
      nc2       - - 
      sc1       - - 
      sc2       - - 
      sc3       - - 
      sc4       - - 
      sc5       - - 
      bi1      0.820
      bi2      0.754
      bi3      0.817
      bi4      0.894

         LAMBDA-X    

                RPAE       PIIT   
            --------   --------
       e1      0.692       - - 
       e2      1.096       - - 
      pi2       - -       0.893
      pi3       - -       0.866
      pi4       - -       0.826

         BETA        

                RPAT        EOU       RPAI        RPA         TC         SC   
            --------   --------   --------   --------   --------   --------
     RPAT       - -        - -        - -       0.552       - -        - - 
      EOU       - -        - -        - -       0.523       - -        - - 
     RPAI       - -        - -        - -       0.182       - -        - - 
      RPA       - -        - -        - -        - -        - -      -0.103
       TC       - -        - -        - -        - -        - -        - - 
       SC       - -        - -        - -        - -       0.296       - - 
       BI       - -        - -        - -       0.640       - -      -0.383

         BETA        

                  BI   
            --------
     RPAT       - - 
      EOU       - - 
     RPAI       - - 
      RPA       - - 
       TC       - - 
       SC       - - 
       BI       - - 

         GAMMA       

                RPAE       PIIT   
            --------   --------
     RPAT       - -        - - 
      EOU       - -        - - 
     RPAI       - -        - - 
      RPA       - -       0.215
       TC       - -      -0.218
       SC       - -      -0.467
       BI      0.167     -0.099

         Correlation Matrix of ETA and KSI       

                RPAT        EOU       RPAI        RPA         TC         SC   
            --------   --------   --------   --------   --------   --------
     RPAT      1.000
      EOU      0.289      1.000
     RPAI      0.101      0.095      1.000
      RPA      0.552      0.523      0.182      1.000
       TC     -0.049     -0.046     -0.016     -0.088      1.000
       SC     -0.120     -0.114     -0.040     -0.217      0.398      1.000
       BI      0.387      0.367      0.128      0.701     -0.191     -0.479
     RPAE      0.016      0.015      0.005      0.028     -0.023     -0.055
     PIIT      0.149      0.141      0.049      0.270     -0.218     -0.532

         Correlation Matrix of ETA and KSI       

                  BI       RPAE       PIIT   
            --------   --------   --------
       BI      1.000
     RPAE      0.196      1.000
     PIIT      0.295      0.104      1.000

         PSI         
         Note: This matrix is diagonal.

                RPAT        EOU       RPAI        RPA         TC         SC   
            --------   --------   --------   --------   --------   --------
               0.695      0.726      0.967      0.920      0.953      0.633

         PSI         
         Note: This matrix is diagonal.

                  BI   
            --------
               0.364

         THETA-EPS   

                  t1         t2         t3         u1         u2         u3   
            --------   --------   --------   --------   --------   --------
               0.176      0.519      0.262      0.379      0.295      0.737

         THETA-EPS   

                img1       img2        nc1        nc2        sc1        sc2   
            --------   --------   --------   --------   --------   --------
              -0.046      0.675      0.263      0.241      0.260      0.236

         THETA-EPS   

                 sc3        sc4        sc5        bi1        bi2        bi3   
            --------   --------   --------   --------   --------   --------
               0.296      0.408      0.233      0.327      0.431      0.332

         THETA-EPS   

                 bi4   
            --------
               0.201

         THETA-DELTA 

                  e1         e2        pi2        pi3        pi4   
            --------   --------   --------   --------   --------
               0.520     -0.201      0.202      0.249      0.318

         Regression Matrix ETA on KSI (Standardized) 

                RPAE       PIIT   
            --------   --------
     RPAT       - -       0.149
      EOU       - -       0.141
     RPAI       - -       0.049
      RPA       - -       0.270
       TC       - -      -0.218
       SC       - -      -0.532
       BI      0.167      0.278

 Modelu RA-SC akceptacji technologii (wersja podstawowa -- czynnik 2go stopnia) 

 Total and Indirect Effects

         Total Effects of KSI on ETA 

                RPAE       PIIT   
            --------   --------
     RPAT       - -       0.151
                        (0.063)
                          2.411
 
      EOU       - -       0.124
                        (0.053)
                          2.339
 
     RPAI       - -       0.056
                        (0.033)
                          1.685
 
      RPA       - -       0.302
                        (0.129)
                          2.347
 
       TC       - -      -0.209
                        (0.073)
                         -2.856
 
       SC       - -      -0.512
                        (0.066)
                         -7.743
 
       BI      0.199      0.256
             (0.063)    (0.066)
               3.164      3.858
 

         Indirect Effects of KSI on ETA  

                RPAE       PIIT   
            --------   --------
     RPAT       - -       0.151
                        (0.063)
                          2.411
 
      EOU       - -       0.124
                        (0.053)
                          2.339
 
     RPAI       - -       0.056
                        (0.033)
                          1.685
 
      RPA       - -       0.061
                        (0.078)
                          0.792
 
       TC       - -        - - 
 
       SC       - -      -0.062
                        (0.025)
                         -2.523
 
       BI       - -       0.347
                        (0.091)
                          3.829
 

         Total Effects of ETA on ETA 

                RPAT        EOU       RPAI        RPA         TC         SC   
            --------   --------   --------   --------   --------   --------
     RPAT       - -        - -        - -       0.501     -0.018     -0.060
                                              (0.091)    (0.023)    (0.075)
                                                5.515     -0.783     -0.796
 
      EOU       - -        - -        - -       0.412     -0.015     -0.049
                                              (0.083)    (0.019)    (0.062)
                                                4.980     -0.781     -0.793
 
     RPAI       - -        - -        - -       0.187     -0.007     -0.022
                                              (0.084)    (0.009)    (0.030)
                                                2.212     -0.743     -0.754
 
      RPA       - -        - -        - -        - -      -0.036     -0.120
                                                         (0.046)    (0.151)
                                                          -0.782     -0.795
 
       TC       - -        - -        - -        - -        - -        - - 
 
       SC       - -        - -        - -        - -       0.297       - - 
                                                         (0.068)
                                                           4.352
 
       BI       - -        - -        - -       0.527     -0.128     -0.430
                                              (0.089)    (0.037)    (0.079)
                                                5.901     -3.482     -5.476
 

         Total Effects of ETA on ETA 

                  BI   
            --------
     RPAT       - - 
 
      EOU       - - 
 
     RPAI       - - 
 
      RPA       - - 
 
       TC       - - 
 
       SC       - - 
 
       BI       - - 
 

    Largest Eigenvalue of B*B' (Stability Index) is   0.792

         Indirect Effects of ETA on ETA  

                RPAT        EOU       RPAI        RPA         TC         SC   
            --------   --------   --------   --------   --------   --------
     RPAT       - -        - -        - -        - -      -0.018     -0.060
                                                         (0.023)    (0.075)
                                                          -0.783     -0.796
 
      EOU       - -        - -        - -        - -      -0.015     -0.049
                                                         (0.019)    (0.062)
                                                          -0.781     -0.793
 
     RPAI       - -        - -        - -        - -      -0.007     -0.022
                                                         (0.009)    (0.030)
                                                          -0.743     -0.754
 
      RPA       - -        - -        - -        - -      -0.036       - - 
                                                         (0.046)
                                                          -0.782
 
       TC       - -        - -        - -        - -        - -        - - 
 
       SC       - -        - -        - -        - -        - -        - - 
 
       BI       - -        - -        - -        - -      -0.128     -0.063
                                                         (0.037)    (0.080)
                                                          -3.482     -0.787
 

         Indirect Effects of ETA on ETA  

                  BI   
            --------
     RPAT       - - 
 
      EOU       - - 
 
     RPAI       - - 
 
      RPA       - - 
 
       TC       - - 
 
       SC       - - 
 
       BI       - - 
 

         Total Effects of ETA on Y   

                RPAT        EOU       RPAI        RPA         TC         SC   
            --------   --------   --------   --------   --------   --------
       t1      1.000       - -        - -       0.501     -0.018     -0.060
                                              (0.091)    (0.023)    (0.075)
                                                5.515     -0.783     -0.796
 
       t2      0.764       - -        - -       0.383     -0.014     -0.046
             (0.066)                          (0.074)    (0.017)    (0.058)
              11.584                            5.188     -0.782     -0.795
 
       t3      0.946       - -        - -       0.474     -0.017     -0.057
             (0.065)                          (0.087)    (0.022)    (0.071)
              14.581                            5.428     -0.783     -0.796
 
       u1       - -       1.000       - -       0.412     -0.015     -0.049
                                              (0.083)    (0.019)    (0.062)
                                                4.980     -0.781     -0.793
 
       u2       - -       1.066       - -       0.439     -0.016     -0.053
                        (0.121)               (0.086)    (0.020)    (0.066)
                          8.831                 5.119     -0.781     -0.794
 
       u3       - -       0.651       - -       0.268     -0.010     -0.032
                        (0.093)               (0.060)    (0.012)    (0.041)
                          6.995                 4.439     -0.778     -0.791
 
     img1       - -        - -       1.000      0.187     -0.007     -0.022
                                              (0.084)    (0.009)    (0.030)
                                                2.212     -0.743     -0.754
 
     img2       - -        - -       0.557      0.104     -0.004     -0.012
                                   (0.368)    (0.084)    (0.006)    (0.019)
                                     1.514      1.231     -0.664     -0.672
 
      nc1       - -        - -        - -        - -       1.000       - - 
 
      nc2       - -        - -        - -        - -       1.015       - - 
                                                         (0.144)
                                                           7.055
 
      sc1       - -        - -        - -        - -       0.297      1.000
                                                         (0.068)
                                                           4.352
 
      sc2       - -        - -        - -        - -       0.302      1.016
                                                         (0.069)    (0.058)
                                                           4.360     17.479
 
      sc3       - -        - -        - -        - -       0.290      0.975
                                                         (0.067)    (0.060)
                                                           4.338     16.252
 
      sc4       - -        - -        - -        - -       0.266      0.894
                                                         (0.062)    (0.063)
                                                           4.288     14.093
 
      sc5       - -        - -        - -        - -       0.302      1.017
                                                         (0.069)    (0.058)
                                                           4.361     17.530
 
      bi1       - -        - -        - -       0.527     -0.128     -0.430
                                              (0.089)    (0.037)    (0.079)
                                                5.901     -3.482     -5.476
 
      bi2       - -        - -        - -       0.485     -0.117     -0.395
                                              (0.084)    (0.034)    (0.074)
                                                5.771     -3.455     -5.372
 
      bi3       - -        - -        - -       0.525     -0.127     -0.429
                                              (0.089)    (0.037)    (0.078)
                                                5.896     -3.481     -5.472
 
      bi4       - -        - -        - -       0.575     -0.139     -0.469
                                              (0.095)    (0.040)    (0.084)
                                                6.026     -3.507     -5.576
 

         Total Effects of ETA on Y   

                  BI   
            --------
       t1       - - 
 
       t2       - - 
 
       t3       - - 
 
       u1       - - 
 
       u2       - - 
 
       u3       - - 
 
     img1       - - 
 
     img2       - - 
 
      nc1       - - 
 
      nc2       - - 
 
      sc1       - - 
 
      sc2       - - 
 
      sc3       - - 
 
      sc4       - - 
 
      sc5       - - 
 
      bi1      1.000
 
      bi2      0.919
             (0.073)
              12.599
 
      bi3      0.996
             (0.071)
              14.051
 
      bi4      1.091
             (0.069)
              15.737
 

         Indirect Effects of ETA on Y    

                RPAT        EOU       RPAI        RPA         TC         SC   
            --------   --------   --------   --------   --------   --------
       t1       - -        - -        - -       0.501     -0.018     -0.060
                                              (0.091)    (0.023)    (0.075)
                                                5.515     -0.783     -0.796
 
       t2       - -        - -        - -       0.383     -0.014     -0.046
                                              (0.074)    (0.017)    (0.058)
                                                5.188     -0.782     -0.795
 
       t3       - -        - -        - -       0.474     -0.017     -0.057
                                              (0.087)    (0.022)    (0.071)
                                                5.428     -0.783     -0.796
 
       u1       - -        - -        - -       0.412     -0.015     -0.049
                                              (0.083)    (0.019)    (0.062)
                                                4.980     -0.781     -0.793
 
       u2       - -        - -        - -       0.439     -0.016     -0.053
                                              (0.086)    (0.020)    (0.066)
                                                5.119     -0.781     -0.794
 
       u3       - -        - -        - -       0.268     -0.010     -0.032
                                              (0.060)    (0.012)    (0.041)
                                                4.439     -0.778     -0.791
 
     img1       - -        - -        - -       0.187     -0.007     -0.022
                                              (0.084)    (0.009)    (0.030)
                                                2.212     -0.743     -0.754
 
     img2       - -        - -        - -       0.104     -0.004     -0.012
                                              (0.084)    (0.006)    (0.019)
                                                1.231     -0.664     -0.672
 
      nc1       - -        - -        - -        - -        - -        - - 
 
      nc2       - -        - -        - -        - -        - -        - - 
 
      sc1       - -        - -        - -        - -       0.297       - - 
                                                         (0.068)
                                                           4.352
 
      sc2       - -        - -        - -        - -       0.302       - - 
                                                         (0.069)
                                                           4.360
 
      sc3       - -        - -        - -        - -       0.290       - - 
                                                         (0.067)
                                                           4.338
 
      sc4       - -        - -        - -        - -       0.266       - - 
                                                         (0.062)
                                                           4.288
 
      sc5       - -        - -        - -        - -       0.302       - - 
                                                         (0.069)
                                                           4.361
 
      bi1       - -        - -        - -       0.527     -0.128     -0.430
                                              (0.089)    (0.037)    (0.079)
                                                5.901     -3.482     -5.476
 
      bi2       - -        - -        - -       0.485     -0.117     -0.395
                                              (0.084)    (0.034)    (0.074)
                                                5.771     -3.455     -5.372
 
      bi3       - -        - -        - -       0.525     -0.127     -0.429
                                              (0.089)    (0.037)    (0.078)
                                                5.896     -3.481     -5.472
 
      bi4       - -        - -        - -       0.575     -0.139     -0.469
                                              (0.095)    (0.040)    (0.084)
                                                6.026     -3.507     -5.576
 

         Indirect Effects of ETA on Y    

                  BI   
            --------
       t1       - - 
 
       t2       - - 
 
       t3       - - 
 
       u1       - - 
 
       u2       - - 
 
       u3       - - 
 
     img1       - - 
 
     img2       - - 
 
      nc1       - - 
 
      nc2       - - 
 
      sc1       - - 
 
      sc2       - - 
 
      sc3       - - 
 
      sc4       - - 
 
      sc5       - - 
 
      bi1       - - 
 
      bi2       - - 
 
      bi3       - - 
 
      bi4       - - 
 

         Total Effects of KSI on Y   

                RPAE       PIIT   
            --------   --------
       t1       - -       0.151
                        (0.063)
                          2.411
 
       t2       - -       0.116
                        (0.049)
                          2.382
 
       t3       - -       0.143
                        (0.060)
                          2.404
 
       u1       - -       0.124
                        (0.053)
                          2.339
 
       u2       - -       0.133
                        (0.056)
                          2.353
 
       u3       - -       0.081
                        (0.036)
                          2.275
 
     img1       - -       0.056
                        (0.033)
                          1.685
 
     img2       - -       0.031
                        (0.028)
                          1.113
 
      nc1       - -      -0.209
                        (0.073)
                         -2.856
 
      nc2       - -      -0.212
                        (0.074)
                         -2.869
 
      sc1       - -      -0.512
                        (0.066)
                         -7.743
 
      sc2       - -      -0.520
                        (0.067)
                         -7.789
 
      sc3       - -      -0.500
                        (0.065)
                         -7.667
 
      sc4       - -      -0.458
                        (0.062)
                         -7.398
 
      sc5       - -      -0.521
                        (0.067)
                         -7.794
 
      bi1      0.199      0.256
             (0.063)    (0.066)
               3.164      3.858
 
      bi2      0.183      0.236
             (0.058)    (0.062)
               3.144      3.821
 
      bi3      0.199      0.255
             (0.063)    (0.066)
               3.164      3.856
 
      bi4      0.217      0.280
             (0.068)    (0.072)
               3.183      3.892
 

 Modelu RA-SC akceptacji technologii (wersja podstawowa -- czynnik 2go stopnia) 

 Standardized Total and Indirect Effects

         Standardized Total Effects of KSI on ETA

                RPAE       PIIT   
            --------   --------
     RPAT       - -       0.149
      EOU       - -       0.141
     RPAI       - -       0.049
      RPA       - -       0.270
       TC       - -      -0.218
       SC       - -      -0.532
       BI      0.167      0.278

         Standardized Indirect Effects of KSI on ETA 

                RPAE       PIIT   
            --------   --------
     RPAT       - -       0.149
      EOU       - -       0.141
     RPAI       - -       0.049
      RPA       - -       0.055
       TC       - -        - - 
       SC       - -      -0.065
       BI       - -       0.376

         Standardized Total Effects of ETA on ETA

                RPAT        EOU       RPAI        RPA         TC         SC   
            --------   --------   --------   --------   --------   --------
     RPAT       - -        - -        - -       0.552     -0.017     -0.057
      EOU       - -        - -        - -       0.523     -0.016     -0.054
     RPAI       - -        - -        - -       0.182     -0.006     -0.019
      RPA       - -        - -        - -        - -      -0.031     -0.103
       TC       - -        - -        - -        - -        - -        - - 
       SC       - -        - -        - -        - -       0.296       - - 
       BI       - -        - -        - -       0.640     -0.133     -0.449

         Standardized Total Effects of ETA on ETA

                  BI   
            --------
     RPAT       - - 
      EOU       - - 
     RPAI       - - 
      RPA       - - 
       TC       - - 
       SC       - - 
       BI       - - 

         Standardized Indirect Effects of ETA on ETA 

                RPAT        EOU       RPAI        RPA         TC         SC   
            --------   --------   --------   --------   --------   --------
     RPAT       - -        - -        - -        - -      -0.017     -0.057
      EOU       - -        - -        - -        - -      -0.016     -0.054
     RPAI       - -        - -        - -        - -      -0.006     -0.019
      RPA       - -        - -        - -        - -      -0.031       - - 
       TC       - -        - -        - -        - -        - -        - - 
       SC       - -        - -        - -        - -        - -        - - 
       BI       - -        - -        - -        - -      -0.133     -0.066

         Standardized Indirect Effects of ETA on ETA 

                  BI   
            --------
     RPAT       - - 
      EOU       - - 
     RPAI       - - 
      RPA       - - 
       TC       - - 
       SC       - - 
       BI       - - 

         Standardized Total Effects of ETA on Y  

                RPAT        EOU       RPAI        RPA         TC         SC   
            --------   --------   --------   --------   --------   --------
       t1      0.908       - -        - -       0.501     -0.015     -0.052
       t2      0.694       - -        - -       0.383     -0.012     -0.039
       t3      0.859       - -        - -       0.474     -0.014     -0.049
       u1       - -       0.788       - -       0.412     -0.013     -0.043
       u2       - -       0.840       - -       0.439     -0.013     -0.045
       u3       - -       0.513       - -       0.268     -0.008     -0.028
     img1       - -        - -       1.023      0.187     -0.006     -0.019
     img2       - -        - -       0.570      0.104     -0.003     -0.011
      nc1       - -        - -        - -        - -       0.858       - - 
      nc2       - -        - -        - -        - -       0.871       - - 
      sc1       - -        - -        - -        - -       0.255      0.861
      sc2       - -        - -        - -        - -       0.259      0.874
      sc3       - -        - -        - -        - -       0.249      0.839
      sc4       - -        - -        - -        - -       0.228      0.770
      sc5       - -        - -        - -        - -       0.259      0.876
      bi1       - -        - -        - -       0.527     -0.110     -0.370
      bi2       - -        - -        - -       0.485     -0.101     -0.340
      bi3       - -        - -        - -       0.525     -0.109     -0.369
      bi4       - -        - -        - -       0.575     -0.120     -0.404

         Standardized Total Effects of ETA on Y  

                  BI   
            --------
       t1       - - 
       t2       - - 
       t3       - - 
       u1       - - 
       u2       - - 
       u3       - - 
     img1       - - 
     img2       - - 
      nc1       - - 
      nc2       - - 
      sc1       - - 
      sc2       - - 
      sc3       - - 
      sc4       - - 
      sc5       - - 
      bi1      0.824
      bi2      0.757
      bi3      0.821
      bi4      0.899

         Completely Standardized Total Effects of ETA on Y   

                RPAT        EOU       RPAI        RPA         TC         SC   
            --------   --------   --------   --------   --------   --------
       t1      0.908       - -        - -       0.501     -0.015     -0.052
       t2      0.694       - -        - -       0.383     -0.012     -0.039
       t3      0.859       - -        - -       0.474     -0.014     -0.049
       u1       - -       0.788       - -       0.412     -0.013     -0.043
       u2       - -       0.840       - -       0.439     -0.013     -0.045
       u3       - -       0.513       - -       0.268     -0.008     -0.028
     img1       - -        - -       1.023      0.187     -0.006     -0.019
     img2       - -        - -       0.570      0.104     -0.003     -0.011
      nc1       - -        - -        - -        - -       0.858       - - 
      nc2       - -        - -        - -        - -       0.871       - - 
      sc1       - -        - -        - -        - -       0.255      0.861
      sc2       - -        - -        - -        - -       0.259      0.874
      sc3       - -        - -        - -        - -       0.249      0.839
      sc4       - -        - -        - -        - -       0.228      0.770
      sc5       - -        - -        - -        - -       0.259      0.876
      bi1       - -        - -        - -       0.525     -0.109     -0.368
      bi2       - -        - -        - -       0.482     -0.100     -0.339
      bi3       - -        - -        - -       0.523     -0.109     -0.367
      bi4       - -        - -        - -       0.572     -0.119     -0.401

         Completely Standardized Total Effects of ETA on Y   

                  BI   
            --------
       t1       - - 
       t2       - - 
       t3       - - 
       u1       - - 
       u2       - - 
       u3       - - 
     img1       - - 
     img2       - - 
      nc1       - - 
      nc2       - - 
      sc1       - - 
      sc2       - - 
      sc3       - - 
      sc4       - - 
      sc5       - - 
      bi1      0.820
      bi2      0.754
      bi3      0.817
      bi4      0.894

         Standardized Indirect Effects of ETA on Y   

                RPAT        EOU       RPAI        RPA         TC         SC   
            --------   --------   --------   --------   --------   --------
       t1       - -        - -        - -       0.501     -0.015     -0.052
       t2       - -        - -        - -       0.383     -0.012     -0.039
       t3       - -        - -        - -       0.474     -0.014     -0.049
       u1       - -        - -        - -       0.412     -0.013     -0.043
       u2       - -        - -        - -       0.439     -0.013     -0.045
       u3       - -        - -        - -       0.268     -0.008     -0.028
     img1       - -        - -        - -       0.187     -0.006     -0.019
     img2       - -        - -        - -       0.104     -0.003     -0.011
      nc1       - -        - -        - -        - -        - -        - - 
      nc2       - -        - -        - -        - -        - -        - - 
      sc1       - -        - -        - -        - -       0.255       - - 
      sc2       - -        - -        - -        - -       0.259       - - 
      sc3       - -        - -        - -        - -       0.249       - - 
      sc4       - -        - -        - -        - -       0.228       - - 
      sc5       - -        - -        - -        - -       0.259       - - 
      bi1       - -        - -        - -       0.527     -0.110     -0.370
      bi2       - -        - -        - -       0.485     -0.101     -0.340
      bi3       - -        - -        - -       0.525     -0.109     -0.369
      bi4       - -        - -        - -       0.575     -0.120     -0.404

         Standardized Indirect Effects of ETA on Y   

                  BI   
            --------
       t1       - - 
       t2       - - 
       t3       - - 
       u1       - - 
       u2       - - 
       u3       - - 
     img1       - - 
     img2       - - 
      nc1       - - 
      nc2       - - 
      sc1       - - 
      sc2       - - 
      sc3       - - 
      sc4       - - 
      sc5       - - 
      bi1       - - 
      bi2       - - 
      bi3       - - 
      bi4       - - 

         Completely Standardized Indirect Effects of ETA on Y    

                RPAT        EOU       RPAI        RPA         TC         SC   
            --------   --------   --------   --------   --------   --------
       t1       - -        - -        - -       0.501     -0.015     -0.052
       t2       - -        - -        - -       0.383     -0.012     -0.039
       t3       - -        - -        - -       0.474     -0.014     -0.049
       u1       - -        - -        - -       0.412     -0.013     -0.043
       u2       - -        - -        - -       0.439     -0.013     -0.045
       u3       - -        - -        - -       0.268     -0.008     -0.028
     img1       - -        - -        - -       0.187     -0.006     -0.019
     img2       - -        - -        - -       0.104     -0.003     -0.011
      nc1       - -        - -        - -        - -        - -        - - 
      nc2       - -        - -        - -        - -        - -        - - 
      sc1       - -        - -        - -        - -       0.255       - - 
      sc2       - -        - -        - -        - -       0.259       - - 
      sc3       - -        - -        - -        - -       0.249       - - 
      sc4       - -        - -        - -        - -       0.228       - - 
      sc5       - -        - -        - -        - -       0.259       - - 
      bi1       - -        - -        - -       0.525     -0.109     -0.368
      bi2       - -        - -        - -       0.482     -0.100     -0.339
      bi3       - -        - -        - -       0.523     -0.109     -0.367
      bi4       - -        - -        - -       0.572     -0.119     -0.401

         Completely Standardized Indirect Effects of ETA on Y    

                  BI   
            --------
       t1       - - 
       t2       - - 
       t3       - - 
       u1       - - 
       u2       - - 
       u3       - - 
     img1       - - 
     img2       - - 
      nc1       - - 
      nc2       - - 
      sc1       - - 
      sc2       - - 
      sc3       - - 
      sc4       - - 
      sc5       - - 
      bi1       - - 
      bi2       - - 
      bi3       - - 
      bi4       - - 

         Standardized Total Effects of KSI on Y  

                RPAE       PIIT   
            --------   --------
       t1       - -       0.135
       t2       - -       0.103
       t3       - -       0.128
       u1       - -       0.111
       u2       - -       0.119
       u3       - -       0.072
     img1       - -       0.050
     img2       - -       0.028
      nc1       - -      -0.187
      nc2       - -      -0.190
      sc1       - -      -0.458
      sc2       - -      -0.465
      sc3       - -      -0.446
      sc4       - -      -0.409
      sc5       - -      -0.466
      bi1      0.138      0.229
      bi2      0.127      0.210
      bi3      0.138      0.228
      bi4      0.151      0.250

         Completely Standardized Total Effects of KSI on Y   

                RPAE       PIIT   
            --------   --------
       t1       - -       0.135
       t2       - -       0.103
       t3       - -       0.128
       u1       - -       0.111
       u2       - -       0.119
       u3       - -       0.072
     img1       - -       0.050
     img2       - -       0.028
      nc1       - -      -0.187
      nc2       - -      -0.190
      sc1       - -      -0.458
      sc2       - -      -0.465
      sc3       - -      -0.446
      sc4       - -      -0.409
      sc5       - -      -0.466
      bi1      0.137      0.228
      bi2      0.126      0.209
      bi3      0.137      0.227
      bi4      0.150      0.248
