
                                DATE:  3/30/2011
                                  TIME:  8:36


                                L I S R E L  8.72

                                       BY

                         Karl G. J”reskog & Dag S”rbom



                    This program is published exclusively by
                    Scientific Software International, Inc.
                       7383 N. Lincoln Avenue, Suite 100
                        Lincolnwood, IL 60712, U.S.A. 
            Phone: (800)247-6113, (847)675-0720, Fax: (847)675-2140
        Copyright by Scientific Software International, Inc., 1981-2005 
          Use of this program is subject to the terms specified in the
                        Universal Copyright Convention.
                          Website: www.ssicentral.com

 The following lines were read from file tamsc_cfa_final.ls8:

 CFA dla modelu RA-SC (8 czynnikow).  Skale ostateczne (24 zmienne)
 ! wersja ostateczna skale nie zawiera: nc3 i pi1
 !  (c) T.Przechlewski 2011 (licencja GPL) http://member.acm.org/~tprzechlewski/sem
 DA NI=30 NO=228 MA=CM
  
 KM FI=Model_TAMSC_00.mtx
  
 ! Etykiety miar (podane w kolejnosci w jakiej wystêpuj± w macierzy KM
 LA FI=Model_TAMSC_00.lbl
  
 ! Zmiana kolejnosci (przypisanie miar czynnikom X1--X25 --> PU, X3--X21 --> PEOU itd...
 ! je¿eli nie wszystkie zmienne s± wybrane zakoñcz polecenie SE znakiem `/'
 !  --- RPE     -- RPAT     -- EOU      -- RPAI         -- TC                  -- SC                -- BI                -- PIIT
 !SE ; e1 e2    t1 t2 t3   u1 u2 u3    img1 img2   nc1 nc2 nc3    sc1 sc2 sc3 sc4 sc5    bi1  bi2  bi3 bi4      pi1 pi2  pi3  pi4  /
 SE  ; e1 e2    t1 t2 t3   u1 u2 u3    img1 img2   nc1 nc2        sc1 sc2 sc3 sc4 sc5    bi1  bi2  bi3 bi4          pi2  pi3  pi4  /
  
 ! Okre¶lenie modelu SEM
 MO NX=24 NK=8 LX=FU,FI PH=SY,FR TD=DI,FR
  
 LK ; RPE RPAT EOU RPAI TC SC BI PIIT
  
 FR LX(1,1)  LX(2,1)              ! RPAE
 FR LX(3,2)  LX(4,2) LX(5,2)      ! RPAT
 FR LX(6,3)  LX(7,3)   LX(8,3)    ! EOU
 FR LX(9,4)  LX(10,4)                               ! RPAI
 FR LX(11,5) LX(12,5)                               ! *** TC bez y20 ***
 FR LX(13,6) LX(14,6)  LX(15,6) LX(16,6) LX(17,6)   ! SC
 FR LX(18,7) LX(19,7)  LX(20,7) LX(21,7)    ! BI
 FR LX(22,8) LX(23,8)  LX(24,8)   ! PIIT bez y11
  
 FI PH(1,1) PH(2,2) PH(3,3) PH(4,4) PH(5,5) PH(6,6) PH(7,7) PH(8,8)
 VA 1 PH(1,1) PH(2,2) PH(3,3) PH(4,4) PH(5,5) PH(6,6) PH(7,7) PH(8,8)
  
 OU ME=ML ND=3 MI RS MR SC AD=999

 CFA dla modelu RA-SC (8 czynnikow). Skale ostateczne (24 zmienne)              

                           Number of Input Variables 30
                           Number of Y - Variables    0
                           Number of X - Variables   24
                           Number of ETA - Variables  0
                           Number of KSI - Variables  8
                           Number of Observations   228

 CFA dla modelu RA-SC (8 czynnikow). Skale ostateczne (24 zmienne)              

         Covariance Matrix       

                  e1         e2         t1         t2         t3         u1   
            --------   --------   --------   --------   --------   --------
       e1      1.000
       e2      0.759      1.000
       t1      0.015      0.056      1.000
       t2     -0.120     -0.099      0.630      1.000
       t3     -0.055     -0.024      0.778      0.603      1.000
       u1     -0.055     -0.011      0.228      0.199      0.176      1.000
       u2     -0.045     -0.033      0.206      0.162      0.154      0.663
       u3     -0.019      0.023      0.182      0.271      0.139      0.398
     img1      0.009      0.002      0.039      0.045      0.066      0.133
     img2      0.110      0.073     -0.008     -0.077     -0.023      0.077
      nc1     -0.040     -0.063     -0.030     -0.010      0.031      0.099
      nc2      0.001      0.004      0.069      0.033      0.013      0.142
      sc1      0.084      0.022     -0.075      0.035     -0.111     -0.024
      sc2      0.025      0.001     -0.079     -0.024     -0.145      0.032
      sc3      0.158      0.094     -0.161     -0.056     -0.215     -0.053
      sc4     -0.008     -0.023     -0.066      0.038     -0.057      0.092
      sc5      0.096      0.091     -0.121      0.014     -0.169      0.067
      bi1      0.087      0.164      0.264      0.122      0.275      0.210
      bi2     -0.007      0.077      0.241      0.134      0.267      0.175
      bi3      0.040      0.134      0.288      0.106      0.299      0.216
      bi4      0.066      0.150      0.386      0.181      0.342      0.257
      pi2      0.089      0.101      0.149     -0.003      0.099      0.002
      pi3      0.113      0.109      0.146      0.042      0.109     -0.006
      pi4     -0.005      0.113      0.156      0.095      0.178      0.049

         Covariance Matrix       

                  u2         u3       img1       img2        nc1        nc2   
            --------   --------   --------   --------   --------   --------
       u2      1.000
       u3      0.431      1.000
     img1      0.148      0.052      1.000
     img2      0.007      0.059      0.583      1.000
      nc1     -0.010     -0.078     -0.176     -0.110      1.000
      nc2      0.066      0.032     -0.149     -0.041      0.748      1.000
      sc1     -0.078      0.029     -0.175     -0.131      0.253      0.289
      sc2     -0.052      0.054     -0.174     -0.099      0.308      0.328
      sc3     -0.097      0.018     -0.094     -0.033      0.310      0.261
      sc4      0.013     -0.054     -0.146     -0.122      0.312      0.301
      sc5     -0.119      0.055     -0.217     -0.105      0.289      0.276
      bi1      0.253      0.125      0.060      0.085     -0.125     -0.150
      bi2      0.267      0.084      0.166      0.115     -0.094     -0.137
      bi3      0.227      0.165      0.121      0.048     -0.121     -0.137
      bi4      0.262      0.171      0.127      0.151     -0.174     -0.217
      pi2      0.079      0.005      0.122      0.078     -0.174     -0.215
      pi3      0.089      0.042      0.128      0.120     -0.143     -0.145
      pi4      0.091      0.127      0.209      0.151     -0.104     -0.172

         Covariance Matrix       

                 sc1        sc2        sc3        sc4        sc5        bi1   
            --------   --------   --------   --------   --------   --------
      sc1      1.000
      sc2      0.740      1.000
      sc3      0.704      0.762      1.000
      sc4      0.689      0.681      0.604      1.000
      sc5      0.765      0.752      0.751      0.658      1.000
      bi1     -0.363     -0.289     -0.287     -0.273     -0.345      1.000
      bi2     -0.310     -0.317     -0.312     -0.327     -0.315      0.584
      bi3     -0.290     -0.289     -0.282     -0.305     -0.281      0.708
      bi4     -0.380     -0.361     -0.357     -0.364     -0.382      0.724
      pi2     -0.453     -0.454     -0.399     -0.425     -0.449      0.144
      pi3     -0.377     -0.357     -0.356     -0.362     -0.383      0.149
      pi4     -0.369     -0.383     -0.328     -0.321     -0.345      0.212

         Covariance Matrix       

                 bi2        bi3        bi4        pi2        pi3        pi4   
            --------   --------   --------   --------   --------   --------
      bi2      1.000
      bi3      0.617      1.000
      bi4      0.686      0.710      1.000
      pi2      0.133      0.229      0.269      1.000
      pi3      0.148      0.215      0.280      0.773      1.000
      pi4      0.153      0.269      0.250      0.731      0.726      1.000


 CFA dla modelu RA-SC (8 czynnikow). Skale ostateczne (24 zmienne)              

 Parameter Specifications

         LAMBDA-X    

                 RPE       RPAT        EOU       RPAI         TC         SC
            --------   --------   --------   --------   --------   --------
       e1          1          0          0          0          0          0
       e2          2          0          0          0          0          0
       t1          0          3          0          0          0          0
       t2          0          4          0          0          0          0
       t3          0          5          0          0          0          0
       u1          0          0          6          0          0          0
       u2          0          0          7          0          0          0
       u3          0          0          8          0          0          0
     img1          0          0          0          9          0          0
     img2          0          0          0         10          0          0
      nc1          0          0          0          0         11          0
      nc2          0          0          0          0         12          0
      sc1          0          0          0          0          0         13
      sc2          0          0          0          0          0         14
      sc3          0          0          0          0          0         15
      sc4          0          0          0          0          0         16
      sc5          0          0          0          0          0         17
      bi1          0          0          0          0          0          0
      bi2          0          0          0          0          0          0
      bi3          0          0          0          0          0          0
      bi4          0          0          0          0          0          0
      pi2          0          0          0          0          0          0
      pi3          0          0          0          0          0          0
      pi4          0          0          0          0          0          0

         LAMBDA-X    

                  BI       PIIT
            --------   --------
       e1          0          0
       e2          0          0
       t1          0          0
       t2          0          0
       t3          0          0
       u1          0          0
       u2          0          0
       u3          0          0
     img1          0          0
     img2          0          0
      nc1          0          0
      nc2          0          0
      sc1          0          0
      sc2          0          0
      sc3          0          0
      sc4          0          0
      sc5          0          0
      bi1         18          0
      bi2         19          0
      bi3         20          0
      bi4         21          0
      pi2          0         22
      pi3          0         23
      pi4          0         24

         PHI         

                 RPE       RPAT        EOU       RPAI         TC         SC
            --------   --------   --------   --------   --------   --------
      RPE          0
     RPAT         25          0
      EOU         26         27          0
     RPAI         28         29         30          0
       TC         31         32         33         34          0
       SC         35         36         37         38         39          0
       BI         40         41         42         43         44         45
     PIIT         46         47         48         49         50         51

         PHI         

                  BI       PIIT
            --------   --------
       BI          0
     PIIT         52          0

         THETA-DELTA 

                  e1         e2         t1         t2         t3         u1
            --------   --------   --------   --------   --------   --------
                  53         54         55         56         57         58

         THETA-DELTA 

                  u2         u3       img1       img2        nc1        nc2
            --------   --------   --------   --------   --------   --------
                  59         60         61         62         63         64

         THETA-DELTA 

                 sc1        sc2        sc3        sc4        sc5        bi1
            --------   --------   --------   --------   --------   --------
                  65         66         67         68         69         70

         THETA-DELTA 

                 bi2        bi3        bi4        pi2        pi3        pi4
            --------   --------   --------   --------   --------   --------
                  71         72         73         74         75         76
 


 CFA dla modelu RA-SC (8 czynnikow). Skale ostateczne (24 zmienne)              

 Number of Iterations = 21

 LISREL Estimates (Maximum Likelihood)                           

         LAMBDA-X    

                 RPE       RPAT        EOU       RPAI         TC         SC   
            --------   --------   --------   --------   --------   --------
       e1      0.764       - -        - -        - -        - -        - - 
             (0.095)
               8.033
 
       e2      0.994       - -        - -        - -        - -        - - 
             (0.111)
               8.980
 
       t1       - -       0.910       - -        - -        - -        - - 
                        (0.056)
                         16.351
 
       t2       - -       0.692       - -        - -        - -        - - 
                        (0.061)
                         11.379
 
       t3       - -       0.858       - -        - -        - -        - - 
                        (0.057)
                         15.064
 
       u1       - -        - -       0.807       - -        - -        - - 
                                   (0.066)
                                    12.215
 
       u2       - -        - -       0.823       - -        - -        - - 
                                   (0.066)
                                    12.463
 
       u3       - -        - -       0.509       - -        - -        - - 
                                   (0.068)
                                     7.439
 
     img1       - -        - -        - -       1.175       - -        - - 
                                              (0.272)
                                                4.315
 
     img2       - -        - -        - -       0.496       - -        - - 
                                              (0.130)
                                                3.823
 
      nc1       - -        - -        - -        - -       0.807       - - 
                                                         (0.073)
                                                          11.123
 
      nc2       - -        - -        - -        - -       0.927       - - 
                                                         (0.074)
                                                          12.463
 
      sc1       - -        - -        - -        - -        - -       0.860
                                                                    (0.054)
                                                                     15.993
 
      sc2       - -        - -        - -        - -        - -       0.873
                                                                    (0.053)
                                                                     16.376
 
      sc3       - -        - -        - -        - -        - -       0.839
                                                                    (0.055)
                                                                     15.356
 
      sc4       - -        - -        - -        - -        - -       0.768
                                                                    (0.057)
                                                                     13.452
 
      sc5       - -        - -        - -        - -        - -       0.878
                                                                    (0.053)
                                                                     16.525
 
      bi1       - -        - -        - -        - -        - -        - - 
 
      bi2       - -        - -        - -        - -        - -        - - 
 
      bi3       - -        - -        - -        - -        - -        - - 
 
      bi4       - -        - -        - -        - -        - -        - - 
 
      pi2       - -        - -        - -        - -        - -        - - 
 
      pi3       - -        - -        - -        - -        - -        - - 
 
      pi4       - -        - -        - -        - -        - -        - - 
 

         LAMBDA-X    

                  BI       PIIT   
            --------   --------
       e1       - -        - - 
 
       e2       - -        - - 
 
       t1       - -        - - 
 
       t2       - -        - - 
 
       t3       - -        - - 
 
       u1       - -        - - 
 
       u2       - -        - - 
 
       u3       - -        - - 
 
     img1       - -        - - 
 
     img2       - -        - - 
 
      nc1       - -        - - 
 
      nc2       - -        - - 
 
      sc1       - -        - - 
 
      sc2       - -        - - 
 
      sc3       - -        - - 
 
      sc4       - -        - - 
 
      sc5       - -        - - 
 
      bi1      0.818       - - 
             (0.056)
              14.562
 
      bi2      0.749       - - 
             (0.058)
              12.812
 
      bi3      0.813       - - 
             (0.056)
              14.424
 
      bi4      0.895       - - 
             (0.053)
              16.740
 
      pi2       - -       0.893
                        (0.054)
                         16.546
 
      pi3       - -       0.866
                        (0.055)
                         15.788
 
      pi4       - -       0.826
                        (0.056)
                         14.720
 

         PHI         

                 RPE       RPAT        EOU       RPAI         TC         SC   
            --------   --------   --------   --------   --------   --------
      RPE      1.000
 
     RPAT      0.009      1.000
             (0.071)
               0.133
 
      EOU     -0.023      0.287      1.000
             (0.074)    (0.073)
              -0.311      3.951
 
     RPAI     -0.013      0.058      0.146      1.000
             (0.056)    (0.060)    (0.072)
              -0.228      0.958      2.015
 
       TC     -0.015      0.041      0.110     -0.150      1.000
             (0.071)    (0.074)    (0.077)    (0.071)
              -0.211      0.555      1.418     -2.115
 
       SC      0.050     -0.140     -0.033     -0.160      0.382      1.000
             (0.069)    (0.071)    (0.076)    (0.071)    (0.065)
               0.726     -1.954     -0.434     -2.253      5.915
 
       BI      0.165      0.400      0.351      0.105     -0.218     -0.464
             (0.070)    (0.063)    (0.070)    (0.064)    (0.071)    (0.058)
               2.339      6.309      5.036      1.624     -3.063     -7.975
 
     PIIT      0.124      0.167      0.073      0.132     -0.221     -0.533
             (0.070)    (0.072)    (0.077)    (0.068)    (0.071)    (0.054)
               1.757      2.320      0.950      1.942     -3.105     -9.907
 

         PHI         

                  BI       PIIT   
            --------   --------
       BI      1.000
 
     PIIT      0.300      1.000
             (0.068)
               4.430
 

         THETA-DELTA 

                  e1         e2         t1         t2         t3         u1   
            --------   --------   --------   --------   --------   --------
               0.417      0.012      0.173      0.521      0.264      0.349
             (0.124)    (0.199)    (0.044)    (0.055)    (0.044)    (0.069)
               3.369      0.063      3.900      9.431      5.938      5.091
 

         THETA-DELTA 

                  u2         u3       img1       img2        nc1        nc2   
            --------   --------   --------   --------   --------   --------
               0.323      0.741     -0.381      0.754      0.350      0.141
             (0.069)    (0.076)    (0.635)    (0.133)    (0.084)    (0.103)
               4.656      9.812     -0.600      5.655      4.171      1.370
 

         THETA-DELTA 

                 sc1        sc2        sc3        sc4        sc5        bi1   
            --------   --------   --------   --------   --------   --------
               0.260      0.238      0.297      0.410      0.229      0.331
             (0.031)    (0.029)    (0.034)    (0.043)    (0.029)    (0.040)
               8.426      8.144      8.807      9.544      8.022      8.353
 

         THETA-DELTA 

                 bi2        bi3        bi4        pi2        pi3        pi4   
            --------   --------   --------   --------   --------   --------
               0.439      0.339      0.199      0.202      0.250      0.318
             (0.048)    (0.040)    (0.032)    (0.035)    (0.036)    (0.039)
               9.235      8.444      6.136      5.804      6.878      8.056
 

         Squared Multiple Correlations for X - Variables         

                  e1         e2         t1         t2         t3         u1   
            --------   --------   --------   --------   --------   --------
               0.583      0.988      0.827      0.479      0.736      0.651

         Squared Multiple Correlations for X - Variables         

                  u2         u3       img1       img2        nc1        nc2   
            --------   --------   --------   --------   --------   --------
               0.677      0.259      1.381      0.246      0.650      0.859

         Squared Multiple Correlations for X - Variables         

                 sc1        sc2        sc3        sc4        sc5        bi1   
            --------   --------   --------   --------   --------   --------
               0.740      0.762      0.703      0.590      0.771      0.669

         Squared Multiple Correlations for X - Variables         

                 bi2        bi3        bi4        pi2        pi3        pi4   
            --------   --------   --------   --------   --------   --------
               0.561      0.661      0.801      0.798      0.750      0.682


                           Goodness of Fit Statistics

                             Degrees of Freedom = 224
              Minimum Fit Function Chi-Square = 355.337 (P = 0.000)
      Normal Theory Weighted Least Squares Chi-Square = 325.447 (P = 0.000)
                Estimated Non-centrality Parameter (NCP) = 101.447
           90 Percent Confidence Interval for NCP = (57.346 ; 153.550)
 
                        Minimum Fit Function Value = 1.565
                Population Discrepancy Function Value (F0) = 0.447
             90 Percent Confidence Interval for F0 = (0.253 ; 0.676)
             Root Mean Square Error of Approximation (RMSEA) = 0.0447
           90 Percent Confidence Interval for RMSEA = (0.0336 ; 0.0550)
               P-Value for Test of Close Fit (RMSEA < 0.05) = 0.794
 
                  Expected Cross-Validation Index (ECVI) = 2.103
            90 Percent Confidence Interval for ECVI = (1.909 ; 2.333)
                         ECVI for Saturated Model = 2.643
                       ECVI for Independence Model = 22.280
 
     Chi-Square for Independence Model with 276 Degrees of Freedom = 5009.574
                           Independence AIC = 5057.574
                               Model AIC = 477.447
                             Saturated AIC = 600.000
                           Independence CAIC = 5163.878
                               Model CAIC = 814.077
                            Saturated CAIC = 1928.804
 
                          Normed Fit Index (NFI) = 0.929
                       Non-Normed Fit Index (NNFI) = 0.966
                    Parsimony Normed Fit Index (PNFI) = 0.754
                       Comparative Fit Index (CFI) = 0.972
                       Incremental Fit Index (IFI) = 0.973
                         Relative Fit Index (RFI) = 0.913
 
                            Critical N (CN) = 177.419
 
 
                     Root Mean Square Residual (RMR) = 0.0444
                            Standardized RMR = 0.0444
                       Goodness of Fit Index (GFI) = 0.893
                  Adjusted Goodness of Fit Index (AGFI) = 0.857
                  Parsimony Goodness of Fit Index (PGFI) = 0.667

 CFA dla modelu RA-SC (8 czynnikow). Skale ostateczne (24 zmienne)              

         Fitted Covariance Matrix

                  e1         e2         t1         t2         t3         u1   
            --------   --------   --------   --------   --------   --------
       e1      1.000
       e2      0.759      1.000
       t1      0.007      0.008      1.000
       t2      0.005      0.006      0.629      1.000
       t3      0.006      0.008      0.781      0.594      1.000
       u1     -0.014     -0.018      0.211      0.160      0.199      1.000
       u2     -0.014     -0.019      0.215      0.163      0.202      0.664
       u3     -0.009     -0.012      0.133      0.101      0.125      0.410
     img1     -0.011     -0.015      0.062      0.047      0.058      0.138
     img2     -0.005     -0.006      0.026      0.020      0.025      0.058
      nc1     -0.009     -0.012      0.030      0.023      0.029      0.071
      nc2     -0.011     -0.014      0.035      0.026      0.033      0.082
      sc1      0.033      0.043     -0.109     -0.083     -0.103     -0.023
      sc2      0.034      0.044     -0.111     -0.084     -0.105     -0.023
      sc3      0.032      0.042     -0.107     -0.081     -0.101     -0.022
      sc4      0.030      0.038     -0.098     -0.074     -0.092     -0.021
      sc5      0.034      0.044     -0.112     -0.085     -0.105     -0.023
      bi1      0.103      0.134      0.298      0.226      0.281      0.231
      bi2      0.094      0.123      0.273      0.207      0.257      0.212
      bi3      0.102      0.133      0.296      0.225      0.279      0.230
      bi4      0.112      0.146      0.326      0.248      0.307      0.253
      pi2      0.084      0.110      0.136      0.103      0.128      0.053
      pi3      0.082      0.106      0.132      0.100      0.124      0.051
      pi4      0.078      0.101      0.126      0.096      0.119      0.049

         Fitted Covariance Matrix

                  u2         u3       img1       img2        nc1        nc2   
            --------   --------   --------   --------   --------   --------
       u2      1.000
       u3      0.418      1.000
     img1      0.141      0.087      1.000
     img2      0.059      0.037      0.583      1.000
      nc1      0.073      0.045     -0.142     -0.060      1.000
      nc2      0.084      0.052     -0.163     -0.069      0.748      1.000
      sc1     -0.023     -0.014     -0.162     -0.068      0.265      0.305
      sc2     -0.024     -0.015     -0.164     -0.069      0.269      0.309
      sc3     -0.023     -0.014     -0.158     -0.067      0.258      0.297
      sc4     -0.021     -0.013     -0.145     -0.061      0.237      0.272
      sc5     -0.024     -0.015     -0.165     -0.070      0.270      0.311
      bi1      0.236      0.146      0.100      0.042     -0.144     -0.166
      bi2      0.216      0.134      0.092      0.039     -0.132     -0.152
      bi3      0.234      0.145      0.100      0.042     -0.143     -0.165
      bi4      0.258      0.160      0.110      0.046     -0.158     -0.181
      pi2      0.054      0.033      0.138      0.058     -0.160     -0.183
      pi3      0.052      0.032      0.134      0.057     -0.155     -0.178
      pi4      0.050      0.031      0.128      0.054     -0.147     -0.170

         Fitted Covariance Matrix

                 sc1        sc2        sc3        sc4        sc5        bi1   
            --------   --------   --------   --------   --------   --------
      sc1      1.000
      sc2      0.751      1.000
      sc3      0.722      0.732      1.000
      sc4      0.661      0.671      0.644      1.000
      sc5      0.755      0.767      0.736      0.674      1.000
      bi1     -0.327     -0.332     -0.319     -0.292     -0.334      1.000
      bi2     -0.299     -0.304     -0.292     -0.267     -0.305      0.613
      bi3     -0.325     -0.330     -0.317     -0.290     -0.331      0.665
      bi4     -0.358     -0.363     -0.349     -0.319     -0.365      0.732
      pi2     -0.410     -0.416     -0.399     -0.366     -0.418      0.219
      pi3     -0.397     -0.403     -0.387     -0.355     -0.405      0.212
      pi4     -0.379     -0.384     -0.369     -0.338     -0.387      0.203

         Fitted Covariance Matrix

                 bi2        bi3        bi4        pi2        pi3        pi4   
            --------   --------   --------   --------   --------   --------
      bi2      1.000
      bi3      0.609      1.000
      bi4      0.671      0.728      1.000
      pi2      0.201      0.218      0.240      1.000
      pi3      0.195      0.211      0.232      0.774      1.000
      pi4      0.186      0.201      0.222      0.738      0.715      1.000

         Fitted Residuals

                  e1         e2         t1         t2         t3         u1   
            --------   --------   --------   --------   --------   --------
       e1      0.000
       e2      0.000      0.000
       t1      0.008      0.048      0.000
       t2     -0.125     -0.105      0.001      0.000
       t3     -0.061     -0.032     -0.003      0.009      0.000
       u1     -0.041      0.007      0.018      0.039     -0.023      0.000
       u2     -0.031     -0.014     -0.009     -0.001     -0.049     -0.001
       u3     -0.010      0.035      0.049      0.170      0.014     -0.012
     img1      0.021      0.017     -0.023     -0.002      0.007     -0.005
     img2      0.115      0.079     -0.034     -0.097     -0.047      0.019
      nc1     -0.030     -0.051     -0.060     -0.033      0.002      0.027
      nc2      0.011      0.018      0.034      0.007     -0.020      0.060
      sc1      0.051     -0.021      0.034      0.118     -0.008     -0.001
      sc2     -0.009     -0.042      0.032      0.060     -0.041      0.055
      sc3      0.126      0.052     -0.055      0.025     -0.114     -0.030
      sc4     -0.038     -0.062      0.032      0.112      0.035      0.113
      sc5      0.062      0.047     -0.010      0.099     -0.064      0.090
      bi1     -0.016      0.030     -0.034     -0.105     -0.006     -0.022
      bi2     -0.101     -0.046     -0.031     -0.074      0.010     -0.037
      bi3     -0.062      0.001     -0.007     -0.119      0.020     -0.014
      bi4     -0.047      0.003      0.060     -0.067      0.035      0.004
      pi2      0.004     -0.009      0.013     -0.106     -0.030     -0.051
      pi3      0.032      0.003      0.015     -0.058     -0.015     -0.057
      pi4     -0.083      0.011      0.031     -0.001      0.059      0.000

         Fitted Residuals

                  u2         u3       img1       img2        nc1        nc2   
            --------   --------   --------   --------   --------   --------
       u2      0.000
       u3      0.013      0.000
     img1      0.008     -0.035      0.000
     img2     -0.053      0.023      0.000      0.000
      nc1     -0.083     -0.123     -0.034     -0.050      0.000
      nc2     -0.017     -0.020      0.014      0.028      0.000      0.000
      sc1     -0.054      0.044     -0.013     -0.063     -0.012     -0.015
      sc2     -0.028      0.068     -0.010     -0.030      0.039      0.019
      sc3     -0.074      0.032      0.063      0.034      0.051     -0.036
      sc4      0.034     -0.041     -0.002     -0.061      0.076      0.029
      sc5     -0.095      0.069     -0.051     -0.035      0.019     -0.035
      bi1      0.017     -0.020     -0.040      0.043      0.019      0.016
      bi2      0.051     -0.050      0.074      0.076      0.038      0.015
      bi3     -0.007      0.020      0.021      0.006      0.022      0.028
      bi4      0.004      0.012      0.017      0.104     -0.016     -0.036
      pi2      0.025     -0.028     -0.016      0.020     -0.014     -0.031
      pi3      0.036      0.010     -0.006      0.064      0.012      0.033
      pi4      0.041      0.096      0.082      0.097      0.043     -0.003

         Fitted Residuals

                 sc1        sc2        sc3        sc4        sc5        bi1   
            --------   --------   --------   --------   --------   --------
      sc1      0.000
      sc2     -0.011      0.000
      sc3     -0.018      0.029      0.000
      sc4      0.028      0.011     -0.040      0.000
      sc5      0.010     -0.015      0.015     -0.016      0.000
      bi1     -0.036      0.043      0.032      0.019     -0.012      0.000
      bi2     -0.011     -0.013     -0.021     -0.060     -0.010     -0.029
      bi3      0.035      0.041      0.035     -0.015      0.051      0.043
      bi4     -0.022      0.002     -0.008     -0.045     -0.017     -0.008
      pi2     -0.044     -0.038      0.001     -0.059     -0.031     -0.075
      pi3      0.020      0.046      0.031     -0.007      0.023     -0.063
      pi4      0.010      0.001      0.041      0.017      0.041      0.010

         Fitted Residuals

                 bi2        bi3        bi4        pi2        pi3        pi4   
            --------   --------   --------   --------   --------   --------
      bi2      0.000
      bi3      0.008      0.000
      bi4      0.015     -0.018      0.000
      pi2     -0.068      0.012      0.029      0.000
      pi3     -0.047      0.004      0.048     -0.001      0.000
      pi4     -0.032      0.068      0.028     -0.007      0.010      0.000

 Summary Statistics for Fitted Residuals

 Smallest Fitted Residual =   -0.125
   Median Fitted Residual =    0.000
  Largest Fitted Residual =    0.170

 Stemleaf Plot

 -12|53 
 -10|946551 
 - 8|7533 
 - 6|54487433221100 
 - 4|987543111009777654211100 
 - 2|88766655544432211110000988332211000 
 - 0|887766665555444332221100009998887777665332211111000000000000000000000000+04
   0|1111223344446777888900000011122233445555677778899999 
   2|00001123355788889990112222234444555556899 
   4|111133334678891111259 
   6|0002348894669 
   8|20679 
  10|42358 
  12|6 
  14| 
  16|0

         Standardized Residuals  

                  e1         e2         t1         t2         t3         u1   
            --------   --------   --------   --------   --------   --------
       e1       - - 
       e2       - -        - - 
       t1      0.185      2.610       - - 
       t2     -2.272     -2.330      0.127       - - 
       t3     -1.289     -1.139     -1.589      0.963       - - 
       u1     -0.853      0.249      0.569      0.813     -0.640       - - 
       u2     -0.656     -0.533     -0.296     -0.023     -1.413     -0.178
       u3     -0.175      0.636      0.919      2.901      0.253     -0.700
     img1      0.474      1.314     -1.041     -0.051      0.239     -0.167
     img2      1.824      1.310     -0.581     -1.549     -0.789      0.348
      nc1     -0.606     -1.495     -1.591     -0.637      0.050      0.651
      nc2      0.261      1.490      1.588      0.145     -0.675      1.943
      sc1      1.071     -0.711      1.006      2.375     -0.198     -0.024
      sc2     -0.188     -1.507      0.991      1.221     -1.087      1.426
      sc3      2.572      1.577     -1.523      0.492     -2.835     -0.725
      sc4     -0.726     -1.542      0.753      2.090      0.778      2.430
      sc5      1.330      1.724     -0.310      2.023     -1.723      2.352
      bi1     -0.354      0.901     -0.993     -2.186     -0.150     -0.557
      bi2     -2.061     -1.133     -0.796     -1.450      0.240     -0.841
      bi3     -1.380      0.029     -0.218     -2.471      0.518     -0.357
      bi4     -1.189      0.147      2.404     -1.508      1.135      0.129
      pi2      0.099     -0.385      0.465     -2.232     -0.874     -1.445
      pi3      0.714      0.110      0.469     -1.189     -0.409     -1.498
      pi4     -1.782      0.351      0.854     -0.018      1.474     -0.003

         Standardized Residuals  

                  u2         u3       img1       img2        nc1        nc2   
            --------   --------   --------   --------   --------   --------
       u2       - - 
       u3      0.823       - - 
     img1      0.273     -0.644       - - 
     img2     -0.998      0.366       - -        - - 
      nc1     -2.041     -2.130     -1.038     -0.943       - - 
      nc2     -0.604     -0.362      0.943      0.575       - -        - - 
      sc1     -1.409      0.763     -0.431     -1.256     -0.371     -0.537
      sc2     -0.744      1.197     -0.344     -0.596      1.251      0.704
      sc3     -1.833      0.552      1.914      0.665      1.480     -1.155
      sc4      0.737     -0.697     -0.037     -1.130      1.870      0.776
      sc5     -2.587      1.221     -1.813     -0.704      0.607     -1.340
      bi1      0.452     -0.372     -1.146      0.737      0.445      0.471
      bi2      1.191     -0.876      1.776      1.281      0.818      0.362
      bi3     -0.192      0.366      0.584      0.098      0.512      0.800
      bi4      0.123      0.221      0.695      1.863     -0.454     -1.520
      pi2      0.741     -0.500     -0.673      0.375     -0.403     -1.304
      pi3      0.994      0.168     -0.199      1.188      0.316      1.162
      pi4      1.026      1.665      2.427      1.761      1.044     -0.080

         Standardized Residuals  

                 sc1        sc2        sc3        sc4        sc5        bi1   
            --------   --------   --------   --------   --------   --------
      sc1       - - 
      sc2     -1.019       - - 
      sc3     -1.324      2.345       - - 
      sc4      1.597      0.665     -2.115       - - 
      sc5      0.932     -1.471      1.249     -1.040       - - 
      bi1     -0.949      1.153      0.812      0.425     -0.321       - - 
      bi2     -0.249     -0.310     -0.473     -1.273     -0.240     -1.514
      bi3      0.906      1.094      0.869     -0.338      1.366      2.926
      bi4     -0.693      0.065     -0.236     -1.146     -0.552     -1.027
      pi2     -1.439     -1.311      0.020     -1.579     -1.088     -2.022
      pi3      0.628      1.471      0.900     -0.183      0.728     -1.619
      pi4      0.280      0.033      1.101      0.403      1.201      0.235

         Standardized Residuals  

                 bi2        bi3        bi4        pi2        pi3        pi4   
            --------   --------   --------   --------   --------   --------
      bi2       - - 
      bi3      0.420       - - 
      bi4      1.351     -2.138       - - 
      pi2     -1.595      0.313      1.003       - - 
      pi3     -1.058      0.109      1.478     -0.215       - - 
      pi4     -0.699      1.595      0.771     -1.423      1.562       - - 

 Summary Statistics for Standardized Residuals

 Smallest Standardized Residual =   -2.835
   Median Standardized Residual =    0.000
  Largest Standardized Residual =    2.926

 Stemleaf Plot

 - 2|865 
 - 2|3322111100 
 - 1|8887666665555555555 
 - 1|44444443333333222111111110000000 
 - 0|9999988877777777777766666666655555 
 - 0|444444444333333222222222222221100000000000000000000000000000000000 
   0|1111111111122222223333333444444444 
   0|5555555566666667777777777888888888899999999 
   1|0000000111122222222233333444 
   1|5555566666778889999 
   2|01344444 
   2|6699
 Largest Negative Standardized Residuals
 Residual for      sc3 and       t3  -2.835
 Residual for      sc5 and       u2  -2.587
 Largest Positive Standardized Residuals
 Residual for       t1 and       e2   2.610
 Residual for       u3 and       t2   2.901
 Residual for      bi3 and      bi1   2.926

 CFA dla modelu RA-SC (8 czynnikow). Skale ostateczne (24 zmienne)              

                         Qplot of Standardized Residuals

  3.5..........................................................................
     .                                                                       ..
     .                                                                      . .
     .                                                                    .   .
     .                                                                  .     .
     .                                                                 .      .
     .                                                               .  x     .
     .                                                             .    x     .
     .                                                            .  x        .
     .                                                          .  xx         .
     .                                                        .    *          .
     .                                                       .    x           .
     .                                                     . xx*              .
     .                                                   .  *x                .
     .                                                  . x*                  .
 N   .                                                .*xx                    .
 o   .                                              . x*                      .
 r   .                                             xx*x                       .
 m   .                                           .**                          .
 a   .                                         .xxx                           .
 l   .                                        x**                             .
     .                                      ***                               .
 Q   .                                    xxx                                 .
 u   .                                 x*x*                                   .
 a   .                                xx                                      .
 n   .                             *x**                                       .
 t   .                            x*.                                         .
 i   .                         ****                                           .
 l   .                       **x.                                             .
 e   .                     xxx .                                              .
 s   .                    xx .                                                .
     .                   x*.                                                  .
     .                 *x*.                                                   .
     .              x x .                                                     .
     .             x  .                                                       .
     .            xx .                                                        .
     .           xx.                                                          .
     .          x.                                                            .
     .         x.                                                             .
     .      x .                                                               .
     .      .                                                                 .
     .     .                                                                  .
     .   .                                                                    .
     . .                                                                      .
 -3.5..........................................................................
   -3.5                                                                      3.5
                             Standardized Residuals

 CFA dla modelu RA-SC (8 czynnikow). Skale ostateczne (24 zmienne)              

 Modification Indices and Expected Change

         Modification Indices for LAMBDA-X       

                 RPE       RPAT        EOU       RPAI         TC         SC   
            --------   --------   --------   --------   --------   --------
       e1       - -       0.811      0.928      0.000      0.003      1.301
       e2       - -       0.811      0.928      0.000      0.003      1.301
       t1      6.667       - -       0.398      0.928      0.334      0.138
       t2      5.550       - -       0.773      0.236      0.004      4.390
       t3      1.369       - -       1.584      0.485      0.428      3.185
       u1      0.045      0.076       - -       0.032      3.647      2.945
       u2      0.303      0.832       - -       0.433      2.098      4.667
       u3      0.388      1.208       - -       0.736      0.657      0.705
     img1      1.782      0.649      0.061       - -       0.006      0.699
     img2      1.782      0.649      0.061       - -       0.006      0.699
      nc1      2.194      1.231      1.830      0.512       - -       3.076
      nc2      2.194      1.231      1.830      0.512       - -       3.076
      sc1      0.438      1.209      0.541      0.001      0.282       - - 
      sc2      2.209      0.273      0.762      0.023      0.958       - - 
      sc3      2.694      4.511      2.082      4.236      0.326       - - 
      sc4      2.380      1.420      2.661      0.079      1.510       - - 
      sc5      3.047      0.285      0.004      3.563      0.704       - - 
      bi1      0.762      1.508      0.061      2.524      0.310      0.171
      bi2      1.378      0.465      0.016      2.723      0.235      0.274
      bi3      0.000      0.192      0.016      0.532      0.676      1.453
      bi4      0.009      3.512      0.050      0.179      2.190      0.963
      pi2      0.145      0.820      0.787      1.302      1.785      4.208
      pi3      0.019      0.034      0.045      0.520      1.256      1.772
      pi4      0.084      1.586      1.613      4.530      0.099      0.763

         Modification Indices for LAMBDA-X       

                  BI       PIIT   
            --------   --------
       e1      2.873      0.108
       e2      2.873      0.108
       t1      0.656      1.156
       t2      6.085      2.880
       t3      0.757      0.000
       u1      0.416      2.462
       u2      0.437      2.011
       u3      0.001      0.063
     img1      1.760      1.429
     img2      1.760      1.429
      nc1      0.003      0.027
      nc2      0.003      0.027
      sc1      0.201      0.157
      sc2      0.554      0.004
      sc3      0.033      0.690
      sc4      0.553      0.570
      sc5      0.004      0.059
      bi1       - -       2.846
      bi2       - -       1.970
      bi3       - -       0.439
      bi4       - -       3.421
      pi2      0.354       - - 
      pi3      0.022       - - 
      pi4      0.727       - - 

         Expected Change for LAMBDA-X    

                 RPE       RPAT        EOU       RPAI         TC         SC   
            --------   --------   --------   --------   --------   --------
       e1       - -      -0.041     -0.046     -0.001      0.003      0.051
       e2       - -       0.054      0.060      0.001     -0.003     -0.067
       t1      0.108       - -       0.032     -0.034      0.026      0.016
       t2     -0.120       - -       0.052      0.021      0.004      0.111
       t3     -0.049       - -      -0.063      0.024     -0.029     -0.078
       u1      0.011      0.017       - -      -0.008      0.107      0.093
       u2     -0.029     -0.057       - -       0.030     -0.082     -0.118
       u3      0.037      0.074       - -      -0.043     -0.052      0.052
     img1     -0.175      0.115      0.043       - -      -0.013      0.154
     img2      0.074     -0.048     -0.018       - -       0.006     -0.065
      nc1     -0.067     -0.053     -0.068     -0.029       - -       0.166
      nc2      0.077      0.061      0.079      0.033       - -      -0.191
      sc1     -0.025      0.045     -0.031      0.001     -0.024       - - 
      sc2     -0.056      0.021      0.036     -0.005      0.043       - - 
      sc3      0.066     -0.091     -0.064      0.069     -0.027       - - 
      sc4     -0.070      0.057      0.081      0.011      0.065       - - 
      sc5      0.065     -0.021     -0.002     -0.058     -0.036       - - 
      bi1      0.039     -0.063     -0.013     -0.057      0.026      0.022
      bi2     -0.057     -0.038      0.007      0.065      0.025     -0.030
      bi3      0.000     -0.023     -0.007      0.026      0.039      0.063
      bi4      0.004      0.088      0.011     -0.014     -0.064     -0.047
      pi2     -0.015     -0.039     -0.039     -0.038     -0.058     -0.109
      pi3      0.006     -0.008     -0.010     -0.025      0.050      0.071
      pi4      0.013      0.058      0.060      0.076      0.015      0.048

         Expected Change for LAMBDA-X    

                  BI       PIIT   
            --------   --------
       e1     -0.091     -0.016
       e2      0.119      0.021
       t1      0.042      0.049
       t2     -0.147     -0.092
       t3      0.045      0.000
       u1     -0.042     -0.087
       u2      0.044      0.079
       u3     -0.002      0.016
     img1     -0.207     -0.199
     img2      0.087      0.084
      nc1      0.003      0.009
      nc2     -0.003     -0.010
      sc1     -0.021     -0.020
      sc2      0.034     -0.003
      sc3      0.009      0.043
      sc4     -0.041     -0.044
      sc5      0.003      0.012
      bi1       - -      -0.082
      bi2       - -      -0.074
      bi3       - -       0.032
      bi4       - -       0.082
      pi2     -0.027       - - 
      pi3     -0.007       - - 
      pi4      0.041       - - 

         Standardized Expected Change for LAMBDA-X       

                 RPE       RPAT        EOU       RPAI         TC         SC   
            --------   --------   --------   --------   --------   --------
       e1       - -      -0.041     -0.046     -0.001      0.003      0.051
       e2       - -       0.054      0.060      0.001     -0.003     -0.067
       t1      0.108       - -       0.032     -0.034      0.026      0.016
       t2     -0.120       - -       0.052      0.021      0.004      0.111
       t3     -0.049       - -      -0.063      0.024     -0.029     -0.078
       u1      0.011      0.017       - -      -0.008      0.107      0.093
       u2     -0.029     -0.057       - -       0.030     -0.082     -0.118
       u3      0.037      0.074       - -      -0.043     -0.052      0.052
     img1     -0.175      0.115      0.043       - -      -0.013      0.154
     img2      0.074     -0.048     -0.018       - -       0.006     -0.065
      nc1     -0.067     -0.053     -0.068     -0.029       - -       0.166
      nc2      0.077      0.061      0.079      0.033       - -      -0.191
      sc1     -0.025      0.045     -0.031      0.001     -0.024       - - 
      sc2     -0.056      0.021      0.036     -0.005      0.043       - - 
      sc3      0.066     -0.091     -0.064      0.069     -0.027       - - 
      sc4     -0.070      0.057      0.081      0.011      0.065       - - 
      sc5      0.065     -0.021     -0.002     -0.058     -0.036       - - 
      bi1      0.039     -0.063     -0.013     -0.057      0.026      0.022
      bi2     -0.057     -0.038      0.007      0.065      0.025     -0.030
      bi3      0.000     -0.023     -0.007      0.026      0.039      0.063
      bi4      0.004      0.088      0.011     -0.014     -0.064     -0.047
      pi2     -0.015     -0.039     -0.039     -0.038     -0.058     -0.109
      pi3      0.006     -0.008     -0.010     -0.025      0.050      0.071
      pi4      0.013      0.058      0.060      0.076      0.015      0.048

         Standardized Expected Change for LAMBDA-X       

                  BI       PIIT   
            --------   --------
       e1     -0.091     -0.016
       e2      0.119      0.021
       t1      0.042      0.049
       t2     -0.147     -0.092
       t3      0.045      0.000
       u1     -0.042     -0.087
       u2      0.044      0.079
       u3     -0.002      0.016
     img1     -0.207     -0.199
     img2      0.087      0.084
      nc1      0.003      0.009
      nc2     -0.003     -0.010
      sc1     -0.021     -0.020
      sc2      0.034     -0.003
      sc3      0.009      0.043
      sc4     -0.041     -0.044
      sc5      0.003      0.012
      bi1       - -      -0.082
      bi2       - -      -0.074
      bi3       - -       0.032
      bi4       - -       0.082
      pi2     -0.027       - - 
      pi3     -0.007       - - 
      pi4      0.041       - - 

         Completely Standardized Expected Change for LAMBDA-X    

                 RPE       RPAT        EOU       RPAI         TC         SC   
            --------   --------   --------   --------   --------   --------
       e1       - -      -0.041     -0.046     -0.001      0.003      0.051
       e2       - -       0.054      0.060      0.001     -0.003     -0.067
       t1      0.108       - -       0.032     -0.034      0.026      0.016
       t2     -0.120       - -       0.052      0.021      0.004      0.111
       t3     -0.049       - -      -0.063      0.024     -0.029     -0.078
       u1      0.011      0.017       - -      -0.008      0.107      0.093
       u2     -0.029     -0.057       - -       0.030     -0.082     -0.118
       u3      0.037      0.074       - -      -0.043     -0.052      0.052
     img1     -0.175      0.115      0.043       - -      -0.013      0.154
     img2      0.074     -0.048     -0.018       - -       0.006     -0.065
      nc1     -0.067     -0.053     -0.068     -0.029       - -       0.166
      nc2      0.077      0.061      0.079      0.033       - -      -0.191
      sc1     -0.025      0.045     -0.031      0.001     -0.024       - - 
      sc2     -0.056      0.021      0.036     -0.005      0.043       - - 
      sc3      0.066     -0.091     -0.064      0.069     -0.027       - - 
      sc4     -0.070      0.057      0.081      0.011      0.065       - - 
      sc5      0.065     -0.021     -0.002     -0.058     -0.036       - - 
      bi1      0.039     -0.063     -0.013     -0.057      0.026      0.022
      bi2     -0.057     -0.038      0.007      0.065      0.025     -0.030
      bi3      0.000     -0.023     -0.007      0.026      0.039      0.063
      bi4      0.004      0.088      0.011     -0.014     -0.064     -0.047
      pi2     -0.015     -0.039     -0.039     -0.038     -0.058     -0.109
      pi3      0.006     -0.008     -0.010     -0.025      0.050      0.071
      pi4      0.013      0.058      0.060      0.076      0.015      0.048

         Completely Standardized Expected Change for LAMBDA-X    

                  BI       PIIT   
            --------   --------
       e1     -0.091     -0.016
       e2      0.119      0.021
       t1      0.042      0.049
       t2     -0.147     -0.092
       t3      0.045      0.000
       u1     -0.042     -0.087
       u2      0.044      0.079
       u3     -0.002      0.016
     img1     -0.207     -0.199
     img2      0.087      0.084
      nc1      0.003      0.009
      nc2     -0.003     -0.010
      sc1     -0.021     -0.020
      sc2      0.034     -0.003
      sc3      0.009      0.043
      sc4     -0.041     -0.044
      sc5      0.003      0.012
      bi1       - -      -0.082
      bi2       - -      -0.074
      bi3       - -       0.032
      bi4       - -       0.082
      pi2     -0.027       - - 
      pi3     -0.007       - - 
      pi4      0.041       - - 

 No Non-Zero Modification Indices for PHI         

         Modification Indices for THETA-DELTA    

                  e1         e2         t1         t2         t3         u1   
            --------   --------   --------   --------   --------   --------
       e1       - - 
       e2       - -        - - 
       t1      0.192      1.207       - - 
       t2      0.413      0.681      0.016       - - 
       t3      0.089      0.227      2.524      0.927       - - 
       u1      0.609      0.570      0.156      0.099      0.149       - - 
       u2      0.328      0.557      0.076      0.514      0.301      0.032
       u3      0.245      0.450      0.085      9.319      0.525      0.491
     img1      0.174      0.006      1.438      1.481      0.785      0.088
     img2      1.869      0.179      0.821      3.468      0.604      1.131
      nc1      0.082      2.568     11.603      0.182      9.577      1.178
      nc2      0.221      2.666     10.577      0.222      5.932      0.001
      sc1      1.852      1.884      0.002      0.845      0.250      3.386
      sc2      0.943      0.118      2.680      2.069      0.819      0.146
      sc3      4.777      0.695      0.010      0.066      1.725      5.283
      sc4      1.064      0.009      1.338      0.170      3.599      2.025
      sc5      0.682      3.162      0.130      2.319      0.744     13.082
      bi1      0.190      0.120      1.245      0.013      0.312      0.044
      bi2      0.669      0.004      2.389      0.242      0.774      2.100
      bi3      0.460      0.038      0.282      1.858      0.928      0.007
      bi4      0.054      0.008      6.708      0.127      1.610      1.680
      pi2      2.079      1.122      3.998      3.176      1.719      0.039
      pi3      4.872      3.227      0.151      0.147      0.803      1.243
      pi4     14.225      8.611      3.815      1.929      3.315      0.129

         Modification Indices for THETA-DELTA    

                  u2         u3       img1       img2        nc1        nc2   
            --------   --------   --------   --------   --------   --------
       u2       - - 
       u3      0.677       - - 
     img1      1.292      1.456       - - 
     img2      4.028      1.191       - -        - - 
      nc1      1.592      5.497      0.022      1.491       - - 
      nc2      0.553      0.905      0.142      2.450       - -        - - 
      sc1      0.618      0.382      0.275      1.349      2.566      0.837
      sc2      0.060      0.579      0.038      0.024      0.113      0.843
      sc3      0.333      0.353      2.349      0.611      5.302      3.018
      sc4      2.406      9.813      0.343      1.139      0.863      0.071
      sc5     12.714      1.794      4.341      1.090      0.405      1.719
      bi1      0.510      0.292      2.089      0.379      0.042      0.006
      bi2      3.951      2.158      2.571      0.137      1.058      0.036
      bi3      1.042      0.636      2.448      3.823      0.000      0.311
      bi4      1.446      0.316      2.597      5.269      0.297      2.492
      pi2      0.502      2.422      0.632      0.504      0.080      0.803
      pi3      0.541      0.001      0.729      1.044      0.920      1.906
      pi4      1.714      5.651      2.679      0.086      3.262      1.935

         Modification Indices for THETA-DELTA    

                 sc1        sc2        sc3        sc4        sc5        bi1   
            --------   --------   --------   --------   --------   --------
      sc1       - - 
      sc2      1.039       - - 
      sc3      1.752      5.500       - - 
      sc4      2.550      0.442      4.475       - - 
      sc5      0.868      2.164      1.561      1.081       - - 
      bi1      5.480      1.563      1.134      2.014      2.532       - - 
      bi2      0.471      0.330      0.207      1.219      0.070      2.292
      bi3      0.783      0.037      0.011      0.987      1.729      8.559
      bi4      0.085      0.047      0.049      0.420      0.053      1.054
      pi2      0.303      0.486      0.833      0.694      0.322      2.630
      pi3      0.145      3.823      0.536      0.212      0.241      1.282
      pi4      0.009      1.399      0.096      0.891      1.597      3.299

         Modification Indices for THETA-DELTA    

                 bi2        bi3        bi4        pi2        pi3        pi4   
            --------   --------   --------   --------   --------   --------
      bi2       - - 
      bi3      0.177       - - 
      bi4      1.826      4.569       - - 
      pi2      0.801      0.066      0.729       - - 
      pi3      0.001      0.492      3.727      0.046       - - 
      pi4      0.175      3.016      4.328      2.024      2.440       - - 

         Expected Change for THETA-DELTA 

                  e1         e2         t1         t2         t3         u1   
            --------   --------   --------   --------   --------   --------
       e1       - - 
       e2       - -        - - 
       t1      0.011      0.028       - - 
       t2     -0.021     -0.027      0.009       - - 
       t3     -0.008     -0.013     -0.195      0.061       - - 
       u1     -0.025      0.024      0.011      0.011     -0.011       - - 
       u2      0.018     -0.024      0.008     -0.026     -0.016     -0.029
       u3     -0.019      0.026     -0.010      0.137     -0.026     -0.047
     img1     -0.014      0.003     -0.039      0.048      0.029     -0.012
     img2      0.048     -0.015      0.029     -0.076     -0.025      0.043
      nc1      0.008     -0.046     -0.088     -0.014      0.083      0.035
      nc2     -0.013      0.048      0.084     -0.015     -0.064     -0.001
      sc1      0.034     -0.033      0.001      0.026      0.011     -0.050
      sc2     -0.023     -0.008      0.035     -0.040     -0.020     -0.010
      sc3      0.056     -0.021     -0.002     -0.008     -0.031     -0.066
      sc4     -0.030      0.003     -0.030      0.014      0.052      0.046
      sc5     -0.020      0.042     -0.008      0.042     -0.019      0.095
      bi1      0.012      0.010     -0.028     -0.004      0.014     -0.006
      bi2     -0.025      0.002     -0.042      0.017      0.025     -0.049
      bi3     -0.019      0.005     -0.013     -0.044      0.025      0.003
      bi4      0.006     -0.002      0.057     -0.010     -0.029      0.036
      pi2      0.036     -0.026      0.044     -0.051     -0.030      0.005
      pi3      0.057     -0.046      0.009      0.011     -0.021     -0.032
      pi4     -0.104      0.080     -0.048      0.044      0.046      0.011

         Expected Change for THETA-DELTA 

                  u2         u3       img1       img2        nc1        nc2   
            --------   --------   --------   --------   --------   --------
       u2       - - 
       u3      0.057       - - 
     img1      0.048     -0.057       - - 
     img2     -0.080      0.052       - -        - - 
      nc1     -0.040     -0.092      0.005     -0.044       - - 
      nc2      0.024      0.037     -0.016      0.057       - -        - - 
      sc1      0.021      0.021      0.016     -0.035     -0.040      0.022
      sc2      0.006      0.025     -0.006      0.005     -0.008      0.022
      sc3      0.016      0.021      0.048      0.025      0.060     -0.045
      sc4      0.050     -0.125      0.021     -0.039      0.028     -0.008
      sc5     -0.093      0.043     -0.060      0.031      0.015     -0.031
      bi1      0.022     -0.020     -0.049      0.021      0.006      0.002
      bi2      0.067     -0.061      0.060     -0.014      0.032     -0.006
      bi3     -0.032      0.030      0.053     -0.068      0.000      0.016
      bi4     -0.033      0.019     -0.049      0.069      0.014     -0.039
      pi2      0.019     -0.052     -0.025     -0.022      0.007     -0.022
      pi3      0.021      0.001     -0.027      0.033     -0.025      0.035
      pi4     -0.040      0.089      0.055      0.010      0.050     -0.038

         Expected Change for THETA-DELTA 

                 sc1        sc2        sc3        sc4        sc5        bi1   
            --------   --------   --------   --------   --------   --------
      sc1       - - 
      sc2     -0.025       - - 
      sc3     -0.033      0.058       - - 
      sc4      0.043      0.018     -0.059       - - 
      sc5      0.023     -0.036      0.031     -0.027       - - 
      bi1     -0.056      0.029      0.027      0.040     -0.037       - - 
      bi2      0.018     -0.015     -0.013     -0.035      0.007     -0.051
      bi3      0.021     -0.005      0.003     -0.029      0.031      0.097
      bi4      0.006      0.004      0.005     -0.016     -0.005     -0.036
      pi2     -0.012     -0.015      0.021     -0.021     -0.012     -0.039
      pi3      0.008      0.042     -0.017     -0.012     -0.011     -0.028
      pi4     -0.002     -0.027      0.008      0.027      0.029      0.049

         Expected Change for THETA-DELTA 

                 bi2        bi3        bi4        pi2        pi3        pi4   
            --------   --------   --------   --------   --------   --------
      bi2       - - 
      bi3      0.014       - - 
      bi4      0.045     -0.075       - - 
      pi2     -0.024      0.006      0.018       - - 
      pi3      0.001     -0.018      0.043     -0.014       - - 
      pi4     -0.012      0.047     -0.049     -0.081      0.083       - - 

         Completely Standardized Expected Change for THETA-DELTA 

                  e1         e2         t1         t2         t3         u1   
            --------   --------   --------   --------   --------   --------
       e1       - - 
       e2       - -        - - 
       t1      0.011      0.028       - - 
       t2     -0.021     -0.027      0.009       - - 
       t3     -0.008     -0.013     -0.195      0.061       - - 
       u1     -0.025      0.024      0.011      0.011     -0.011       - - 
       u2      0.018     -0.024      0.008     -0.026     -0.016     -0.029
       u3     -0.019      0.026     -0.010      0.137     -0.026     -0.047
     img1     -0.014      0.003     -0.039      0.048      0.029     -0.012
     img2      0.048     -0.015      0.029     -0.076     -0.025      0.043
      nc1      0.008     -0.046     -0.088     -0.014      0.083      0.035
      nc2     -0.013      0.048      0.084     -0.015     -0.064     -0.001
      sc1      0.034     -0.033      0.001      0.026      0.011     -0.050
      sc2     -0.023     -0.008      0.035     -0.040     -0.020     -0.010
      sc3      0.056     -0.021     -0.002     -0.008     -0.031     -0.066
      sc4     -0.030      0.003     -0.030      0.014      0.052      0.046
      sc5     -0.020      0.042     -0.008      0.042     -0.019      0.095
      bi1      0.012      0.010     -0.028     -0.004      0.014     -0.006
      bi2     -0.025      0.002     -0.042      0.017      0.025     -0.049
      bi3     -0.019      0.005     -0.013     -0.044      0.025      0.003
      bi4      0.006     -0.002      0.057     -0.010     -0.029      0.036
      pi2      0.036     -0.026      0.044     -0.051     -0.030      0.005
      pi3      0.057     -0.046      0.009      0.011     -0.021     -0.032
      pi4     -0.104      0.080     -0.048      0.044      0.046      0.011

         Completely Standardized Expected Change for THETA-DELTA 

                  u2         u3       img1       img2        nc1        nc2   
            --------   --------   --------   --------   --------   --------
       u2       - - 
       u3      0.057       - - 
     img1      0.048     -0.057       - - 
     img2     -0.080      0.052       - -        - - 
      nc1     -0.040     -0.092      0.005     -0.044       - - 
      nc2      0.024      0.037     -0.016      0.057       - -        - - 
      sc1      0.021      0.021      0.016     -0.035     -0.040      0.022
      sc2      0.006      0.025     -0.006      0.005     -0.008      0.022
      sc3      0.016      0.021      0.048      0.025      0.060     -0.045
      sc4      0.050     -0.125      0.021     -0.039      0.028     -0.008
      sc5     -0.093      0.043     -0.060      0.031      0.015     -0.031
      bi1      0.022     -0.020     -0.049      0.021      0.006      0.002
      bi2      0.067     -0.061      0.060     -0.014      0.032     -0.006
      bi3     -0.032      0.030      0.053     -0.068      0.000      0.016
      bi4     -0.033      0.019     -0.049      0.069      0.014     -0.039
      pi2      0.019     -0.052     -0.025     -0.022      0.007     -0.022
      pi3      0.021      0.001     -0.027      0.033     -0.025      0.035
      pi4     -0.040      0.089      0.055      0.010      0.050     -0.038

         Completely Standardized Expected Change for THETA-DELTA 

                 sc1        sc2        sc3        sc4        sc5        bi1   
            --------   --------   --------   --------   --------   --------
      sc1       - - 
      sc2     -0.025       - - 
      sc3     -0.033      0.058       - - 
      sc4      0.043      0.018     -0.059       - - 
      sc5      0.023     -0.036      0.031     -0.027       - - 
      bi1     -0.056      0.029      0.027      0.040     -0.037       - - 
      bi2      0.018     -0.015     -0.013     -0.035      0.007     -0.051
      bi3      0.021     -0.005      0.003     -0.029      0.031      0.097
      bi4      0.006      0.004      0.005     -0.016     -0.005     -0.036
      pi2     -0.012     -0.015      0.021     -0.021     -0.012     -0.039
      pi3      0.008      0.042     -0.017     -0.012     -0.011     -0.028
      pi4     -0.002     -0.027      0.008      0.027      0.029      0.049

         Completely Standardized Expected Change for THETA-DELTA 

                 bi2        bi3        bi4        pi2        pi3        pi4   
            --------   --------   --------   --------   --------   --------
      bi2       - - 
      bi3      0.014       - - 
      bi4      0.045     -0.075       - - 
      pi2     -0.024      0.006      0.018       - - 
      pi3      0.001     -0.018      0.043     -0.014       - - 
      pi4     -0.012      0.047     -0.049     -0.081      0.083       - - 

 Maximum Modification Index is   14.22 for Element (24, 1) of THETA-DELTA

 CFA dla modelu RA-SC (8 czynnikow). Skale ostateczne (24 zmienne)              

 Covariances

         X - KSI 

                  e1         e2         t1         t2         t3         u1   
            --------   --------   --------   --------   --------   --------
      RPE      0.764      0.994      0.009      0.006      0.008     -0.019
     RPAT      0.007      0.009      0.910      0.692      0.858      0.231
      EOU     -0.018     -0.023      0.261      0.198      0.246      0.807
     RPAI     -0.010     -0.013      0.053      0.040      0.050      0.117
       TC     -0.011     -0.015      0.038      0.029      0.035      0.089
       SC      0.038      0.050     -0.127     -0.097     -0.120     -0.027
       BI      0.126      0.164      0.364      0.277      0.343      0.283
     PIIT      0.094      0.123      0.152      0.116      0.144      0.059

         X - KSI 

                  u2         u3       img1       img2        nc1        nc2   
            --------   --------   --------   --------   --------   --------
      RPE     -0.019     -0.012     -0.015     -0.006     -0.012     -0.014
     RPAT      0.236      0.146      0.068      0.029      0.033      0.038
      EOU      0.823      0.509      0.171      0.072      0.089      0.102
     RPAI      0.120      0.074      1.175      0.496     -0.121     -0.139
       TC      0.090      0.056     -0.176     -0.074      0.807      0.927
       SC     -0.027     -0.017     -0.188     -0.079      0.308      0.354
       BI      0.288      0.178      0.123      0.052     -0.176     -0.202
     PIIT      0.060      0.037      0.155      0.065     -0.179     -0.205

         X - KSI 

                 sc1        sc2        sc3        sc4        sc5        bi1   
            --------   --------   --------   --------   --------   --------
      RPE      0.043      0.044      0.042      0.039      0.044      0.135
     RPAT     -0.120     -0.122     -0.117     -0.107     -0.123      0.327
      EOU     -0.028     -0.029     -0.028     -0.025     -0.029      0.287
     RPAI     -0.138     -0.140     -0.134     -0.123     -0.141      0.086
       TC      0.329      0.333      0.320      0.293      0.335     -0.179
       SC      0.860      0.873      0.839      0.768      0.878     -0.380
       BI     -0.400     -0.405     -0.390     -0.357     -0.408      0.818
     PIIT     -0.459     -0.465     -0.447     -0.409     -0.468      0.245

         X - KSI 

                 bi2        bi3        bi4        pi2        pi3        pi4   
            --------   --------   --------   --------   --------   --------
      RPE      0.123      0.134      0.147      0.110      0.107      0.102
     RPAT      0.300      0.325      0.358      0.149      0.145      0.138
      EOU      0.263      0.285      0.314      0.066      0.064      0.061
     RPAI      0.078      0.085      0.094      0.118      0.114      0.109
       TC     -0.164     -0.178     -0.196     -0.198     -0.192     -0.183
       SC     -0.348     -0.378     -0.416     -0.476     -0.462     -0.440
       BI      0.749      0.813      0.895      0.268      0.260      0.248
     PIIT      0.225      0.244      0.268      0.893      0.866      0.826

 CFA dla modelu RA-SC (8 czynnikow). Skale ostateczne (24 zmienne)              

 Standardized Solution           

         LAMBDA-X    

                 RPE       RPAT        EOU       RPAI         TC         SC   
            --------   --------   --------   --------   --------   --------
       e1      0.764       - -        - -        - -        - -        - - 
       e2      0.994       - -        - -        - -        - -        - - 
       t1       - -       0.910       - -        - -        - -        - - 
       t2       - -       0.692       - -        - -        - -        - - 
       t3       - -       0.858       - -        - -        - -        - - 
       u1       - -        - -       0.807       - -        - -        - - 
       u2       - -        - -       0.823       - -        - -        - - 
       u3       - -        - -       0.509       - -        - -        - - 
     img1       - -        - -        - -       1.175       - -        - - 
     img2       - -        - -        - -       0.496       - -        - - 
      nc1       - -        - -        - -        - -       0.807       - - 
      nc2       - -        - -        - -        - -       0.927       - - 
      sc1       - -        - -        - -        - -        - -       0.860
      sc2       - -        - -        - -        - -        - -       0.873
      sc3       - -        - -        - -        - -        - -       0.839
      sc4       - -        - -        - -        - -        - -       0.768
      sc5       - -        - -        - -        - -        - -       0.878
      bi1       - -        - -        - -        - -        - -        - - 
      bi2       - -        - -        - -        - -        - -        - - 
      bi3       - -        - -        - -        - -        - -        - - 
      bi4       - -        - -        - -        - -        - -        - - 
      pi2       - -        - -        - -        - -        - -        - - 
      pi3       - -        - -        - -        - -        - -        - - 
      pi4       - -        - -        - -        - -        - -        - - 

         LAMBDA-X    

                  BI       PIIT   
            --------   --------
       e1       - -        - - 
       e2       - -        - - 
       t1       - -        - - 
       t2       - -        - - 
       t3       - -        - - 
       u1       - -        - - 
       u2       - -        - - 
       u3       - -        - - 
     img1       - -        - - 
     img2       - -        - - 
      nc1       - -        - - 
      nc2       - -        - - 
      sc1       - -        - - 
      sc2       - -        - - 
      sc3       - -        - - 
      sc4       - -        - - 
      sc5       - -        - - 
      bi1      0.818       - - 
      bi2      0.749       - - 
      bi3      0.813       - - 
      bi4      0.895       - - 
      pi2       - -       0.893
      pi3       - -       0.866
      pi4       - -       0.826

         PHI                                     

                 RPE       RPAT        EOU       RPAI         TC         SC   
            --------   --------   --------   --------   --------   --------
      RPE      1.000
     RPAT      0.009      1.000
      EOU     -0.023      0.287      1.000
     RPAI     -0.013      0.058      0.146      1.000
       TC     -0.015      0.041      0.110     -0.150      1.000
       SC      0.050     -0.140     -0.033     -0.160      0.382      1.000
       BI      0.165      0.400      0.351      0.105     -0.218     -0.464
     PIIT      0.124      0.167      0.073      0.132     -0.221     -0.533

         PHI                                     

                  BI       PIIT   
            --------   --------
       BI      1.000
     PIIT      0.300      1.000

 CFA dla modelu RA-SC (8 czynnikow). Skale ostateczne (24 zmienne)              

 Completely Standardized Solution

         LAMBDA-X    

                 RPE       RPAT        EOU       RPAI         TC         SC   
            --------   --------   --------   --------   --------   --------
       e1      0.764       - -        - -        - -        - -        - - 
       e2      0.994       - -        - -        - -        - -        - - 
       t1       - -       0.910       - -        - -        - -        - - 
       t2       - -       0.692       - -        - -        - -        - - 
       t3       - -       0.858       - -        - -        - -        - - 
       u1       - -        - -       0.807       - -        - -        - - 
       u2       - -        - -       0.823       - -        - -        - - 
       u3       - -        - -       0.509       - -        - -        - - 
     img1       - -        - -        - -       1.175       - -        - - 
     img2       - -        - -        - -       0.496       - -        - - 
      nc1       - -        - -        - -        - -       0.807       - - 
      nc2       - -        - -        - -        - -       0.927       - - 
      sc1       - -        - -        - -        - -        - -       0.860
      sc2       - -        - -        - -        - -        - -       0.873
      sc3       - -        - -        - -        - -        - -       0.839
      sc4       - -        - -        - -        - -        - -       0.768
      sc5       - -        - -        - -        - -        - -       0.878
      bi1       - -        - -        - -        - -        - -        - - 
      bi2       - -        - -        - -        - -        - -        - - 
      bi3       - -        - -        - -        - -        - -        - - 
      bi4       - -        - -        - -        - -        - -        - - 
      pi2       - -        - -        - -        - -        - -        - - 
      pi3       - -        - -        - -        - -        - -        - - 
      pi4       - -        - -        - -        - -        - -        - - 

         LAMBDA-X    

                  BI       PIIT   
            --------   --------
       e1       - -        - - 
       e2       - -        - - 
       t1       - -        - - 
       t2       - -        - - 
       t3       - -        - - 
       u1       - -        - - 
       u2       - -        - - 
       u3       - -        - - 
     img1       - -        - - 
     img2       - -        - - 
      nc1       - -        - - 
      nc2       - -        - - 
      sc1       - -        - - 
      sc2       - -        - - 
      sc3       - -        - - 
      sc4       - -        - - 
      sc5       - -        - - 
      bi1      0.818       - - 
      bi2      0.749       - - 
      bi3      0.813       - - 
      bi4      0.895       - - 
      pi2       - -       0.893
      pi3       - -       0.866
      pi4       - -       0.826

         PHI                                     

                 RPE       RPAT        EOU       RPAI         TC         SC   
            --------   --------   --------   --------   --------   --------
      RPE      1.000
     RPAT      0.009      1.000
      EOU     -0.023      0.287      1.000
     RPAI     -0.013      0.058      0.146      1.000
       TC     -0.015      0.041      0.110     -0.150      1.000
       SC      0.050     -0.140     -0.033     -0.160      0.382      1.000
       BI      0.165      0.400      0.351      0.105     -0.218     -0.464
     PIIT      0.124      0.167      0.073      0.132     -0.221     -0.533

         PHI                                     

                  BI       PIIT   
            --------   --------
       BI      1.000
     PIIT      0.300      1.000

         THETA-DELTA 

                  e1         e2         t1         t2         t3         u1   
            --------   --------   --------   --------   --------   --------
               0.417      0.012      0.173      0.521      0.264      0.349

         THETA-DELTA 

                  u2         u3       img1       img2        nc1        nc2   
            --------   --------   --------   --------   --------   --------
               0.323      0.741     -0.381      0.754      0.350      0.141

         THETA-DELTA 

                 sc1        sc2        sc3        sc4        sc5        bi1   
            --------   --------   --------   --------   --------   --------
               0.260      0.238      0.297      0.410      0.229      0.331

         THETA-DELTA 

                 bi2        bi3        bi4        pi2        pi3        pi4   
            --------   --------   --------   --------   --------   --------
               0.439      0.339      0.199      0.202      0.250      0.318
