
                                DATE:  3/30/2011
                                  TIME:  8:36


                                L I S R E L  8.72

                                       BY

                         Karl G. J”reskog & Dag S”rbom



                    This program is published exclusively by
                    Scientific Software International, Inc.
                       7383 N. Lincoln Avenue, Suite 100
                        Lincolnwood, IL 60712, U.S.A. 
            Phone: (800)247-6113, (847)675-0720, Fax: (847)675-2140
        Copyright by Scientific Software International, Inc., 1981-2005 
          Use of this program is subject to the terms specified in the
                        Universal Copyright Convention.
                          Website: www.ssicentral.com

 The following lines were read from file tamsc_cfa_prelim.ls8:

 CFA dla modelu RA-SC (8 czynnikow). Skale wstepne (26 zmiennych)
 !  (c) T.Przechlewski 2011 (licencja GPL) http://member.acm.org/~tprzechlewski/sem
 DA NI=30 NO=228 MA=CM
  
 KM FI=Model_TAMSC_00.mtx
  
 ! Etykiety miar (podane w kolejnosci w jakiej wystêpuj± w macierzy KM
 LA FI=Model_TAMSC_00.lbl
  
 ! Zmiana kolejnosci (przypisanie miar czynnikom X1--X25 --> PU, X3--X21 --> PEOU itd...
 ! je¿eli nie wszystkie zmienne s± wybrane zakoñcz polecenie SE znakiem `/'
 !  --- RPE     -- RPAT     -- EOU      -- RPAI         -- TC                  -- SC                -- BI                -- PIIT
 SE ; e1 e2    t1 t2 t3   u1 u2 u3    img1 img2   nc1 nc2 nc3    sc1 sc2 sc3 sc4 sc5    bi1  bi2  bi3 bi4      pi1 pi2  pi3  pi4  /
  
 ! Okre¶lenie modelu SEM
 MO NX=26 NK=8 LX=FU,FI PH=SY,FR TD=DI,FR
  
 LK ; RPE RPAT EOU RPAI TC SC BI PIIT
  
 FR LX(1,1)  LX(2,1)              ! RPAE
 FR LX(3,2)  LX(4,2) LX(5,2)      ! RPAT
 FR LX(6,3)  LX(7,3)   LX(8,3)    ! EOU
 FR LX(9,4)  LX(10,4)             ! RPAI
 FR LX(11,5) LX(12,5)  LX(13,5)   ! TC
 FR LX(14,6) LX(15,6)  LX(16,6) LX(17,6) LX(18,6)   ! SC
 FR LX(19,7) LX(20,7)  LX(21,7) LX(22,7)    ! BI
 FR LX(23,8) LX(24,8)  LX(25,8) LX(26,8)    ! PIIT
  
 FI PH(1,1) PH(2,2) PH(3,3) PH(4,4) PH(5,5) PH(6,6) PH(7,7) PH(8,8)
 VA 1 PH(1,1) PH(2,2) PH(3,3) PH(4,4) PH(5,5) PH(6,6) PH(7,7) PH(8,8)
  
 OU ME=ML ND=3 MI RS MR SC AD=666

 CFA dla modelu RA-SC (8 czynnikow). Skale wstepne (26 zmiennych)               

                           Number of Input Variables 30
                           Number of Y - Variables    0
                           Number of X - Variables   26
                           Number of ETA - Variables  0
                           Number of KSI - Variables  8
                           Number of Observations   228

 CFA dla modelu RA-SC (8 czynnikow). Skale wstepne (26 zmiennych)               

         Covariance Matrix       

                  e1         e2         t1         t2         t3         u1   
            --------   --------   --------   --------   --------   --------
       e1      1.000
       e2      0.759      1.000
       t1      0.015      0.056      1.000
       t2     -0.120     -0.099      0.630      1.000
       t3     -0.055     -0.024      0.778      0.603      1.000
       u1     -0.055     -0.011      0.228      0.199      0.176      1.000
       u2     -0.045     -0.033      0.206      0.162      0.154      0.663
       u3     -0.019      0.023      0.182      0.271      0.139      0.398
     img1      0.009      0.002      0.039      0.045      0.066      0.133
     img2      0.110      0.073     -0.008     -0.077     -0.023      0.077
      nc1     -0.040     -0.063     -0.030     -0.010      0.031      0.099
      nc2      0.001      0.004      0.069      0.033      0.013      0.142
      nc3     -0.051     -0.027      0.049     -0.060      0.049     -0.019
      sc1      0.084      0.022     -0.075      0.035     -0.111     -0.024
      sc2      0.025      0.001     -0.079     -0.024     -0.145      0.032
      sc3      0.158      0.094     -0.161     -0.056     -0.215     -0.053
      sc4     -0.008     -0.023     -0.066      0.038     -0.057      0.092
      sc5      0.096      0.091     -0.121      0.014     -0.169      0.067
      bi1      0.087      0.164      0.264      0.122      0.275      0.210
      bi2     -0.007      0.077      0.241      0.134      0.267      0.175
      bi3      0.040      0.134      0.288      0.106      0.299      0.216
      bi4      0.066      0.150      0.386      0.181      0.342      0.257
      pi1     -0.011      0.040     -0.142     -0.034     -0.131     -0.087
      pi2      0.089      0.101      0.149     -0.003      0.099      0.002
      pi3      0.113      0.109      0.146      0.042      0.109     -0.006
      pi4     -0.005      0.113      0.156      0.095      0.178      0.049

         Covariance Matrix       

                  u2         u3       img1       img2        nc1        nc2   
            --------   --------   --------   --------   --------   --------
       u2      1.000
       u3      0.431      1.000
     img1      0.148      0.052      1.000
     img2      0.007      0.059      0.583      1.000
      nc1     -0.010     -0.078     -0.176     -0.110      1.000
      nc2      0.066      0.032     -0.149     -0.041      0.748      1.000
      nc3      0.034     -0.126     -0.044      0.063      0.239      0.292
      sc1     -0.078      0.029     -0.175     -0.131      0.253      0.289
      sc2     -0.052      0.054     -0.174     -0.099      0.308      0.328
      sc3     -0.097      0.018     -0.094     -0.033      0.310      0.261
      sc4      0.013     -0.054     -0.146     -0.122      0.312      0.301
      sc5     -0.119      0.055     -0.217     -0.105      0.289      0.276
      bi1      0.253      0.125      0.060      0.085     -0.125     -0.150
      bi2      0.267      0.084      0.166      0.115     -0.094     -0.137
      bi3      0.227      0.165      0.121      0.048     -0.121     -0.137
      bi4      0.262      0.171      0.127      0.151     -0.174     -0.217
      pi1     -0.014     -0.004      0.027      0.061     -0.021     -0.143
      pi2      0.079      0.005      0.122      0.078     -0.174     -0.215
      pi3      0.089      0.042      0.128      0.120     -0.143     -0.145
      pi4      0.091      0.127      0.209      0.151     -0.104     -0.172

         Covariance Matrix       

                 nc3        sc1        sc2        sc3        sc4        sc5   
            --------   --------   --------   --------   --------   --------
      nc3      1.000
      sc1     -0.331      1.000
      sc2     -0.305      0.740      1.000
      sc3     -0.205      0.704      0.762      1.000
      sc4     -0.207      0.689      0.681      0.604      1.000
      sc5     -0.250      0.765      0.752      0.751      0.658      1.000
      bi1      0.026     -0.363     -0.289     -0.287     -0.273     -0.345
      bi2      0.066     -0.310     -0.317     -0.312     -0.327     -0.315
      bi3      0.041     -0.290     -0.289     -0.282     -0.305     -0.281
      bi4      0.090     -0.380     -0.361     -0.357     -0.364     -0.382
      pi1      0.106     -0.199     -0.220     -0.037     -0.205     -0.118
      pi2      0.116     -0.453     -0.454     -0.399     -0.425     -0.449
      pi3      0.096     -0.377     -0.357     -0.356     -0.362     -0.383
      pi4      0.090     -0.369     -0.383     -0.328     -0.321     -0.345

         Covariance Matrix       

                 bi1        bi2        bi3        bi4        pi1        pi2   
            --------   --------   --------   --------   --------   --------
      bi1      1.000
      bi2      0.584      1.000
      bi3      0.708      0.617      1.000
      bi4      0.724      0.686      0.710      1.000
      pi1      0.065      0.075      0.051      0.036      1.000
      pi2      0.144      0.133      0.229      0.269      0.468      1.000
      pi3      0.149      0.148      0.215      0.280      0.414      0.773
      pi4      0.212      0.153      0.269      0.250      0.435      0.731

         Covariance Matrix       

                 pi3        pi4   
            --------   --------
      pi3      1.000
      pi4      0.726      1.000


 CFA dla modelu RA-SC (8 czynnikow). Skale wstepne (26 zmiennych)               

 Parameter Specifications

         LAMBDA-X    

                 RPE       RPAT        EOU       RPAI         TC         SC
            --------   --------   --------   --------   --------   --------
       e1          1          0          0          0          0          0
       e2          2          0          0          0          0          0
       t1          0          3          0          0          0          0
       t2          0          4          0          0          0          0
       t3          0          5          0          0          0          0
       u1          0          0          6          0          0          0
       u2          0          0          7          0          0          0
       u3          0          0          8          0          0          0
     img1          0          0          0          9          0          0
     img2          0          0          0         10          0          0
      nc1          0          0          0          0         11          0
      nc2          0          0          0          0         12          0
      nc3          0          0          0          0         13          0
      sc1          0          0          0          0          0         14
      sc2          0          0          0          0          0         15
      sc3          0          0          0          0          0         16
      sc4          0          0          0          0          0         17
      sc5          0          0          0          0          0         18
      bi1          0          0          0          0          0          0
      bi2          0          0          0          0          0          0
      bi3          0          0          0          0          0          0
      bi4          0          0          0          0          0          0
      pi1          0          0          0          0          0          0
      pi2          0          0          0          0          0          0
      pi3          0          0          0          0          0          0
      pi4          0          0          0          0          0          0

         LAMBDA-X    

                  BI       PIIT
            --------   --------
       e1          0          0
       e2          0          0
       t1          0          0
       t2          0          0
       t3          0          0
       u1          0          0
       u2          0          0
       u3          0          0
     img1          0          0
     img2          0          0
      nc1          0          0
      nc2          0          0
      nc3          0          0
      sc1          0          0
      sc2          0          0
      sc3          0          0
      sc4          0          0
      sc5          0          0
      bi1         19          0
      bi2         20          0
      bi3         21          0
      bi4         22          0
      pi1          0         23
      pi2          0         24
      pi3          0         25
      pi4          0         26

         PHI         

                 RPE       RPAT        EOU       RPAI         TC         SC
            --------   --------   --------   --------   --------   --------
      RPE          0
     RPAT         27          0
      EOU         28         29          0
     RPAI         30         31         32          0
       TC         33         34         35         36          0
       SC         37         38         39         40         41          0
       BI         42         43         44         45         46         47
     PIIT         48         49         50         51         52         53

         PHI         

                  BI       PIIT
            --------   --------
       BI          0
     PIIT         54          0

         THETA-DELTA 

                  e1         e2         t1         t2         t3         u1
            --------   --------   --------   --------   --------   --------
                  55         56         57         58         59         60

         THETA-DELTA 

                  u2         u3       img1       img2        nc1        nc2
            --------   --------   --------   --------   --------   --------
                  61         62         63         64         65         66

         THETA-DELTA 

                 nc3        sc1        sc2        sc3        sc4        sc5
            --------   --------   --------   --------   --------   --------
                  67         68         69         70         71         72

         THETA-DELTA 

                 bi1        bi2        bi3        bi4        pi1        pi2
            --------   --------   --------   --------   --------   --------
                  73         74         75         76         77         78

         THETA-DELTA 

                 pi3        pi4
            --------   --------
                  79         80
 


 CFA dla modelu RA-SC (8 czynnikow). Skale wstepne (26 zmiennych)               

 Number of Iterations = 25

 LISREL Estimates (Maximum Likelihood)                           

         LAMBDA-X    

                 RPE       RPAT        EOU       RPAI         TC         SC   
            --------   --------   --------   --------   --------   --------
       e1      0.753       - -        - -        - -        - -        - - 
             (0.096)
               7.853
 
       e2      1.007       - -        - -        - -        - -        - - 
             (0.114)
               8.841
 
       t1       - -       0.912       - -        - -        - -        - - 
                        (0.056)
                         16.413
 
       t2       - -       0.691       - -        - -        - -        - - 
                        (0.061)
                         11.369
 
       t3       - -       0.856       - -        - -        - -        - - 
                        (0.057)
                         15.011
 
       u1       - -        - -       0.804       - -        - -        - - 
                                   (0.066)
                                    12.207
 
       u2       - -        - -       0.825       - -        - -        - - 
                                   (0.066)
                                    12.541
 
       u3       - -        - -       0.510       - -        - -        - - 
                                   (0.068)
                                     7.458
 
     img1       - -        - -        - -       1.246       - -        - - 
                                              (0.340)
                                                3.666
 
     img2       - -        - -        - -       0.468       - -        - - 
                                              (0.142)
                                                3.302
 
      nc1       - -        - -        - -        - -       0.726       - - 
                                                         (0.070)
                                                          10.374
 
      nc2       - -        - -        - -        - -       1.028       - - 
                                                         (0.074)
                                                          13.976
 
      nc3       - -        - -        - -        - -       0.289       - - 
                                                         (0.066)
                                                           4.384
 
      sc1       - -        - -        - -        - -        - -       0.861
                                                                    (0.054)
                                                                     16.015
 
      sc2       - -        - -        - -        - -        - -       0.874
                                                                    (0.053)
                                                                     16.389
 
      sc3       - -        - -        - -        - -        - -       0.838
                                                                    (0.055)
                                                                     15.324
 
      sc4       - -        - -        - -        - -        - -       0.768
                                                                    (0.057)
                                                                     13.449
 
      sc5       - -        - -        - -        - -        - -       0.878
                                                                    (0.053)
                                                                     16.517
 
      bi1       - -        - -        - -        - -        - -        - - 
 
      bi2       - -        - -        - -        - -        - -        - - 
 
      bi3       - -        - -        - -        - -        - -        - - 
 
      bi4       - -        - -        - -        - -        - -        - - 
 
      pi1       - -        - -        - -        - -        - -        - - 
 
      pi2       - -        - -        - -        - -        - -        - - 
 
      pi3       - -        - -        - -        - -        - -        - - 
 
      pi4       - -        - -        - -        - -        - -        - - 
 

         LAMBDA-X    

                  BI       PIIT   
            --------   --------
       e1       - -        - - 
 
       e2       - -        - - 
 
       t1       - -        - - 
 
       t2       - -        - - 
 
       t3       - -        - - 
 
       u1       - -        - - 
 
       u2       - -        - - 
 
       u3       - -        - - 
 
     img1       - -        - - 
 
     img2       - -        - - 
 
      nc1       - -        - - 
 
      nc2       - -        - - 
 
      nc3       - -        - - 
 
      sc1       - -        - - 
 
      sc2       - -        - - 
 
      sc3       - -        - - 
 
      sc4       - -        - - 
 
      sc5       - -        - - 
 
      bi1      0.818       - - 
             (0.056)
              14.554
 
      bi2      0.749       - - 
             (0.058)
              12.813
 
      bi3      0.812       - - 
             (0.056)
              14.407
 
      bi4      0.896       - - 
             (0.053)
              16.767
 
      pi1       - -       0.501
                        (0.065)
                          7.722
 
      pi2       - -       0.899
                        (0.054)
                         16.792
 
      pi3       - -       0.861
                        (0.055)
                         15.721
 
      pi4       - -       0.827
                        (0.056)
                         14.789
 

         PHI         

                 RPE       RPAT        EOU       RPAI         TC         SC   
            --------   --------   --------   --------   --------   --------
      RPE      1.000
 
     RPAT      0.012      1.000
             (0.070)
               0.174
 
      EOU     -0.021      0.287      1.000
             (0.073)    (0.073)
              -0.285      3.953
 
     RPAI     -0.015      0.056      0.136      1.000
             (0.051)    (0.057)    (0.072)
              -0.293      0.976      1.892
 
       TC      0.010      0.055      0.122     -0.116      1.000
             (0.064)    (0.068)    (0.071)    (0.063)
               0.161      0.815      1.718     -1.839
 
       SC      0.047     -0.139     -0.034     -0.147      0.331      1.000
             (0.068)    (0.071)    (0.076)    (0.072)    (0.063)
               0.687     -1.945     -0.445     -2.061      5.240
 
       BI      0.165      0.400      0.351      0.094     -0.201     -0.465
             (0.070)    (0.063)    (0.070)    (0.062)    (0.066)    (0.058)
               2.367      6.314      5.040      1.507     -3.027     -7.979
 
     PIIT      0.121      0.151      0.067      0.116     -0.209     -0.528
             (0.069)    (0.072)    (0.077)    (0.066)    (0.066)    (0.054)
               1.734      2.093      0.873      1.759     -3.151     -9.781
 

         PHI         

                  BI       PIIT   
            --------   --------
       BI      1.000
 
     PIIT      0.293      1.000
             (0.068)
               4.325
 

         THETA-DELTA 

                  e1         e2         t1         t2         t3         u1   
            --------   --------   --------   --------   --------   --------
               0.433     -0.015      0.168      0.522      0.268      0.353
             (0.124)    (0.209)    (0.044)    (0.055)    (0.044)    (0.068)
               3.489     -0.070      3.802      9.437      6.020      5.205
 

         THETA-DELTA 

                  u2         u3       img1       img2        nc1        nc2   
            --------   --------   --------   --------   --------   --------
               0.319      0.740     -0.553      0.781      0.473     -0.056
             (0.069)    (0.075)    (0.845)    (0.140)    (0.074)    (0.119)
               4.623      9.810     -0.654      5.591      6.399     -0.470
 

         THETA-DELTA 

                 nc3        sc1        sc2        sc3        sc4        sc5   
            --------   --------   --------   --------   --------   --------
               0.917      0.258      0.237      0.298      0.410      0.230
             (0.086)    (0.031)    (0.029)    (0.034)    (0.043)    (0.029)
              10.625      8.405      8.127      8.819      9.542      8.021
 

         THETA-DELTA 

                 bi1        bi2        bi3        bi4        pi1        pi2   
            --------   --------   --------   --------   --------   --------
               0.331      0.439      0.340      0.197      0.749      0.192
             (0.040)    (0.047)    (0.040)    (0.032)    (0.073)    (0.033)
               8.367      9.240      8.464      6.113     10.293      5.801
 

         THETA-DELTA 

                 pi3        pi4   
            --------   --------
               0.258      0.316
             (0.036)    (0.039)
               7.242      8.165
 

         Squared Multiple Correlations for X - Variables         

                  e1         e2         t1         t2         t3         u1   
            --------   --------   --------   --------   --------   --------
               0.567      1.015      0.832      0.478      0.732      0.647

         Squared Multiple Correlations for X - Variables         

                  u2         u3       img1       img2        nc1        nc2   
            --------   --------   --------   --------   --------   --------
               0.681      0.260      1.553      0.219      0.527      1.056

         Squared Multiple Correlations for X - Variables         

                 nc3        sc1        sc2        sc3        sc4        sc5   
            --------   --------   --------   --------   --------   --------
               0.083      0.742      0.763      0.702      0.590      0.770

         Squared Multiple Correlations for X - Variables         

                 bi1        bi2        bi3        bi4        pi1        pi2   
            --------   --------   --------   --------   --------   --------
               0.669      0.561      0.660      0.803      0.251      0.808

         Squared Multiple Correlations for X - Variables         

                 pi3        pi4   
            --------   --------
               0.742      0.684


                           Goodness of Fit Statistics

                             Degrees of Freedom = 271
               Minimum Fit Function Chi-Square = 499.380 (P = 0.00)
       Normal Theory Weighted Least Squares Chi-Square = 460.969 (P = 0.00)
                Estimated Non-centrality Parameter (NCP) = 189.969
           90 Percent Confidence Interval for NCP = (134.521 ; 253.293)
 
                        Minimum Fit Function Value = 2.200
                Population Discrepancy Function Value (F0) = 0.837
             90 Percent Confidence Interval for F0 = (0.593 ; 1.116)
             Root Mean Square Error of Approximation (RMSEA) = 0.0556
           90 Percent Confidence Interval for RMSEA = (0.0468 ; 0.0642)
               P-Value for Test of Close Fit (RMSEA < 0.05) = 0.144
 
                  Expected Cross-Validation Index (ECVI) = 2.736
            90 Percent Confidence Interval for ECVI = (2.491 ; 3.015)
                         ECVI for Saturated Model = 3.093
                       ECVI for Independence Model = 23.694
 
     Chi-Square for Independence Model with 325 Degrees of Freedom = 5326.596
                           Independence AIC = 5378.596
                               Model AIC = 620.969
                             Saturated AIC = 702.000
                           Independence CAIC = 5493.759
                               Model CAIC = 975.316
                            Saturated CAIC = 2256.700
 
                          Normed Fit Index (NFI) = 0.906
                       Non-Normed Fit Index (NNFI) = 0.945
                    Parsimony Normed Fit Index (PNFI) = 0.756
                       Comparative Fit Index (CFI) = 0.954
                       Incremental Fit Index (IFI) = 0.955
                         Relative Fit Index (RFI) = 0.888
 
                            Critical N (CN) = 150.134
 
 
                     Root Mean Square Residual (RMR) = 0.0675
                            Standardized RMR = 0.0675
                       Goodness of Fit Index (GFI) = 0.865
                  Adjusted Goodness of Fit Index (AGFI) = 0.825
                  Parsimony Goodness of Fit Index (PGFI) = 0.668

 CFA dla modelu RA-SC (8 czynnikow). Skale wstepne (26 zmiennych)               

         Fitted Covariance Matrix

                  e1         e2         t1         t2         t3         u1   
            --------   --------   --------   --------   --------   --------
       e1      1.000
       e2      0.759      1.000
       t1      0.008      0.011      1.000
       t2      0.006      0.008      0.630      1.000
       t3      0.008      0.010      0.781      0.592      1.000
       u1     -0.013     -0.017      0.210      0.159      0.197      1.000
       u2     -0.013     -0.017      0.216      0.164      0.203      0.663
       u3     -0.008     -0.011      0.133      0.101      0.125      0.410
     img1     -0.014     -0.019      0.064      0.048      0.060      0.137
     img2     -0.005     -0.007      0.024      0.018      0.022      0.051
      nc1      0.006      0.008      0.037      0.028      0.034      0.071
      nc2      0.008      0.011      0.052      0.039      0.049      0.101
      nc3      0.002      0.003      0.015      0.011      0.014      0.028
      sc1      0.030      0.041     -0.109     -0.083     -0.102     -0.024
      sc2      0.031      0.041     -0.111     -0.084     -0.104     -0.024
      sc3      0.030      0.040     -0.106     -0.080     -0.100     -0.023
      sc4      0.027      0.036     -0.097     -0.074     -0.091     -0.021
      sc5      0.031      0.042     -0.111     -0.084     -0.104     -0.024
      bi1      0.102      0.136      0.298      0.226      0.280      0.231
      bi2      0.093      0.125      0.273      0.207      0.256      0.211
      bi3      0.101      0.135      0.296      0.225      0.278      0.229
      bi4      0.112      0.149      0.327      0.248      0.307      0.253
      pi1      0.045      0.061      0.069      0.052      0.065      0.027
      pi2      0.082      0.109      0.124      0.094      0.116      0.049
      pi3      0.078      0.105      0.119      0.090      0.111      0.047
      pi4      0.075      0.100      0.114      0.086      0.107      0.045

         Fitted Covariance Matrix

                  u2         u3       img1       img2        nc1        nc2   
            --------   --------   --------   --------   --------   --------
       u2      1.000
       u3      0.420      1.000
     img1      0.140      0.087      1.000
     img2      0.053      0.033      0.583      1.000
      nc1      0.073      0.045     -0.105     -0.039      1.000
      nc2      0.103      0.064     -0.148     -0.056      0.746      1.000
      nc3      0.029      0.018     -0.042     -0.016      0.210      0.297
      sc1     -0.024     -0.015     -0.158     -0.059      0.207      0.293
      sc2     -0.024     -0.015     -0.160     -0.060      0.210      0.297
      sc3     -0.023     -0.015     -0.154     -0.058      0.202      0.285
      sc4     -0.022     -0.013     -0.141     -0.053      0.185      0.261
      sc5     -0.025     -0.015     -0.161     -0.061      0.211      0.299
      bi1      0.237      0.146      0.095      0.036     -0.119     -0.169
      bi2      0.217      0.134      0.087      0.033     -0.109     -0.155
      bi3      0.235      0.145      0.095      0.036     -0.119     -0.168
      bi4      0.259      0.160      0.104      0.039     -0.131     -0.185
      pi1      0.028      0.017      0.072      0.027     -0.076     -0.107
      pi2      0.050      0.031      0.130      0.049     -0.136     -0.193
      pi3      0.048      0.030      0.124      0.047     -0.130     -0.185
      pi4      0.046      0.028      0.119      0.045     -0.125     -0.177

         Fitted Covariance Matrix

                 nc3        sc1        sc2        sc3        sc4        sc5   
            --------   --------   --------   --------   --------   --------
      nc3      1.000
      sc1      0.082      1.000
      sc2      0.084      0.752      1.000
      sc3      0.080      0.721      0.732      1.000
      sc4      0.073      0.661      0.671      0.643      1.000
      sc5      0.084      0.756      0.767      0.735      0.674      1.000
      bi1     -0.047     -0.327     -0.332     -0.318     -0.292     -0.333
      bi2     -0.044     -0.300     -0.304     -0.291     -0.267     -0.305
      bi3     -0.047     -0.325     -0.330     -0.316     -0.290     -0.331
      bi4     -0.052     -0.358     -0.364     -0.349     -0.320     -0.365
      pi1     -0.030     -0.228     -0.231     -0.221     -0.203     -0.232
      pi2     -0.054     -0.409     -0.415     -0.398     -0.364     -0.416
      pi3     -0.052     -0.392     -0.397     -0.381     -0.349     -0.399
      pi4     -0.050     -0.376     -0.381     -0.366     -0.335     -0.383

         Fitted Covariance Matrix

                 bi1        bi2        bi3        bi4        pi1        pi2   
            --------   --------   --------   --------   --------   --------
      bi1      1.000
      bi2      0.613      1.000
      bi3      0.664      0.608      1.000
      bi4      0.733      0.671      0.728      1.000
      pi1      0.120      0.110      0.119      0.131      1.000
      pi2      0.215      0.197      0.214      0.236      0.450      1.000
      pi3      0.206      0.189      0.205      0.226      0.431      0.774
      pi4      0.198      0.182      0.197      0.217      0.414      0.743

         Fitted Covariance Matrix

                 pi3        pi4   
            --------   --------
      pi3      1.000
      pi4      0.712      1.000

         Fitted Residuals

                  e1         e2         t1         t2         t3         u1   
            --------   --------   --------   --------   --------   --------
       e1      0.000
       e2      0.000      0.000
       t1      0.006      0.045      0.000
       t2     -0.126     -0.107      0.000      0.000
       t3     -0.063     -0.034     -0.003      0.011      0.000
       u1     -0.043      0.006      0.018      0.040     -0.022      0.000
       u2     -0.032     -0.016     -0.010     -0.001     -0.049      0.000
       u3     -0.011      0.034      0.048      0.170      0.014     -0.011
     img1      0.023      0.021     -0.024     -0.004      0.006     -0.004
     img2      0.115      0.080     -0.032     -0.095     -0.045      0.026
      nc1     -0.045     -0.071     -0.066     -0.038     -0.004      0.027
      nc2     -0.007     -0.006      0.017     -0.006     -0.036      0.042
      nc3     -0.054     -0.030      0.035     -0.072      0.035     -0.048
      sc1      0.054     -0.019      0.034      0.118     -0.008      0.000
      sc2     -0.006     -0.040      0.032      0.060     -0.041      0.056
      sc3      0.128      0.054     -0.055      0.024     -0.115     -0.030
      sc4     -0.036     -0.060      0.032      0.111      0.035      0.113
      sc5      0.065      0.050     -0.010      0.099     -0.065      0.091
      bi1     -0.015      0.028     -0.034     -0.104     -0.005     -0.021
      bi2     -0.100     -0.048     -0.032     -0.073      0.011     -0.036
      bi3     -0.061     -0.001     -0.008     -0.119      0.021     -0.013
      bi4     -0.046      0.000      0.059     -0.067      0.035      0.005
      pi1     -0.057     -0.021     -0.211     -0.086     -0.196     -0.114
      pi2      0.007     -0.008      0.025     -0.097     -0.018     -0.047
      pi3      0.035      0.005      0.028     -0.048     -0.002     -0.052
      pi4     -0.080      0.012      0.042      0.008      0.071      0.004

         Fitted Residuals

                  u2         u3       img1       img2        nc1        nc2   
            --------   --------   --------   --------   --------   --------
       u2      0.000
       u3      0.011      0.000
     img1      0.008     -0.034      0.000
     img2     -0.046      0.027      0.000      0.000
      nc1     -0.083     -0.123     -0.071     -0.071      0.000
      nc2     -0.037     -0.032     -0.001      0.015      0.002      0.000
      nc3      0.005     -0.144     -0.002      0.079      0.029     -0.005
      sc1     -0.053      0.044     -0.017     -0.072      0.046     -0.004
      sc2     -0.027      0.069     -0.014     -0.039      0.098      0.031
      sc3     -0.073      0.032      0.059      0.025      0.108     -0.024
      sc4      0.034     -0.041     -0.005     -0.069      0.128      0.040
      sc5     -0.095      0.070     -0.055     -0.044      0.078     -0.023
      bi1      0.016     -0.021     -0.035      0.049     -0.006      0.019
      bi2      0.050     -0.050      0.078      0.082      0.015      0.018
      bi3     -0.008      0.020      0.026      0.012     -0.003      0.031
      bi4      0.003      0.011      0.023      0.112     -0.043     -0.032
      pi1     -0.041     -0.021     -0.045      0.034      0.055     -0.035
      pi2      0.029     -0.026     -0.008      0.029     -0.038     -0.022
      pi3      0.041      0.012      0.004      0.074     -0.012      0.039
      pi4      0.045      0.098      0.090      0.106      0.021      0.005

         Fitted Residuals

                 nc3        sc1        sc2        sc3        sc4        sc5   
            --------   --------   --------   --------   --------   --------
      nc3      0.000
      sc1     -0.413      0.000
      sc2     -0.389     -0.012      0.000
      sc3     -0.285     -0.018      0.030      0.000
      sc4     -0.280      0.027      0.010     -0.040      0.000
      sc5     -0.334      0.010     -0.015      0.016     -0.016      0.000
      bi1      0.073     -0.036      0.043      0.032      0.018     -0.012
      bi2      0.110     -0.010     -0.013     -0.021     -0.060     -0.010
      bi3      0.088      0.035      0.041      0.034     -0.015      0.050
      bi4      0.142     -0.021      0.003     -0.008     -0.045     -0.016
      pi1      0.136      0.028      0.011      0.185     -0.002      0.114
      pi2      0.170     -0.045     -0.040     -0.001     -0.061     -0.033
      pi3      0.148      0.015      0.041      0.025     -0.013      0.016
      pi4      0.140      0.007     -0.002      0.037      0.014      0.038

         Fitted Residuals

                 bi1        bi2        bi3        bi4        pi1        pi2   
            --------   --------   --------   --------   --------   --------
      bi1      0.000
      bi2     -0.029      0.000
      bi3      0.044      0.009      0.000
      bi4     -0.009      0.015     -0.018      0.000
      pi1     -0.055     -0.035     -0.068     -0.095      0.000
      pi2     -0.071     -0.064      0.016      0.033      0.018      0.000
      pi3     -0.057     -0.041      0.010      0.054     -0.017     -0.001
      pi4      0.014     -0.028      0.072      0.032      0.021     -0.013

         Fitted Residuals

                 pi3        pi4   
            --------   --------
      pi3      0.000
      pi4      0.013      0.000

 Summary Statistics for Fitted Residuals

 Smallest Fitted Residual =   -0.413
   Median Fitted Residual =    0.000
  Largest Fitted Residual =    0.185

 Stemleaf Plot

 - 4|1 
 - 3|9 
 - 3|3 
 - 2|98 
 - 2|10 
 - 1| 
 - 1|43222110000 
 - 0|9998877777777777766666666666655555555555555 
 - 0|444444444444444444444333333333333333332222222222222222222221111111111111+72
   0|111111111111111111111111111122222222222222222222233333333333333333333333+23
   0|555555555566666777777788888999 
   1|00011111112233444 
   1|5778

         Standardized Residuals  

                  e1         e2         t1         t2         t3         u1   
            --------   --------   --------   --------   --------   --------
       e1       - - 
       e2       - -        - - 
       t1      0.140      2.527       - - 
       t2     -2.268     -2.370     -0.079       - - 
       t3     -1.289     -1.209     -1.566      1.144       - - 
       u1     -0.863      0.192      0.573      0.824     -0.598       - - 
       u2     -0.672     -0.597     -0.342     -0.031     -1.412     -0.066
       u3     -0.190      0.619      0.909      2.900      0.255     -0.645
     img1      0.513      1.282     -1.044     -0.075      0.184     -0.118
     img2      1.806      1.296     -0.535     -1.507     -0.740      0.473
      nc1     -0.801     -1.507     -1.369     -0.665     -0.075      0.545
      nc2     -0.164     -1.531      0.939     -0.138     -1.268      1.405
      nc3     -0.825     -0.468      0.544     -1.102      0.543     -0.745
      sc1      1.099     -0.638      1.009      2.366     -0.215     -0.010
      sc2     -0.130     -1.428      0.992      1.211     -1.101      1.432
      sc3      2.566      1.640     -1.536      0.480     -2.836     -0.708
      sc4     -0.671     -1.490      0.749      2.080      0.760      2.431
      sc5      1.351      1.806     -0.321      2.010     -1.732      2.348
      bi1     -0.327      0.831     -1.016     -2.179     -0.128     -0.533
      bi2     -2.024     -1.187     -0.816     -1.446      0.255     -0.823
      bi3     -1.338     -0.038     -0.233     -2.460      0.539     -0.332
      bi4     -1.143      0.022      2.388     -1.510      1.144      0.144
      pi1     -0.947     -0.379     -3.723     -1.418     -3.395     -1.952
      pi2      0.159     -0.367      0.921     -2.032     -0.519     -1.325
      pi3      0.769      0.173      0.867     -0.969     -0.054     -1.344
      pi4     -1.682      0.383      1.180      0.164      1.746      0.096

         Standardized Residuals  

                  u2         u3       img1       img2        nc1        nc2   
            --------   --------   --------   --------   --------   --------
       u2       - - 
       u3      0.692       - - 
     img1      0.283     -0.635       - - 
     img2     -0.865      0.434       - -        - - 
      nc1     -1.677     -2.039     -1.548     -1.199       - - 
      nc2     -1.402     -0.589     -0.056      0.290      5.292       - - 
      nc3      0.084     -2.205     -0.036      1.205      0.790     -1.600
      sc1     -1.401      0.771     -0.544     -1.422      1.083     -0.133
      sc2     -0.729      1.206     -0.468     -0.772      2.352      1.160
      sc3     -1.821      0.559      1.751      0.486      2.466     -0.774
      sc4      0.753     -0.691     -0.124     -1.270      2.678      1.056
      sc5     -2.583      1.229     -1.899     -0.881      1.886     -0.887
      bi1      0.434     -0.377     -0.971      0.836     -0.121      0.585
      bi2      1.176     -0.883      1.858      1.363      0.293      0.446
      bi3     -0.209      0.362      0.709      0.208     -0.058      0.917
      bi4      0.086      0.211      0.867      1.946     -0.937     -1.486
      pi1     -0.715     -0.333     -0.804      0.534      0.916     -0.643
      pi2      0.875     -0.456     -0.311      0.541     -0.826     -1.021
      pi3      1.102      0.216      0.132      1.330     -0.255      1.433
      pi4      1.126      1.707      2.597      1.880      0.425      0.160

         Standardized Residuals  

                 nc3        sc1        sc2        sc3        sc4        sc5   
            --------   --------   --------   --------   --------   --------
      nc3       - - 
      sc1     -6.798       - - 
      sc2     -6.416     -1.124       - - 
      sc3     -4.670     -1.304      2.388       - - 
      sc4     -4.523      1.575      0.650     -2.061       - - 
      sc5     -5.515      0.894     -1.496      1.336     -1.023       - - 
      bi1      1.155     -0.944      1.155      0.797      0.422     -0.325
      bi2      1.719     -0.243     -0.305     -0.480     -1.272     -0.241
      bi3      1.392      0.907      1.091      0.851     -0.343      1.354
      bi4      2.274     -0.673      0.084     -0.238     -1.140     -0.543
      pi1      2.088      0.552      0.220      3.550     -0.044      2.246
      pi2      2.716     -1.484     -1.362     -0.039     -1.616     -1.148
      pi3      2.350      0.445      1.255      0.699     -0.317      0.514
      pi4      2.220      0.198     -0.054      0.997      0.331      1.094

         Standardized Residuals  

                 bi1        bi2        bi3        bi4        pi1        pi2   
            --------   --------   --------   --------   --------   --------
      bi1       - - 
      bi2     -1.492       - - 
      bi3      2.965      0.449       - - 
      bi4     -1.067      1.310     -2.137       - - 
      pi1     -0.968     -0.592     -1.184     -1.725       - - 
      pi2     -1.929     -1.520      0.415      1.148      1.028       - - 
      pi3     -1.441     -0.924      0.258      1.635     -0.729     -0.274
      pi4      0.338     -0.611      1.692      0.894      0.752     -2.124

         Standardized Residuals  

                 pi3        pi4   
            --------   --------
      pi3       - - 
      pi4      1.566       - - 

 Summary Statistics for Standardized Residuals

 Smallest Standardized Residual =   -6.798
   Median Standardized Residual =    0.000
  Largest Standardized Residual =    5.292

 Stemleaf Plot

 - 6|84 
 - 5|5 
 - 4|75 
 - 3|74 
 - 2|86543221110000 
 - 1|9987777666555555555555444444444433333333222211111110000000 
 - 0|999999999888888887777777777766666666655555555544433333333333322222222111+47
   0|111111122222222222333333334444444444555555555556666677777888888888899999+07
   1|000011111111112222222223333334444444666677778889999 
   2|01122334444445566779 
   3|05 
   4| 
   5|3
 Largest Negative Standardized Residuals
 Residual for      sc1 and      nc3  -6.798
 Residual for      sc2 and      nc3  -6.416
 Residual for      sc3 and       t3  -2.836
 Residual for      sc3 and      nc3  -4.670
 Residual for      sc4 and      nc3  -4.523
 Residual for      sc5 and       u2  -2.583
 Residual for      sc5 and      nc3  -5.515
 Residual for      pi1 and       t1  -3.723
 Residual for      pi1 and       t3  -3.395
 Largest Positive Standardized Residuals
 Residual for       u3 and       t2   2.900
 Residual for      nc2 and      nc1   5.292
 Residual for      sc4 and      nc1   2.678
 Residual for      bi3 and      bi1   2.965
 Residual for      pi1 and      sc3   3.550
 Residual for      pi2 and      nc3   2.716
 Residual for      pi4 and     img1   2.597

 CFA dla modelu RA-SC (8 czynnikow). Skale wstepne (26 zmiennych)               

                         Qplot of Standardized Residuals

  3.5..........................................................................
     .                                                                       ..
     .                                                                      . .
     .                                                                    .   .
     .                                                                  .     .
     .                                                                 .      .
     .                                                               .        x
     .                                                             .          x
     .                                                            .     *     .
     .                                                          .    xx       .
     .                                                        .     *x        .
     .                                                       .    x*          .
     .                                                     .      x           .
     .                                                   .    x* x            .
     .                                                  .   *xx               .
 N   .                                                . * *x                  .
 o   .                                              . **x                     .
 r   .                                             .*xx                       .
 m   .                                           .*xx                         .
 a   .                                         *xx*                           .
 l   .                                        *x                              .
     .                                     *x*x                               .
 Q   .                                   *xx                                  .
 u   .                                 *x*                                    .
 a   .                               xx*                                      .
 n   .                            x***                                        .
 t   .                          x*x .                                         .
 i   .                        xx* .                                           .
 l   .                      *** .                                             .
 e   .                    xxx  .                                              .
 s   .                   *x  .                                                .
     .                xxxx .                                                  .
     .              x*x   .                                                   .
     .            xxx   .                                                     .
     .          xxx   .                                                       .
     .x     x  x     .                                                        .
     *             .                                                          .
     *           .                                                            .
     x          .                                                             .
     x        .                                                               .
     .      .                                                                 .
     .     .                                                                  .
     .   .                                                                    .
     . .                                                                      .
 -3.5..........................................................................
   -3.5                                                                      3.5
                             Standardized Residuals

 CFA dla modelu RA-SC (8 czynnikow). Skale wstepne (26 zmiennych)               

 Modification Indices and Expected Change

         Modification Indices for LAMBDA-X       

                 RPE       RPAT        EOU       RPAI         TC         SC   
            --------   --------   --------   --------   --------   --------
       e1       - -       0.795      0.937      0.006      0.007      1.344
       e2       - -       0.795      0.937      0.006      0.007      1.344
       t1      6.593       - -       0.399      1.003      1.763      0.154
       t2      5.477       - -       0.764      0.344      0.012      4.334
       t3      1.380       - -       1.587      0.454      1.788      3.247
       u1      0.054      0.095       - -       0.050      2.058      2.896
       u2      0.333      0.888       - -       0.519      1.416      4.650
       u3      0.403      1.206       - -       0.796      0.171      0.750
     img1      1.605      0.538      0.007       - -       0.204      1.103
     img2      1.605      0.538      0.007       - -       0.204      1.103
      nc1      2.312      0.981      1.090      1.348       - -       7.642
      nc2      2.493      0.696      1.364      1.754       - -       0.165
      nc3      0.204      0.189      0.372      0.560       - -      43.602
      sc1      0.483      1.222      0.499      0.016      0.001       - - 
      sc2      2.115      0.285      0.796      0.021      1.410       - - 
      sc3      2.454      4.512      2.090      3.908      0.856       - - 
      sc4      2.221      1.376      2.633      0.092      0.873       - - 
      sc5      3.178      0.298      0.010      3.741      1.010       - - 
      bi1      0.740      1.502      0.054      2.457      0.354      0.162
      bi2      1.306      0.475      0.020      2.740      0.176      0.287
      bi3      0.000      0.187      0.011      0.786      0.909      1.431
      bi4      0.006      3.489      0.033      0.328      2.464      0.907
      pi1      0.133     13.953      2.631      0.985      0.688      2.692
      pi2      0.140      0.092      0.409      0.944      1.166      4.739
      pi3      0.019      0.120      0.003      0.281      2.188      0.958
      pi4      0.204      2.630      1.997      4.708      0.001      0.519

         Modification Indices for LAMBDA-X       

                  BI       PIIT   
            --------   --------
       e1      2.621      0.107
       e2      2.621      0.107
       t1      0.579      0.989
       t2      6.020      2.413
       t3      0.829      0.000
       u1      0.357      2.538
       u2      0.385      2.066
       u3      0.002      0.063
     img1      2.066      1.790
     img2      2.066      1.790
      nc1      0.499      0.244
      nc2      0.001      0.181
      nc3      5.062      9.600
      sc1      0.199      0.235
      sc2      0.556      0.055
      sc3      0.030      1.159
      sc4      0.551      0.736
      sc5      0.005      0.130
      bi1       - -       2.556
      bi2       - -       1.732
      bi3       - -       0.426
      bi4       - -       2.953
      pi1      2.979       - - 
      pi2      0.134       - - 
      pi3      0.020       - - 
      pi4      1.075       - - 

         Expected Change for LAMBDA-X    

                 RPE       RPAT        EOU       RPAI         TC         SC   
            --------   --------   --------   --------   --------   --------
       e1       - -      -0.041     -0.046     -0.003     -0.003      0.052
       e2       - -       0.055      0.062      0.003      0.005     -0.070
       t1      0.106       - -       0.032     -0.032      0.054      0.017
       t2     -0.118       - -       0.052      0.023     -0.005      0.111
       t3     -0.049       - -      -0.063      0.022     -0.054     -0.079
       u1      0.012      0.019       - -      -0.009      0.074      0.092
       u2     -0.030     -0.059       - -       0.030     -0.062     -0.118
       u3      0.038      0.073       - -      -0.041     -0.024      0.053
     img1     -0.187      0.119      0.017       - -      -0.078      0.222
     img2      0.070     -0.045     -0.006       - -       0.029     -0.083
      nc1     -0.067     -0.046     -0.052     -0.041       - -       0.176
      nc2      0.094      0.053      0.079      0.064       - -      -0.036
      nc3     -0.028      0.029     -0.043     -0.037       - -      -0.469
      sc1     -0.026      0.045     -0.030      0.004     -0.001       - - 
      sc2     -0.054      0.021      0.037     -0.004      0.046       - - 
      sc3      0.062     -0.091     -0.064      0.062     -0.038       - - 
      sc4     -0.067      0.056      0.081      0.011      0.043       - - 
      sc5      0.065     -0.021     -0.004     -0.055     -0.038       - - 
      bi1      0.037     -0.063     -0.012     -0.052      0.026      0.021
      bi2     -0.055     -0.038      0.008      0.061      0.020     -0.030
      bi3      0.000     -0.022     -0.005      0.030      0.041      0.063
      bi4      0.003      0.088      0.009     -0.017     -0.061     -0.046
      pi1     -0.021     -0.234     -0.105     -0.045     -0.048      0.121
      pi2     -0.015     -0.013     -0.028     -0.029     -0.042     -0.112
      pi3      0.006      0.015      0.002     -0.017      0.060      0.051
      pi4      0.019      0.074      0.066      0.072      0.001      0.039

         Expected Change for LAMBDA-X    

                  BI       PIIT   
            --------   --------
       e1     -0.088     -0.016
       e2      0.117      0.022
       t1      0.040      0.045
       t2     -0.146     -0.084
       t3      0.047     -0.001
       u1     -0.039     -0.087
       u2      0.041      0.080
       u3     -0.003      0.016
     img1     -0.254     -0.249
     img2      0.095      0.094
      nc1     -0.036     -0.026
      nc2      0.003     -0.030
      nc3      0.154      0.213
      sc1     -0.021     -0.024
      sc2      0.034     -0.011
      sc3      0.008      0.055
      sc4     -0.041     -0.049
      sc5      0.003      0.017
      bi1       - -      -0.077
      bi2       - -      -0.069
      bi3       - -       0.032
      bi4       - -       0.076
      pi1     -0.112       - - 
      pi2     -0.016       - - 
      pi3      0.006       - - 
      pi4      0.049       - - 

         Standardized Expected Change for LAMBDA-X       

                 RPE       RPAT        EOU       RPAI         TC         SC   
            --------   --------   --------   --------   --------   --------
       e1       - -      -0.041     -0.046     -0.003     -0.003      0.052
       e2       - -       0.055      0.062      0.003      0.005     -0.070
       t1      0.106       - -       0.032     -0.032      0.054      0.017
       t2     -0.118       - -       0.052      0.023     -0.005      0.111
       t3     -0.049       - -      -0.063      0.022     -0.054     -0.079
       u1      0.012      0.019       - -      -0.009      0.074      0.092
       u2     -0.030     -0.059       - -       0.030     -0.062     -0.118
       u3      0.038      0.073       - -      -0.041     -0.024      0.053
     img1     -0.187      0.119      0.017       - -      -0.078      0.222
     img2      0.070     -0.045     -0.006       - -       0.029     -0.083
      nc1     -0.067     -0.046     -0.052     -0.041       - -       0.176
      nc2      0.094      0.053      0.079      0.064       - -      -0.036
      nc3     -0.028      0.029     -0.043     -0.037       - -      -0.469
      sc1     -0.026      0.045     -0.030      0.004     -0.001       - - 
      sc2     -0.054      0.021      0.037     -0.004      0.046       - - 
      sc3      0.062     -0.091     -0.064      0.062     -0.038       - - 
      sc4     -0.067      0.056      0.081      0.011      0.043       - - 
      sc5      0.065     -0.021     -0.004     -0.055     -0.038       - - 
      bi1      0.037     -0.063     -0.012     -0.052      0.026      0.021
      bi2     -0.055     -0.038      0.008      0.061      0.020     -0.030
      bi3      0.000     -0.022     -0.005      0.030      0.041      0.063
      bi4      0.003      0.088      0.009     -0.017     -0.061     -0.046
      pi1     -0.021     -0.234     -0.105     -0.045     -0.048      0.121
      pi2     -0.015     -0.013     -0.028     -0.029     -0.042     -0.112
      pi3      0.006      0.015      0.002     -0.017      0.060      0.051
      pi4      0.019      0.074      0.066      0.072      0.001      0.039

         Standardized Expected Change for LAMBDA-X       

                  BI       PIIT   
            --------   --------
       e1     -0.088     -0.016
       e2      0.117      0.022
       t1      0.040      0.045
       t2     -0.146     -0.084
       t3      0.047     -0.001
       u1     -0.039     -0.087
       u2      0.041      0.080
       u3     -0.003      0.016
     img1     -0.254     -0.249
     img2      0.095      0.094
      nc1     -0.036     -0.026
      nc2      0.003     -0.030
      nc3      0.154      0.213
      sc1     -0.021     -0.024
      sc2      0.034     -0.011
      sc3      0.008      0.055
      sc4     -0.041     -0.049
      sc5      0.003      0.017
      bi1       - -      -0.077
      bi2       - -      -0.069
      bi3       - -       0.032
      bi4       - -       0.076
      pi1     -0.112       - - 
      pi2     -0.016       - - 
      pi3      0.006       - - 
      pi4      0.049       - - 

         Completely Standardized Expected Change for LAMBDA-X    

                 RPE       RPAT        EOU       RPAI         TC         SC   
            --------   --------   --------   --------   --------   --------
       e1       - -      -0.041     -0.046     -0.003     -0.003      0.052
       e2       - -       0.055      0.062      0.003      0.005     -0.070
       t1      0.106       - -       0.032     -0.032      0.054      0.017
       t2     -0.118       - -       0.052      0.023     -0.005      0.111
       t3     -0.049       - -      -0.063      0.022     -0.054     -0.079
       u1      0.012      0.019       - -      -0.009      0.074      0.092
       u2     -0.030     -0.059       - -       0.030     -0.062     -0.118
       u3      0.038      0.073       - -      -0.041     -0.024      0.053
     img1     -0.187      0.119      0.017       - -      -0.078      0.222
     img2      0.070     -0.045     -0.006       - -       0.029     -0.083
      nc1     -0.067     -0.046     -0.052     -0.041       - -       0.176
      nc2      0.094      0.053      0.079      0.064       - -      -0.036
      nc3     -0.028      0.029     -0.043     -0.037       - -      -0.469
      sc1     -0.026      0.045     -0.030      0.004     -0.001       - - 
      sc2     -0.054      0.021      0.037     -0.004      0.046       - - 
      sc3      0.062     -0.091     -0.064      0.062     -0.038       - - 
      sc4     -0.067      0.056      0.081      0.011      0.043       - - 
      sc5      0.065     -0.021     -0.004     -0.055     -0.038       - - 
      bi1      0.037     -0.063     -0.012     -0.052      0.026      0.021
      bi2     -0.055     -0.038      0.008      0.061      0.020     -0.030
      bi3      0.000     -0.022     -0.005      0.030      0.041      0.063
      bi4      0.003      0.088      0.009     -0.017     -0.061     -0.046
      pi1     -0.021     -0.234     -0.105     -0.045     -0.048      0.121
      pi2     -0.015     -0.013     -0.028     -0.029     -0.042     -0.112
      pi3      0.006      0.015      0.002     -0.017      0.060      0.051
      pi4      0.019      0.074      0.066      0.072      0.001      0.039

         Completely Standardized Expected Change for LAMBDA-X    

                  BI       PIIT   
            --------   --------
       e1     -0.088     -0.016
       e2      0.117      0.022
       t1      0.040      0.045
       t2     -0.146     -0.084
       t3      0.047     -0.001
       u1     -0.039     -0.087
       u2      0.041      0.080
       u3     -0.003      0.016
     img1     -0.254     -0.249
     img2      0.095      0.094
      nc1     -0.036     -0.026
      nc2      0.003     -0.030
      nc3      0.154      0.213
      sc1     -0.021     -0.024
      sc2      0.034     -0.011
      sc3      0.008      0.055
      sc4     -0.041     -0.049
      sc5      0.003      0.017
      bi1       - -      -0.077
      bi2       - -      -0.069
      bi3       - -       0.032
      bi4       - -       0.076
      pi1     -0.112       - - 
      pi2     -0.016       - - 
      pi3      0.006       - - 
      pi4      0.049       - - 

 No Non-Zero Modification Indices for PHI         

         Modification Indices for THETA-DELTA    

                  e1         e2         t1         t2         t3         u1   
            --------   --------   --------   --------   --------   --------
       e1       - - 
       e2       - -        - - 
       t1      0.204      1.149       - - 
       t2      0.430      0.651      0.006       - - 
       t3      0.094      0.220      2.451      1.309       - - 
       u1      0.619      0.538      0.124      0.104      0.104       - - 
       u2      0.325      0.548      0.047      0.527      0.242      0.004
       u3      0.244      0.478      0.111      9.306      0.482      0.416
     img1      0.181      0.022      1.271      1.470      0.599      0.135
     img2      1.863      0.215      0.779      3.504      0.578      1.161
      nc1      0.142      2.695     10.381      0.013      9.010      1.843
      nc2      0.132      1.858      8.873      0.079      6.587      0.022
      nc3      0.525      0.192      0.043      4.046      0.712      1.068
      sc1      1.867      1.858      0.000      0.838      0.272      3.443
      sc2      0.919      0.129      2.562      2.112      0.787      0.143
      sc3      4.825      0.720      0.013      0.064      1.640      5.006
      sc4      1.081      0.009      1.378      0.181      3.688      2.072
      sc5      0.667      3.209      0.146      2.332      0.662     13.343
      bi1      0.198      0.097      1.244      0.014      0.286      0.050
      bi2      0.662      0.001      2.413      0.242      0.746      2.103
      bi3      0.420      0.026      0.270      1.855      0.880      0.004
      bi4      0.068      0.005      7.028      0.132      1.658      1.747
      pi1      0.868      0.062      5.759      4.551      1.211      0.826
      pi2      2.648      1.281      5.762      4.357      1.418      0.107
      pi3      5.073      3.129      0.396      0.021      0.547      1.071
      pi4     13.404      8.438      2.988      1.546      3.791      0.223

         Modification Indices for THETA-DELTA    

                  u2         u3       img1       img2        nc1        nc2   
            --------   --------   --------   --------   --------   --------
       u2       - - 
       u3      0.478       - - 
     img1      1.302      1.309       - - 
     img2      3.916      1.192       - -        - - 
      nc1      1.340      4.590      0.079      1.547       - - 
      nc2      0.065      1.507      0.124      1.512     28.004       - - 
      nc3      2.352      5.082      2.610      2.670      0.625      2.560
      sc1      0.558      0.329      0.361      1.445      2.152      2.196
      sc2      0.045      0.520      0.025      0.017      0.055      2.003
      sc3      0.349      0.329      2.204      0.573      5.166      3.419
      sc4      2.458      9.933      0.290      1.119      1.227      0.164
      sc5     12.549      1.768      4.326      1.077      0.807      2.101
      bi1      0.503      0.291      2.050      0.375      0.014      0.184
      bi2      3.958      2.167      2.462      0.134      0.702      0.003
      bi3      1.100      0.631      2.619      3.884      0.019      0.868
      bi4      1.404      0.345      2.587      5.465      0.234      3.037
      pi1      0.116      0.095      0.818      0.398      6.086      5.837
      pi2      0.451      2.627      0.452      0.593      0.031      0.265
      pi3      0.426      0.000      0.425      0.883      1.528      3.415
      pi4      1.735      5.666      2.803      0.074      2.388      1.087

         Modification Indices for THETA-DELTA    

                 nc3        sc1        sc2        sc3        sc4        sc5   
            --------   --------   --------   --------   --------   --------
      nc3       - - 
      sc1      9.533       - - 
      sc2      6.590      1.263       - - 
      sc3      1.384      1.699      5.700       - - 
      sc4      0.004      2.480      0.423      4.249       - - 
      sc5      0.012      0.799      2.238      1.784      1.047       - - 
      bi1      1.564      5.393      1.622      1.119      2.018      2.524
      bi2      0.016      0.517      0.297      0.198      1.194      0.076
      bi3      0.756      0.794      0.035      0.008      0.995      1.670
      bi4      2.223      0.092      0.048      0.036      0.441      0.073
      pi1      1.150      1.288      4.271     14.879      1.729      3.653
      pi2      0.333      0.130      0.129      0.125      0.411      0.732
      pi3      0.597      0.224      4.486      1.364      0.105      0.523
      pi4      0.115      0.001      0.912      0.002      1.161      1.202

         Modification Indices for THETA-DELTA    

                 bi1        bi2        bi3        bi4        pi1        pi2   
            --------   --------   --------   --------   --------   --------
      bi1       - - 
      bi2      2.225       - - 
      bi3      8.794      0.202       - - 
      bi4      1.138      1.716      4.566       - - 
      pi1      1.926      2.466      0.048      2.863       - - 
      pi2      3.365      1.217      0.068      1.195      1.056       - - 
      pi3      1.518      0.016      0.419      4.416      0.532      0.075
      pi4      2.866      0.294      2.992      3.806      0.565      4.510

         Modification Indices for THETA-DELTA    

                 pi3        pi4   
            --------   --------
      pi3       - - 
      pi4      2.453       - - 

         Expected Change for THETA-DELTA 

                  e1         e2         t1         t2         t3         u1   
            --------   --------   --------   --------   --------   --------
       e1       - - 
       e2       - -        - - 
       t1      0.011      0.028       - - 
       t2     -0.022     -0.026     -0.006       - - 
       t3     -0.008     -0.012     -0.192      0.072       - - 
       u1     -0.025      0.024      0.010      0.012     -0.010       - - 
       u2      0.018     -0.024      0.006     -0.026     -0.014     -0.010
       u3     -0.019      0.026     -0.011      0.137     -0.025     -0.043
     img1     -0.014      0.006     -0.037      0.048      0.025     -0.015
     img2      0.048     -0.016      0.028     -0.076     -0.025      0.043
      nc1      0.011     -0.047     -0.083     -0.004      0.081      0.044
      nc2     -0.010      0.042      0.075     -0.009     -0.066     -0.005
      nc3     -0.030      0.018      0.008     -0.097      0.033     -0.048
      sc1      0.034     -0.033      0.000      0.026      0.012     -0.051
      sc2     -0.023     -0.008      0.034     -0.040     -0.020     -0.010
      sc3      0.057     -0.022     -0.003     -0.008     -0.031     -0.064
      sc4     -0.030      0.003     -0.031      0.014      0.052      0.047
      sc5     -0.019      0.042     -0.008      0.042     -0.018      0.096
      bi1      0.012      0.009     -0.028     -0.004      0.014     -0.007
      bi2     -0.025      0.001     -0.042      0.017      0.025     -0.049
      bi3     -0.018      0.004     -0.013     -0.044      0.024      0.002
      bi4      0.007     -0.002      0.058     -0.010     -0.029      0.036
      pi1     -0.035      0.009     -0.082      0.094     -0.039     -0.038
      pi2      0.040     -0.028      0.052     -0.059     -0.027      0.009
      pi3      0.058     -0.045      0.014      0.004     -0.018     -0.030
      pi4     -0.100      0.078     -0.042      0.039      0.049      0.014

         Expected Change for THETA-DELTA 

                  u2         u3       img1       img2        nc1        nc2   
            --------   --------   --------   --------   --------   --------
       u2       - - 
       u3      0.047       - - 
     img1      0.048     -0.054       - - 
     img2     -0.080      0.052       - -        - - 
      nc1     -0.037     -0.084     -0.010     -0.045       - - 
      nc2      0.008      0.045      0.016      0.044     -2.086       - - 
      nc3      0.070     -0.127     -0.081      0.084      0.041      0.112
      sc1      0.020      0.019      0.018     -0.037     -0.037      0.035
      sc2      0.006      0.023     -0.005      0.004     -0.006      0.032
      sc3      0.017      0.020      0.047      0.024      0.060     -0.046
      sc4      0.050     -0.125      0.019     -0.038      0.033     -0.011
      sc5     -0.092      0.043     -0.060      0.030      0.022     -0.033
      bi1      0.022     -0.020     -0.048      0.021      0.003      0.011
      bi2      0.067     -0.061      0.058     -0.014      0.026     -0.002
      bi3     -0.032      0.030      0.055     -0.068     -0.004      0.025
      bi4     -0.032      0.019     -0.049      0.071      0.012     -0.042
      pi1      0.014      0.016     -0.042      0.030      0.096     -0.088
      pi2      0.018     -0.053     -0.020     -0.023     -0.004     -0.012
      pi3      0.019      0.001     -0.021      0.030     -0.032      0.046
      pi4     -0.040      0.088      0.056      0.009      0.043     -0.027

         Expected Change for THETA-DELTA 

                 nc3        sc1        sc2        sc3        sc4        sc5   
            --------   --------   --------   --------   --------   --------
      nc3       - - 
      sc1     -0.111       - - 
      sc2     -0.089     -0.027       - - 
      sc3      0.044     -0.033      0.059       - - 
      sc4     -0.003      0.043      0.017     -0.058       - - 
      sc5      0.004      0.022     -0.036      0.033     -0.027       - - 
      bi1     -0.050     -0.056      0.030      0.027      0.040     -0.037
      bi2      0.006      0.019     -0.014     -0.012     -0.034      0.007
      bi3     -0.035      0.022     -0.004      0.002     -0.029      0.030
      bi4      0.053      0.006      0.004      0.004     -0.017     -0.005
      pi1      0.060     -0.037     -0.066      0.134     -0.052      0.061
      pi2      0.020     -0.008     -0.007      0.008     -0.016     -0.017
      pi3     -0.029      0.011      0.046     -0.027     -0.009     -0.015
      pi4     -0.013      0.001     -0.022     -0.001      0.030      0.025

         Expected Change for THETA-DELTA 

                 bi1        bi2        bi3        bi4        pi1        pi2   
            --------   --------   --------   --------   --------   --------
      bi1       - - 
      bi2     -0.050       - - 
      bi3      0.099      0.015       - - 
      bi4     -0.038      0.044     -0.075       - - 
      pi1      0.052      0.065     -0.008     -0.055       - - 
      pi2     -0.043     -0.029      0.006      0.023      0.037       - - 
      pi3     -0.031     -0.003     -0.016      0.046     -0.027     -0.014
      pi4      0.045     -0.016      0.046     -0.046      0.029     -0.096

         Expected Change for THETA-DELTA 

                 pi3        pi4   
            --------   --------
      pi3       - - 
      pi4      0.066       - - 

         Completely Standardized Expected Change for THETA-DELTA 

                  e1         e2         t1         t2         t3         u1   
            --------   --------   --------   --------   --------   --------
       e1       - - 
       e2       - -        - - 
       t1      0.011      0.028       - - 
       t2     -0.022     -0.026     -0.006       - - 
       t3     -0.008     -0.012     -0.192      0.072       - - 
       u1     -0.025      0.024      0.010      0.012     -0.010       - - 
       u2      0.018     -0.024      0.006     -0.026     -0.014     -0.010
       u3     -0.019      0.026     -0.011      0.137     -0.025     -0.043
     img1     -0.014      0.006     -0.037      0.048      0.025     -0.015
     img2      0.048     -0.016      0.028     -0.076     -0.025      0.043
      nc1      0.011     -0.047     -0.083     -0.004      0.081      0.044
      nc2     -0.010      0.042      0.075     -0.009     -0.066     -0.005
      nc3     -0.030      0.018      0.008     -0.097      0.033     -0.048
      sc1      0.034     -0.033      0.000      0.026      0.012     -0.051
      sc2     -0.023     -0.008      0.034     -0.040     -0.020     -0.010
      sc3      0.057     -0.022     -0.003     -0.008     -0.031     -0.064
      sc4     -0.030      0.003     -0.031      0.014      0.052      0.047
      sc5     -0.019      0.042     -0.008      0.042     -0.018      0.096
      bi1      0.012      0.009     -0.028     -0.004      0.014     -0.007
      bi2     -0.025      0.001     -0.042      0.017      0.025     -0.049
      bi3     -0.018      0.004     -0.013     -0.044      0.024      0.002
      bi4      0.007     -0.002      0.058     -0.010     -0.029      0.036
      pi1     -0.035      0.009     -0.082      0.094     -0.039     -0.038
      pi2      0.040     -0.028      0.052     -0.059     -0.027      0.009
      pi3      0.058     -0.045      0.014      0.004     -0.018     -0.030
      pi4     -0.100      0.078     -0.042      0.039      0.049      0.014

         Completely Standardized Expected Change for THETA-DELTA 

                  u2         u3       img1       img2        nc1        nc2   
            --------   --------   --------   --------   --------   --------
       u2       - - 
       u3      0.047       - - 
     img1      0.048     -0.054       - - 
     img2     -0.080      0.052       - -        - - 
      nc1     -0.037     -0.084     -0.010     -0.045       - - 
      nc2      0.008      0.045      0.016      0.044     -2.086       - - 
      nc3      0.070     -0.127     -0.081      0.084      0.041      0.112
      sc1      0.020      0.019      0.018     -0.037     -0.037      0.035
      sc2      0.006      0.023     -0.005      0.004     -0.006      0.032
      sc3      0.017      0.020      0.047      0.024      0.060     -0.046
      sc4      0.050     -0.125      0.019     -0.038      0.033     -0.011
      sc5     -0.092      0.043     -0.060      0.030      0.022     -0.033
      bi1      0.022     -0.020     -0.048      0.021      0.003      0.011
      bi2      0.067     -0.061      0.058     -0.014      0.026     -0.002
      bi3     -0.032      0.030      0.055     -0.068     -0.004      0.025
      bi4     -0.032      0.019     -0.049      0.071      0.012     -0.042
      pi1      0.014      0.016     -0.042      0.030      0.096     -0.088
      pi2      0.018     -0.053     -0.020     -0.023     -0.004     -0.012
      pi3      0.019      0.001     -0.021      0.030     -0.032      0.046
      pi4     -0.040      0.088      0.056      0.009      0.043     -0.027

         Completely Standardized Expected Change for THETA-DELTA 

                 nc3        sc1        sc2        sc3        sc4        sc5   
            --------   --------   --------   --------   --------   --------
      nc3       - - 
      sc1     -0.111       - - 
      sc2     -0.089     -0.027       - - 
      sc3      0.044     -0.033      0.059       - - 
      sc4     -0.003      0.043      0.017     -0.058       - - 
      sc5      0.004      0.022     -0.036      0.033     -0.027       - - 
      bi1     -0.050     -0.056      0.030      0.027      0.040     -0.037
      bi2      0.006      0.019     -0.014     -0.012     -0.034      0.007
      bi3     -0.035      0.022     -0.004      0.002     -0.029      0.030
      bi4      0.053      0.006      0.004      0.004     -0.017     -0.005
      pi1      0.060     -0.037     -0.066      0.134     -0.052      0.061
      pi2      0.020     -0.008     -0.007      0.008     -0.016     -0.017
      pi3     -0.029      0.011      0.046     -0.027     -0.009     -0.015
      pi4     -0.013      0.001     -0.022     -0.001      0.030      0.025

         Completely Standardized Expected Change for THETA-DELTA 

                 bi1        bi2        bi3        bi4        pi1        pi2   
            --------   --------   --------   --------   --------   --------
      bi1       - - 
      bi2     -0.050       - - 
      bi3      0.099      0.015       - - 
      bi4     -0.038      0.044     -0.075       - - 
      pi1      0.052      0.065     -0.008     -0.055       - - 
      pi2     -0.043     -0.029      0.006      0.023      0.037       - - 
      pi3     -0.031     -0.003     -0.016      0.046     -0.027     -0.014
      pi4      0.045     -0.016      0.046     -0.046      0.029     -0.096

         Completely Standardized Expected Change for THETA-DELTA 

                 pi3        pi4   
            --------   --------
      pi3       - - 
      pi4      0.066       - - 

 Maximum Modification Index is   43.60 for Element (13, 6) of LAMBDA-X

 CFA dla modelu RA-SC (8 czynnikow). Skale wstepne (26 zmiennych)               

 Covariances

         X - KSI 

                  e1         e2         t1         t2         t3         u1   
            --------   --------   --------   --------   --------   --------
      RPE      0.753      1.007      0.011      0.008      0.010     -0.017
     RPAT      0.009      0.012      0.912      0.691      0.856      0.231
      EOU     -0.016     -0.021      0.262      0.198      0.245      0.804
     RPAI     -0.011     -0.015      0.051      0.039      0.048      0.110
       TC      0.008      0.010      0.051      0.038      0.047      0.098
       SC      0.035      0.047     -0.127     -0.096     -0.119     -0.027
       BI      0.124      0.166      0.365      0.276      0.342      0.282
     PIIT      0.091      0.121      0.138      0.104      0.129      0.054

         X - KSI 

                  u2         u3       img1       img2        nc1        nc2   
            --------   --------   --------   --------   --------   --------
      RPE     -0.017     -0.011     -0.019     -0.007      0.007      0.011
     RPAT      0.237      0.146      0.070      0.026      0.040      0.057
      EOU      0.825      0.510      0.170      0.064      0.089      0.125
     RPAI      0.113      0.070      1.246      0.468     -0.084     -0.119
       TC      0.101      0.062     -0.144     -0.054      0.726      1.028
       SC     -0.028     -0.017     -0.184     -0.069      0.241      0.340
       BI      0.289      0.179      0.117      0.044     -0.146     -0.207
     PIIT      0.056      0.034      0.144      0.054     -0.152     -0.214

         X - KSI 

                 nc3        sc1        sc2        sc3        sc4        sc5   
            --------   --------   --------   --------   --------   --------
      RPE      0.003      0.040      0.041      0.039      0.036      0.041
     RPAT      0.016     -0.120     -0.121     -0.116     -0.107     -0.122
      EOU      0.035     -0.029     -0.030     -0.028     -0.026     -0.030
     RPAI     -0.033     -0.127     -0.129     -0.123     -0.113     -0.129
       TC      0.289      0.285      0.289      0.278      0.254      0.291
       SC      0.096      0.861      0.874      0.838      0.768      0.878
       BI     -0.058     -0.400     -0.406     -0.389     -0.357     -0.408
     PIIT     -0.060     -0.455     -0.461     -0.442     -0.405     -0.463

         X - KSI 

                 bi1        bi2        bi3        bi4        pi1        pi2   
            --------   --------   --------   --------   --------   --------
      RPE      0.135      0.124      0.134      0.148      0.060      0.108
     RPAT      0.327      0.300      0.325      0.358      0.076      0.136
      EOU      0.287      0.263      0.285      0.314      0.034      0.061
     RPAI      0.077      0.070      0.076      0.084      0.058      0.104
       TC     -0.164     -0.151     -0.163     -0.180     -0.104     -0.188
       SC     -0.380     -0.348     -0.377     -0.416     -0.264     -0.475
       BI      0.818      0.749      0.812      0.896      0.147      0.263
     PIIT      0.240      0.220      0.238      0.263      0.501      0.899

         X - KSI 

                 pi3        pi4   
            --------   --------
      RPE      0.104      0.100
     RPAT      0.130      0.125
      EOU      0.058      0.056
     RPAI      0.100      0.096
       TC     -0.180     -0.173
       SC     -0.455     -0.437
       BI      0.252      0.242
     PIIT      0.861      0.827

 CFA dla modelu RA-SC (8 czynnikow). Skale wstepne (26 zmiennych)               

 Standardized Solution           

         LAMBDA-X    

                 RPE       RPAT        EOU       RPAI         TC         SC   
            --------   --------   --------   --------   --------   --------
       e1      0.753       - -        - -        - -        - -        - - 
       e2      1.007       - -        - -        - -        - -        - - 
       t1       - -       0.912       - -        - -        - -        - - 
       t2       - -       0.691       - -        - -        - -        - - 
       t3       - -       0.856       - -        - -        - -        - - 
       u1       - -        - -       0.804       - -        - -        - - 
       u2       - -        - -       0.825       - -        - -        - - 
       u3       - -        - -       0.510       - -        - -        - - 
     img1       - -        - -        - -       1.246       - -        - - 
     img2       - -        - -        - -       0.468       - -        - - 
      nc1       - -        - -        - -        - -       0.726       - - 
      nc2       - -        - -        - -        - -       1.028       - - 
      nc3       - -        - -        - -        - -       0.289       - - 
      sc1       - -        - -        - -        - -        - -       0.861
      sc2       - -        - -        - -        - -        - -       0.874
      sc3       - -        - -        - -        - -        - -       0.838
      sc4       - -        - -        - -        - -        - -       0.768
      sc5       - -        - -        - -        - -        - -       0.878
      bi1       - -        - -        - -        - -        - -        - - 
      bi2       - -        - -        - -        - -        - -        - - 
      bi3       - -        - -        - -        - -        - -        - - 
      bi4       - -        - -        - -        - -        - -        - - 
      pi1       - -        - -        - -        - -        - -        - - 
      pi2       - -        - -        - -        - -        - -        - - 
      pi3       - -        - -        - -        - -        - -        - - 
      pi4       - -        - -        - -        - -        - -        - - 

         LAMBDA-X    

                  BI       PIIT   
            --------   --------
       e1       - -        - - 
       e2       - -        - - 
       t1       - -        - - 
       t2       - -        - - 
       t3       - -        - - 
       u1       - -        - - 
       u2       - -        - - 
       u3       - -        - - 
     img1       - -        - - 
     img2       - -        - - 
      nc1       - -        - - 
      nc2       - -        - - 
      nc3       - -        - - 
      sc1       - -        - - 
      sc2       - -        - - 
      sc3       - -        - - 
      sc4       - -        - - 
      sc5       - -        - - 
      bi1      0.818       - - 
      bi2      0.749       - - 
      bi3      0.812       - - 
      bi4      0.896       - - 
      pi1       - -       0.501
      pi2       - -       0.899
      pi3       - -       0.861
      pi4       - -       0.827

         PHI                                     

                 RPE       RPAT        EOU       RPAI         TC         SC   
            --------   --------   --------   --------   --------   --------
      RPE      1.000
     RPAT      0.012      1.000
      EOU     -0.021      0.287      1.000
     RPAI     -0.015      0.056      0.136      1.000
       TC      0.010      0.055      0.122     -0.116      1.000
       SC      0.047     -0.139     -0.034     -0.147      0.331      1.000
       BI      0.165      0.400      0.351      0.094     -0.201     -0.465
     PIIT      0.121      0.151      0.067      0.116     -0.209     -0.528

         PHI                                     

                  BI       PIIT   
            --------   --------
       BI      1.000
     PIIT      0.293      1.000

 CFA dla modelu RA-SC (8 czynnikow). Skale wstepne (26 zmiennych)               

 Completely Standardized Solution

         LAMBDA-X    

                 RPE       RPAT        EOU       RPAI         TC         SC   
            --------   --------   --------   --------   --------   --------
       e1      0.753       - -        - -        - -        - -        - - 
       e2      1.007       - -        - -        - -        - -        - - 
       t1       - -       0.912       - -        - -        - -        - - 
       t2       - -       0.691       - -        - -        - -        - - 
       t3       - -       0.856       - -        - -        - -        - - 
       u1       - -        - -       0.804       - -        - -        - - 
       u2       - -        - -       0.825       - -        - -        - - 
       u3       - -        - -       0.510       - -        - -        - - 
     img1       - -        - -        - -       1.246       - -        - - 
     img2       - -        - -        - -       0.468       - -        - - 
      nc1       - -        - -        - -        - -       0.726       - - 
      nc2       - -        - -        - -        - -       1.028       - - 
      nc3       - -        - -        - -        - -       0.289       - - 
      sc1       - -        - -        - -        - -        - -       0.861
      sc2       - -        - -        - -        - -        - -       0.874
      sc3       - -        - -        - -        - -        - -       0.838
      sc4       - -        - -        - -        - -        - -       0.768
      sc5       - -        - -        - -        - -        - -       0.878
      bi1       - -        - -        - -        - -        - -        - - 
      bi2       - -        - -        - -        - -        - -        - - 
      bi3       - -        - -        - -        - -        - -        - - 
      bi4       - -        - -        - -        - -        - -        - - 
      pi1       - -        - -        - -        - -        - -        - - 
      pi2       - -        - -        - -        - -        - -        - - 
      pi3       - -        - -        - -        - -        - -        - - 
      pi4       - -        - -        - -        - -        - -        - - 

         LAMBDA-X    

                  BI       PIIT   
            --------   --------
       e1       - -        - - 
       e2       - -        - - 
       t1       - -        - - 
       t2       - -        - - 
       t3       - -        - - 
       u1       - -        - - 
       u2       - -        - - 
       u3       - -        - - 
     img1       - -        - - 
     img2       - -        - - 
      nc1       - -        - - 
      nc2       - -        - - 
      nc3       - -        - - 
      sc1       - -        - - 
      sc2       - -        - - 
      sc3       - -        - - 
      sc4       - -        - - 
      sc5       - -        - - 
      bi1      0.818       - - 
      bi2      0.749       - - 
      bi3      0.812       - - 
      bi4      0.896       - - 
      pi1       - -       0.501
      pi2       - -       0.899
      pi3       - -       0.861
      pi4       - -       0.827

         PHI                                     

                 RPE       RPAT        EOU       RPAI         TC         SC   
            --------   --------   --------   --------   --------   --------
      RPE      1.000
     RPAT      0.012      1.000
      EOU     -0.021      0.287      1.000
     RPAI     -0.015      0.056      0.136      1.000
       TC      0.010      0.055      0.122     -0.116      1.000
       SC      0.047     -0.139     -0.034     -0.147      0.331      1.000
       BI      0.165      0.400      0.351      0.094     -0.201     -0.465
     PIIT      0.121      0.151      0.067      0.116     -0.209     -0.528

         PHI                                     

                  BI       PIIT   
            --------   --------
       BI      1.000
     PIIT      0.293      1.000

         THETA-DELTA 

                  e1         e2         t1         t2         t3         u1   
            --------   --------   --------   --------   --------   --------
               0.433     -0.015      0.168      0.522      0.268      0.353

         THETA-DELTA 

                  u2         u3       img1       img2        nc1        nc2   
            --------   --------   --------   --------   --------   --------
               0.319      0.740     -0.553      0.781      0.473     -0.056

         THETA-DELTA 

                 nc3        sc1        sc2        sc3        sc4        sc5   
            --------   --------   --------   --------   --------   --------
               0.917      0.258      0.237      0.298      0.410      0.230

         THETA-DELTA 

                 bi1        bi2        bi3        bi4        pi1        pi2   
            --------   --------   --------   --------   --------   --------
               0.331      0.439      0.340      0.197      0.749      0.192

         THETA-DELTA 

                 pi3        pi4   
            --------   --------
               0.258      0.316
