
                                DATE: 02/12/2011
                                  TIME: 07:50

                               P R E L I S  2.72

                                       BY

                         Karl G. J”reskog & Dag S”rbom



                    This program is published exclusively by
                    Scientific Software International, Inc.
                       7383 N. Lincoln Avenue, Suite 100
                        Lincolnwood, IL 60712, U.S.A.
            Phone: (800)247-6113, (847)675-0720, Fax: (847)675-2140
        Copyright by Scientific Software International, Inc., 1981-2005 
          Use of this program is subject to the terms specified in the
                        Universal Copyright Convention.
                          Website: www.ssicentral.com 

 The following lines were read from file TAM_ff.pr2:

 Skrypt PRELIS generujacy macierz kowariancji z danych RAW
 ! NI, liczba zm. obserwowalnych ; NO, liczba obserwacji
 DATA NI=20 NO=209
  
 ! FI -- plik z danymi w formacie FREE
 RAW FI=wyniki_firefox.txt
  
 ! etykiety zmiennych (w PRELIS do niczego niepotrzebne)
 LA ; Pu1 Pu2 Pu3 Pu4 Pu5 Peou1 Peou2 Peou3 Peou4 Peou5 Att1 Att2 Att3 Att4 Ito1 Ito2 Ito3 Age Time Zstatus
  
 ! macierz kowariancji (do wykorzystania przez LISREL)
 OUTPUT MATRIX=KM SM=TAM_ff.mtx

 W_A_R_N_I_N_G:     Age has more than 15 categories and will be
                          treated as continuous. ERROR CODE 201.

 W_A_R_N_I_N_G:    Time has more than 15 categories and will be
                          treated as continuous. ERROR CODE 201.

 
 Total Sample Size =    209

 Univariate Marginal Parameters

 Variable     Mean St. Dev.   Thresholds
 --------     ---- --------   ----------
      Pu1    0.000    1.000  -1.716  -1.577  -1.201  -0.724  -0.006   0.126
      Pu2    0.000    1.000  -1.537  -1.396  -0.984  -0.548   0.323   0.466
      Pu3    0.000    1.000  -1.537  -1.306  -0.908  -0.323   0.480   0.634
      Pu4    0.000    1.000  -1.463  -1.306  -0.964  -0.374   0.413   0.590
      Pu5    0.000    1.000  -1.666  -1.499  -1.226  -0.890   0.187   0.323
    Peou1    0.000    1.000  -0.224   0.138   0.945   1.226   1.429   1.537
    Peou2    0.000    1.000  -1.979  -1.832  -1.666  -1.252  -0.018   0.311
    Peou3    0.000    1.000  -0.855  -0.480   0.693   1.201   1.716   1.900
    Peou4    0.000    1.000  -1.832  -1.463  -0.964  -0.534   0.724   1.201
    Peou5    0.000    1.000  -2.072  -1.832  -1.499  -0.984   0.199   0.576
     Att1    0.000    1.000  -1.979  -1.771  -1.577  -0.648  -0.413
     Att2    0.000    1.000  -1.832  -1.577  -1.463  -1.003  -0.090   0.114
     Att3    0.000    1.000  -1.620  -1.499  -1.177  -0.890  -0.054   0.114
     Att4    0.000    1.000  -1.226  -1.086  -0.548   0.042   0.605   0.838
     Ito1    0.000    1.000  -1.537  -1.396  -0.908  -0.336   0.440   0.648
     Ito2    0.000    1.000  -1.537  -1.429  -0.984  -0.534   0.440   0.619
     Ito3    0.000    1.000  -1.306  -1.177  -0.838  -0.480   0.150   0.426
  Zstatus    0.000    1.000  -0.236

 Univariate Distributions for Ordinal Variables 

      Pu1 Frequency Percentage Bar Chart
      1       9         4.3    
      2       3         1.4    
      3      12         5.7    
      4      25        12.0    
      5      55        26.3    
      6      11         5.3    
      7      94        45.0    

      Pu2 Frequency Percentage Bar Chart
      1      13         6.2    
      2       4         1.9    
      3      17         8.1    
      4      27        12.9    
      5      70        33.5    
      6      11         5.3    
      7      67        32.1    

      Pu3 Frequency Percentage Bar Chart
      1      13         6.2    
      2       7         3.3    
      3      18         8.6    
      4      40        19.1    
      5      65        31.1    
      6      11         5.3    
      7      55        26.3    

      Pu4 Frequency Percentage Bar Chart
      1      15         7.2    
      2       5         2.4    
      3      15         7.2    
      4      39        18.7    
      5      64        30.6    
      6      13         6.2    
      7      58        27.8    

      Pu5 Frequency Percentage Bar Chart
      1      10         4.8    
      2       4         1.9    
      3       9         4.3    
      4      16         7.7    
      5      81        38.8    
      6      11         5.3    
      7      78        37.3    

    Peou1 Frequency Percentage Bar Chart
      1      86        41.1    
      2      30        14.4    
      3      57        27.3    
      4      13         6.2    
      5       7         3.3    
      6       3         1.4    
      7      13         6.2    

    Peou2 Frequency Percentage Bar Chart
      1       5         2.4    
      2       2         1.0    
      3       3         1.4    
      4      12         5.7    
      5      81        38.8    
      6      27        12.9    
      7      79        37.8    

    Peou3 Frequency Percentage Bar Chart
      1      41        19.6    
      2      25        12.0    
      3      92        44.0    
      4      27        12.9    
      5      15         7.2    
      6       3         1.4    
      7       6         2.9    

    Peou4 Frequency Percentage Bar Chart
      1       7         3.3    
      2       8         3.8    
      3      20         9.6    
      4      27        12.9    
      5      98        46.9    
      6      25        12.0    
      7      24        11.5    

    Peou5 Frequency Percentage Bar Chart
      1       4         1.9    
      2       3         1.4    
      3       7         3.3    
      4      20         9.6    
      5      87        41.6    
      6      29        13.9    
      7      59        28.2    

     Att1 Frequency Percentage Bar Chart
      1       5         2.4    
      3       3         1.4    
      4       4         1.9    
      5      42        20.1    
      6      17         8.1    
      7     138        66.0    

     Att2 Frequency Percentage Bar Chart
      1       7         3.3    
      2       5         2.4    
      3       3         1.4    
      4      18         8.6    
      5      64        30.6    
      6      17         8.1    
      7      95        45.5    

     Att3 Frequency Percentage Bar Chart
      1      11         5.3    
      2       3         1.4    
      3      11         5.3    
      4      14         6.7    
      5      61        29.2    
      6      14         6.7    
      7      95        45.5    

     Att4 Frequency Percentage Bar Chart
      1      23        11.0    
      2       6         2.9    
      3      32        15.3    
      4      47        22.5    
      5      44        21.1    
      6      15         7.2    
      7      42        20.1    

     Ito1 Frequency Percentage Bar Chart
      1      13         6.2    
      2       4         1.9    
      3      21        10.0    
      4      39        18.7    
      5      63        30.1    
      6      15         7.2    
      7      54        25.8    

     Ito2 Frequency Percentage Bar Chart
      1      13         6.2    
      2       3         1.4    
      3      18         8.6    
      4      28        13.4    
      5      78        37.3    
      6      13         6.2    
      7      56        26.8    

     Ito3 Frequency Percentage Bar Chart
      1      20         9.6    
      2       5         2.4    
      3      17         8.1    
      4      24        11.5    
      5      51        24.4    
      6      22        10.5    
      7      70        33.5    

  Zstatus Frequency Percentage Bar Chart
      0      85        40.7    
      1     124        59.3    

 Univariate Summary Statistics for Continuous Variables

 Variable     Mean  St. Dev.   T-Value  Skewness  Kurtosis  Minimum Freq.  Maximum Freq.
 --------     ----  --------   -------  --------  --------  ------- -----  ------- -----
      Age   25.914     7.305    51.287     1.252     1.960   15.000     4   54.000     1
     Time    8.435     3.302    36.936     0.365    -0.399    2.000     2   18.000     1

 Test of Univariate Normality for Continuous Variables

              Skewness         Kurtosis      Skewness and Kurtosis

 Variable Z-Score P-Value   Z-Score P-Value   Chi-Square P-Value

      Age   6.105   0.000     3.509   0.000       49.578   0.000
     Time   2.147   0.032    -1.365   0.172        6.473   0.039

 Relative Multivariate Kurtosis = 1.172

 Test of Multivariate Normality for Continuous Variables

             Skewness                   Kurtosis           Skewness and Kurtosis

      Value  Z-Score P-Value     Value  Z-Score P-Value      Chi-Square P-Value
     ------  ------- -------   -------  ------- -------      ---------- -------
      2.188    7.324   0.000     9.376    2.195   0.028          58.466   0.000

 Histograms for Continuous Variables

      Age
 Frequency Percentage Lower Class Limit
    25        12.0       15.000        
    55        26.3       18.900        
    50        23.9       22.800        
    38        18.2       26.700        
    15         7.2       30.600        
    11         5.3       34.500        
     8         3.8       38.400        
     3         1.4       42.300        
     1         0.5       46.200
     3         1.4       50.100        

     Time
 Frequency Percentage Lower Class Limit
     8         3.8        2.000        
    44        21.1        3.600        
    16         7.7        5.200        
    54        25.8        6.800        
    38        18.2        8.400        
     1         0.5       10.000
    32        15.3       11.600        
     7         3.3       13.200        
     8         3.8       14.800        
     1         0.5       16.400


                         Correlations and Test Statistics

            (PE=Pearson Product Moment, PC=Polychoric, PS=Polyserial)
                                        Test of Model         Test of Close Fit
 Variable vs. Variable Correlation  Chi-Squ.  D.F. P-Value       RMSEA  P-Value
 -------- --- -------- -----------  --------  ---- -------       -----  -------
      Pu2 vs.      Pu1  0.153 (PC)  29.132    35    0.747        0.000   1.000
      Pu3 vs.      Pu1  0.261 (PC)  39.224    35    0.286        0.024   1.000
      Pu3 vs.      Pu2  0.807 (PC)  46.987    35    0.085        0.040   1.000
      Pu4 vs.      Pu1  0.276 (PC)  54.757    35    0.018        0.052   1.000
      Pu4 vs.      Pu2  0.774 (PC)  52.863    35    0.027        0.049   1.000
      Pu4 vs.      Pu3  0.925 (PC)  51.127    35    0.038        0.047   1.000
      Pu5 vs.      Pu1  0.142 (PC)  25.720    35    0.874        0.000   1.000
      Pu5 vs.      Pu2  0.744 (PC)  78.052    35    0.000        0.077   0.953
      Pu5 vs.      Pu3  0.747 (PC)  62.112    35    0.003        0.061   0.997
      Pu5 vs.      Pu4  0.787 (PC)  56.995    35    0.011        0.055   0.999
    Peou1 vs.      Pu1 -0.108 (PC)  31.979    35    0.615        0.000   1.000
    Peou1 vs.      Pu2 -0.455 (PC)  78.705    35    0.000        0.077   0.949
    Peou1 vs.      Pu3 -0.347 (PC)  53.871    35    0.022        0.051   1.000
    Peou1 vs.      Pu4 -0.335 (PC)  47.641    35    0.075        0.042   1.000
    Peou1 vs.      Pu5 -0.368 (PC)  66.153    35    0.001        0.065   0.993
    Peou2 vs.      Pu1 -0.029 (PC)  27.941    35    0.796        0.000   1.000
    Peou2 vs.      Pu2  0.380 (PC)  68.503    35    0.001        0.068   0.989
    Peou2 vs.      Pu3  0.377 (PC)  55.755    35    0.014        0.053   0.999
    Peou2 vs.      Pu4  0.394 (PC)  56.705    35    0.012        0.054   0.999
    Peou2 vs.      Pu5  0.458 (PC)  60.225    35    0.005        0.059   0.998
    Peou2 vs.    Peou1 -0.387 (PC)  55.271    35    0.016        0.053   0.999
    Peou3 vs.      Pu1 -0.029 (PC)  19.070    35    0.987        0.000   1.000
    Peou3 vs.      Pu2 -0.204 (PC)  77.558    35    0.000        0.076   0.956
    Peou3 vs.      Pu3 -0.183 (PC)  58.631    35    0.007        0.057   0.999
    Peou3 vs.      Pu4 -0.196 (PC)  54.938    35    0.017        0.052   0.999
    Peou3 vs.      Pu5 -0.230 (PC)  65.976    35    0.001        0.065   0.993
    Peou3 vs.    Peou1  0.543 (PC)  76.930    35    0.000        0.076   0.959
    Peou3 vs.    Peou2 -0.413 (PC)  70.268    35    0.000        0.069   0.985
    Peou4 vs.      Pu1  0.033 (PC)  36.763    35    0.387        0.016   1.000
    Peou4 vs.      Pu2  0.445 (PC)  53.583    35    0.023        0.050   1.000
    Peou4 vs.      Pu3  0.442 (PC)  63.595    35    0.002        0.063   0.996
    Peou4 vs.      Pu4  0.406 (PC)  62.204    35    0.003        0.061   0.997
    Peou4 vs.      Pu5  0.503 (PC)  56.354    35    0.013        0.054   0.999
    Peou4 vs.    Peou1 -0.405 (PC)  59.053    35    0.007        0.057   0.998
    Peou4 vs.    Peou2  0.509 (PC)  73.654    35    0.000        0.073   0.975
    Peou4 vs.    Peou3 -0.380 (PC)  83.368    35    0.000        0.081   0.911
    Peou5 vs.      Pu1  0.119 (PC)  37.685    35    0.347        0.019   1.000
    Peou5 vs.      Pu2  0.532 (PC)  57.452    35    0.010        0.055   0.999
    Peou5 vs.      Pu3  0.496 (PC)  51.980    35    0.032        0.048   1.000
    Peou5 vs.      Pu4  0.461 (PC)  67.641    35    0.001        0.067   0.991
    Peou5 vs.      Pu5  0.516 (PC)  87.614    35    0.000        0.085   0.862
    Peou5 vs.    Peou1 -0.582 (PC)  67.649    35    0.001        0.067   0.991
    Peou5 vs.    Peou2  0.696 (PC)  62.540    35    0.003        0.061   0.997
    Peou5 vs.    Peou3 -0.519 (PC)  80.479    35    0.000        0.079   0.936
    Peou5 vs.    Peou4  0.630 (PC)  71.143    35    0.000        0.070   0.983
     Att1 vs.      Pu1  0.159 (PC)  30.145    29    0.407        0.014   1.000
     Att1 vs.      Pu2  0.662 (PC)  37.879    29    0.125        0.038   1.000
     Att1 vs.      Pu3  0.618 (PC)  44.194    29    0.035        0.050   0.999
     Att1 vs.      Pu4  0.611 (PC)  39.596    29    0.091        0.042   1.000
     Att1 vs.      Pu5  0.644 (PC)  47.727    29    0.016        0.056   0.997
     Att1 vs.    Peou1 -0.716 (PC)  72.974    29    0.000        0.085   0.831
     Att1 vs.    Peou2  0.455 (PC)  67.824    29    0.000        0.080   0.903
     Att1 vs.    Peou3 -0.506 (PC)  58.997    29    0.001        0.070   0.972
     Att1 vs.    Peou4  0.357 (PC)  62.940    29    0.000        0.075   0.949
     Att1 vs.    Peou5  0.616 (PC)  65.610    29    0.000        0.078   0.926
     Att2 vs.      Pu1  0.106 (PC)  30.762    35    0.673        0.000   1.000
     Att2 vs.      Pu2  0.720 (PC)  71.150    35    0.000        0.070   0.983
     Att2 vs.      Pu3  0.674 (PC)  58.002    35    0.009        0.056   0.999
     Att2 vs.      Pu4  0.693 (PC)  45.275    35    0.114        0.037   1.000
     Att2 vs.      Pu5  0.734 (PC)  81.597    35    0.000        0.080   0.927
     Att2 vs.    Peou1 -0.498 (PC)  66.864    35    0.001        0.066   0.992
     Att2 vs.    Peou2  0.380 (PC)  74.090    35    0.000        0.073   0.973
     Att2 vs.    Peou3 -0.248 (PC)  86.770    35    0.000        0.084   0.873
     Att2 vs.    Peou4  0.427 (PC)  70.349    35    0.000        0.070   0.985
     Att2 vs.    Peou5  0.554 (PC)  81.403    35    0.000        0.080   0.929
     Att2 vs.     Att1  0.681 (PC)  49.520    29    0.010        0.058   0.996
     Att3 vs.      Pu1  0.147 (PC)  27.035    35    0.830        0.000   1.000
     Att3 vs.      Pu2  0.813 (PC)  39.117    35    0.290        0.024   1.000
     Att3 vs.      Pu3  0.741 (PC)  49.907    35    0.049        0.045   1.000
     Att3 vs.      Pu4  0.749 (PC)  52.922    35    0.027        0.049   1.000
     Att3 vs.      Pu5  0.780 (PC)  55.572    35    0.015        0.053   0.999
     Att3 vs.    Peou1 -0.599 (PC)  82.762    35    0.000        0.081   0.916
     Att3 vs.    Peou2  0.558 (PC)  55.501    35    0.015        0.053   0.999
     Att3 vs.    Peou3 -0.323 (PC)  77.424    35    0.000        0.076   0.957
     Att3 vs.    Peou4  0.550 (PC)  54.362    35    0.019        0.051   1.000
     Att3 vs.    Peou5  0.631 (PC)  65.659    35    0.001        0.065   0.994
     Att3 vs.     Att1  0.730 (PC)  47.400    29    0.017        0.055   0.998
     Att3 vs.     Att2  0.811 (PC)  60.567    35    0.005        0.059   0.998
     Att4 vs.      Pu1  0.064 (PC)  35.476    35    0.446        0.008   1.000
     Att4 vs.      Pu2  0.695 (PC)  57.275    35    0.010        0.055   0.999
     Att4 vs.      Pu3  0.636 (PC)  68.569    35    0.001        0.068   0.989
     Att4 vs.      Pu4  0.614 (PC)  51.112    35    0.039        0.047   1.000
     Att4 vs.      Pu5  0.587 (PC)  37.757    35    0.344        0.019   1.000
     Att4 vs.    Peou1 -0.508 (PC)  58.802    35    0.007        0.057   0.999
     Att4 vs.    Peou2  0.358 (PC)  50.580    35    0.043        0.046   1.000
     Att4 vs.    Peou3 -0.248 (PC)  54.137    35    0.020        0.051   1.000
     Att4 vs.    Peou4  0.401 (PC)  80.226    35    0.000        0.079   0.938
     Att4 vs.    Peou5  0.413 (PC)  48.729    35    0.061        0.043   1.000
     Att4 vs.     Att1  0.570 (PC)  44.992    29    0.029        0.051   0.999
     Att4 vs.     Att2  0.695 (PC)  39.706    35    0.268        0.025   1.000
     Att4 vs.     Att3  0.784 (PC)  47.848    35    0.072        0.042   1.000
     Ito1 vs.      Pu1  0.126 (PC)  25.710    35    0.874        0.000   1.000
     Ito1 vs.      Pu2  0.722 (PC)  62.579    35    0.003        0.061   0.997
     Ito1 vs.      Pu3  0.650 (PC)  52.974    35    0.026        0.050   1.000
     Ito1 vs.      Pu4  0.645 (PC)  46.021    35    0.101        0.039   1.000
     Ito1 vs.      Pu5  0.625 (PC)  55.032    35    0.017        0.052   0.999
     Ito1 vs.    Peou1 -0.529 (PC)  78.035    35    0.000        0.077   0.953
     Ito1 vs.    Peou2  0.397 (PC)  68.866    35    0.001        0.068   0.988
     Ito1 vs.    Peou3 -0.302 (PC)  73.870    35    0.000        0.073   0.974
     Ito1 vs.    Peou4  0.478 (PC)  72.323    35    0.000        0.071   0.979
     Ito1 vs.    Peou5  0.492 (PC)  72.598    35    0.000        0.072   0.979
     Ito1 vs.     Att1  0.565 (PC)  73.064    29    0.000        0.085   0.830
     Ito1 vs.     Att2  0.685 (PC)  72.254    35    0.000        0.071   0.980
     Ito1 vs.     Att3  0.794 (PC)  84.099    35    0.000        0.082   0.903
     Ito1 vs.     Att4  0.866 (PC) 128.877    35    0.000        0.113   0.139
     Ito2 vs.      Pu1  0.158 (PC)  31.896    35    0.619        0.000   1.000
     Ito2 vs.      Pu2  0.707 (PC)  57.072    35    0.011        0.055   0.999
     Ito2 vs.      Pu3  0.694 (PC)  33.053    35    0.562        0.000   1.000
     Ito2 vs.      Pu4  0.692 (PC)  53.858    35    0.022        0.051   1.000
     Ito2 vs.      Pu5  0.679 (PC)  56.327    35    0.013        0.054   0.999
     Ito2 vs.    Peou1 -0.469 (PC)  66.835    35    0.001        0.066   0.992
     Ito2 vs.    Peou2  0.401 (PC)  64.078    35    0.002        0.063   0.995
     Ito2 vs.    Peou3 -0.259 (PC)  76.941    35    0.000        0.076   0.959
     Ito2 vs.    Peou4  0.461 (PC)  83.840    35    0.000        0.082   0.906
     Ito2 vs.    Peou5  0.455 (PC)  76.376    35    0.000        0.075   0.962
     Ito2 vs.     Att1  0.620 (PC)  53.573    29    0.004        0.064   0.990
     Ito2 vs.     Att2  0.697 (PC)  52.364    35    0.030        0.049   1.000
     Ito2 vs.     Att3  0.833 (PC)  74.904    35    0.000        0.074   0.970
     Ito2 vs.     Att4  0.856 (PC)  86.515    35    0.000        0.084   0.876
     Ito2 vs.     Ito1  0.891 (PC) 118.985    35    0.000        0.107   0.274
     Ito3 vs.      Pu1  0.118 (PC)  24.348    35    0.911        0.000   1.000
     Ito3 vs.      Pu2  0.740 (PC)  45.693    35    0.107        0.038   1.000
     Ito3 vs.      Pu3  0.690 (PC)  61.896    35    0.003        0.061   0.997
     Ito3 vs.      Pu4  0.655 (PC)  62.502    35    0.003        0.061   0.997
     Ito3 vs.      Pu5  0.699 (PC)  49.960    35    0.048        0.045   1.000
     Ito3 vs.    Peou1 -0.516 (PC)  80.671    35    0.000        0.079   0.934
     Ito3 vs.    Peou2  0.426 (PC)  58.717    35    0.007        0.057   0.999
     Ito3 vs.    Peou3 -0.263 (PC)  65.932    35    0.001        0.065   0.993
     Ito3 vs.    Peou4  0.418 (PC)  56.036    35    0.013        0.054   0.999
     Ito3 vs.    Peou5  0.538 (PC)  50.493    35    0.044        0.046   1.000
     Ito3 vs.     Att1  0.627 (PC)  50.335    29    0.008        0.059   0.995
     Ito3 vs.     Att2  0.807 (PC)  39.258    35    0.285        0.024   1.000
     Ito3 vs.     Att3  0.868 (PC)  40.919    35    0.227        0.028   1.000
     Ito3 vs.     Att4  0.887 (PC)  76.811    35    0.000        0.076   0.960
     Ito3 vs.     Ito1  0.867 (PC) 103.977    35    0.000        0.097   0.568
     Ito3 vs.     Ito2  0.847 (PC)  79.775    35    0.000        0.078   0.941
      Pu1 vs.      Age -0.053 (PS)  11.135    11    0.432        0.008   0.997
      Pu2 vs.      Age -0.087 (PS)  22.066    11    0.024        0.069   0.876
      Pu3 vs.      Age -0.083 (PS)  14.430    11    0.210        0.039   0.985
      Pu4 vs.      Age -0.078 (PS)  33.389    11    0.000        0.099   0.487
      Pu5 vs.      Age -0.122 (PS)  17.097    11    0.105        0.051   0.963
    Peou1 vs.      Age -0.016 (PS)  27.167    11    0.004        0.084   0.721
    Peou2 vs.      Age -0.080 (PS)  13.221    11    0.279        0.031   0.991
    Peou3 vs.      Age  0.064 (PS)  51.926    11    0.000        0.133   0.059
    Peou4 vs.      Age -0.081 (PS)  26.878    11    0.005        0.083   0.732
    Peou5 vs.      Age -0.088 (PS)  27.033    11    0.005        0.084   0.726
     Att1 vs.      Age -0.106 (PS)  12.916     9    0.166        0.046   0.961
     Att2 vs.      Age -0.122 (PS)  10.357    11    0.499        0.000   0.998
     Att3 vs.      Age -0.136 (PS)  11.717    11    0.385        0.018   0.996
     Att4 vs.      Age -0.035 (PS)  14.482    11    0.207        0.039   0.985
     Ito1 vs.      Age -0.077 (PS)  10.506    11    0.486        0.000   0.998
     Ito2 vs.      Age -0.092 (PS)  14.099    11    0.228        0.037   0.987
     Ito3 vs.      Age -0.031 (PS)  10.956    11    0.447        0.000   0.997
      Pu1 vs.     Time  0.035 (PS)  21.206    11    0.031        0.067   0.896
      Pu2 vs.     Time -0.056 (PS)  15.070    11    0.179        0.042   0.981
      Pu3 vs.     Time  0.023 (PS)  15.895    11    0.145        0.046   0.975
      Pu4 vs.     Time  0.060 (PS)  16.271    11    0.131        0.048   0.972
      Pu5 vs.     Time  0.019 (PS)  11.068    11    0.438        0.005   0.997
    Peou1 vs.     Time  0.164 (PS)  21.556    11    0.028        0.068   0.888
    Peou2 vs.     Time -0.047 (PS)   8.325    11    0.684        0.000   0.999
    Peou3 vs.     Time  0.067 (PS)   4.686    11    0.945        0.000   1.000
    Peou4 vs.     Time -0.020 (PS)  10.749    11    0.465        0.000   0.997
    Peou5 vs.     Time -0.048 (PS)  12.528    11    0.325        0.026   0.993
     Att1 vs.     Time -0.184 (PS)   6.277     9    0.712        0.000   0.999
     Att2 vs.     Time -0.156 (PS)  11.429    11    0.408        0.014   0.996
     Att3 vs.     Time -0.098 (PS)   8.737    11    0.646        0.000   0.999
     Att4 vs.     Time -0.146 (PS)   6.624    11    0.829        0.000   1.000
     Ito1 vs.     Time -0.090 (PS)  14.101    11    0.227        0.037   0.987
     Ito2 vs.     Time -0.119 (PS)  17.434    11    0.096        0.053   0.959
     Ito3 vs.     Time -0.087 (PS)   9.846    11    0.544        0.000   0.998
     Time vs.      Age  0.096 (PE)
  Zstatus vs.      Pu1 -0.001 (PC)   5.946     5    0.311        0.030   0.936
  Zstatus vs.      Pu2 -0.149 (PC)   2.836     5    0.725        0.000   0.992
  Zstatus vs.      Pu3 -0.136 (PC)   4.758     5    0.446        0.000   0.966
  Zstatus vs.      Pu4 -0.143 (PC)   9.297     5    0.098        0.064   0.797
  Zstatus vs.      Pu5 -0.175 (PC)   3.054     5    0.692        0.000   0.990
  Zstatus vs.    Peou1  0.157 (PC)   2.598     5    0.762        0.000   0.994
  Zstatus vs.    Peou2 -0.027 (PC)   1.970     5    0.853        0.000   0.997
  Zstatus vs.    Peou3  0.075 (PC)   5.314     5    0.379        0.017   0.953
  Zstatus vs.    Peou4 -0.012 (PC)  12.902     5    0.024        0.087   0.593
  Zstatus vs.    Peou5 -0.051 (PC)   3.239     5    0.663        0.000   0.989
  Zstatus vs.     Att1 -0.252 (PC)   1.921     4    0.750        0.000   0.989
  Zstatus vs.     Att2 -0.219 (PC)   4.631     5    0.463        0.000   0.968
  Zstatus vs.     Att3 -0.244 (PC)   9.568     5    0.088        0.066   0.783
  Zstatus vs.     Att4 -0.168 (PC)   5.451     5    0.363        0.021   0.950
  Zstatus vs.     Ito1 -0.165 (PC)   7.250     5    0.203        0.046   0.891
  Zstatus vs.     Ito2 -0.216 (PC)  11.394     5    0.044        0.078   0.681
  Zstatus vs.     Ito3 -0.160 (PC)   8.430     5    0.134        0.057   0.840
  Zstatus vs.      Age  0.847 (PS)  49.411     1    0.000        0.481   0.000
  Zstatus vs.     Time  0.361 (PS)   0.219     1    0.640        0.000   0.864

           Percentage of Tests Exceeding 0.5% Significance Level:  0.5%

           Percentage of Tests Exceeding 1.0% Significance Level:  0.5%

           Percentage of Tests Exceeding 5.0% Significance Level:  0.5%



 Correlation Matrix                  
 
                 Pu1        Pu2        Pu3        Pu4        Pu5      Peou1
            --------   --------   --------   --------   --------   --------
      Pu1      1.000
      Pu2      0.153      1.000
      Pu3      0.261      0.807      1.000
      Pu4      0.276      0.774      0.925      1.000
      Pu5      0.142      0.744      0.747      0.787      1.000
    Peou1     -0.108     -0.455     -0.347     -0.335     -0.368      1.000
    Peou2     -0.029      0.380      0.377      0.394      0.458     -0.387
    Peou3     -0.029     -0.204     -0.183     -0.196     -0.230      0.543
    Peou4      0.033      0.445      0.442      0.406      0.503     -0.405
    Peou5      0.119      0.532      0.496      0.461      0.516     -0.582
     Att1      0.159      0.662      0.618      0.611      0.644     -0.716
     Att2      0.106      0.720      0.674      0.693      0.734     -0.498
     Att3      0.147      0.813      0.741      0.749      0.780     -0.599
     Att4      0.064      0.695      0.636      0.614      0.587     -0.508
     Ito1      0.126      0.722      0.650      0.645      0.625     -0.529
     Ito2      0.158      0.707      0.694      0.692      0.679     -0.469
     Ito3      0.118      0.740      0.690      0.655      0.699     -0.516
      Age     -0.053     -0.087     -0.083     -0.078     -0.122     -0.016
     Time      0.035     -0.056      0.023      0.060      0.019      0.164
  Zstatus     -0.001     -0.149     -0.136     -0.143     -0.175      0.157

 Correlation Matrix                  
 
               Peou2      Peou3      Peou4      Peou5       Att1       Att2
            --------   --------   --------   --------   --------   --------
    Peou2      1.000
    Peou3     -0.413      1.000
    Peou4      0.509     -0.380      1.000
    Peou5      0.696     -0.519      0.630      1.000
     Att1      0.455     -0.506      0.357      0.616      1.000
     Att2      0.380     -0.248      0.427      0.554      0.681      1.000
     Att3      0.558     -0.323      0.550      0.631      0.730      0.811
     Att4      0.358     -0.248      0.401      0.413      0.570      0.695
     Ito1      0.397     -0.302      0.478      0.492      0.565      0.685
     Ito2      0.401     -0.259      0.461      0.455      0.620      0.697
     Ito3      0.426     -0.263      0.418      0.538      0.627      0.807
      Age     -0.080      0.064     -0.081     -0.088     -0.106     -0.122
     Time     -0.047      0.067     -0.020     -0.048     -0.184     -0.156
  Zstatus     -0.027      0.075     -0.012     -0.051     -0.252     -0.219

 Correlation Matrix                  
 
                Att3       Att4       Ito1       Ito2       Ito3        Age
            --------   --------   --------   --------   --------   --------
     Att3      1.000
     Att4      0.784      1.000
     Ito1      0.794      0.866      1.000
     Ito2      0.833      0.856      0.891      1.000
     Ito3      0.868      0.887      0.867      0.847      1.000
      Age     -0.136     -0.035     -0.077     -0.092     -0.031      1.000
     Time     -0.098     -0.146     -0.090     -0.119     -0.087      0.096
  Zstatus     -0.244     -0.168     -0.165     -0.216     -0.160      0.847

 Correlation Matrix                  
 
                Time    Zstatus
            --------   --------
     Time      1.000
  Zstatus      0.361      1.000

 Means

                 Pu1        Pu2        Pu3        Pu4        Pu5      Peou1
            --------   --------   --------   --------   --------   --------
               0.000      0.000      0.000      0.000      0.000      0.000

 Means

               Peou2      Peou3      Peou4      Peou5       Att1       Att2
            --------   --------   --------   --------   --------   --------
               0.000      0.000      0.000      0.000      0.000      0.000

 Means

                Att3       Att4       Ito1       Ito2       Ito3        Age
            --------   --------   --------   --------   --------   --------
               0.000      0.000      0.000      0.000      0.000     25.914

 Means

                Time    Zstatus
            --------   --------
               8.435      0.000

 Standard Deviations

                 Pu1        Pu2        Pu3        Pu4        Pu5      Peou1
            --------   --------   --------   --------   --------   --------
               1.000      1.000      1.000      1.000      1.000      1.000

 Standard Deviations

               Peou2      Peou3      Peou4      Peou5       Att1       Att2
            --------   --------   --------   --------   --------   --------
               1.000      1.000      1.000      1.000      1.000      1.000

 Standard Deviations

                Att3       Att4       Ito1       Ito2       Ito3        Age
            --------   --------   --------   --------   --------   --------
               1.000      1.000      1.000      1.000      1.000      7.305

 Standard Deviations

                Time    Zstatus
            --------   --------
               3.302      1.000


          The Problem used     67584 Bytes (= 0.1% of available workspace)
