
                                DATE:  2/12/2011
                                  TIME:  7:53


                                L I S R E L  8.72

                                       BY

                         Karl G. J”reskog & Dag S”rbom



                    This program is published exclusively by
                    Scientific Software International, Inc.
                       7383 N. Lincoln Avenue, Suite 100
                        Lincolnwood, IL 60712, U.S.A. 
            Phone: (800)247-6113, (847)675-0720, Fax: (847)675-2140
        Copyright by Scientific Software International, Inc., 1981-2005 
          Use of this program is subject to the terms specified in the
                        Universal Copyright Convention.
                          Website: www.ssicentral.com

 The following lines were read from file TAM_ff.ls8:

 ! *** model TAM w wersji 2 ***
 DA NI=20 NO=209 MA=CM
  
 KM FI=TAM_ff.mtx
  
 ! Etykiety miar (podane w kolejnosci w jakiej wystêpuj± w macierzy KM
 LA ; Pu1 Pu2 Pu3 Pu4 Pu5 Eou1 Eou2 Eou3 Eou4 Eou5 Att1 Att2 Att3 Att4 Ito1 Ito2 Ito3 Age Time Zstatus
  
 ! Zmiana kolejnosci (przypisanie miar czynnikom X1--X25 --> PU, X3--X21 --> PEOU itd...
 SE ; Ito1 Ito2 Ito3    Pu1 Pu3 Pu4    Eou2 Eou3 Eou4 Eou5 /
  
 MO NY=6 NE=2   NX=4 NK=1  LX=FU,FI LX=FU,FI BE=FU,FI GA=FU,FI PH=SY,FR PS=DI,FR TD=DI,FR TE=DI,FR
  
 ! Etykiety zmiennych endogenicznynych (eta)
 LE ; ITO PU
  
 ! Etykiety zmiennych egzogenicznych (ksi)
 LK ; EOU
  
 FR LY(2,1) LY(3,1)         ! ITU = 3
 FR LY(5,2) LY(6,2)         ! PU = 3
  
 FR LX(2,1) LX(3,1) LX(4,1) ! PEOU  = 4
  
 VA 1 LY(1,1) LY(4,2)
 VA 1 LX(1,1)
  
 ! czesc strukturalna
 FR BE(1,2)
 FR GA(1,1) GA(2,1)
  
 OU ME=ML ND=3 MI RS MR SC XM AD=200

 ! *** model TAM w wersji 2 ***                                                 

                           Number of Input Variables 20
                           Number of Y - Variables    6
                           Number of X - Variables    4
                           Number of ETA - Variables  2
                           Number of KSI - Variables  1
                           Number of Observations   209

 ! *** model TAM w wersji 2 ***                                                 

         Covariance Matrix       

                Ito1       Ito2       Ito3        Pu1        Pu3        Pu4   
            --------   --------   --------   --------   --------   --------
     Ito1      1.000
     Ito2      0.891      1.000
     Ito3      0.867      0.847      1.000
      Pu1      0.126      0.158      0.118      1.000
      Pu3      0.650      0.694      0.690      0.261      1.000
      Pu4      0.645      0.692      0.655      0.276      0.925      1.000
     Eou2      0.397      0.401      0.426     -0.029      0.377      0.394
     Eou3     -0.302     -0.259     -0.263     -0.029     -0.183     -0.196
     Eou4      0.478      0.461      0.418      0.033      0.442      0.406
     Eou5      0.492      0.455      0.538      0.119      0.496      0.461

         Covariance Matrix       

                Eou2       Eou3       Eou4       Eou5   
            --------   --------   --------   --------
     Eou2      1.000
     Eou3     -0.413      1.000
     Eou4      0.509     -0.380      1.000
     Eou5      0.696     -0.519      0.630      1.000


 ! *** model TAM w wersji 2 ***                                                 

 Parameter Specifications

         LAMBDA-Y    

                 ITO         PU
            --------   --------
     Ito1          0          0
     Ito2          1          0
     Ito3          2          0
      Pu1          0          0
      Pu3          0          3
      Pu4          0          4

         LAMBDA-X    

                 EOU
            --------
     Eou2          0
     Eou3          5
     Eou4          6
     Eou5          7

         BETA        

                 ITO         PU
            --------   --------
      ITO          0          8
       PU          0          0

         GAMMA       

                 EOU
            --------
      ITO          9
       PU         10

         PHI         

                 EOU
            --------
                  11

         PSI         

                 ITO         PU
            --------   --------
                  12         13

         THETA-EPS   

                Ito1       Ito2       Ito3        Pu1        Pu3        Pu4
            --------   --------   --------   --------   --------   --------
                  14         15         16         17         18         19

         THETA-DELTA 

                Eou2       Eou3       Eou4       Eou5
            --------   --------   --------   --------
                  20         21         22         23
 


 ! *** model TAM w wersji 2 ***                                                 

 Number of Iterations = 14

 LISREL Estimates (Maximum Likelihood)                           

         LAMBDA-Y    

                 ITO         PU   
            --------   --------
     Ito1      1.000       - - 
 
     Ito2      0.991       - - 
             (0.037)
              26.495
 
     Ito3      0.967       - - 
             (0.040)
              24.393
 
      Pu1       - -       1.000
 
      Pu3       - -       3.555
                        (0.888)
                          4.002
 
      Pu4       - -       3.491
                        (0.873)
                          4.001
 

         LAMBDA-X    

                 EOU   
            --------
     Eou2      1.000
 
     Eou3     -0.735
             (0.095)
              -7.755
 
     Eou4      0.923
             (0.093)
               9.894
 
     Eou5      1.222
             (0.100)
              12.267
 

         BETA        

                 ITO         PU   
            --------   --------
      ITO       - -       2.092
                        (0.561)
                          3.731
 
       PU       - -        - - 
 

         GAMMA       

                 EOU   
            --------
      ITO      0.325
             (0.080)
               4.036
 
       PU      0.197
             (0.056)
               3.540
 

         Covariance Matrix of ETA and KSI        

                 ITO         PU        EOU   
            --------   --------   --------
      ITO      0.895
       PU      0.192      0.075
      EOU      0.417      0.111      0.566

         PHI         

                 EOU   
            --------
               0.566
             (0.094)
               6.049
 

         PSI         
         Note: This matrix is diagonal.

                 ITO         PU   
            --------   --------
               0.357      0.053
             (0.044)    (0.027)
               8.156      1.966
 

         Squared Multiple Correlations for Structural Equations  

                 ITO         PU   
            --------   --------
               0.600      0.294

         Squared Multiple Correlations for Reduced Form          

                 ITO         PU   
            --------   --------
               0.343      0.294

         Reduced Form                

                 EOU   
            --------
      ITO      0.736
             (0.093)
               7.939
 
       PU      0.197
             (0.056)
               3.540
 

         THETA-EPS   

                Ito1       Ito2       Ito3        Pu1        Pu3        Pu4   
            --------   --------   --------   --------   --------   --------
               0.105      0.122      0.164      0.925      0.058      0.092
             (0.018)    (0.019)    (0.021)    (0.091)    (0.024)    (0.025)
               5.937      6.544      7.675     10.168      2.384      3.730
 

         Squared Multiple Correlations for Y - Variables         

                Ito1       Ito2       Ito3        Pu1        Pu3        Pu4   
            --------   --------   --------   --------   --------   --------
               0.895      0.878      0.836      0.075      0.942      0.908

         THETA-DELTA 

                Eou2       Eou3       Eou4       Eou5   
            --------   --------   --------   --------
               0.434      0.694      0.518      0.155
             (0.053)    (0.072)    (0.058)    (0.044)
               8.261      9.638      8.904      3.516
 

         Squared Multiple Correlations for X - Variables         

                Eou2       Eou3       Eou4       Eou5   
            --------   --------   --------   --------
               0.566      0.306      0.482      0.845


                           Goodness of Fit Statistics

                             Degrees of Freedom = 32
               Minimum Fit Function Chi-Square = 70.593 (P = 0.000)
     Normal Theory Weighted Least Squares Chi-Square = 69.369 (P = 0.000143)
                Estimated Non-centrality Parameter (NCP) = 37.369
            90 Percent Confidence Interval for NCP = (17.112 ; 65.366)
 
                        Minimum Fit Function Value = 0.339
                Population Discrepancy Function Value (F0) = 0.180
             90 Percent Confidence Interval for F0 = (0.0823 ; 0.314)
             Root Mean Square Error of Approximation (RMSEA) = 0.0749
           90 Percent Confidence Interval for RMSEA = (0.0507 ; 0.0991)
              P-Value for Test of Close Fit (RMSEA < 0.05) = 0.0457
 
                  Expected Cross-Validation Index (ECVI) = 0.555
            90 Percent Confidence Interval for ECVI = (0.457 ; 0.689)
                         ECVI for Saturated Model = 0.529
                       ECVI for Independence Model = 11.131
 
     Chi-Square for Independence Model with 45 Degrees of Freedom = 2295.269
                           Independence AIC = 2315.269
                               Model AIC = 115.369
                             Saturated AIC = 110.000
                           Independence CAIC = 2358.692
                               Model CAIC = 215.243
                             Saturated CAIC = 348.828
 
                          Normed Fit Index (NFI) = 0.969
                       Non-Normed Fit Index (NNFI) = 0.976
                    Parsimony Normed Fit Index (PNFI) = 0.689
                       Comparative Fit Index (CFI) = 0.983
                       Incremental Fit Index (IFI) = 0.983
                         Relative Fit Index (RFI) = 0.957
 
                            Critical N (CN) = 158.607
 
 
                     Root Mean Square Residual (RMR) = 0.0419
                            Standardized RMR = 0.0419
                       Goodness of Fit Index (GFI) = 0.937
                  Adjusted Goodness of Fit Index (AGFI) = 0.893
                  Parsimony Goodness of Fit Index (PGFI) = 0.545

 ! *** model TAM w wersji 2 ***                                                 

         Fitted Covariance Matrix

                Ito1       Ito2       Ito3        Pu1        Pu3        Pu4   
            --------   --------   --------   --------   --------   --------
     Ito1      1.000
     Ito2      0.886      1.000
     Ito3      0.865      0.857      1.000
      Pu1      0.192      0.190      0.186      1.000
      Pu3      0.683      0.676      0.660      0.265      1.000
      Pu4      0.671      0.664      0.648      0.260      0.925      1.000
     Eou2      0.417      0.413      0.403      0.111      0.396      0.389
     Eou3     -0.306     -0.303     -0.296     -0.082     -0.291     -0.286
     Eou4      0.385      0.381      0.372      0.103      0.365      0.359
     Eou5      0.509      0.504      0.492      0.136      0.484      0.475

         Fitted Covariance Matrix

                Eou2       Eou3       Eou4       Eou5   
            --------   --------   --------   --------
     Eou2      1.000
     Eou3     -0.416      1.000
     Eou4      0.522     -0.384      1.000
     Eou5      0.691     -0.508      0.638      1.000

         Fitted Residuals

                Ito1       Ito2       Ito3        Pu1        Pu3        Pu4   
            --------   --------   --------   --------   --------   --------
     Ito1      0.000
     Ito2      0.004      0.000
     Ito3      0.002     -0.009      0.000
      Pu1     -0.066     -0.033     -0.068      0.000
      Pu3     -0.033      0.017      0.030     -0.004      0.000
      Pu4     -0.025      0.027      0.007      0.016      0.000      0.000
     Eou2     -0.019     -0.012      0.023     -0.140     -0.019      0.005
     Eou3      0.004      0.044      0.033      0.053      0.107      0.090
     Eou4      0.093      0.080      0.046     -0.070      0.077      0.047
     Eou5     -0.017     -0.049      0.046     -0.017      0.012     -0.014

         Fitted Residuals

                Eou2       Eou3       Eou4       Eou5   
            --------   --------   --------   --------
     Eou2      0.000
     Eou3      0.003      0.000
     Eou4     -0.014      0.004      0.000
     Eou5      0.005     -0.011     -0.008      0.000

 Summary Statistics for Fitted Residuals

 Smallest Fitted Residual =   -0.140
   Median Fitted Residual =    0.000
  Largest Fitted Residual =    0.107

 Stemleaf Plot

 -14|0 
 -12| 
 -10| 
 - 8| 
 - 6|086 
 - 4|9 
 - 2|335 
 - 0|9977442198400000000000 
   0|23444557267 
   2|3703 
   4|46673 
   6|7 
   8|003 
  10|7

         Standardized Residuals  

                Ito1       Ito2       Ito3        Pu1        Pu3        Pu4   
            --------   --------   --------   --------   --------   --------
     Ito1       - - 
     Ito2      2.007       - - 
     Ito3      0.678     -2.502       - - 
      Pu1     -1.419     -0.693     -1.412       - - 
      Pu3     -2.900      1.365      1.840     -0.401       - - 
      Pu4     -2.091      2.030      0.411      1.035     -1.419       - - 
     Eou2     -0.570     -0.341      0.634     -2.288     -0.567      0.150
     Eou3      0.085      0.955      0.705      0.824      2.316      1.905
     Eou4      2.453      2.056      1.152     -1.120      2.011      1.193
     Eou5     -0.974     -2.570      2.045     -0.301      0.902     -0.811

         Standardized Residuals  

                Eou2       Eou3       Eou4       Eou5   
            --------   --------   --------   --------
     Eou2       - - 
     Eou3      0.092       - - 
     Eou4     -0.580      0.113       - - 
     Eou5      0.899     -1.008     -1.089       - - 

 Summary Statistics for Standardized Residuals

 Smallest Standardized Residual =   -2.900
   Median Standardized Residual =    0.000
  Largest Standardized Residual =    2.453

 Stemleaf Plot

 - 2|96531 
 - 1|4441100 
 - 0|876664330000000000 
   0|11124677899 
   1|0022489 
   2|0000135
 Largest Negative Standardized Residuals
 Residual for      Pu3 and     Ito1  -2.900

 ! *** model TAM w wersji 2 ***                                                 

                         Qplot of Standardized Residuals

  3.5..........................................................................
     .                                                                       ..
     .                                                                      . .
     .                                                                    .   .
     .                                                                  .     .
     .                                                                 .      .
     .                                                               .        .
     .                                                             .          .
     .                                                            .           .
     .                                                          .             .
     .                                                        .    x          .
     .                                                       .                .
     .                                                     .      x           .
     .                                                   .     x              .
     .                                                  .      x              .
 N   .                                                .       xx              .
 o   .                                              .         x               .
 r   .                                             .    x    *                .
 m   .                                           .    *                       .
 a   .                                         .   xx                         .
 l   .                                        .   x*                          .
     .                                      .   x*                            .
 Q   .                                    .*  x                               .
 u   .                                   .*                                   .
 a   .                               x*.                                      .
 n   .                             x*.                                        .
 t   .                           xx .                                         .
 i   .                         *  .                                           .
 l   .                     x  * .                                             .
 e   .                     x   .                                              .
 s   .              x      x .                                                .
     .            x        .                                                  .
     .         x          .                                                   .
     .         x        .                                                     .
     .                .                                                       .
     .     x         .                                                        .
     .             .                                                          .
     .           .                                                            .
     .          .                                                             .
     .        .                                                               .
     .      .                                                                 .
     .     .                                                                  .
     .   .                                                                    .
     . .                                                                      .
 -3.5..........................................................................
   -3.5                                                                      3.5
                             Standardized Residuals

 ! *** model TAM w wersji 2 ***                                                 

 Covariances

         Y - ETA 

                Ito1       Ito2       Ito3        Pu1        Pu3        Pu4   
            --------   --------   --------   --------   --------   --------
      ITO      0.895      0.886      0.865      0.192      0.683      0.671
       PU      0.192      0.190      0.186      0.075      0.265      0.260

         Y - KSI 

                Ito1       Ito2       Ito3        Pu1        Pu3        Pu4   
            --------   --------   --------   --------   --------   --------
      EOU      0.417      0.413      0.403      0.111      0.396      0.389

         X - ETA 

                Eou2       Eou3       Eou4       Eou5   
            --------   --------   --------   --------
      ITO      0.417     -0.306      0.385      0.509
       PU      0.111     -0.082      0.103      0.136

         X - KSI 

                Eou2       Eou3       Eou4       Eou5   
            --------   --------   --------   --------
      EOU      0.566     -0.416      0.522      0.691

 ! *** model TAM w wersji 2 ***                                                 

 Standardized Solution           

         LAMBDA-Y    

                 ITO         PU   
            --------   --------
     Ito1      0.946       - - 
     Ito2      0.937       - - 
     Ito3      0.915       - - 
      Pu1       - -       0.273
      Pu3       - -       0.970
      Pu4       - -       0.953

         LAMBDA-X    

                 EOU   
            --------
     Eou2      0.752
     Eou3     -0.553
     Eou4      0.695
     Eou5      0.919

         BETA        

                 ITO         PU   
            --------   --------
      ITO       - -       0.604
       PU       - -        - - 

         GAMMA       

                 EOU   
            --------
      ITO      0.258
       PU      0.542

         Correlation Matrix of ETA and KSI       

                 ITO         PU        EOU   
            --------   --------   --------
      ITO      1.000
       PU      0.744      1.000
      EOU      0.586      0.542      1.000

         PSI         
         Note: This matrix is diagonal.

                 ITO         PU   
            --------   --------
               0.400      0.706

         Regression Matrix ETA on KSI (Standardized) 

                 EOU   
            --------
      ITO      0.586
       PU      0.542

 ! *** model TAM w wersji 2 ***                                                 

 Completely Standardized Solution

         LAMBDA-Y    

                 ITO         PU   
            --------   --------
     Ito1      0.946       - - 
     Ito2      0.937       - - 
     Ito3      0.915       - - 
      Pu1       - -       0.273
      Pu3       - -       0.970
      Pu4       - -       0.953

         LAMBDA-X    

                 EOU   
            --------
     Eou2      0.752
     Eou3     -0.553
     Eou4      0.695
     Eou5      0.919

         BETA        

                 ITO         PU   
            --------   --------
      ITO       - -       0.604
       PU       - -        - - 

         GAMMA       

                 EOU   
            --------
      ITO      0.258
       PU      0.542

         Correlation Matrix of ETA and KSI       

                 ITO         PU        EOU   
            --------   --------   --------
      ITO      1.000
       PU      0.744      1.000
      EOU      0.586      0.542      1.000

         PSI         
         Note: This matrix is diagonal.

                 ITO         PU   
            --------   --------
               0.400      0.706

         THETA-EPS   

                Ito1       Ito2       Ito3        Pu1        Pu3        Pu4   
            --------   --------   --------   --------   --------   --------
               0.105      0.122      0.164      0.925      0.058      0.092

         THETA-DELTA 

                Eou2       Eou3       Eou4       Eou5   
            --------   --------   --------   --------
               0.434      0.694      0.518      0.155

         Regression Matrix ETA on KSI (Standardized) 

                 EOU   
            --------
      ITO      0.586
       PU      0.542
