
                                DATE:  2/16/2011
                                  TIME: 10:46


                                L I S R E L  8.72

                                       BY

                         Karl G. J”reskog & Dag S”rbom



                    This program is published exclusively by
                    Scientific Software International, Inc.
                       7383 N. Lincoln Avenue, Suite 100
                        Lincolnwood, IL 60712, U.S.A. 
            Phone: (800)247-6113, (847)675-0720, Fax: (847)675-2140
        Copyright by Scientific Software International, Inc., 1981-2005 
          Use of this program is subject to the terms specified in the
                        Universal Copyright Convention.
                          Website: www.ssicentral.com

 The following lines were read from file badanie2__216_SX_cfa.ls8:

 !! Skale dla serwerów
  
 DA NI=42 NO=216 MA=CM
  
 KM FI=badanie_toe.mtx
  
 ! Etykiety miar (podane w kolejnosci w jakiej wystêpuj± w macierzy KM
 ! s2 d2 s3 d3 s4 d4 s5 d5 s6 d6 s7 d7 s8 d8 s9 d9 s10 d10 s11 d11 s12 d12 s13 d13 s14 d14 p23 p24 lkomp p25b p26 p27 p3 ocenaoss p5 p6 p7 p8 s1 d1 zoss llkomp
 LA fi=badanie_toe.lbl
  
 ! Zmiana kolejnosci (przypisanie miar czynnikom X1--X25 --> PU, X3--X21 --> PEOU itd...
 ! je¿eli nie wszystkie zmienne s± wybrane zakoñcz polecenie SE znakiem `/'
 !       korzbzp     koszty     korzysci    sat        zlozonosc
 SE ;    s2 s3       s7 s8      s4 s6       s11 s12    p27 llkomp p26 /
  
 ! Okre¶lenie modelu SEM
 MO NX=11 NK=5 LX=FU,FI PH=SY,FR TD=DI,FR
  
 LK ; korzbzp koszty korzysci satysfakcja zlozo
  
 FR LX(1,1) LX(2,1)     ! korzbzp
 FR LX(3,2) LX(4,2)     ! korzbzp
 FR LX(5,3) LX(6,3)     ! korzysci
 FR LX(7,4) LX(8,4)     ! sat
 FR LX(9,5) LX(10,5) LX(11,5)    ! zlozo
  
 !! Skale ustalamy inaczej
 !!VA 1 LX(1,1) LX(3,2) LX(5,3) LX(7,4) LX(9,5);
 FI PH(1,1) PH(2,2) PH(3,3) PH(4,4) PH(5,5)
 VA 1 PH(1,1) PH(2,2) PH(3,3) PH(4,4) PH(5,5)
  
 ST .5 ALL
  
 !OU ME=ML ND=3 MI RS MR SC AD=200
 OU ME=ML ND=3 MI RS MR SC AD=OFF IT=500

 !! Skale dla serwerów                                                          

                           Number of Input Variables 42
                           Number of Y - Variables    0
                           Number of X - Variables   11
                           Number of ETA - Variables  0
                           Number of KSI - Variables  5
                           Number of Observations   216

 !! Skale dla serwerów                                                          

         Covariance Matrix       

                  s2         s3         s7         s8         s4         s6   
            --------   --------   --------   --------   --------   --------
       s2      1.000
       s3      0.681      1.000
       s7      0.064      0.045      1.000
       s8     -0.062     -0.085      0.556      1.000
       s4      0.153      0.004     -0.306     -0.220      1.000
       s6      0.301      0.170     -0.373     -0.302      0.619      1.000
      s11     -0.023     -0.071      0.245      0.144     -0.255     -0.364
      s12     -0.071     -0.078      0.148      0.170     -0.197     -0.302
      p27      0.000     -0.016      0.142      0.155     -0.114     -0.186
   llkomp     -0.037      0.000      0.063      0.115     -0.167     -0.083
      p26     -0.112     -0.056     -0.024      0.087      0.061      0.060

         Covariance Matrix       

                 s11        s12        p27     llkomp        p26   
            --------   --------   --------   --------   --------
      s11      1.000
      s12      0.626      1.000
      p27      0.155      0.080      1.000
   llkomp      0.169      0.064      0.490      1.000
      p26      0.015      0.040      0.398      0.526      1.000


 !! Skale dla serwerów                                                          

 Parameter Specifications

         LAMBDA-X    

             korzbzp     koszty   korzysci   satysfak      zlozo
            --------   --------   --------   --------   --------
       s2          1          0          0          0          0
       s3          2          0          0          0          0
       s7          0          3          0          0          0
       s8          0          4          0          0          0
       s4          0          0          5          0          0
       s6          0          0          6          0          0
      s11          0          0          0          7          0
      s12          0          0          0          8          0
      p27          0          0          0          0          9
   llkomp          0          0          0          0         10
      p26          0          0          0          0         11

         PHI         

             korzbzp     koszty   korzysci   satysfak      zlozo
            --------   --------   --------   --------   --------
  korzbzp          0
   koszty         12          0
 korzysci         13         14          0
 satysfak         15         16         17          0
    zlozo         18         19         20         21          0

         THETA-DELTA 

                  s2         s3         s7         s8         s4         s6
            --------   --------   --------   --------   --------   --------
                  22         23         24         25         26         27

         THETA-DELTA 

                 s11        s12        p27     llkomp        p26
            --------   --------   --------   --------   --------
                  28         29         30         31         32
 


 !! Skale dla serwerów                                                          

 Number of Iterations = 21

 LISREL Estimates (Maximum Likelihood)                           

         LAMBDA-X    

             korzbzp     koszty   korzysci   satysfak      zlozo   
            --------   --------   --------   --------   --------
       s2      1.210       - -        - -        - -        - - 
             (0.186)
               6.489
 
       s3      0.563       - -        - -        - -        - - 
             (0.106)
               5.325
 
       s7       - -       0.875       - -        - -        - - 
                        (0.090)
                          9.673
 
       s8       - -       0.635       - -        - -        - - 
                        (0.081)
                          7.872
 
       s4       - -        - -       0.664       - -        - - 
                                   (0.070)
                                     9.493
 
       s6       - -        - -       0.932       - -        - - 
                                   (0.072)
                                    13.002
 
      s11       - -        - -        - -       0.920       - - 
                                              (0.091)
                                               10.155
 
      s12       - -        - -        - -       0.680       - - 
                                              (0.081)
                                                8.373
 
      p27       - -        - -        - -        - -       0.612
                                                         (0.074)
                                                           8.297
 
   llkomp       - -        - -        - -        - -       0.812
                                                         (0.077)
                                                          10.540
 
      p26       - -        - -        - -        - -       0.643
                                                         (0.074)
                                                           8.668
 

         PHI         

             korzbzp     koszty   korzysci   satysfak      zlozo   
            --------   --------   --------   --------   --------
  korzbzp      1.000
 
   koszty      0.037      1.000
             (0.061)
               0.600
 
 korzysci      0.254     -0.473      1.000
             (0.075)    (0.074)
               3.380     -6.362
 
 satysfak     -0.010      0.292     -0.431      1.000
             (0.058)    (0.080)    (0.073)
              -0.164      3.646     -5.912
 
    zlozo     -0.056      0.120     -0.115      0.183      1.000
             (0.063)    (0.087)    (0.082)    (0.082)
              -0.886      1.387     -1.389      2.219
 

         THETA-DELTA 

                  s2         s3         s7         s8         s4         s6   
            --------   --------   --------   --------   --------   --------
              -0.464      0.684      0.234      0.596      0.559      0.132
             (0.445)    (0.116)    (0.130)    (0.089)    (0.072)    (0.094)
              -1.042      5.880      1.804      6.738      7.783      1.398
 

         THETA-DELTA 

                 s11        s12        p27     llkomp        p26   
            --------   --------   --------   --------   --------
               0.153      0.538      0.626      0.340      0.587
             (0.138)    (0.091)    (0.078)    (0.092)    (0.079)
               1.112      5.911      8.007      3.679      7.462
 

         Squared Multiple Correlations for X - Variables         

                  s2         s3         s7         s8         s4         s6   
            --------   --------   --------   --------   --------   --------
               1.464      0.316      0.766      0.404      0.441      0.868

         Squared Multiple Correlations for X - Variables         

                 s11        s12        p27     llkomp        p26   
            --------   --------   --------   --------   --------
               0.847      0.462      0.374      0.660      0.413


                           Goodness of Fit Statistics

                             Degrees of Freedom = 34
              Minimum Fit Function Chi-Square = 53.405 (P = 0.0183)
      Normal Theory Weighted Least Squares Chi-Square = 52.687 (P = 0.0214)
                Estimated Non-centrality Parameter (NCP) = 18.687
            90 Percent Confidence Interval for NCP = (2.897 ; 42.408)
 
                        Minimum Fit Function Value = 0.248
               Population Discrepancy Function Value (F0) = 0.0869
             90 Percent Confidence Interval for F0 = (0.0135 ; 0.197)
             Root Mean Square Error of Approximation (RMSEA) = 0.0506
           90 Percent Confidence Interval for RMSEA = (0.0199 ; 0.0762)
               P-Value for Test of Close Fit (RMSEA < 0.05) = 0.458
 
                  Expected Cross-Validation Index (ECVI) = 0.543
            90 Percent Confidence Interval for ECVI = (0.469 ; 0.653)
                         ECVI for Saturated Model = 0.614
                       ECVI for Independence Model = 3.575
 
      Chi-Square for Independence Model with 55 Degrees of Freedom = 746.665
                            Independence AIC = 768.665
                               Model AIC = 116.687
                             Saturated AIC = 132.000
                           Independence CAIC = 816.793
                               Model CAIC = 256.696
                             Saturated CAIC = 420.768
 
                          Normed Fit Index (NFI) = 0.928
                       Non-Normed Fit Index (NNFI) = 0.955
                    Parsimony Normed Fit Index (PNFI) = 0.574
                       Comparative Fit Index (CFI) = 0.972
                       Incremental Fit Index (IFI) = 0.973
                         Relative Fit Index (RFI) = 0.884
 
                            Critical N (CN) = 226.695
 
 
                     Root Mean Square Residual (RMR) = 0.0501
                            Standardized RMR = 0.0501
                       Goodness of Fit Index (GFI) = 0.957
                  Adjusted Goodness of Fit Index (AGFI) = 0.917
                  Parsimony Goodness of Fit Index (PGFI) = 0.493

 !! Skale dla serwerów                                                          

         Fitted Covariance Matrix

                  s2         s3         s7         s8         s4         s6   
            --------   --------   --------   --------   --------   --------
       s2      1.000
       s3      0.681      1.000
       s7      0.039      0.018      1.000
       s8      0.028      0.013      0.556      1.000
       s4      0.204      0.095     -0.275     -0.200      1.000
       s6      0.286      0.133     -0.386     -0.280      0.619      1.000
      s11     -0.011     -0.005      0.235      0.171     -0.263     -0.369
      s12     -0.008     -0.004      0.174      0.126     -0.195     -0.273
      p27     -0.041     -0.019      0.064      0.047     -0.047     -0.065
   llkomp     -0.055     -0.025      0.085      0.062     -0.062     -0.087
      p26     -0.043     -0.020      0.068      0.049     -0.049     -0.069

         Fitted Covariance Matrix

                 s11        s12        p27     llkomp        p26   
            --------   --------   --------   --------   --------
      s11      1.000
      s12      0.626      1.000
      p27      0.103      0.076      1.000
   llkomp      0.137      0.101      0.497      1.000
      p26      0.108      0.080      0.393      0.522      1.000

         Fitted Residuals

                  s2         s3         s7         s8         s4         s6   
            --------   --------   --------   --------   --------   --------
       s2      0.000
       s3      0.000      0.000
       s7      0.025      0.027      0.000
       s8     -0.090     -0.098      0.000      0.000
       s4     -0.051     -0.091     -0.031     -0.020      0.000
       s6      0.015      0.037      0.012     -0.022      0.000      0.000
      s11     -0.012     -0.066      0.010     -0.026      0.008      0.005
      s12     -0.063     -0.075     -0.026      0.044     -0.002     -0.029
      p27      0.041      0.003      0.077      0.108     -0.068     -0.120
   llkomp      0.018      0.025     -0.022      0.053     -0.105      0.004
      p26     -0.069     -0.036     -0.092      0.038      0.110      0.129

         Fitted Residuals

                 s11        s12        p27     llkomp        p26   
            --------   --------   --------   --------   --------
      s11      0.000
      s12      0.000      0.000
      p27      0.052      0.004      0.000
   llkomp      0.033     -0.037     -0.007      0.000
      p26     -0.093     -0.040      0.005      0.004      0.000

 Summary Statistics for Fitted Residuals

 Smallest Fitted Residual =   -0.120
   Median Fitted Residual =    0.000
  Largest Fitted Residual =    0.129

 Stemleaf Plot

 -12|0 
 -10|5 
 - 8|83210 
 - 6|59863 
 - 4|10 
 - 2|761966220 
 - 0|272000000000000000 
   0|34445580258 
   2|557378 
   4|1423 
   6|7 
   8| 
  10|80 
  12|9

         Standardized Residuals  

                  s2         s3         s7         s8         s4         s6   
            --------   --------   --------   --------   --------   --------
       s2       - - 
       s3       - -        - - 
       s7      1.096      0.451       - - 
       s8     -1.805     -1.520       - -        - - 
       s4     -1.198     -1.729     -0.851     -0.449       - - 
       s6      1.200      1.059      1.463     -0.997       - -        - - 
      s11     -0.583     -1.074      0.742     -0.649      0.227      0.650
      s12     -1.292     -1.160     -0.657      0.853     -0.051     -1.409
      p27      0.813      0.046      1.572      1.854     -1.155     -2.484
   llkomp      0.587      0.407     -0.802      1.051     -2.076      0.159
      p26     -1.435     -0.558     -1.961      0.665      1.902      2.800

         Standardized Residuals  

                 s11        s12        p27     llkomp        p26   
            --------   --------   --------   --------   --------
      s11       - - 
      s12       - -        - - 
      p27      1.088      0.064       - - 
   llkomp      1.276     -0.782     -1.540       - - 
      p26     -2.050     -0.719      0.421      1.109       - - 

 Summary Statistics for Standardized Residuals

 Smallest Standardized Residual =   -2.484
   Median Standardized Residual =    0.000
  Largest Standardized Residual =    2.800

 Stemleaf Plot

 - 2|5110 
 - 1|875544322210 
 - 0|98877666410000000000000000 
   0|122445677789 
   1|11111235699 
   2|8
 Largest Positive Standardized Residuals
 Residual for      p26 and       s6   2.800

 !! Skale dla serwerów                                                          

                         Qplot of Standardized Residuals

  3.5..........................................................................
     .                                                                       ..
     .                                                                      . .
     .                                                                    .   .
     .                                                                  .     .
     .                                                                 .      .
     .                                                               .        .
     .                                                             .          .
     .                                                            .           .
     .                                                          .      x      .
     .                                                        .               .
     .                                                       x                .
     .                                                     .                  .
     .                                                   .   x                .
     .                                                  .xx                   .
 N   .                                                .x                      .
 o   .                                              .xx                       .
 r   .                                             . x                        .
 m   .                                           .* x                         .
 a   .                                         .xx                            .
 l   .                                        x *                             .
     .                                      x *                               .
 Q   .                                   x*x                                  .
 u   .                             xxx   .                                    .
 a   .                            x*   .                                      .
 n   .                           x   .                                        .
 t   .                        xx    .                                         .
 i   .                       x    .                                           .
 l   .                     *x   .                                             .
 e   .                   xx    .                                              .
 s   .                 x     .                                                .
     .               x x   .                                                  .
     .              x     .                                                   .
     .                  .                                                     .
     .              x .                                                       .
     .               .                                                        .
     .          x  .                                                          .
     .           .                                                            .
     .          .                                                             .
     .        .                                                               .
     .      .                                                                 .
     .     .                                                                  .
     .   .                                                                    .
     . .                                                                      .
 -3.5..........................................................................
   -3.5                                                                      3.5
                             Standardized Residuals

 !! Skale dla serwerów                                                          

 Modification Indices and Expected Change

         Modification Indices for LAMBDA-X       

             korzbzp     koszty   korzysci   satysfak      zlozo   
            --------   --------   --------   --------   --------
       s2       - -       0.006      0.350      1.321      0.003
       s3       - -       0.006      0.350      1.321      0.003
       s7      2.146       - -       1.307      0.110      2.517
       s8      2.146       - -       1.307      0.110      2.517
       s4      0.458      0.827       - -       0.016      1.247
       s6      0.458      0.827       - -       0.016      1.247
      s11      0.960      0.086      1.918       - -       0.612
      s12      0.960      0.086      1.918       - -       0.612
      p27      1.647      4.701      5.821      1.362       - - 
   llkomp      0.335      0.014      0.215      0.837       - - 
      p26      3.588      3.621      7.955      4.732       - - 

         Expected Change for LAMBDA-X    

             korzbzp     koszty   korzysci   satysfak      zlozo   
            --------   --------   --------   --------   --------
       s2       - -       0.009     -0.114      0.139     -0.007
       s3       - -      -0.004      0.053     -0.064      0.003
       s7      0.094       - -       0.213      0.036     -0.149
       s8     -0.068       - -      -0.155     -0.026      0.108
       s4     -0.034     -0.077       - -       0.010     -0.070
       s6      0.048      0.109       - -      -0.014      0.099
      s11      0.056      0.032      0.254       - -       0.070
      s12     -0.041     -0.024     -0.188       - -      -0.052
      p27      0.060      0.146     -0.155      0.077       - - 
   llkomp      0.029     -0.008     -0.032      0.065       - - 
      p26     -0.088     -0.127      0.180     -0.143       - - 

         Standardized Expected Change for LAMBDA-X       

             korzbzp     koszty   korzysci   satysfak      zlozo   
            --------   --------   --------   --------   --------
       s2       - -       0.009     -0.114      0.139     -0.007
       s3       - -      -0.004      0.053     -0.064      0.003
       s7      0.094       - -       0.213      0.036     -0.149
       s8     -0.068       - -      -0.155     -0.026      0.108
       s4     -0.034     -0.077       - -       0.010     -0.070
       s6      0.048      0.109       - -      -0.014      0.099
      s11      0.056      0.032      0.254       - -       0.070
      s12     -0.041     -0.024     -0.188       - -      -0.052
      p27      0.060      0.146     -0.155      0.077       - - 
   llkomp      0.029     -0.008     -0.032      0.065       - - 
      p26     -0.088     -0.127      0.180     -0.143       - - 

         Completely Standardized Expected Change for LAMBDA-X    

             korzbzp     koszty   korzysci   satysfak      zlozo   
            --------   --------   --------   --------   --------
       s2       - -       0.009     -0.114      0.139     -0.007
       s3       - -      -0.004      0.053     -0.064      0.003
       s7      0.094       - -       0.213      0.036     -0.149
       s8     -0.068       - -      -0.155     -0.026      0.108
       s4     -0.034     -0.077       - -       0.010     -0.070
       s6      0.048      0.109       - -      -0.014      0.099
      s11      0.056      0.032      0.254       - -       0.070
      s12     -0.041     -0.024     -0.188       - -      -0.052
      p27      0.060      0.146     -0.155      0.077       - - 
   llkomp      0.029     -0.008     -0.032      0.065       - - 
      p26     -0.088     -0.127      0.180     -0.143       - - 

 No Non-Zero Modification Indices for PHI         

         Modification Indices for THETA-DELTA    

                  s2         s3         s7         s8         s4         s6   
            --------   --------   --------   --------   --------   --------
       s2       - - 
       s3       - -        - - 
       s7      0.151      0.966       - - 
       s8      0.321      1.028       - -        - - 
       s4      0.234      3.705      0.735      0.145       - - 
       s6      0.214      3.388      0.785      0.215       - -        - - 
      s11      1.423      0.997      2.491      2.851      0.011      0.080
      s12      0.486      0.002      2.116      2.898      0.125      0.534
      p27      2.890      0.862      0.192      0.069      0.847      6.407
   llkomp      0.086      0.203      0.379      0.008      8.438      2.411
      p26      4.355      0.315      0.692      1.804      2.995      1.623

         Modification Indices for THETA-DELTA    

                 s11        s12        p27     llkomp        p26   
            --------   --------   --------   --------   --------
      s11       - - 
      s12       - -        - - 
      p27      0.011      0.147       - - 
   llkomp      2.517      1.820      2.371       - - 
      p26      2.048      1.505      0.177      1.230       - - 

         Expected Change for THETA-DELTA 

                  s2         s3         s7         s8         s4         s6   
            --------   --------   --------   --------   --------   --------
       s2       - - 
       s3       - -        - - 
       s7      0.021      0.042       - - 
       s8     -0.024     -0.042       - -        - - 
       s4      0.022     -0.077     -0.041      0.017       - - 
       s6     -0.029      0.100      0.054     -0.025       - -        - - 
      s11      0.057     -0.039      0.075     -0.073      0.005      0.015
      s12     -0.027      0.002     -0.062      0.075      0.015     -0.034
      p27      0.070     -0.039      0.020      0.013      0.042     -0.105
   llkomp      0.012      0.018     -0.028      0.004     -0.123      0.064
      p26     -0.085      0.023     -0.038      0.064      0.077      0.052

         Expected Change for THETA-DELTA 

                 s11        s12        p27     llkomp        p26   
            --------   --------   --------   --------   --------
      s11       - - 
      s12       - -        - - 
      p27      0.005     -0.017       - - 
   llkomp      0.069     -0.057     -0.359       - - 
      p26     -0.062      0.055      0.066      0.288       - - 

         Completely Standardized Expected Change for THETA-DELTA 

                  s2         s3         s7         s8         s4         s6   
            --------   --------   --------   --------   --------   --------
       s2       - - 
       s3       - -        - - 
       s7      0.021      0.042       - - 
       s8     -0.024     -0.042       - -        - - 
       s4      0.022     -0.077     -0.041      0.017       - - 
       s6     -0.029      0.100      0.054     -0.025       - -        - - 
      s11      0.057     -0.039      0.075     -0.073      0.005      0.015
      s12     -0.027      0.002     -0.062      0.075      0.015     -0.034
      p27      0.070     -0.039      0.020      0.013      0.042     -0.105
   llkomp      0.012      0.018     -0.028      0.004     -0.123      0.064
      p26     -0.085      0.023     -0.038      0.064      0.077      0.052

         Completely Standardized Expected Change for THETA-DELTA 

                 s11        s12        p27     llkomp        p26   
            --------   --------   --------   --------   --------
      s11       - - 
      s12       - -        - - 
      p27      0.005     -0.017       - - 
   llkomp      0.069     -0.057     -0.359       - - 
      p26     -0.062      0.055      0.066      0.288       - - 

 Maximum Modification Index is    8.44 for Element (10, 5) of THETA-DELTA

 !! Skale dla serwerów                                                          

 Covariances

         X - KSI 

                  s2         s3         s7         s8         s4         s6   
            --------   --------   --------   --------   --------   --------
  korzbzp      1.210      0.563      0.032      0.023      0.169      0.236
   koszty      0.044      0.021      0.875      0.635     -0.314     -0.440
 korzysci      0.307      0.143     -0.414     -0.300      0.664      0.932
 satysfak     -0.012     -0.005      0.255      0.185     -0.286     -0.401
    zlozo     -0.067     -0.031      0.105      0.076     -0.076     -0.107

         X - KSI 

                 s11        s12        p27     llkomp        p26   
            --------   --------   --------   --------   --------
  korzbzp     -0.009     -0.006     -0.034     -0.045     -0.036
   koszty      0.269      0.198      0.073      0.098      0.077
 korzysci     -0.396     -0.293     -0.070     -0.093     -0.074
 satysfak      0.920      0.680      0.112      0.149      0.118
    zlozo      0.168      0.124      0.612      0.812      0.643

 !! Skale dla serwerów                                                          

 Standardized Solution           

         LAMBDA-X    

             korzbzp     koszty   korzysci   satysfak      zlozo   
            --------   --------   --------   --------   --------
       s2      1.210       - -        - -        - -        - - 
       s3      0.563       - -        - -        - -        - - 
       s7       - -       0.875       - -        - -        - - 
       s8       - -       0.635       - -        - -        - - 
       s4       - -        - -       0.664       - -        - - 
       s6       - -        - -       0.932       - -        - - 
      s11       - -        - -        - -       0.920       - - 
      s12       - -        - -        - -       0.680       - - 
      p27       - -        - -        - -        - -       0.612
   llkomp       - -        - -        - -        - -       0.812
      p26       - -        - -        - -        - -       0.643

         PHI                                     

             korzbzp     koszty   korzysci   satysfak      zlozo   
            --------   --------   --------   --------   --------
  korzbzp      1.000
   koszty      0.037      1.000
 korzysci      0.254     -0.473      1.000
 satysfak     -0.010      0.292     -0.431      1.000
    zlozo     -0.056      0.120     -0.115      0.183      1.000

 !! Skale dla serwerów                                                          

 Completely Standardized Solution

         LAMBDA-X    

             korzbzp     koszty   korzysci   satysfak      zlozo   
            --------   --------   --------   --------   --------
       s2      1.210       - -        - -        - -        - - 
       s3      0.563       - -        - -        - -        - - 
       s7       - -       0.875       - -        - -        - - 
       s8       - -       0.635       - -        - -        - - 
       s4       - -        - -       0.664       - -        - - 
       s6       - -        - -       0.932       - -        - - 
      s11       - -        - -        - -       0.920       - - 
      s12       - -        - -        - -       0.680       - - 
      p27       - -        - -        - -        - -       0.612
   llkomp       - -        - -        - -        - -       0.812
      p26       - -        - -        - -        - -       0.643

         PHI                                     

             korzbzp     koszty   korzysci   satysfak      zlozo   
            --------   --------   --------   --------   --------
  korzbzp      1.000
   koszty      0.037      1.000
 korzysci      0.254     -0.473      1.000
 satysfak     -0.010      0.292     -0.431      1.000
    zlozo     -0.056      0.120     -0.115      0.183      1.000

         THETA-DELTA 

                  s2         s3         s7         s8         s4         s6   
            --------   --------   --------   --------   --------   --------
              -0.464      0.684      0.234      0.596      0.559      0.132

         THETA-DELTA 

                 s11        s12        p27     llkomp        p26   
            --------   --------   --------   --------   --------
               0.153      0.538      0.626      0.340      0.587
